2022-06-01 07:18:05:337	[DEBUG]	Loading mod cache
2022-06-01 07:18:05:832	[DEBUG]	Loading mod cache
2022-06-01 07:18:05:890	[DEBUG]	Epic Games Launcher is not installed
2022-06-01 07:18:06:223	[DEBUG]	Setting profile to Dee Covan
2022-06-01 07:18:06:400	[DEBUG]	install: [], uninstall: [], enable: [], disable: [], update: []
2022-06-01 07:18:08:224	[DEBUG]	Validating FicsitFarming
2022-06-01 07:18:08:224	[DEBUG]	Validating AB_FluidExtras
2022-06-01 07:18:08:225	[DEBUG]	Validating SML
2022-06-01 07:18:08:225	[DEBUG]	Validating KLib
2022-06-01 07:18:08:225	[DEBUG]	Validating RefinedPower
2022-06-01 07:18:08:225	[DEBUG]	Validating RefinedRDLib
2022-06-01 07:18:08:225	[DEBUG]	Validating ModularUI
2022-06-01 07:18:08:225	[DEBUG]	Validating FactoryGame
2022-06-01 07:18:08:225	[DEBUG]	Validating KPrivateCodeLib
2022-06-01 07:18:08:225	[DEBUG]	Validating KBFL
2022-06-01 07:18:08:225	[DEBUG]	Validating KUI
2022-06-01 07:18:08:225	[DEBUG]	Validating SatisfactoryPlus
2022-06-01 07:18:08:226	[DEBUG]	Validating FasterManualCrafting
2022-06-01 07:18:08:226	[DEBUG]	Validating KLevelUp
2022-06-01 07:18:08:226	[DEBUG]	Validating ContainerScreen
2022-06-01 07:18:08:226	[DEBUG]	Validating UtilityMod
2022-06-01 07:18:08:226	[DEBUG]	Validating SmartFoundations
2022-06-01 07:18:08:226	[DEBUG]	Validating TFIT
2022-06-01 07:18:08:226	[DEBUG]	Validating DoubleJump
2022-06-01 07:18:08:226	[DEBUG]	Validating InventorySpace2
2022-06-01 07:18:08:226	[DEBUG]	Validating EarlyHover
2022-06-01 07:18:08:226	[DEBUG]	Validating FlashlightSettings
2022-06-01 07:18:08:226	[DEBUG]	Validating LoadBalancers
2022-06-01 07:18:08:226	[DEBUG]	Validating SatisfactoryHelper
2022-06-01 07:18:08:226	[DEBUG]	Validating PersonalDrones
2022-06-01 07:18:08:226	[DEBUG]	Validating DumbPrints
2022-06-01 07:18:08:226	[DEBUG]	Items: {"SatisfactoryPlus":"0.7.1","FicsitFarming":"4.0.3","SML":"3.3.1","ModularUI":"2.0.8","RefinedRDLib":"1.0.7","AB_FluidExtras":"0.7.1","KLib":"1.10.0","KPrivateCodeLib":"1.2.1","KBFL":"1.12.5","KUI":"1.4.0","RefinedPower":"3.0.9","FasterManualCrafting":"1.1.1","KLevelUp":"1.2.5","ContainerScreen":"1.0.11","UtilityMod":"0.5.4","SmartFoundations":"17.0.11","TFIT":"1.0.5","DoubleJump":"1.0.1","InventorySpace2":"2.0.1","EarlyHover":"1.0.3","FlashlightSettings":"1.0.1","LoadBalancers":"1.5.1","SatisfactoryHelper":"2.0.3","PersonalDrones":"1.0.11","DumbPrints":"0.0.4"}
2022-06-01 07:18:08:256	[DEBUG]	Mismatches: {"install":{},"uninstall":[]}
2022-06-01 07:18:10:307	[DEBUG]	Validating SatisfactoryPlus
2022-06-01 07:18:10:505	[DEBUG]	Validating AB_FluidExtras
2022-06-01 07:18:10:506	[DEBUG]	Validating SML
2022-06-01 07:18:10:507	[DEBUG]	Validating FactoryGame
2022-06-01 07:18:10:507	[DEBUG]	Validating FicsitFarming
2022-06-01 07:18:10:508	[DEBUG]	Validating SML
2022-06-01 07:18:10:508	[DEBUG]	Validating ModularUI
2022-06-01 07:18:10:728	[DEBUG]	Validating SML
2022-06-01 07:18:10:728	[DEBUG]	Validating RefinedRDLib
2022-06-01 07:18:10:934	[DEBUG]	Validating SML
2022-06-01 07:18:10:934	[DEBUG]	Validating KLib
2022-06-01 07:18:11:398	[DEBUG]	Validating KPrivateCodeLib
2022-06-01 07:18:11:764	[DEBUG]	Validating KBFL
2022-06-01 07:18:11:955	[DEBUG]	Validating SML
2022-06-01 07:18:11:955	[DEBUG]	Validating KUI
2022-06-01 07:18:11:957	[DEBUG]	Validating SML
2022-06-01 07:18:11:957	[DEBUG]	Validating SML
2022-06-01 07:18:11:957	[DEBUG]	Validating SML
2022-06-01 07:18:11:957	[DEBUG]	Validating ModularUI
2022-06-01 07:18:11:957	[DEBUG]	Validating RefinedPower
2022-06-01 07:18:11:963	[DEBUG]	Validating ModularUI
2022-06-01 07:18:11:963	[DEBUG]	Validating RefinedRDLib
2022-06-01 07:18:11:963	[DEBUG]	Validating SML
2022-06-01 07:18:11:964	[DEBUG]	Validating RefinedRDLib
2022-06-01 07:18:11:964	[DEBUG]	Validating SML
2022-06-01 07:18:11:964	[DEBUG]	Validating FasterManualCrafting
2022-06-01 07:18:11:965	[DEBUG]	Validating SML
2022-06-01 07:18:11:965	[DEBUG]	Validating KLevelUp
2022-06-01 07:18:11:966	[DEBUG]	Validating SML
2022-06-01 07:18:11:966	[DEBUG]	Validating KPrivateCodeLib
2022-06-01 07:18:11:966	[DEBUG]	Validating ContainerScreen
2022-06-01 07:18:11:969	[DEBUG]	Validating SML
2022-06-01 07:18:11:969	[DEBUG]	Validating UtilityMod
2022-06-01 07:18:11:970	[DEBUG]	Validating SML
2022-06-01 07:18:11:970	[DEBUG]	Validating SmartFoundations
2022-06-01 07:18:11:972	[DEBUG]	Validating SML
2022-06-01 07:18:11:974	[DEBUG]	Validating TFIT
2022-06-01 07:18:11:974	[DEBUG]	Validating SML
2022-06-01 07:18:11:974	[DEBUG]	Validating DoubleJump
2022-06-01 07:18:11:975	[DEBUG]	Validating SML
2022-06-01 07:18:11:975	[DEBUG]	Validating InventorySpace2
2022-06-01 07:18:11:975	[DEBUG]	Validating SML
2022-06-01 07:18:11:976	[DEBUG]	Validating EarlyHover
2022-06-01 07:18:11:976	[DEBUG]	Validating SML
2022-06-01 07:18:11:976	[DEBUG]	Validating FlashlightSettings
2022-06-01 07:18:11:977	[DEBUG]	Validating SML
2022-06-01 07:18:11:977	[DEBUG]	Validating LoadBalancers
2022-06-01 07:18:11:979	[DEBUG]	Validating SML
2022-06-01 07:18:11:979	[DEBUG]	Validating SatisfactoryHelper
2022-06-01 07:18:11:980	[DEBUG]	Validating SML
2022-06-01 07:18:11:980	[DEBUG]	Validating PersonalDrones
2022-06-01 07:18:11:982	[DEBUG]	Validating SML
2022-06-01 07:18:11:982	[DEBUG]	Validating DumbPrints
2022-06-01 07:18:11:982	[DEBUG]	Validating SML
2022-06-01 07:20:22:154	[INFO]	Installing MAMTips
2022-06-01 07:20:22:378	[DEBUG]	install: [MAMTips], uninstall: [], enable: [], disable: [], update: []
2022-06-01 07:20:22:571	[DEBUG]	Validating FicsitFarming
2022-06-01 07:20:22:571	[DEBUG]	Validating AB_FluidExtras
2022-06-01 07:20:22:571	[DEBUG]	Validating SML
2022-06-01 07:20:22:571	[DEBUG]	Validating KLib
2022-06-01 07:20:22:571	[DEBUG]	Validating RefinedPower
2022-06-01 07:20:22:571	[DEBUG]	Validating RefinedRDLib
2022-06-01 07:20:22:571	[DEBUG]	Validating ModularUI
2022-06-01 07:20:22:571	[DEBUG]	Validating FactoryGame
2022-06-01 07:20:22:571	[DEBUG]	Validating KPrivateCodeLib
2022-06-01 07:20:22:571	[DEBUG]	Validating KBFL
2022-06-01 07:20:22:571	[DEBUG]	Validating KUI
2022-06-01 07:20:22:571	[DEBUG]	Validating SatisfactoryPlus
2022-06-01 07:20:22:571	[DEBUG]	Validating FasterManualCrafting
2022-06-01 07:20:22:571	[DEBUG]	Validating KLevelUp
2022-06-01 07:20:22:571	[DEBUG]	Validating ContainerScreen
2022-06-01 07:20:22:572	[DEBUG]	Validating UtilityMod
2022-06-01 07:20:22:572	[DEBUG]	Validating SmartFoundations
2022-06-01 07:20:22:572	[DEBUG]	Validating TFIT
2022-06-01 07:20:22:572	[DEBUG]	Validating DoubleJump
2022-06-01 07:20:22:572	[DEBUG]	Validating InventorySpace2
2022-06-01 07:20:22:572	[DEBUG]	Validating EarlyHover
2022-06-01 07:20:22:572	[DEBUG]	Validating FlashlightSettings
2022-06-01 07:20:22:572	[DEBUG]	Validating LoadBalancers
2022-06-01 07:20:22:572	[DEBUG]	Validating SatisfactoryHelper
2022-06-01 07:20:22:572	[DEBUG]	Validating PersonalDrones
2022-06-01 07:20:22:572	[DEBUG]	Validating DumbPrints
2022-06-01 07:20:22:572	[DEBUG]	Validating MAMTips
2022-06-01 07:20:22:769	[DEBUG]	Validating SML
2022-06-01 07:20:22:770	[DEBUG]	Items: {"SatisfactoryPlus":"0.7.1","FicsitFarming":"4.0.3","SML":"3.3.1","ModularUI":"2.0.8","RefinedRDLib":"1.0.7","AB_FluidExtras":"0.7.1","KLib":"1.10.0","KPrivateCodeLib":"1.2.1","KBFL":"1.12.5","KUI":"1.4.0","RefinedPower":"3.0.9","FasterManualCrafting":"1.1.1","KLevelUp":"1.2.5","ContainerScreen":"1.0.11","UtilityMod":"0.5.4","SmartFoundations":"17.0.11","TFIT":"1.0.5","DoubleJump":"1.0.1","InventorySpace2":"2.0.1","EarlyHover":"1.0.3","FlashlightSettings":"1.0.1","LoadBalancers":"1.5.1","SatisfactoryHelper":"2.0.3","PersonalDrones":"1.0.11","DumbPrints":"0.0.4","MAMTips":"0.5.0"}
2022-06-01 07:20:22:776	[DEBUG]	Mismatches: {"install":{"MAMTips":"0.5.0"},"uninstall":[]}
2022-06-01 07:20:22:779	[DEBUG]	Copying MAMTips@0.5.0 to Satisfactory install
2022-06-01 07:23:13:404	[DEBUG]	Validating SatisfactoryPlus
2022-06-01 07:23:13:404	[DEBUG]	Validating AB_FluidExtras
2022-06-01 07:23:13:404	[DEBUG]	Validating SML
2022-06-01 07:23:13:404	[DEBUG]	Validating FactoryGame
2022-06-01 07:23:13:404	[DEBUG]	Validating FicsitFarming
2022-06-01 07:23:13:405	[DEBUG]	Validating SML
2022-06-01 07:23:13:405	[DEBUG]	Validating ModularUI
2022-06-01 07:23:13:405	[DEBUG]	Validating SML
2022-06-01 07:23:13:405	[DEBUG]	Validating RefinedRDLib
2022-06-01 07:23:13:405	[DEBUG]	Validating SML
2022-06-01 07:23:13:405	[DEBUG]	Validating KLib
2022-06-01 07:23:13:405	[DEBUG]	Validating KPrivateCodeLib
2022-06-01 07:23:13:405	[DEBUG]	Validating KBFL
2022-06-01 07:23:13:407	[DEBUG]	Validating SML
2022-06-01 07:23:13:407	[DEBUG]	Validating KUI
2022-06-01 07:23:13:407	[DEBUG]	Validating SML
2022-06-01 07:23:13:408	[DEBUG]	Validating SML
2022-06-01 07:23:13:408	[DEBUG]	Validating SML
2022-06-01 07:23:13:408	[DEBUG]	Validating ModularUI
2022-06-01 07:23:13:408	[DEBUG]	Validating RefinedPower
2022-06-01 07:23:13:408	[DEBUG]	Validating ModularUI
2022-06-01 07:23:13:408	[DEBUG]	Validating RefinedRDLib
2022-06-01 07:23:13:409	[DEBUG]	Validating SML
2022-06-01 07:23:13:409	[DEBUG]	Validating RefinedRDLib
2022-06-01 07:23:13:409	[DEBUG]	Validating SML
2022-06-01 07:23:13:409	[DEBUG]	Validating FasterManualCrafting
2022-06-01 07:23:13:409	[DEBUG]	Validating SML
2022-06-01 07:23:13:409	[DEBUG]	Validating KLevelUp
2022-06-01 07:23:13:409	[DEBUG]	Validating SML
2022-06-01 07:23:13:409	[DEBUG]	Validating KPrivateCodeLib
2022-06-01 07:23:13:409	[DEBUG]	Validating ContainerScreen
2022-06-01 07:23:13:409	[DEBUG]	Validating SML
2022-06-01 07:23:13:409	[DEBUG]	Validating UtilityMod
2022-06-01 07:23:13:410	[DEBUG]	Validating SML
2022-06-01 07:23:13:410	[DEBUG]	Validating SmartFoundations
2022-06-01 07:23:13:410	[DEBUG]	Validating SML
2022-06-01 07:23:13:410	[DEBUG]	Validating TFIT
2022-06-01 07:23:13:411	[DEBUG]	Validating SML
2022-06-01 07:23:13:411	[DEBUG]	Validating DoubleJump
2022-06-01 07:23:13:411	[DEBUG]	Validating SML
2022-06-01 07:23:13:411	[DEBUG]	Validating InventorySpace2
2022-06-01 07:23:13:411	[DEBUG]	Validating SML
2022-06-01 07:23:13:411	[DEBUG]	Validating EarlyHover
2022-06-01 07:23:13:412	[DEBUG]	Validating SML
2022-06-01 07:23:13:412	[DEBUG]	Validating FlashlightSettings
2022-06-01 07:23:13:412	[DEBUG]	Validating SML
2022-06-01 07:23:13:412	[DEBUG]	Validating LoadBalancers
2022-06-01 07:23:13:412	[DEBUG]	Validating SML
2022-06-01 07:23:13:412	[DEBUG]	Validating SatisfactoryHelper
2022-06-01 07:23:13:412	[DEBUG]	Validating SML
2022-06-01 07:23:13:413	[DEBUG]	Validating PersonalDrones
2022-06-01 07:23:13:413	[DEBUG]	Validating SML
2022-06-01 07:23:13:413	[DEBUG]	Validating DumbPrints
2022-06-01 07:23:13:413	[DEBUG]	Validating SML
2022-06-01 07:23:13:413	[DEBUG]	Validating MAMTips
2022-06-01 07:23:13:414	[DEBUG]	Validating SML
2022-06-01 07:24:05:918	[INFO]	Installing PermaDay
2022-06-01 07:24:06:147	[DEBUG]	install: [PermaDay], uninstall: [], enable: [], disable: [], update: []
2022-06-01 07:24:06:355	[DEBUG]	Validating FicsitFarming
2022-06-01 07:24:06:355	[DEBUG]	Validating AB_FluidExtras
2022-06-01 07:24:06:355	[DEBUG]	Validating SML
2022-06-01 07:24:06:356	[DEBUG]	Validating KLib
2022-06-01 07:24:06:356	[DEBUG]	Validating RefinedPower
2022-06-01 07:24:06:356	[DEBUG]	Validating RefinedRDLib
2022-06-01 07:24:06:356	[DEBUG]	Validating ModularUI
2022-06-01 07:24:06:356	[DEBUG]	Validating FactoryGame
2022-06-01 07:24:06:356	[DEBUG]	Validating KPrivateCodeLib
2022-06-01 07:24:06:356	[DEBUG]	Validating KBFL
2022-06-01 07:24:06:356	[DEBUG]	Validating KUI
2022-06-01 07:24:06:356	[DEBUG]	Validating SatisfactoryPlus
2022-06-01 07:24:06:356	[DEBUG]	Validating FasterManualCrafting
2022-06-01 07:24:06:356	[DEBUG]	Validating KLevelUp
2022-06-01 07:24:06:356	[DEBUG]	Validating ContainerScreen
2022-06-01 07:24:06:356	[DEBUG]	Validating UtilityMod
2022-06-01 07:24:06:356	[DEBUG]	Validating SmartFoundations
2022-06-01 07:24:06:356	[DEBUG]	Validating TFIT
2022-06-01 07:24:06:356	[DEBUG]	Validating DoubleJump
2022-06-01 07:24:06:356	[DEBUG]	Validating InventorySpace2
2022-06-01 07:24:06:356	[DEBUG]	Validating EarlyHover
2022-06-01 07:24:06:356	[DEBUG]	Validating FlashlightSettings
2022-06-01 07:24:06:356	[DEBUG]	Validating LoadBalancers
2022-06-01 07:24:06:356	[DEBUG]	Validating SatisfactoryHelper
2022-06-01 07:24:06:356	[DEBUG]	Validating PersonalDrones
2022-06-01 07:24:06:356	[DEBUG]	Validating DumbPrints
2022-06-01 07:24:06:356	[DEBUG]	Validating MAMTips
2022-06-01 07:24:06:356	[DEBUG]	Validating PermaDay
2022-06-01 07:24:06:549	[DEBUG]	Validating SML
2022-06-01 07:24:06:550	[DEBUG]	Items: {"SatisfactoryPlus":"0.7.1","FicsitFarming":"4.0.3","SML":"3.3.1","ModularUI":"2.0.8","RefinedRDLib":"1.0.7","AB_FluidExtras":"0.7.1","KLib":"1.10.0","KPrivateCodeLib":"1.2.1","KBFL":"1.12.5","KUI":"1.4.0","RefinedPower":"3.0.9","FasterManualCrafting":"1.1.1","KLevelUp":"1.2.5","ContainerScreen":"1.0.11","UtilityMod":"0.5.4","SmartFoundations":"17.0.11","TFIT":"1.0.5","DoubleJump":"1.0.1","InventorySpace2":"2.0.1","EarlyHover":"1.0.3","FlashlightSettings":"1.0.1","LoadBalancers":"1.5.1","SatisfactoryHelper":"2.0.3","PersonalDrones":"1.0.11","DumbPrints":"0.0.4","MAMTips":"0.5.0","PermaDay":"1.0.2"}
2022-06-01 07:24:06:556	[DEBUG]	Mismatches: {"install":{"PermaDay":"1.0.2"},"uninstall":[]}
2022-06-01 07:24:06:561	[DEBUG]	Copying PermaDay@1.0.2 to Satisfactory install
2022-06-01 07:28:14:337	[DEBUG]	Validating SatisfactoryPlus
2022-06-01 07:28:14:338	[DEBUG]	Validating AB_FluidExtras
2022-06-01 07:28:14:338	[DEBUG]	Validating SML
2022-06-01 07:28:14:338	[DEBUG]	Validating FactoryGame
2022-06-01 07:28:14:338	[DEBUG]	Validating FicsitFarming
2022-06-01 07:28:14:338	[DEBUG]	Validating SML
2022-06-01 07:28:14:338	[DEBUG]	Validating ModularUI
2022-06-01 07:28:14:338	[DEBUG]	Validating SML
2022-06-01 07:28:14:338	[DEBUG]	Validating RefinedRDLib
2022-06-01 07:28:14:339	[DEBUG]	Validating SML
2022-06-01 07:28:14:339	[DEBUG]	Validating KLib
2022-06-01 07:28:14:339	[DEBUG]	Validating KPrivateCodeLib
2022-06-01 07:28:14:339	[DEBUG]	Validating KBFL
2022-06-01 07:28:14:340	[DEBUG]	Validating SML
2022-06-01 07:28:14:340	[DEBUG]	Validating KUI
2022-06-01 07:28:14:340	[DEBUG]	Validating SML
2022-06-01 07:28:14:340	[DEBUG]	Validating SML
2022-06-01 07:28:14:340	[DEBUG]	Validating SML
2022-06-01 07:28:14:340	[DEBUG]	Validating ModularUI
2022-06-01 07:28:14:340	[DEBUG]	Validating RefinedPower
2022-06-01 07:28:14:341	[DEBUG]	Validating ModularUI
2022-06-01 07:28:14:341	[DEBUG]	Validating RefinedRDLib
2022-06-01 07:28:14:341	[DEBUG]	Validating SML
2022-06-01 07:28:14:341	[DEBUG]	Validating RefinedRDLib
2022-06-01 07:28:14:341	[DEBUG]	Validating SML
2022-06-01 07:28:14:341	[DEBUG]	Validating FasterManualCrafting
2022-06-01 07:28:14:341	[DEBUG]	Validating SML
2022-06-01 07:28:14:341	[DEBUG]	Validating KLevelUp
2022-06-01 07:28:14:342	[DEBUG]	Validating SML
2022-06-01 07:28:14:342	[DEBUG]	Validating KPrivateCodeLib
2022-06-01 07:28:14:342	[DEBUG]	Validating ContainerScreen
2022-06-01 07:28:14:342	[DEBUG]	Validating SML
2022-06-01 07:28:14:342	[DEBUG]	Validating UtilityMod
2022-06-01 07:28:14:342	[DEBUG]	Validating SML
2022-06-01 07:28:14:343	[DEBUG]	Validating SmartFoundations
2022-06-01 07:28:14:343	[DEBUG]	Validating SML
2022-06-01 07:28:14:343	[DEBUG]	Validating TFIT
2022-06-01 07:28:14:343	[DEBUG]	Validating SML
2022-06-01 07:28:14:343	[DEBUG]	Validating DoubleJump
2022-06-01 07:28:14:344	[DEBUG]	Validating SML
2022-06-01 07:28:14:344	[DEBUG]	Validating InventorySpace2
2022-06-01 07:28:14:344	[DEBUG]	Validating SML
2022-06-01 07:28:14:344	[DEBUG]	Validating EarlyHover
2022-06-01 07:28:14:344	[DEBUG]	Validating SML
2022-06-01 07:28:14:344	[DEBUG]	Validating FlashlightSettings
2022-06-01 07:28:14:344	[DEBUG]	Validating SML
2022-06-01 07:28:14:344	[DEBUG]	Validating LoadBalancers
2022-06-01 07:28:14:345	[DEBUG]	Validating SML
2022-06-01 07:28:14:345	[DEBUG]	Validating SatisfactoryHelper
2022-06-01 07:28:14:345	[DEBUG]	Validating SML
2022-06-01 07:28:14:346	[DEBUG]	Validating PersonalDrones
2022-06-01 07:28:14:346	[DEBUG]	Validating SML
2022-06-01 07:28:14:346	[DEBUG]	Validating DumbPrints
2022-06-01 07:28:14:346	[DEBUG]	Validating SML
2022-06-01 07:28:14:346	[DEBUG]	Validating MAMTips
2022-06-01 07:28:14:346	[DEBUG]	Validating SML
2022-06-01 07:28:14:347	[DEBUG]	Validating PermaDay
2022-06-01 07:28:14:347	[DEBUG]	Validating SML
2022-06-01 07:28:20:751	[INFO]	Installing MicroManage
2022-06-01 07:28:20:983	[DEBUG]	install: [MicroManage], uninstall: [], enable: [], disable: [], update: []
2022-06-01 07:28:21:173	[DEBUG]	Validating FicsitFarming
2022-06-01 07:28:21:173	[DEBUG]	Validating AB_FluidExtras
2022-06-01 07:28:21:173	[DEBUG]	Validating SML
2022-06-01 07:28:21:173	[DEBUG]	Validating KLib
2022-06-01 07:28:21:173	[DEBUG]	Validating RefinedPower
2022-06-01 07:28:21:173	[DEBUG]	Validating RefinedRDLib
2022-06-01 07:28:21:173	[DEBUG]	Validating ModularUI
2022-06-01 07:28:21:173	[DEBUG]	Validating FactoryGame
2022-06-01 07:28:21:174	[DEBUG]	Validating KPrivateCodeLib
2022-06-01 07:28:21:174	[DEBUG]	Validating KBFL
2022-06-01 07:28:21:174	[DEBUG]	Validating KUI
2022-06-01 07:28:21:174	[DEBUG]	Validating SatisfactoryPlus
2022-06-01 07:28:21:174	[DEBUG]	Validating FasterManualCrafting
2022-06-01 07:28:21:174	[DEBUG]	Validating KLevelUp
2022-06-01 07:28:21:174	[DEBUG]	Validating ContainerScreen
2022-06-01 07:28:21:174	[DEBUG]	Validating UtilityMod
2022-06-01 07:28:21:174	[DEBUG]	Validating SmartFoundations
2022-06-01 07:28:21:174	[DEBUG]	Validating TFIT
2022-06-01 07:28:21:174	[DEBUG]	Validating DoubleJump
2022-06-01 07:28:21:174	[DEBUG]	Validating InventorySpace2
2022-06-01 07:28:21:174	[DEBUG]	Validating EarlyHover
2022-06-01 07:28:21:174	[DEBUG]	Validating FlashlightSettings
2022-06-01 07:28:21:174	[DEBUG]	Validating LoadBalancers
2022-06-01 07:28:21:174	[DEBUG]	Validating SatisfactoryHelper
2022-06-01 07:28:21:174	[DEBUG]	Validating PersonalDrones
2022-06-01 07:28:21:174	[DEBUG]	Validating DumbPrints
2022-06-01 07:28:21:174	[DEBUG]	Validating MAMTips
2022-06-01 07:28:21:174	[DEBUG]	Validating PermaDay
2022-06-01 07:28:21:174	[DEBUG]	Validating MicroManage
2022-06-01 07:28:21:370	[DEBUG]	Validating SML
2022-06-01 07:28:21:370	[DEBUG]	Items: {"SatisfactoryPlus":"0.7.1","FicsitFarming":"4.0.3","SML":"3.3.1","ModularUI":"2.0.8","RefinedRDLib":"1.0.7","AB_FluidExtras":"0.7.1","KLib":"1.10.0","KPrivateCodeLib":"1.2.1","KBFL":"1.12.5","KUI":"1.4.0","RefinedPower":"3.0.9","FasterManualCrafting":"1.1.1","KLevelUp":"1.2.5","ContainerScreen":"1.0.11","UtilityMod":"0.5.4","SmartFoundations":"17.0.11","TFIT":"1.0.5","DoubleJump":"1.0.1","InventorySpace2":"2.0.1","EarlyHover":"1.0.3","FlashlightSettings":"1.0.1","LoadBalancers":"1.5.1","SatisfactoryHelper":"2.0.3","PersonalDrones":"1.0.11","DumbPrints":"0.0.4","MAMTips":"0.5.0","PermaDay":"1.0.2","MicroManage":"0.9.11"}
2022-06-01 07:28:21:385	[DEBUG]	Mismatches: {"install":{"MicroManage":"0.9.11"},"uninstall":[]}
2022-06-01 07:28:21:389	[DEBUG]	Copying MicroManage@0.9.11 to Satisfactory install
2022-06-01 07:31:57:432	[INFO]	Installing RegenAllHealth
2022-06-01 07:31:57:674	[DEBUG]	install: [RegenAllHealth], uninstall: [], enable: [], disable: [], update: []
2022-06-01 07:31:58:266	[DEBUG]	Validating FicsitFarming
2022-06-01 07:31:58:266	[DEBUG]	Validating AB_FluidExtras
2022-06-01 07:31:58:266	[DEBUG]	Validating SML
2022-06-01 07:31:58:266	[DEBUG]	Validating KLib
2022-06-01 07:31:58:266	[DEBUG]	Validating RefinedPower
2022-06-01 07:31:58:266	[DEBUG]	Validating RefinedRDLib
2022-06-01 07:31:58:266	[DEBUG]	Validating ModularUI
2022-06-01 07:31:58:266	[DEBUG]	Validating FactoryGame
2022-06-01 07:31:58:267	[DEBUG]	Validating KPrivateCodeLib
2022-06-01 07:31:58:267	[DEBUG]	Validating KBFL
2022-06-01 07:31:58:267	[DEBUG]	Validating KUI
2022-06-01 07:31:58:267	[DEBUG]	Validating SatisfactoryPlus
2022-06-01 07:31:58:267	[DEBUG]	Validating FasterManualCrafting
2022-06-01 07:31:58:267	[DEBUG]	Validating KLevelUp
2022-06-01 07:31:58:267	[DEBUG]	Validating ContainerScreen
2022-06-01 07:31:58:267	[DEBUG]	Validating UtilityMod
2022-06-01 07:31:58:267	[DEBUG]	Validating SmartFoundations
2022-06-01 07:31:58:267	[DEBUG]	Validating TFIT
2022-06-01 07:31:58:267	[DEBUG]	Validating DoubleJump
2022-06-01 07:31:58:267	[DEBUG]	Validating InventorySpace2
2022-06-01 07:31:58:267	[DEBUG]	Validating EarlyHover
2022-06-01 07:31:58:267	[DEBUG]	Validating FlashlightSettings
2022-06-01 07:31:58:267	[DEBUG]	Validating LoadBalancers
2022-06-01 07:31:58:267	[DEBUG]	Validating SatisfactoryHelper
2022-06-01 07:31:58:267	[DEBUG]	Validating PersonalDrones
2022-06-01 07:31:58:267	[DEBUG]	Validating DumbPrints
2022-06-01 07:31:58:267	[DEBUG]	Validating MAMTips
2022-06-01 07:31:58:267	[DEBUG]	Validating PermaDay
2022-06-01 07:31:58:267	[DEBUG]	Validating MicroManage
2022-06-01 07:31:58:268	[DEBUG]	Validating RegenAllHealth
2022-06-01 07:31:58:796	[DEBUG]	Validating SML
2022-06-01 07:31:58:797	[DEBUG]	Items: {"SatisfactoryPlus":"0.7.1","FicsitFarming":"4.0.3","SML":"3.3.1","ModularUI":"2.0.8","RefinedRDLib":"1.0.7","AB_FluidExtras":"0.7.1","KLib":"1.10.0","KPrivateCodeLib":"1.2.1","KBFL":"1.12.5","KUI":"1.4.0","RefinedPower":"3.0.9","FasterManualCrafting":"1.1.1","KLevelUp":"1.2.5","ContainerScreen":"1.0.11","UtilityMod":"0.5.4","SmartFoundations":"17.0.11","TFIT":"1.0.5","DoubleJump":"1.0.1","InventorySpace2":"2.0.1","EarlyHover":"1.0.3","FlashlightSettings":"1.0.1","LoadBalancers":"1.5.1","SatisfactoryHelper":"2.0.3","PersonalDrones":"1.0.11","DumbPrints":"0.0.4","MAMTips":"0.5.0","PermaDay":"1.0.2","MicroManage":"0.9.11","RegenAllHealth":"2.0.2"}
2022-06-01 07:31:58:804	[DEBUG]	Mismatches: {"install":{"RegenAllHealth":"2.0.2"},"uninstall":[]}
2022-06-01 07:31:58:808	[DEBUG]	Copying RegenAllHealth@2.0.2 to Satisfactory install
2022-06-01 07:33:15:737	[DEBUG]	Validating SatisfactoryPlus
2022-06-01 07:33:15:738	[DEBUG]	Validating AB_FluidExtras
2022-06-01 07:33:15:738	[DEBUG]	Validating SML
2022-06-01 07:33:15:738	[DEBUG]	Validating FactoryGame
2022-06-01 07:33:15:738	[DEBUG]	Validating FicsitFarming
2022-06-01 07:33:15:738	[DEBUG]	Validating SML
2022-06-01 07:33:15:738	[DEBUG]	Validating ModularUI
2022-06-01 07:33:15:739	[DEBUG]	Validating SML
2022-06-01 07:33:15:739	[DEBUG]	Validating RefinedRDLib
2022-06-01 07:33:15:739	[DEBUG]	Validating SML
2022-06-01 07:33:15:739	[DEBUG]	Validating KLib
2022-06-01 07:33:15:739	[DEBUG]	Validating KPrivateCodeLib
2022-06-01 07:33:15:739	[DEBUG]	Validating KBFL
2022-06-01 07:33:15:739	[DEBUG]	Validating SML
2022-06-01 07:33:15:739	[DEBUG]	Validating KUI
2022-06-01 07:33:15:740	[DEBUG]	Validating SML
2022-06-01 07:33:15:740	[DEBUG]	Validating SML
2022-06-01 07:33:15:740	[DEBUG]	Validating SML
2022-06-01 07:33:15:740	[DEBUG]	Validating ModularUI
2022-06-01 07:33:15:740	[DEBUG]	Validating RefinedPower
2022-06-01 07:33:15:740	[DEBUG]	Validating ModularUI
2022-06-01 07:33:15:740	[DEBUG]	Validating RefinedRDLib
2022-06-01 07:33:15:740	[DEBUG]	Validating SML
2022-06-01 07:33:15:740	[DEBUG]	Validating RefinedRDLib
2022-06-01 07:33:15:740	[DEBUG]	Validating SML
2022-06-01 07:33:15:740	[DEBUG]	Validating FasterManualCrafting
2022-06-01 07:33:15:741	[DEBUG]	Validating SML
2022-06-01 07:33:15:741	[DEBUG]	Validating KLevelUp
2022-06-01 07:33:15:741	[DEBUG]	Validating SML
2022-06-01 07:33:15:741	[DEBUG]	Validating KPrivateCodeLib
2022-06-01 07:33:15:741	[DEBUG]	Validating ContainerScreen
2022-06-01 07:33:15:741	[DEBUG]	Validating SML
2022-06-01 07:33:15:742	[DEBUG]	Validating UtilityMod
2022-06-01 07:33:15:742	[DEBUG]	Validating SML
2022-06-01 07:33:15:742	[DEBUG]	Validating SmartFoundations
2022-06-01 07:33:15:742	[DEBUG]	Validating SML
2022-06-01 07:33:15:743	[DEBUG]	Validating TFIT
2022-06-01 07:33:15:743	[DEBUG]	Validating SML
2022-06-01 07:33:15:743	[DEBUG]	Validating DoubleJump
2022-06-01 07:33:15:743	[DEBUG]	Validating SML
2022-06-01 07:33:15:743	[DEBUG]	Validating InventorySpace2
2022-06-01 07:33:15:743	[DEBUG]	Validating SML
2022-06-01 07:33:15:745	[DEBUG]	Validating EarlyHover
2022-06-01 07:33:15:745	[DEBUG]	Validating SML
2022-06-01 07:33:15:745	[DEBUG]	Validating FlashlightSettings
2022-06-01 07:33:15:745	[DEBUG]	Validating SML
2022-06-01 07:33:15:745	[DEBUG]	Validating LoadBalancers
2022-06-01 07:33:15:745	[DEBUG]	Validating SML
2022-06-01 07:33:15:745	[DEBUG]	Validating SatisfactoryHelper
2022-06-01 07:33:15:746	[DEBUG]	Validating SML
2022-06-01 07:33:15:746	[DEBUG]	Validating PersonalDrones
2022-06-01 07:33:15:746	[DEBUG]	Validating SML
2022-06-01 07:33:15:746	[DEBUG]	Validating DumbPrints
2022-06-01 07:33:15:746	[DEBUG]	Validating SML
2022-06-01 07:33:15:747	[DEBUG]	Validating MAMTips
2022-06-01 07:33:15:747	[DEBUG]	Validating SML
2022-06-01 07:33:15:747	[DEBUG]	Validating PermaDay
2022-06-01 07:33:15:747	[DEBUG]	Validating SML
2022-06-01 07:33:15:748	[DEBUG]	Validating MicroManage
2022-06-01 07:33:15:748	[DEBUG]	Validating SML
2022-06-01 07:33:15:748	[DEBUG]	Validating RegenAllHealth
2022-06-01 07:33:15:748	[DEBUG]	Validating SML
2022-06-01 07:34:00:597	[INFO]	Installing NoneEquipment
2022-06-01 07:34:00:873	[DEBUG]	install: [NoneEquipment], uninstall: [], enable: [], disable: [], update: []
2022-06-01 07:34:01:065	[DEBUG]	Validating FicsitFarming
2022-06-01 07:34:01:065	[DEBUG]	Validating AB_FluidExtras
2022-06-01 07:34:01:065	[DEBUG]	Validating SML
2022-06-01 07:34:01:065	[DEBUG]	Validating KLib
2022-06-01 07:34:01:066	[DEBUG]	Validating RefinedPower
2022-06-01 07:34:01:066	[DEBUG]	Validating RefinedRDLib
2022-06-01 07:34:01:066	[DEBUG]	Validating ModularUI
2022-06-01 07:34:01:066	[DEBUG]	Validating FactoryGame
2022-06-01 07:34:01:066	[DEBUG]	Validating KPrivateCodeLib
2022-06-01 07:34:01:066	[DEBUG]	Validating KBFL
2022-06-01 07:34:01:066	[DEBUG]	Validating KUI
2022-06-01 07:34:01:066	[DEBUG]	Validating SatisfactoryPlus
2022-06-01 07:34:01:066	[DEBUG]	Validating FasterManualCrafting
2022-06-01 07:34:01:066	[DEBUG]	Validating KLevelUp
2022-06-01 07:34:01:066	[DEBUG]	Validating ContainerScreen
2022-06-01 07:34:01:066	[DEBUG]	Validating UtilityMod
2022-06-01 07:34:01:066	[DEBUG]	Validating SmartFoundations
2022-06-01 07:34:01:066	[DEBUG]	Validating TFIT
2022-06-01 07:34:01:066	[DEBUG]	Validating DoubleJump
2022-06-01 07:34:01:066	[DEBUG]	Validating InventorySpace2
2022-06-01 07:34:01:066	[DEBUG]	Validating EarlyHover
2022-06-01 07:34:01:066	[DEBUG]	Validating FlashlightSettings
2022-06-01 07:34:01:066	[DEBUG]	Validating LoadBalancers
2022-06-01 07:34:01:066	[DEBUG]	Validating SatisfactoryHelper
2022-06-01 07:34:01:066	[DEBUG]	Validating PersonalDrones
2022-06-01 07:34:01:066	[DEBUG]	Validating DumbPrints
2022-06-01 07:34:01:066	[DEBUG]	Validating MAMTips
2022-06-01 07:34:01:066	[DEBUG]	Validating PermaDay
2022-06-01 07:34:01:066	[DEBUG]	Validating MicroManage
2022-06-01 07:34:01:066	[DEBUG]	Validating RegenAllHealth
2022-06-01 07:34:01:066	[DEBUG]	Validating NoneEquipment
2022-06-01 07:34:01:248	[DEBUG]	Validating SML
2022-06-01 07:34:01:249	[DEBUG]	Items: {"SatisfactoryPlus":"0.7.1","FicsitFarming":"4.0.3","SML":"3.3.1","ModularUI":"2.0.8","RefinedRDLib":"1.0.7","AB_FluidExtras":"0.7.1","KLib":"1.10.0","KPrivateCodeLib":"1.2.1","KBFL":"1.12.5","KUI":"1.4.0","RefinedPower":"3.0.9","FasterManualCrafting":"1.1.1","KLevelUp":"1.2.5","ContainerScreen":"1.0.11","UtilityMod":"0.5.4","SmartFoundations":"17.0.11","TFIT":"1.0.5","DoubleJump":"1.0.1","InventorySpace2":"2.0.1","EarlyHover":"1.0.3","FlashlightSettings":"1.0.1","LoadBalancers":"1.5.1","SatisfactoryHelper":"2.0.3","PersonalDrones":"1.0.11","DumbPrints":"0.0.4","MAMTips":"0.5.0","PermaDay":"1.0.2","MicroManage":"0.9.11","RegenAllHealth":"2.0.2","NoneEquipment":"2.0.5"}
2022-06-01 07:34:01:256	[DEBUG]	Mismatches: {"install":{"NoneEquipment":"2.0.5"},"uninstall":[]}
2022-06-01 07:34:01:262	[DEBUG]	Copying NoneEquipment@2.0.5 to Satisfactory install
2022-06-01 07:34:01:262	[DEBUG]	NoneEquipment@2.0.5 is not downloaded. Downloading now.
2022-06-01 07:38:07:058	[INFO]	Installing WallConveyorSupports
2022-06-01 07:38:07:294	[DEBUG]	install: [WallConveyorSupports], uninstall: [], enable: [], disable: [], update: []
2022-06-01 07:38:07:821	[DEBUG]	Validating FicsitFarming
2022-06-01 07:38:07:821	[DEBUG]	Validating AB_FluidExtras
2022-06-01 07:38:07:821	[DEBUG]	Validating SML
2022-06-01 07:38:07:821	[DEBUG]	Validating KLib
2022-06-01 07:38:07:821	[DEBUG]	Validating RefinedPower
2022-06-01 07:38:07:821	[DEBUG]	Validating RefinedRDLib
2022-06-01 07:38:07:821	[DEBUG]	Validating ModularUI
2022-06-01 07:38:07:821	[DEBUG]	Validating FactoryGame
2022-06-01 07:38:07:822	[DEBUG]	Validating KPrivateCodeLib
2022-06-01 07:38:07:822	[DEBUG]	Validating KBFL
2022-06-01 07:38:07:822	[DEBUG]	Validating KUI
2022-06-01 07:38:07:822	[DEBUG]	Validating SatisfactoryPlus
2022-06-01 07:38:07:822	[DEBUG]	Validating FasterManualCrafting
2022-06-01 07:38:07:822	[DEBUG]	Validating KLevelUp
2022-06-01 07:38:07:822	[DEBUG]	Validating ContainerScreen
2022-06-01 07:38:07:822	[DEBUG]	Validating UtilityMod
2022-06-01 07:38:07:822	[DEBUG]	Validating SmartFoundations
2022-06-01 07:38:07:822	[DEBUG]	Validating TFIT
2022-06-01 07:38:07:822	[DEBUG]	Validating DoubleJump
2022-06-01 07:38:07:822	[DEBUG]	Validating InventorySpace2
2022-06-01 07:38:07:822	[DEBUG]	Validating EarlyHover
2022-06-01 07:38:07:822	[DEBUG]	Validating FlashlightSettings
2022-06-01 07:38:07:822	[DEBUG]	Validating LoadBalancers
2022-06-01 07:38:07:822	[DEBUG]	Validating SatisfactoryHelper
2022-06-01 07:38:07:822	[DEBUG]	Validating PersonalDrones
2022-06-01 07:38:07:822	[DEBUG]	Validating DumbPrints
2022-06-01 07:38:07:822	[DEBUG]	Validating MAMTips
2022-06-01 07:38:07:822	[DEBUG]	Validating PermaDay
2022-06-01 07:38:07:822	[DEBUG]	Validating MicroManage
2022-06-01 07:38:07:822	[DEBUG]	Validating RegenAllHealth
2022-06-01 07:38:07:822	[DEBUG]	Validating NoneEquipment
2022-06-01 07:38:07:822	[DEBUG]	Validating WallConveyorSupports
2022-06-01 07:38:08:009	[DEBUG]	Validating SML
2022-06-01 07:38:08:009	[DEBUG]	Validating MarcioCommonLibs
2022-06-01 07:38:08:397	[DEBUG]	Validating SML
2022-06-01 07:38:08:400	[DEBUG]	Items: {"SatisfactoryPlus":"0.7.1","FicsitFarming":"4.0.3","SML":"3.3.1","ModularUI":"2.0.8","RefinedRDLib":"1.0.7","AB_FluidExtras":"0.7.1","KLib":"1.10.0","KPrivateCodeLib":"1.2.1","KBFL":"1.12.5","KUI":"1.4.0","RefinedPower":"3.0.9","FasterManualCrafting":"1.1.1","KLevelUp":"1.2.5","ContainerScreen":"1.0.11","UtilityMod":"0.5.4","SmartFoundations":"17.0.11","TFIT":"1.0.5","DoubleJump":"1.0.1","InventorySpace2":"2.0.1","EarlyHover":"1.0.3","FlashlightSettings":"1.0.1","LoadBalancers":"1.5.1","SatisfactoryHelper":"2.0.3","PersonalDrones":"1.0.11","DumbPrints":"0.0.4","MAMTips":"0.5.0","PermaDay":"1.0.2","MicroManage":"0.9.11","RegenAllHealth":"2.0.2","NoneEquipment":"2.0.5","WallConveyorSupports":"1.1.0","MarcioCommonLibs":"1.1.1"}
2022-06-01 07:38:08:406	[DEBUG]	Mismatches: {"install":{"WallConveyorSupports":"1.1.0","MarcioCommonLibs":"1.1.1"},"uninstall":[]}
2022-06-01 07:38:08:411	[DEBUG]	Copying WallConveyorSupports@1.1.0 to Satisfactory install
2022-06-01 07:38:08:411	[DEBUG]	Copying MarcioCommonLibs@1.1.1 to Satisfactory install
2022-06-01 07:38:16:865	[DEBUG]	Validating SatisfactoryPlus
2022-06-01 07:38:16:865	[DEBUG]	Validating AB_FluidExtras
2022-06-01 07:38:16:866	[DEBUG]	Validating SML
2022-06-01 07:38:16:866	[DEBUG]	Validating FactoryGame
2022-06-01 07:38:16:866	[DEBUG]	Validating FicsitFarming
2022-06-01 07:38:16:866	[DEBUG]	Validating SML
2022-06-01 07:38:16:866	[DEBUG]	Validating ModularUI
2022-06-01 07:38:16:866	[DEBUG]	Validating SML
2022-06-01 07:38:16:866	[DEBUG]	Validating RefinedRDLib
2022-06-01 07:38:16:866	[DEBUG]	Validating SML
2022-06-01 07:38:16:866	[DEBUG]	Validating KLib
2022-06-01 07:38:16:867	[DEBUG]	Validating KPrivateCodeLib
2022-06-01 07:38:16:867	[DEBUG]	Validating KBFL
2022-06-01 07:38:16:867	[DEBUG]	Validating SML
2022-06-01 07:38:16:867	[DEBUG]	Validating KUI
2022-06-01 07:38:16:868	[DEBUG]	Validating SML
2022-06-01 07:38:16:868	[DEBUG]	Validating SML
2022-06-01 07:38:16:868	[DEBUG]	Validating SML
2022-06-01 07:38:16:868	[DEBUG]	Validating ModularUI
2022-06-01 07:38:16:868	[DEBUG]	Validating RefinedPower
2022-06-01 07:38:16:868	[DEBUG]	Validating ModularUI
2022-06-01 07:38:16:868	[DEBUG]	Validating RefinedRDLib
2022-06-01 07:38:16:868	[DEBUG]	Validating SML
2022-06-01 07:38:16:868	[DEBUG]	Validating RefinedRDLib
2022-06-01 07:38:16:868	[DEBUG]	Validating SML
2022-06-01 07:38:16:868	[DEBUG]	Validating FasterManualCrafting
2022-06-01 07:38:16:868	[DEBUG]	Validating SML
2022-06-01 07:38:16:868	[DEBUG]	Validating KLevelUp
2022-06-01 07:38:16:868	[DEBUG]	Validating SML
2022-06-01 07:38:16:869	[DEBUG]	Validating KPrivateCodeLib
2022-06-01 07:38:16:869	[DEBUG]	Validating ContainerScreen
2022-06-01 07:38:16:869	[DEBUG]	Validating SML
2022-06-01 07:38:16:869	[DEBUG]	Validating UtilityMod
2022-06-01 07:38:16:869	[DEBUG]	Validating SML
2022-06-01 07:38:16:869	[DEBUG]	Validating SmartFoundations
2022-06-01 07:38:16:871	[DEBUG]	Validating SML
2022-06-01 07:38:16:871	[DEBUG]	Validating TFIT
2022-06-01 07:38:16:871	[DEBUG]	Validating SML
2022-06-01 07:38:16:871	[DEBUG]	Validating DoubleJump
2022-06-01 07:38:16:871	[DEBUG]	Validating SML
2022-06-01 07:38:16:872	[DEBUG]	Validating InventorySpace2
2022-06-01 07:38:16:872	[DEBUG]	Validating SML
2022-06-01 07:38:16:872	[DEBUG]	Validating EarlyHover
2022-06-01 07:38:16:872	[DEBUG]	Validating SML
2022-06-01 07:38:16:872	[DEBUG]	Validating FlashlightSettings
2022-06-01 07:38:16:872	[DEBUG]	Validating SML
2022-06-01 07:38:16:872	[DEBUG]	Validating LoadBalancers
2022-06-01 07:38:16:872	[DEBUG]	Validating SML
2022-06-01 07:38:16:873	[DEBUG]	Validating SatisfactoryHelper
2022-06-01 07:38:16:873	[DEBUG]	Validating SML
2022-06-01 07:38:16:873	[DEBUG]	Validating PersonalDrones
2022-06-01 07:38:16:873	[DEBUG]	Validating SML
2022-06-01 07:38:16:873	[DEBUG]	Validating DumbPrints
2022-06-01 07:38:16:873	[DEBUG]	Validating SML
2022-06-01 07:38:16:873	[DEBUG]	Validating MAMTips
2022-06-01 07:38:16:874	[DEBUG]	Validating SML
2022-06-01 07:38:16:874	[DEBUG]	Validating PermaDay
2022-06-01 07:38:16:874	[DEBUG]	Validating SML
2022-06-01 07:38:16:874	[DEBUG]	Validating MicroManage
2022-06-01 07:38:16:874	[DEBUG]	Validating SML
2022-06-01 07:38:16:874	[DEBUG]	Validating RegenAllHealth
2022-06-01 07:38:16:875	[DEBUG]	Validating SML
2022-06-01 07:38:16:875	[DEBUG]	Validating NoneEquipment
2022-06-01 07:38:16:875	[DEBUG]	Validating SML
2022-06-01 07:38:16:875	[DEBUG]	Validating WallConveyorSupports
2022-06-01 07:38:16:875	[DEBUG]	Validating SML
2022-06-01 07:38:16:876	[DEBUG]	Validating MarcioCommonLibs
2022-06-01 07:38:16:876	[DEBUG]	Validating SML
2022-06-01 07:40:42:867	[INFO]	Uninstalling FlashlightSettings
2022-06-01 07:40:43:079	[DEBUG]	install: [], uninstall: [FlashlightSettings], enable: [], disable: [], update: []
2022-06-01 07:40:43:083	[DEBUG]	Validating FicsitFarming
2022-06-01 07:40:43:083	[DEBUG]	Validating AB_FluidExtras
2022-06-01 07:40:43:083	[DEBUG]	Validating SML
2022-06-01 07:40:43:084	[DEBUG]	Validating KLib
2022-06-01 07:40:43:084	[DEBUG]	Validating RefinedPower
2022-06-01 07:40:43:084	[DEBUG]	Validating RefinedRDLib
2022-06-01 07:40:43:084	[DEBUG]	Validating ModularUI
2022-06-01 07:40:43:084	[DEBUG]	Validating FactoryGame
2022-06-01 07:40:43:084	[DEBUG]	Validating KPrivateCodeLib
2022-06-01 07:40:43:084	[DEBUG]	Validating KBFL
2022-06-01 07:40:43:084	[DEBUG]	Validating KUI
2022-06-01 07:40:43:084	[DEBUG]	Validating MarcioCommonLibs
2022-06-01 07:40:43:084	[DEBUG]	Validating SatisfactoryPlus
2022-06-01 07:40:43:084	[DEBUG]	Validating FasterManualCrafting
2022-06-01 07:40:43:084	[DEBUG]	Validating KLevelUp
2022-06-01 07:40:43:084	[DEBUG]	Validating ContainerScreen
2022-06-01 07:40:43:084	[DEBUG]	Validating UtilityMod
2022-06-01 07:40:43:084	[DEBUG]	Validating SmartFoundations
2022-06-01 07:40:43:084	[DEBUG]	Validating TFIT
2022-06-01 07:40:43:084	[DEBUG]	Validating DoubleJump
2022-06-01 07:40:43:084	[DEBUG]	Validating InventorySpace2
2022-06-01 07:40:43:084	[DEBUG]	Validating EarlyHover
2022-06-01 07:40:43:084	[DEBUG]	Validating LoadBalancers
2022-06-01 07:40:43:084	[DEBUG]	Validating SatisfactoryHelper
2022-06-01 07:40:43:084	[DEBUG]	Validating PersonalDrones
2022-06-01 07:40:43:084	[DEBUG]	Validating DumbPrints
2022-06-01 07:40:43:084	[DEBUG]	Validating MAMTips
2022-06-01 07:40:43:084	[DEBUG]	Validating PermaDay
2022-06-01 07:40:43:084	[DEBUG]	Validating MicroManage
2022-06-01 07:40:43:084	[DEBUG]	Validating RegenAllHealth
2022-06-01 07:40:43:084	[DEBUG]	Validating NoneEquipment
2022-06-01 07:40:43:084	[DEBUG]	Validating WallConveyorSupports
2022-06-01 07:40:43:085	[DEBUG]	Items: {"SatisfactoryPlus":"0.7.1","FicsitFarming":"4.0.3","SML":"3.3.1","ModularUI":"2.0.8","RefinedRDLib":"1.0.7","AB_FluidExtras":"0.7.1","KLib":"1.10.0","KPrivateCodeLib":"1.2.1","KBFL":"1.12.5","KUI":"1.4.0","RefinedPower":"3.0.9","FasterManualCrafting":"1.1.1","KLevelUp":"1.2.5","ContainerScreen":"1.0.11","UtilityMod":"0.5.4","SmartFoundations":"17.0.11","TFIT":"1.0.5","DoubleJump":"1.0.1","InventorySpace2":"2.0.1","EarlyHover":"1.0.3","LoadBalancers":"1.5.1","SatisfactoryHelper":"2.0.3","PersonalDrones":"1.0.11","DumbPrints":"0.0.4","MAMTips":"0.5.0","PermaDay":"1.0.2","MicroManage":"0.9.11","RegenAllHealth":"2.0.2","NoneEquipment":"2.0.5","WallConveyorSupports":"1.1.0","MarcioCommonLibs":"1.1.1"}
2022-06-01 07:40:43:092	[DEBUG]	Mismatches: {"install":{},"uninstall":["FlashlightSettings"]}
2022-06-01 07:40:43:093	[DEBUG]	Removing FlashlightSettings from Satisfactory install
2022-06-01 07:41:02:585	[DEBUG]	Validating SatisfactoryPlus
2022-06-01 07:41:02:586	[DEBUG]	Validating AB_FluidExtras
2022-06-01 07:41:02:586	[DEBUG]	Validating SML
2022-06-01 07:41:02:586	[DEBUG]	Validating FactoryGame
2022-06-01 07:41:02:586	[DEBUG]	Validating FicsitFarming
2022-06-01 07:41:02:586	[DEBUG]	Validating SML
2022-06-01 07:41:02:586	[DEBUG]	Validating ModularUI
2022-06-01 07:41:02:586	[DEBUG]	Validating SML
2022-06-01 07:41:02:586	[DEBUG]	Validating RefinedRDLib
2022-06-01 07:41:02:586	[DEBUG]	Validating SML
2022-06-01 07:41:02:586	[DEBUG]	Validating KLib
2022-06-01 07:41:02:587	[DEBUG]	Validating KPrivateCodeLib
2022-06-01 07:41:02:587	[DEBUG]	Validating KBFL
2022-06-01 07:41:02:587	[DEBUG]	Validating SML
2022-06-01 07:41:02:588	[DEBUG]	Validating KUI
2022-06-01 07:41:02:588	[DEBUG]	Validating SML
2022-06-01 07:41:02:588	[DEBUG]	Validating SML
2022-06-01 07:41:02:588	[DEBUG]	Validating SML
2022-06-01 07:41:02:588	[DEBUG]	Validating ModularUI
2022-06-01 07:41:02:588	[DEBUG]	Validating RefinedPower
2022-06-01 07:41:02:588	[DEBUG]	Validating ModularUI
2022-06-01 07:41:02:588	[DEBUG]	Validating RefinedRDLib
2022-06-01 07:41:02:589	[DEBUG]	Validating SML
2022-06-01 07:41:02:589	[DEBUG]	Validating RefinedRDLib
2022-06-01 07:41:02:589	[DEBUG]	Validating SML
2022-06-01 07:41:02:589	[DEBUG]	Validating FasterManualCrafting
2022-06-01 07:41:02:589	[DEBUG]	Validating SML
2022-06-01 07:41:02:590	[DEBUG]	Validating KLevelUp
2022-06-01 07:41:02:590	[DEBUG]	Validating SML
2022-06-01 07:41:02:590	[DEBUG]	Validating KPrivateCodeLib
2022-06-01 07:41:02:590	[DEBUG]	Validating ContainerScreen
2022-06-01 07:41:02:591	[DEBUG]	Validating SML
2022-06-01 07:41:02:591	[DEBUG]	Validating UtilityMod
2022-06-01 07:41:02:591	[DEBUG]	Validating SML
2022-06-01 07:41:02:591	[DEBUG]	Validating SmartFoundations
2022-06-01 07:41:02:592	[DEBUG]	Validating SML
2022-06-01 07:41:02:592	[DEBUG]	Validating TFIT
2022-06-01 07:41:02:592	[DEBUG]	Validating SML
2022-06-01 07:41:02:592	[DEBUG]	Validating DoubleJump
2022-06-01 07:41:02:592	[DEBUG]	Validating SML
2022-06-01 07:41:02:593	[DEBUG]	Validating InventorySpace2
2022-06-01 07:41:02:593	[DEBUG]	Validating SML
2022-06-01 07:41:02:593	[DEBUG]	Validating EarlyHover
2022-06-01 07:41:02:593	[DEBUG]	Validating SML
2022-06-01 07:41:02:593	[DEBUG]	Validating LoadBalancers
2022-06-01 07:41:02:593	[DEBUG]	Validating SML
2022-06-01 07:41:02:593	[DEBUG]	Validating SatisfactoryHelper
2022-06-01 07:41:02:594	[DEBUG]	Validating SML
2022-06-01 07:41:02:594	[DEBUG]	Validating PersonalDrones
2022-06-01 07:41:02:594	[DEBUG]	Validating SML
2022-06-01 07:41:02:595	[DEBUG]	Validating DumbPrints
2022-06-01 07:41:02:595	[DEBUG]	Validating SML
2022-06-01 07:41:02:595	[DEBUG]	Validating MAMTips
2022-06-01 07:41:02:595	[DEBUG]	Validating SML
2022-06-01 07:41:02:597	[DEBUG]	Validating PermaDay
2022-06-01 07:41:02:597	[DEBUG]	Validating SML
2022-06-01 07:41:02:597	[DEBUG]	Validating MicroManage
2022-06-01 07:41:02:598	[DEBUG]	Validating SML
2022-06-01 07:41:02:598	[DEBUG]	Validating RegenAllHealth
2022-06-01 07:41:02:598	[DEBUG]	Validating SML
2022-06-01 07:41:02:598	[DEBUG]	Validating NoneEquipment
2022-06-01 07:41:02:598	[DEBUG]	Validating SML
2022-06-01 07:41:02:598	[DEBUG]	Validating WallConveyorSupports
2022-06-01 07:41:02:599	[DEBUG]	Validating SML
2022-06-01 07:41:02:599	[DEBUG]	Validating MarcioCommonLibs
2022-06-01 07:41:02:599	[DEBUG]	Validating SML
2022-06-01 07:41:05:308	[DEBUG]	install: [], uninstall: [], enable: [], disable: [], update: [SatisfactoryPlus]
2022-06-01 07:41:05:311	[DEBUG]	Validating SML
2022-06-01 07:41:05:311	[DEBUG]	Validating ModularUI
2022-06-01 07:41:05:311	[DEBUG]	Validating RefinedRDLib
2022-06-01 07:41:05:311	[DEBUG]	Validating FactoryGame
2022-06-01 07:41:05:311	[DEBUG]	Validating KPrivateCodeLib
2022-06-01 07:41:05:311	[DEBUG]	Validating KBFL
2022-06-01 07:41:05:311	[DEBUG]	Validating KUI
2022-06-01 07:41:05:311	[DEBUG]	Validating MarcioCommonLibs
2022-06-01 07:41:05:311	[DEBUG]	Validating SatisfactoryPlus
2022-06-01 07:41:05:312	[DEBUG]	Validating AB_FluidExtras
2022-06-01 07:41:05:312	[DEBUG]	Validating FicsitFarming
2022-06-01 07:41:05:312	[DEBUG]	Validating KLib
2022-06-01 07:41:05:312	[DEBUG]	Validating KPrivateCodeLib
2022-06-01 07:41:05:312	[DEBUG]	Validating KBFL
2022-06-01 07:41:05:312	[DEBUG]	Validating KUI
2022-06-01 07:41:05:312	[DEBUG]	Validating SML
2022-06-01 07:41:05:312	[DEBUG]	Validating SML
2022-06-01 07:41:05:312	[DEBUG]	Validating ModularUI
2022-06-01 07:41:05:312	[DEBUG]	Validating RefinedPower
2022-06-01 07:41:05:312	[DEBUG]	Validating RefinedRDLib
2022-06-01 07:41:05:312	[DEBUG]	Validating SML
2022-06-01 07:41:05:313	[DEBUG]	Validating FasterManualCrafting
2022-06-01 07:41:05:313	[DEBUG]	Validating KLevelUp
2022-06-01 07:41:05:313	[DEBUG]	Validating ContainerScreen
2022-06-01 07:41:05:313	[DEBUG]	Validating UtilityMod
2022-06-01 07:41:05:313	[DEBUG]	Validating SmartFoundations
2022-06-01 07:41:05:313	[DEBUG]	Validating TFIT
2022-06-01 07:41:05:313	[DEBUG]	Validating DoubleJump
2022-06-01 07:41:05:313	[DEBUG]	Validating InventorySpace2
2022-06-01 07:41:05:313	[DEBUG]	Validating EarlyHover
2022-06-01 07:41:05:313	[DEBUG]	Validating LoadBalancers
2022-06-01 07:41:05:313	[DEBUG]	Validating SatisfactoryHelper
2022-06-01 07:41:05:313	[DEBUG]	Validating PersonalDrones
2022-06-01 07:41:05:313	[DEBUG]	Validating DumbPrints
2022-06-01 07:41:05:313	[DEBUG]	Validating MAMTips
2022-06-01 07:41:05:313	[DEBUG]	Validating PermaDay
2022-06-01 07:41:05:313	[DEBUG]	Validating MicroManage
2022-06-01 07:41:05:313	[DEBUG]	Validating RegenAllHealth
2022-06-01 07:41:05:313	[DEBUG]	Validating NoneEquipment
2022-06-01 07:41:05:313	[DEBUG]	Validating WallConveyorSupports
2022-06-01 07:41:05:313	[DEBUG]	Items: {"FicsitFarming":"4.0.3","SML":"3.3.1","ModularUI":"2.0.8","RefinedRDLib":"1.0.7","AB_FluidExtras":"0.7.1","KBFL":"1.12.5","KUI":"1.4.0","RefinedPower":"3.0.9","FasterManualCrafting":"1.1.1","KLevelUp":"1.2.5","ContainerScreen":"1.0.11","UtilityMod":"0.5.4","SmartFoundations":"17.0.11","TFIT":"1.0.5","DoubleJump":"1.0.1","InventorySpace2":"2.0.1","EarlyHover":"1.0.3","LoadBalancers":"1.5.1","SatisfactoryHelper":"2.0.3","PersonalDrones":"1.0.11","DumbPrints":"0.0.4","MAMTips":"0.5.0","PermaDay":"1.0.2","MicroManage":"0.9.11","RegenAllHealth":"2.0.2","NoneEquipment":"2.0.5","WallConveyorSupports":"1.1.0","MarcioCommonLibs":"1.1.1","SatisfactoryPlus":"0.7.3","KLib":"1.10.3","KPrivateCodeLib":"1.2.2"}
2022-06-01 07:41:05:320	[DEBUG]	Mismatches: {"install":{"SatisfactoryPlus":"0.7.3","KLib":"1.10.3","KPrivateCodeLib":"1.2.2"},"uninstall":["SatisfactoryPlus","KLib","KPrivateCodeLib"]}
2022-06-01 07:41:05:320	[DEBUG]	Removing SatisfactoryPlus from Satisfactory install
2022-06-01 07:41:05:320	[DEBUG]	Removing KLib from Satisfactory install
2022-06-01 07:41:05:320	[DEBUG]	Removing KPrivateCodeLib from Satisfactory install
2022-06-01 07:41:05:377	[DEBUG]	Copying SatisfactoryPlus@0.7.3 to Satisfactory install
2022-06-01 07:41:05:377	[DEBUG]	Copying KLib@1.10.3 to Satisfactory install
2022-06-01 07:41:05:377	[DEBUG]	Copying KPrivateCodeLib@1.2.2 to Satisfactory install
2022-06-01 07:41:05:378	[DEBUG]	SatisfactoryPlus@0.7.3 is not downloaded. Downloading now.
2022-06-01 07:41:05:378	[DEBUG]	KLib@1.10.3 is not downloaded. Downloading now.
2022-06-01 07:41:05:378	[DEBUG]	KPrivateCodeLib@1.2.2 is not downloaded. Downloading now.
2022-06-01 07:43:53:825	[DEBUG]	install: [], uninstall: [], enable: [], disable: [], update: [KLib]
2022-06-01 07:43:53:829	[DEBUG]	Validating SML
2022-06-01 07:43:53:830	[DEBUG]	Validating ModularUI
2022-06-01 07:43:53:830	[DEBUG]	Validating RefinedRDLib
2022-06-01 07:43:53:830	[DEBUG]	Validating FactoryGame
2022-06-01 07:43:53:830	[DEBUG]	Validating KPrivateCodeLib
2022-06-01 07:43:53:830	[DEBUG]	Validating MarcioCommonLibs
2022-06-01 07:43:53:830	[DEBUG]	Validating AB_FluidExtras
2022-06-01 07:43:53:830	[DEBUG]	Validating FicsitFarming
2022-06-01 07:43:53:830	[DEBUG]	Validating KLib
2022-06-01 07:43:53:830	[DEBUG]	Validating KPrivateCodeLib
2022-06-01 07:43:53:830	[DEBUG]	Validating SML
2022-06-01 07:43:53:831	[DEBUG]	Validating RefinedPower
2022-06-01 07:43:53:831	[DEBUG]	Validating KBFL
2022-06-01 07:43:53:831	[DEBUG]	Validating KUI
2022-06-01 07:43:53:831	[DEBUG]	Validating SatisfactoryPlus
2022-06-01 07:43:53:831	[DEBUG]	Validating FasterManualCrafting
2022-06-01 07:43:53:831	[DEBUG]	Validating KLevelUp
2022-06-01 07:43:53:831	[DEBUG]	Validating ContainerScreen
2022-06-01 07:43:53:831	[DEBUG]	Validating UtilityMod
2022-06-01 07:43:53:831	[DEBUG]	Validating SmartFoundations
2022-06-01 07:43:53:831	[DEBUG]	Validating TFIT
2022-06-01 07:43:53:831	[DEBUG]	Validating DoubleJump
2022-06-01 07:43:53:831	[DEBUG]	Validating InventorySpace2
2022-06-01 07:43:53:831	[DEBUG]	Validating EarlyHover
2022-06-01 07:43:53:831	[DEBUG]	Validating LoadBalancers
2022-06-01 07:43:53:831	[DEBUG]	Validating SatisfactoryHelper
2022-06-01 07:43:53:831	[DEBUG]	Validating PersonalDrones
2022-06-01 07:43:53:831	[DEBUG]	Validating DumbPrints
2022-06-01 07:43:53:831	[DEBUG]	Validating MAMTips
2022-06-01 07:43:53:831	[DEBUG]	Validating PermaDay
2022-06-01 07:43:53:831	[DEBUG]	Validating MicroManage
2022-06-01 07:43:53:831	[DEBUG]	Validating RegenAllHealth
2022-06-01 07:43:53:831	[DEBUG]	Validating NoneEquipment
2022-06-01 07:43:53:831	[DEBUG]	Validating WallConveyorSupports
2022-06-01 07:43:53:832	[DEBUG]	Items: {"FicsitFarming":"4.0.3","SML":"3.3.1","ModularUI":"2.0.8","RefinedRDLib":"1.0.7","AB_FluidExtras":"0.7.1","KBFL":"1.12.5","KUI":"1.4.0","RefinedPower":"3.0.9","FasterManualCrafting":"1.1.1","KLevelUp":"1.2.5","ContainerScreen":"1.0.11","UtilityMod":"0.5.4","SmartFoundations":"17.0.11","TFIT":"1.0.5","DoubleJump":"1.0.1","InventorySpace2":"2.0.1","EarlyHover":"1.0.3","LoadBalancers":"1.5.1","SatisfactoryHelper":"2.0.3","PersonalDrones":"1.0.11","DumbPrints":"0.0.4","MAMTips":"0.5.0","PermaDay":"1.0.2","MicroManage":"0.9.11","RegenAllHealth":"2.0.2","NoneEquipment":"2.0.5","WallConveyorSupports":"1.1.0","MarcioCommonLibs":"1.1.1","SatisfactoryPlus":"0.7.3","KPrivateCodeLib":"1.2.2","KLib":"1.10.3"}
2022-06-01 07:43:53:839	[DEBUG]	Mismatches: {"install":{},"uninstall":[]}
2022-06-01 07:43:56:025	[DEBUG]	install: [], uninstall: [], enable: [], disable: [], update: [KPrivateCodeLib]
2022-06-01 07:43:56:027	[DEBUG]	Validating SML
2022-06-01 07:43:56:028	[DEBUG]	Validating ModularUI
2022-06-01 07:43:56:028	[DEBUG]	Validating RefinedRDLib
2022-06-01 07:43:56:028	[DEBUG]	Validating FactoryGame
2022-06-01 07:43:56:029	[DEBUG]	Validating KPrivateCodeLib
2022-06-01 07:43:56:029	[DEBUG]	Validating KBFL
2022-06-01 07:43:56:029	[DEBUG]	Validating KUI
2022-06-01 07:43:56:029	[DEBUG]	Validating SML
2022-06-01 07:43:56:029	[DEBUG]	Validating MarcioCommonLibs
2022-06-01 07:43:56:029	[DEBUG]	Validating AB_FluidExtras
2022-06-01 07:43:56:029	[DEBUG]	Validating FicsitFarming
2022-06-01 07:43:56:029	[DEBUG]	Validating KLib
2022-06-01 07:43:56:029	[DEBUG]	Validating RefinedPower
2022-06-01 07:43:56:029	[DEBUG]	Validating SatisfactoryPlus
2022-06-01 07:43:56:029	[DEBUG]	Validating FasterManualCrafting
2022-06-01 07:43:56:029	[DEBUG]	Validating KLevelUp
2022-06-01 07:43:56:029	[DEBUG]	Validating ContainerScreen
2022-06-01 07:43:56:029	[DEBUG]	Validating UtilityMod
2022-06-01 07:43:56:029	[DEBUG]	Validating SmartFoundations
2022-06-01 07:43:56:029	[DEBUG]	Validating TFIT
2022-06-01 07:43:56:029	[DEBUG]	Validating DoubleJump
2022-06-01 07:43:56:029	[DEBUG]	Validating InventorySpace2
2022-06-01 07:43:56:029	[DEBUG]	Validating EarlyHover
2022-06-01 07:43:56:029	[DEBUG]	Validating LoadBalancers
2022-06-01 07:43:56:029	[DEBUG]	Validating SatisfactoryHelper
2022-06-01 07:43:56:029	[DEBUG]	Validating PersonalDrones
2022-06-01 07:43:56:029	[DEBUG]	Validating DumbPrints
2022-06-01 07:43:56:029	[DEBUG]	Validating MAMTips
2022-06-01 07:43:56:029	[DEBUG]	Validating PermaDay
2022-06-01 07:43:56:029	[DEBUG]	Validating MicroManage
2022-06-01 07:43:56:029	[DEBUG]	Validating RegenAllHealth
2022-06-01 07:43:56:029	[DEBUG]	Validating NoneEquipment
2022-06-01 07:43:56:029	[DEBUG]	Validating WallConveyorSupports
2022-06-01 07:43:56:030	[DEBUG]	Items: {"FicsitFarming":"4.0.3","SML":"3.3.1","ModularUI":"2.0.8","RefinedRDLib":"1.0.7","AB_FluidExtras":"0.7.1","KBFL":"1.12.5","KUI":"1.4.0","RefinedPower":"3.0.9","FasterManualCrafting":"1.1.1","KLevelUp":"1.2.5","ContainerScreen":"1.0.11","UtilityMod":"0.5.4","SmartFoundations":"17.0.11","TFIT":"1.0.5","DoubleJump":"1.0.1","InventorySpace2":"2.0.1","EarlyHover":"1.0.3","LoadBalancers":"1.5.1","SatisfactoryHelper":"2.0.3","PersonalDrones":"1.0.11","DumbPrints":"0.0.4","MAMTips":"0.5.0","PermaDay":"1.0.2","MicroManage":"0.9.11","RegenAllHealth":"2.0.2","NoneEquipment":"2.0.5","WallConveyorSupports":"1.1.0","MarcioCommonLibs":"1.1.1","SatisfactoryPlus":"0.7.3","KLib":"1.10.3","KPrivateCodeLib":"1.2.2"}
2022-06-01 07:43:56:036	[DEBUG]	Mismatches: {"install":{},"uninstall":[]}
2022-06-01 07:43:57:467	[DEBUG]	install: [], uninstall: [], enable: [], disable: [], update: [KBFL]
2022-06-01 07:43:57:469	[DEBUG]	Validating SML
2022-06-01 07:43:57:470	[DEBUG]	Validating ModularUI
2022-06-01 07:43:57:470	[DEBUG]	Validating RefinedRDLib
2022-06-01 07:43:57:470	[DEBUG]	Validating FactoryGame
2022-06-01 07:43:57:470	[DEBUG]	Validating KPrivateCodeLib
2022-06-01 07:43:57:470	[DEBUG]	Validating MarcioCommonLibs
2022-06-01 07:43:57:470	[DEBUG]	Validating AB_FluidExtras
2022-06-01 07:43:57:470	[DEBUG]	Validating FicsitFarming
2022-06-01 07:43:57:470	[DEBUG]	Validating KLib
2022-06-01 07:43:57:470	[DEBUG]	Validating RefinedPower
2022-06-01 07:43:57:470	[DEBUG]	Validating KBFL
2022-06-01 07:43:57:470	[DEBUG]	Validating SML
2022-06-01 07:43:57:471	[DEBUG]	Validating KUI
2022-06-01 07:43:57:471	[DEBUG]	Validating SatisfactoryPlus
2022-06-01 07:43:57:471	[DEBUG]	Validating FasterManualCrafting
2022-06-01 07:43:57:471	[DEBUG]	Validating KLevelUp
2022-06-01 07:43:57:471	[DEBUG]	Validating ContainerScreen
2022-06-01 07:43:57:471	[DEBUG]	Validating UtilityMod
2022-06-01 07:43:57:471	[DEBUG]	Validating SmartFoundations
2022-06-01 07:43:57:471	[DEBUG]	Validating TFIT
2022-06-01 07:43:57:471	[DEBUG]	Validating DoubleJump
2022-06-01 07:43:57:471	[DEBUG]	Validating InventorySpace2
2022-06-01 07:43:57:471	[DEBUG]	Validating EarlyHover
2022-06-01 07:43:57:471	[DEBUG]	Validating LoadBalancers
2022-06-01 07:43:57:471	[DEBUG]	Validating SatisfactoryHelper
2022-06-01 07:43:57:471	[DEBUG]	Validating PersonalDrones
2022-06-01 07:43:57:471	[DEBUG]	Validating DumbPrints
2022-06-01 07:43:57:471	[DEBUG]	Validating MAMTips
2022-06-01 07:43:57:471	[DEBUG]	Validating PermaDay
2022-06-01 07:43:57:471	[DEBUG]	Validating MicroManage
2022-06-01 07:43:57:471	[DEBUG]	Validating RegenAllHealth
2022-06-01 07:43:57:471	[DEBUG]	Validating NoneEquipment
2022-06-01 07:43:57:471	[DEBUG]	Validating WallConveyorSupports
2022-06-01 07:43:57:471	[DEBUG]	Items: {"FicsitFarming":"4.0.3","SML":"3.3.1","ModularUI":"2.0.8","RefinedRDLib":"1.0.7","AB_FluidExtras":"0.7.1","KUI":"1.4.0","RefinedPower":"3.0.9","FasterManualCrafting":"1.1.1","KLevelUp":"1.2.5","ContainerScreen":"1.0.11","UtilityMod":"0.5.4","SmartFoundations":"17.0.11","TFIT":"1.0.5","DoubleJump":"1.0.1","InventorySpace2":"2.0.1","EarlyHover":"1.0.3","LoadBalancers":"1.5.1","SatisfactoryHelper":"2.0.3","PersonalDrones":"1.0.11","DumbPrints":"0.0.4","MAMTips":"0.5.0","PermaDay":"1.0.2","MicroManage":"0.9.11","RegenAllHealth":"2.0.2","NoneEquipment":"2.0.5","WallConveyorSupports":"1.1.0","MarcioCommonLibs":"1.1.1","SatisfactoryPlus":"0.7.3","KLib":"1.10.3","KPrivateCodeLib":"1.2.2","KBFL":"1.12.11"}
2022-06-01 07:43:57:478	[DEBUG]	Mismatches: {"install":{"KBFL":"1.12.11"},"uninstall":["KBFL"]}
2022-06-01 07:43:57:478	[DEBUG]	Removing KBFL from Satisfactory install
2022-06-01 07:43:57:491	[DEBUG]	Copying KBFL@1.12.11 to Satisfactory install
2022-06-01 07:43:57:491	[DEBUG]	KBFL@1.12.11 is not downloaded. Downloading now.
2022-06-01 07:46:53:236	[DEBUG]	Validating SatisfactoryPlus
2022-06-01 07:46:53:237	[DEBUG]	Validating AB_FluidExtras
2022-06-01 07:46:53:237	[DEBUG]	Validating SML
2022-06-01 07:46:53:238	[DEBUG]	Validating FactoryGame
2022-06-01 07:46:53:238	[DEBUG]	Validating FicsitFarming
2022-06-01 07:46:53:238	[DEBUG]	Validating SML
2022-06-01 07:46:53:238	[DEBUG]	Validating ModularUI
2022-06-01 07:46:53:238	[DEBUG]	Validating SML
2022-06-01 07:46:53:238	[DEBUG]	Validating RefinedRDLib
2022-06-01 07:46:53:238	[DEBUG]	Validating SML
2022-06-01 07:46:53:238	[DEBUG]	Validating KLib
2022-06-01 07:46:53:239	[DEBUG]	Validating KPrivateCodeLib
2022-06-01 07:46:53:239	[DEBUG]	Validating KBFL
2022-06-01 07:46:53:239	[DEBUG]	Validating SML
2022-06-01 07:46:53:240	[DEBUG]	Validating KUI
2022-06-01 07:46:53:240	[DEBUG]	Validating SML
2022-06-01 07:46:53:240	[DEBUG]	Validating SML
2022-06-01 07:46:53:240	[DEBUG]	Validating SML
2022-06-01 07:46:53:240	[DEBUG]	Validating ModularUI
2022-06-01 07:46:53:240	[DEBUG]	Validating RefinedPower
2022-06-01 07:46:53:241	[DEBUG]	Validating ModularUI
2022-06-01 07:46:53:241	[DEBUG]	Validating RefinedRDLib
2022-06-01 07:46:53:241	[DEBUG]	Validating SML
2022-06-01 07:46:53:241	[DEBUG]	Validating RefinedRDLib
2022-06-01 07:46:53:241	[DEBUG]	Validating SML
2022-06-01 07:46:53:241	[DEBUG]	Validating FasterManualCrafting
2022-06-01 07:46:53:242	[DEBUG]	Validating SML
2022-06-01 07:46:53:242	[DEBUG]	Validating KLevelUp
2022-06-01 07:46:53:242	[DEBUG]	Validating SML
2022-06-01 07:46:53:242	[DEBUG]	Validating KPrivateCodeLib
2022-06-01 07:46:53:242	[DEBUG]	Validating ContainerScreen
2022-06-01 07:46:53:242	[DEBUG]	Validating SML
2022-06-01 07:46:53:242	[DEBUG]	Validating UtilityMod
2022-06-01 07:46:53:243	[DEBUG]	Validating SML
2022-06-01 07:46:53:243	[DEBUG]	Validating SmartFoundations
2022-06-01 07:46:53:244	[DEBUG]	Validating SML
2022-06-01 07:46:53:244	[DEBUG]	Validating TFIT
2022-06-01 07:46:53:244	[DEBUG]	Validating SML
2022-06-01 07:46:53:244	[DEBUG]	Validating DoubleJump
2022-06-01 07:46:53:245	[DEBUG]	Validating SML
2022-06-01 07:46:53:245	[DEBUG]	Validating InventorySpace2
2022-06-01 07:46:53:245	[DEBUG]	Validating SML
2022-06-01 07:46:53:245	[DEBUG]	Validating EarlyHover
2022-06-01 07:46:53:246	[DEBUG]	Validating SML
2022-06-01 07:46:53:246	[DEBUG]	Validating LoadBalancers
2022-06-01 07:46:53:246	[DEBUG]	Validating SML
2022-06-01 07:46:53:246	[DEBUG]	Validating SatisfactoryHelper
2022-06-01 07:46:53:247	[DEBUG]	Validating SML
2022-06-01 07:46:53:247	[DEBUG]	Validating PersonalDrones
2022-06-01 07:46:53:248	[DEBUG]	Validating SML
2022-06-01 07:46:53:249	[DEBUG]	Validating DumbPrints
2022-06-01 07:46:53:249	[DEBUG]	Validating SML
2022-06-01 07:46:53:249	[DEBUG]	Validating MAMTips
2022-06-01 07:46:53:250	[DEBUG]	Validating SML
2022-06-01 07:46:53:250	[DEBUG]	Validating PermaDay
2022-06-01 07:46:53:250	[DEBUG]	Validating SML
2022-06-01 07:46:53:250	[DEBUG]	Validating MicroManage
2022-06-01 07:46:53:251	[DEBUG]	Validating SML
2022-06-01 07:46:53:251	[DEBUG]	Validating RegenAllHealth
2022-06-01 07:46:53:251	[DEBUG]	Validating SML
2022-06-01 07:46:53:253	[DEBUG]	Validating NoneEquipment
2022-06-01 07:46:53:253	[DEBUG]	Validating SML
2022-06-01 07:46:53:253	[DEBUG]	Validating WallConveyorSupports
2022-06-01 07:46:53:253	[DEBUG]	Validating SML
2022-06-01 07:46:53:254	[DEBUG]	Validating MarcioCommonLibs
2022-06-01 07:46:53:254	[DEBUG]	Validating SML
