2022-06-04 23:52:39:275	[DEBUG]	Loading mod cache
2022-06-04 23:52:39:755	[DEBUG]	Loading mod cache
2022-06-04 23:52:39:816	[DEBUG]	Epic Games Launcher is not installed
2022-06-04 23:52:40:132	[DEBUG]	Setting profile to Dee Covan
2022-06-04 23:52:40:320	[DEBUG]	install: [], uninstall: [], enable: [], disable: [], update: []
2022-06-04 23:52:42:149	[DEBUG]	Validating SML
2022-06-04 23:52:42:150	[DEBUG]	Validating ModularUI
2022-06-04 23:52:42:150	[DEBUG]	Validating RefinedRDLib
2022-06-04 23:52:42:150	[DEBUG]	Validating FactoryGame
2022-06-04 23:52:42:150	[DEBUG]	Validating KPrivateCodeLib
2022-06-04 23:52:42:150	[DEBUG]	Validating MarcioCommonLibs
2022-06-04 23:52:42:150	[DEBUG]	Validating AB_FluidExtras
2022-06-04 23:52:42:151	[DEBUG]	Validating FicsitFarming
2022-06-04 23:52:42:151	[DEBUG]	Validating KLib
2022-06-04 23:52:42:151	[DEBUG]	Validating RefinedPower
2022-06-04 23:52:42:151	[DEBUG]	Validating KBFL
2022-06-04 23:52:42:151	[DEBUG]	Validating KUI
2022-06-04 23:52:42:151	[DEBUG]	Validating SatisfactoryPlus
2022-06-04 23:52:42:151	[DEBUG]	Validating FasterManualCrafting
2022-06-04 23:52:42:151	[DEBUG]	Validating KLevelUp
2022-06-04 23:52:42:151	[DEBUG]	Validating ContainerScreen
2022-06-04 23:52:42:151	[DEBUG]	Validating UtilityMod
2022-06-04 23:52:42:151	[DEBUG]	Validating SmartFoundations
2022-06-04 23:52:42:151	[DEBUG]	Validating TFIT
2022-06-04 23:52:42:151	[DEBUG]	Validating DoubleJump
2022-06-04 23:52:42:151	[DEBUG]	Validating InventorySpace2
2022-06-04 23:52:42:151	[DEBUG]	Validating EarlyHover
2022-06-04 23:52:42:151	[DEBUG]	Validating LoadBalancers
2022-06-04 23:52:42:151	[DEBUG]	Validating SatisfactoryHelper
2022-06-04 23:52:42:151	[DEBUG]	Validating PersonalDrones
2022-06-04 23:52:42:151	[DEBUG]	Validating DumbPrints
2022-06-04 23:52:42:151	[DEBUG]	Validating MAMTips
2022-06-04 23:52:42:151	[DEBUG]	Validating PermaDay
2022-06-04 23:52:42:151	[DEBUG]	Validating MicroManage
2022-06-04 23:52:42:151	[DEBUG]	Validating RegenAllHealth
2022-06-04 23:52:42:151	[DEBUG]	Validating NoneEquipment
2022-06-04 23:52:42:151	[DEBUG]	Validating WallConveyorSupports
2022-06-04 23:52:42:152	[DEBUG]	Items: {"FicsitFarming":"4.0.3","SML":"3.3.1","ModularUI":"2.0.8","RefinedRDLib":"1.0.7","AB_FluidExtras":"0.7.1","KUI":"1.4.0","RefinedPower":"3.0.9","FasterManualCrafting":"1.1.1","KLevelUp":"1.2.5","ContainerScreen":"1.0.11","UtilityMod":"0.5.4","SmartFoundations":"17.0.11","TFIT":"1.0.5","DoubleJump":"1.0.1","InventorySpace2":"2.0.1","EarlyHover":"1.0.3","LoadBalancers":"1.5.1","SatisfactoryHelper":"2.0.3","PersonalDrones":"1.0.11","DumbPrints":"0.0.4","MAMTips":"0.5.0","PermaDay":"1.0.2","MicroManage":"0.9.11","RegenAllHealth":"2.0.2","NoneEquipment":"2.0.5","WallConveyorSupports":"1.1.0","MarcioCommonLibs":"1.1.1","SatisfactoryPlus":"0.7.3","KLib":"1.10.3","KPrivateCodeLib":"1.2.2","KBFL":"1.12.11"}
2022-06-04 23:52:42:197	[DEBUG]	Mismatches: {"install":{},"uninstall":[]}
2022-06-04 23:52:46:659	[DEBUG]	Validating SatisfactoryPlus
2022-06-04 23:52:46:663	[DEBUG]	Validating AB_FluidExtras
2022-06-04 23:52:46:665	[DEBUG]	Validating SML
2022-06-04 23:52:46:665	[DEBUG]	Validating FactoryGame
2022-06-04 23:52:46:665	[DEBUG]	Validating FicsitFarming
2022-06-04 23:52:46:666	[DEBUG]	Validating SML
2022-06-04 23:52:46:666	[DEBUG]	Validating ModularUI
2022-06-04 23:52:46:895	[DEBUG]	Validating SML
2022-06-04 23:52:46:896	[DEBUG]	Validating RefinedRDLib
2022-06-04 23:52:47:098	[DEBUG]	Validating SML
2022-06-04 23:52:47:098	[DEBUG]	Validating KLib
2022-06-04 23:52:47:316	[DEBUG]	Validating KPrivateCodeLib
2022-06-04 23:52:47:556	[DEBUG]	Validating KBFL
2022-06-04 23:52:47:561	[DEBUG]	Validating SML
2022-06-04 23:52:47:561	[DEBUG]	Validating KUI
2022-06-04 23:52:47:563	[DEBUG]	Validating SML
2022-06-04 23:52:47:563	[DEBUG]	Validating SML
2022-06-04 23:52:47:563	[DEBUG]	Validating SML
2022-06-04 23:52:47:563	[DEBUG]	Validating ModularUI
2022-06-04 23:52:47:563	[DEBUG]	Validating RefinedPower
2022-06-04 23:52:47:570	[DEBUG]	Validating ModularUI
2022-06-04 23:52:47:570	[DEBUG]	Validating RefinedRDLib
2022-06-04 23:52:47:570	[DEBUG]	Validating SML
2022-06-04 23:52:47:570	[DEBUG]	Validating RefinedRDLib
2022-06-04 23:52:47:570	[DEBUG]	Validating SML
2022-06-04 23:52:47:570	[DEBUG]	Validating FasterManualCrafting
2022-06-04 23:52:47:571	[DEBUG]	Validating SML
2022-06-04 23:52:47:571	[DEBUG]	Validating KLevelUp
2022-06-04 23:52:47:572	[DEBUG]	Validating KPrivateCodeLib
2022-06-04 23:52:47:572	[DEBUG]	Validating SML
2022-06-04 23:52:47:572	[DEBUG]	Validating ContainerScreen
2022-06-04 23:52:47:573	[DEBUG]	Validating SML
2022-06-04 23:52:47:574	[DEBUG]	Validating UtilityMod
2022-06-04 23:52:47:575	[DEBUG]	Validating SML
2022-06-04 23:52:47:575	[DEBUG]	Validating SmartFoundations
2022-06-04 23:52:47:577	[DEBUG]	Validating SML
2022-06-04 23:52:47:577	[DEBUG]	Validating TFIT
2022-06-04 23:52:47:578	[DEBUG]	Validating SML
2022-06-04 23:52:47:578	[DEBUG]	Validating DoubleJump
2022-06-04 23:52:47:578	[DEBUG]	Validating SML
2022-06-04 23:52:47:579	[DEBUG]	Validating InventorySpace2
2022-06-04 23:52:47:579	[DEBUG]	Validating SML
2022-06-04 23:52:47:579	[DEBUG]	Validating EarlyHover
2022-06-04 23:52:47:580	[DEBUG]	Validating SML
2022-06-04 23:52:47:580	[DEBUG]	Validating LoadBalancers
2022-06-04 23:52:47:582	[DEBUG]	Validating SML
2022-06-04 23:52:47:582	[DEBUG]	Validating SatisfactoryHelper
2022-06-04 23:52:47:583	[DEBUG]	Validating SML
2022-06-04 23:52:47:583	[DEBUG]	Validating PersonalDrones
2022-06-04 23:52:47:584	[DEBUG]	Validating SML
2022-06-04 23:52:47:584	[DEBUG]	Validating DumbPrints
2022-06-04 23:52:47:585	[DEBUG]	Validating SML
2022-06-04 23:52:47:585	[DEBUG]	Validating MAMTips
2022-06-04 23:52:47:586	[DEBUG]	Validating SML
2022-06-04 23:52:47:586	[DEBUG]	Validating PermaDay
2022-06-04 23:52:47:587	[DEBUG]	Validating SML
2022-06-04 23:52:47:587	[DEBUG]	Validating MicroManage
2022-06-04 23:52:47:590	[DEBUG]	Validating SML
2022-06-04 23:52:47:590	[DEBUG]	Validating RegenAllHealth
2022-06-04 23:52:47:591	[DEBUG]	Validating SML
2022-06-04 23:52:47:591	[DEBUG]	Validating NoneEquipment
2022-06-04 23:52:47:592	[DEBUG]	Validating SML
2022-06-04 23:52:47:593	[DEBUG]	Validating WallConveyorSupports
2022-06-04 23:52:47:594	[DEBUG]	Validating SML
2022-06-04 23:52:47:594	[DEBUG]	Validating MarcioCommonLibs
2022-06-04 23:52:47:788	[DEBUG]	Validating SML
2022-06-04 23:54:22:887	[INFO]	Installing PowerChecker
2022-06-04 23:54:23:100	[DEBUG]	install: [PowerChecker], uninstall: [], enable: [], disable: [], update: []
2022-06-04 23:54:23:644	[DEBUG]	Validating SML
2022-06-04 23:54:23:645	[DEBUG]	Validating ModularUI
2022-06-04 23:54:23:645	[DEBUG]	Validating RefinedRDLib
2022-06-04 23:54:23:645	[DEBUG]	Validating FactoryGame
2022-06-04 23:54:23:646	[DEBUG]	Validating KPrivateCodeLib
2022-06-04 23:54:23:646	[DEBUG]	Validating MarcioCommonLibs
2022-06-04 23:54:23:646	[DEBUG]	Validating AB_FluidExtras
2022-06-04 23:54:23:646	[DEBUG]	Validating FicsitFarming
2022-06-04 23:54:23:646	[DEBUG]	Validating KLib
2022-06-04 23:54:23:646	[DEBUG]	Validating RefinedPower
2022-06-04 23:54:23:646	[DEBUG]	Validating KBFL
2022-06-04 23:54:23:646	[DEBUG]	Validating KUI
2022-06-04 23:54:23:646	[DEBUG]	Validating SatisfactoryPlus
2022-06-04 23:54:23:646	[DEBUG]	Validating FasterManualCrafting
2022-06-04 23:54:23:646	[DEBUG]	Validating KLevelUp
2022-06-04 23:54:23:646	[DEBUG]	Validating ContainerScreen
2022-06-04 23:54:23:646	[DEBUG]	Validating UtilityMod
2022-06-04 23:54:23:646	[DEBUG]	Validating SmartFoundations
2022-06-04 23:54:23:646	[DEBUG]	Validating TFIT
2022-06-04 23:54:23:646	[DEBUG]	Validating DoubleJump
2022-06-04 23:54:23:646	[DEBUG]	Validating InventorySpace2
2022-06-04 23:54:23:646	[DEBUG]	Validating EarlyHover
2022-06-04 23:54:23:646	[DEBUG]	Validating LoadBalancers
2022-06-04 23:54:23:646	[DEBUG]	Validating SatisfactoryHelper
2022-06-04 23:54:23:646	[DEBUG]	Validating PersonalDrones
2022-06-04 23:54:23:646	[DEBUG]	Validating DumbPrints
2022-06-04 23:54:23:646	[DEBUG]	Validating MAMTips
2022-06-04 23:54:23:646	[DEBUG]	Validating PermaDay
2022-06-04 23:54:23:646	[DEBUG]	Validating MicroManage
2022-06-04 23:54:23:646	[DEBUG]	Validating RegenAllHealth
2022-06-04 23:54:23:646	[DEBUG]	Validating NoneEquipment
2022-06-04 23:54:23:646	[DEBUG]	Validating WallConveyorSupports
2022-06-04 23:54:23:646	[DEBUG]	Validating PowerChecker
2022-06-04 23:54:24:172	[DEBUG]	Validating MarcioCommonLibs
2022-06-04 23:54:24:173	[DEBUG]	Validating SML
2022-06-04 23:54:24:174	[DEBUG]	Items: {"FicsitFarming":"4.0.3","SML":"3.3.1","ModularUI":"2.0.8","RefinedRDLib":"1.0.7","AB_FluidExtras":"0.7.1","KUI":"1.4.0","RefinedPower":"3.0.9","FasterManualCrafting":"1.1.1","KLevelUp":"1.2.5","ContainerScreen":"1.0.11","UtilityMod":"0.5.4","SmartFoundations":"17.0.11","TFIT":"1.0.5","DoubleJump":"1.0.1","InventorySpace2":"2.0.1","EarlyHover":"1.0.3","LoadBalancers":"1.5.1","SatisfactoryHelper":"2.0.3","PersonalDrones":"1.0.11","DumbPrints":"0.0.4","MAMTips":"0.5.0","PermaDay":"1.0.2","MicroManage":"0.9.11","RegenAllHealth":"2.0.2","NoneEquipment":"2.0.5","WallConveyorSupports":"1.1.0","MarcioCommonLibs":"1.1.1","SatisfactoryPlus":"0.7.3","KLib":"1.10.3","KPrivateCodeLib":"1.2.2","KBFL":"1.12.11","PowerChecker":"2.1.5"}
2022-06-04 23:54:24:182	[DEBUG]	Mismatches: {"install":{"PowerChecker":"2.1.5"},"uninstall":[]}
2022-06-04 23:54:24:188	[DEBUG]	Copying PowerChecker@2.1.5 to Satisfactory install
2022-06-04 23:54:24:188	[DEBUG]	PowerChecker@2.1.5 is not downloaded. Downloading now.
2022-06-04 23:54:27:541	[INFO]	Installing EfficiencyCheckerMod
2022-06-04 23:54:27:745	[DEBUG]	install: [EfficiencyCheckerMod], uninstall: [], enable: [], disable: [], update: []
2022-06-04 23:54:28:272	[DEBUG]	Validating SML
2022-06-04 23:54:28:273	[DEBUG]	Validating ModularUI
2022-06-04 23:54:28:273	[DEBUG]	Validating RefinedRDLib
2022-06-04 23:54:28:273	[DEBUG]	Validating FactoryGame
2022-06-04 23:54:28:273	[DEBUG]	Validating KPrivateCodeLib
2022-06-04 23:54:28:273	[DEBUG]	Validating MarcioCommonLibs
2022-06-04 23:54:28:273	[DEBUG]	Validating AB_FluidExtras
2022-06-04 23:54:28:273	[DEBUG]	Validating FicsitFarming
2022-06-04 23:54:28:273	[DEBUG]	Validating KLib
2022-06-04 23:54:28:273	[DEBUG]	Validating RefinedPower
2022-06-04 23:54:28:273	[DEBUG]	Validating KBFL
2022-06-04 23:54:28:273	[DEBUG]	Validating KUI
2022-06-04 23:54:28:273	[DEBUG]	Validating SatisfactoryPlus
2022-06-04 23:54:28:273	[DEBUG]	Validating FasterManualCrafting
2022-06-04 23:54:28:273	[DEBUG]	Validating KLevelUp
2022-06-04 23:54:28:273	[DEBUG]	Validating ContainerScreen
2022-06-04 23:54:28:273	[DEBUG]	Validating UtilityMod
2022-06-04 23:54:28:273	[DEBUG]	Validating SmartFoundations
2022-06-04 23:54:28:273	[DEBUG]	Validating TFIT
2022-06-04 23:54:28:273	[DEBUG]	Validating DoubleJump
2022-06-04 23:54:28:274	[DEBUG]	Validating InventorySpace2
2022-06-04 23:54:28:274	[DEBUG]	Validating EarlyHover
2022-06-04 23:54:28:274	[DEBUG]	Validating LoadBalancers
2022-06-04 23:54:28:274	[DEBUG]	Validating SatisfactoryHelper
2022-06-04 23:54:28:274	[DEBUG]	Validating PersonalDrones
2022-06-04 23:54:28:274	[DEBUG]	Validating DumbPrints
2022-06-04 23:54:28:274	[DEBUG]	Validating MAMTips
2022-06-04 23:54:28:274	[DEBUG]	Validating PermaDay
2022-06-04 23:54:28:274	[DEBUG]	Validating MicroManage
2022-06-04 23:54:28:274	[DEBUG]	Validating RegenAllHealth
2022-06-04 23:54:28:274	[DEBUG]	Validating NoneEquipment
2022-06-04 23:54:28:274	[DEBUG]	Validating WallConveyorSupports
2022-06-04 23:54:28:274	[DEBUG]	Validating PowerChecker
2022-06-04 23:54:28:274	[DEBUG]	Validating EfficiencyCheckerMod
2022-06-04 23:54:28:808	[DEBUG]	Validating MarcioCommonLibs
2022-06-04 23:54:28:808	[DEBUG]	Validating SML
2022-06-04 23:54:28:809	[DEBUG]	Items: {"FicsitFarming":"4.0.3","SML":"3.3.1","ModularUI":"2.0.8","RefinedRDLib":"1.0.7","AB_FluidExtras":"0.7.1","KUI":"1.4.0","RefinedPower":"3.0.9","FasterManualCrafting":"1.1.1","KLevelUp":"1.2.5","ContainerScreen":"1.0.11","UtilityMod":"0.5.4","SmartFoundations":"17.0.11","TFIT":"1.0.5","DoubleJump":"1.0.1","InventorySpace2":"2.0.1","EarlyHover":"1.0.3","LoadBalancers":"1.5.1","SatisfactoryHelper":"2.0.3","PersonalDrones":"1.0.11","DumbPrints":"0.0.4","MAMTips":"0.5.0","PermaDay":"1.0.2","MicroManage":"0.9.11","RegenAllHealth":"2.0.2","NoneEquipment":"2.0.5","WallConveyorSupports":"1.1.0","MarcioCommonLibs":"1.1.1","SatisfactoryPlus":"0.7.3","KLib":"1.10.3","KPrivateCodeLib":"1.2.2","KBFL":"1.12.11","PowerChecker":"2.1.5","EfficiencyCheckerMod":"2.1.4"}
2022-06-04 23:54:28:818	[DEBUG]	Mismatches: {"install":{"EfficiencyCheckerMod":"2.1.4"},"uninstall":[]}
2022-06-04 23:54:28:823	[DEBUG]	Copying EfficiencyCheckerMod@2.1.4 to Satisfactory install
2022-06-04 23:54:49:332	[INFO]	Uninstalling MicroManage
2022-06-04 23:54:49:544	[DEBUG]	install: [], uninstall: [MicroManage], enable: [], disable: [], update: []
2022-06-04 23:54:49:548	[DEBUG]	Validating SML
2022-06-04 23:54:49:548	[DEBUG]	Validating ModularUI
2022-06-04 23:54:49:548	[DEBUG]	Validating RefinedRDLib
2022-06-04 23:54:49:548	[DEBUG]	Validating FactoryGame
2022-06-04 23:54:49:548	[DEBUG]	Validating KPrivateCodeLib
2022-06-04 23:54:49:548	[DEBUG]	Validating MarcioCommonLibs
2022-06-04 23:54:49:548	[DEBUG]	Validating AB_FluidExtras
2022-06-04 23:54:49:548	[DEBUG]	Validating FicsitFarming
2022-06-04 23:54:49:548	[DEBUG]	Validating KLib
2022-06-04 23:54:49:548	[DEBUG]	Validating RefinedPower
2022-06-04 23:54:49:548	[DEBUG]	Validating KBFL
2022-06-04 23:54:49:548	[DEBUG]	Validating KUI
2022-06-04 23:54:49:548	[DEBUG]	Validating SatisfactoryPlus
2022-06-04 23:54:49:548	[DEBUG]	Validating FasterManualCrafting
2022-06-04 23:54:49:548	[DEBUG]	Validating KLevelUp
2022-06-04 23:54:49:548	[DEBUG]	Validating ContainerScreen
2022-06-04 23:54:49:548	[DEBUG]	Validating UtilityMod
2022-06-04 23:54:49:548	[DEBUG]	Validating SmartFoundations
2022-06-04 23:54:49:549	[DEBUG]	Validating TFIT
2022-06-04 23:54:49:549	[DEBUG]	Validating DoubleJump
2022-06-04 23:54:49:549	[DEBUG]	Validating InventorySpace2
2022-06-04 23:54:49:549	[DEBUG]	Validating EarlyHover
2022-06-04 23:54:49:549	[DEBUG]	Validating LoadBalancers
2022-06-04 23:54:49:549	[DEBUG]	Validating SatisfactoryHelper
2022-06-04 23:54:49:549	[DEBUG]	Validating PersonalDrones
2022-06-04 23:54:49:549	[DEBUG]	Validating DumbPrints
2022-06-04 23:54:49:549	[DEBUG]	Validating MAMTips
2022-06-04 23:54:49:549	[DEBUG]	Validating PermaDay
2022-06-04 23:54:49:549	[DEBUG]	Validating RegenAllHealth
2022-06-04 23:54:49:549	[DEBUG]	Validating NoneEquipment
2022-06-04 23:54:49:549	[DEBUG]	Validating WallConveyorSupports
2022-06-04 23:54:49:549	[DEBUG]	Validating PowerChecker
2022-06-04 23:54:49:549	[DEBUG]	Validating EfficiencyCheckerMod
2022-06-04 23:54:49:550	[DEBUG]	Items: {"FicsitFarming":"4.0.3","SML":"3.3.1","ModularUI":"2.0.8","RefinedRDLib":"1.0.7","AB_FluidExtras":"0.7.1","KUI":"1.4.0","RefinedPower":"3.0.9","FasterManualCrafting":"1.1.1","KLevelUp":"1.2.5","ContainerScreen":"1.0.11","UtilityMod":"0.5.4","SmartFoundations":"17.0.11","TFIT":"1.0.5","DoubleJump":"1.0.1","InventorySpace2":"2.0.1","EarlyHover":"1.0.3","LoadBalancers":"1.5.1","SatisfactoryHelper":"2.0.3","PersonalDrones":"1.0.11","DumbPrints":"0.0.4","MAMTips":"0.5.0","PermaDay":"1.0.2","RegenAllHealth":"2.0.2","NoneEquipment":"2.0.5","WallConveyorSupports":"1.1.0","MarcioCommonLibs":"1.1.1","SatisfactoryPlus":"0.7.3","KLib":"1.10.3","KPrivateCodeLib":"1.2.2","KBFL":"1.12.11","PowerChecker":"2.1.5","EfficiencyCheckerMod":"2.1.4"}
2022-06-04 23:54:49:557	[DEBUG]	Mismatches: {"install":{},"uninstall":["MicroManage"]}
2022-06-04 23:54:49:557	[DEBUG]	Removing MicroManage from Satisfactory install
2022-06-04 23:55:14:991	[INFO]	Uninstalling WallConveyorSupports
2022-06-04 23:55:15:204	[DEBUG]	install: [], uninstall: [WallConveyorSupports], enable: [], disable: [], update: []
2022-06-04 23:55:15:206	[DEBUG]	Validating SML
2022-06-04 23:55:15:207	[DEBUG]	Validating ModularUI
2022-06-04 23:55:15:207	[DEBUG]	Validating RefinedRDLib
2022-06-04 23:55:15:207	[DEBUG]	Validating FactoryGame
2022-06-04 23:55:15:207	[DEBUG]	Validating KPrivateCodeLib
2022-06-04 23:55:15:207	[DEBUG]	Validating AB_FluidExtras
2022-06-04 23:55:15:207	[DEBUG]	Validating FicsitFarming
2022-06-04 23:55:15:207	[DEBUG]	Validating KLib
2022-06-04 23:55:15:207	[DEBUG]	Validating RefinedPower
2022-06-04 23:55:15:207	[DEBUG]	Validating KBFL
2022-06-04 23:55:15:207	[DEBUG]	Validating KUI
2022-06-04 23:55:15:207	[DEBUG]	Validating MarcioCommonLibs
2022-06-04 23:55:15:207	[DEBUG]	Validating SatisfactoryPlus
2022-06-04 23:55:15:207	[DEBUG]	Validating FasterManualCrafting
2022-06-04 23:55:15:207	[DEBUG]	Validating KLevelUp
2022-06-04 23:55:15:207	[DEBUG]	Validating ContainerScreen
2022-06-04 23:55:15:207	[DEBUG]	Validating UtilityMod
2022-06-04 23:55:15:207	[DEBUG]	Validating SmartFoundations
2022-06-04 23:55:15:207	[DEBUG]	Validating TFIT
2022-06-04 23:55:15:207	[DEBUG]	Validating DoubleJump
2022-06-04 23:55:15:207	[DEBUG]	Validating InventorySpace2
2022-06-04 23:55:15:207	[DEBUG]	Validating EarlyHover
2022-06-04 23:55:15:207	[DEBUG]	Validating LoadBalancers
2022-06-04 23:55:15:207	[DEBUG]	Validating SatisfactoryHelper
2022-06-04 23:55:15:207	[DEBUG]	Validating PersonalDrones
2022-06-04 23:55:15:207	[DEBUG]	Validating DumbPrints
2022-06-04 23:55:15:207	[DEBUG]	Validating MAMTips
2022-06-04 23:55:15:207	[DEBUG]	Validating PermaDay
2022-06-04 23:55:15:207	[DEBUG]	Validating RegenAllHealth
2022-06-04 23:55:15:207	[DEBUG]	Validating NoneEquipment
2022-06-04 23:55:15:207	[DEBUG]	Validating PowerChecker
2022-06-04 23:55:15:207	[DEBUG]	Validating EfficiencyCheckerMod
2022-06-04 23:55:15:208	[DEBUG]	Items: {"FicsitFarming":"4.0.3","SML":"3.3.1","ModularUI":"2.0.8","RefinedRDLib":"1.0.7","AB_FluidExtras":"0.7.1","KUI":"1.4.0","RefinedPower":"3.0.9","FasterManualCrafting":"1.1.1","KLevelUp":"1.2.5","ContainerScreen":"1.0.11","UtilityMod":"0.5.4","SmartFoundations":"17.0.11","TFIT":"1.0.5","DoubleJump":"1.0.1","InventorySpace2":"2.0.1","EarlyHover":"1.0.3","LoadBalancers":"1.5.1","SatisfactoryHelper":"2.0.3","PersonalDrones":"1.0.11","DumbPrints":"0.0.4","MAMTips":"0.5.0","PermaDay":"1.0.2","RegenAllHealth":"2.0.2","NoneEquipment":"2.0.5","MarcioCommonLibs":"1.1.1","SatisfactoryPlus":"0.7.3","KLib":"1.10.3","KPrivateCodeLib":"1.2.2","KBFL":"1.12.11","PowerChecker":"2.1.5","EfficiencyCheckerMod":"2.1.4"}
2022-06-04 23:55:15:215	[DEBUG]	Mismatches: {"install":{},"uninstall":["WallConveyorSupports"]}
2022-06-04 23:55:15:215	[DEBUG]	Removing WallConveyorSupports from Satisfactory install
2022-06-04 23:55:48:850	[DEBUG]	Validating SatisfactoryPlus
2022-06-04 23:55:48:851	[DEBUG]	Validating AB_FluidExtras
2022-06-04 23:55:48:851	[DEBUG]	Validating SML
2022-06-04 23:55:48:851	[DEBUG]	Validating FactoryGame
2022-06-04 23:55:48:851	[DEBUG]	Validating FicsitFarming
2022-06-04 23:55:48:852	[DEBUG]	Validating SML
2022-06-04 23:55:48:852	[DEBUG]	Validating ModularUI
2022-06-04 23:55:48:852	[DEBUG]	Validating SML
2022-06-04 23:55:48:852	[DEBUG]	Validating RefinedRDLib
2022-06-04 23:55:48:852	[DEBUG]	Validating SML
2022-06-04 23:55:48:852	[DEBUG]	Validating KLib
2022-06-04 23:55:48:852	[DEBUG]	Validating KPrivateCodeLib
2022-06-04 23:55:48:853	[DEBUG]	Validating KBFL
2022-06-04 23:55:48:853	[DEBUG]	Validating SML
2022-06-04 23:55:48:853	[DEBUG]	Validating KUI
2022-06-04 23:55:48:854	[DEBUG]	Validating SML
2022-06-04 23:55:48:854	[DEBUG]	Validating SML
2022-06-04 23:55:48:854	[DEBUG]	Validating SML
2022-06-04 23:55:48:854	[DEBUG]	Validating ModularUI
2022-06-04 23:55:48:854	[DEBUG]	Validating RefinedPower
2022-06-04 23:55:48:855	[DEBUG]	Validating ModularUI
2022-06-04 23:55:48:855	[DEBUG]	Validating RefinedRDLib
2022-06-04 23:55:48:855	[DEBUG]	Validating SML
2022-06-04 23:55:48:855	[DEBUG]	Validating RefinedRDLib
2022-06-04 23:55:48:855	[DEBUG]	Validating SML
2022-06-04 23:55:48:855	[DEBUG]	Validating FasterManualCrafting
2022-06-04 23:55:48:856	[DEBUG]	Validating SML
2022-06-04 23:55:48:856	[DEBUG]	Validating KLevelUp
2022-06-04 23:55:48:856	[DEBUG]	Validating SML
2022-06-04 23:55:48:857	[DEBUG]	Validating KPrivateCodeLib
2022-06-04 23:55:48:857	[DEBUG]	Validating ContainerScreen
2022-06-04 23:55:48:857	[DEBUG]	Validating SML
2022-06-04 23:55:48:857	[DEBUG]	Validating UtilityMod
2022-06-04 23:55:48:858	[DEBUG]	Validating SML
2022-06-04 23:55:48:858	[DEBUG]	Validating SmartFoundations
2022-06-04 23:55:48:858	[DEBUG]	Validating SML
2022-06-04 23:55:48:858	[DEBUG]	Validating TFIT
2022-06-04 23:55:48:859	[DEBUG]	Validating SML
2022-06-04 23:55:48:859	[DEBUG]	Validating DoubleJump
2022-06-04 23:55:48:859	[DEBUG]	Validating SML
2022-06-04 23:55:48:859	[DEBUG]	Validating InventorySpace2
2022-06-04 23:55:48:859	[DEBUG]	Validating SML
2022-06-04 23:55:48:859	[DEBUG]	Validating EarlyHover
2022-06-04 23:55:48:859	[DEBUG]	Validating SML
2022-06-04 23:55:48:859	[DEBUG]	Validating LoadBalancers
2022-06-04 23:55:48:860	[DEBUG]	Validating SML
2022-06-04 23:55:48:860	[DEBUG]	Validating SatisfactoryHelper
2022-06-04 23:55:48:860	[DEBUG]	Validating SML
2022-06-04 23:55:48:860	[DEBUG]	Validating PersonalDrones
2022-06-04 23:55:48:860	[DEBUG]	Validating SML
2022-06-04 23:55:48:860	[DEBUG]	Validating DumbPrints
2022-06-04 23:55:48:860	[DEBUG]	Validating SML
2022-06-04 23:55:48:861	[DEBUG]	Validating MAMTips
2022-06-04 23:55:48:861	[DEBUG]	Validating SML
2022-06-04 23:55:48:861	[DEBUG]	Validating PermaDay
2022-06-04 23:55:48:861	[DEBUG]	Validating SML
2022-06-04 23:55:48:861	[DEBUG]	Validating RegenAllHealth
2022-06-04 23:55:48:862	[DEBUG]	Validating SML
2022-06-04 23:55:48:862	[DEBUG]	Validating NoneEquipment
2022-06-04 23:55:48:862	[DEBUG]	Validating SML
2022-06-04 23:55:48:862	[DEBUG]	Validating PowerChecker
2022-06-04 23:55:48:863	[DEBUG]	Validating MarcioCommonLibs
2022-06-04 23:55:48:863	[DEBUG]	Validating SML
2022-06-04 23:55:48:864	[DEBUG]	Validating SML
2022-06-04 23:55:48:864	[DEBUG]	Validating EfficiencyCheckerMod
2022-06-04 23:55:48:865	[DEBUG]	Validating MarcioCommonLibs
2022-06-04 23:55:48:865	[DEBUG]	Validating SML
