2022-04-11 06:28:52:053	[DEBUG]	Loading mod cache
2022-04-11 06:28:52:542	[DEBUG]	Loading mod cache
2022-04-11 06:28:52:557	[DEBUG]	Epic Games Launcher is not installed
2022-04-11 06:28:52:840	[DEBUG]	Setting profile to modded
2022-04-11 06:28:53:013	[DEBUG]	install: [], uninstall: [], enable: [], disable: [], update: []
2022-04-11 06:28:53:015	[DEBUG]	Items: {}
2022-04-11 06:28:53:017	[DEBUG]	Mismatches: {"install":{},"uninstall":[]}
2022-04-11 06:28:58:621	[DEBUG]	Setting profile to dcheva.test
2022-04-11 06:28:58:802	[DEBUG]	install: [], uninstall: [], enable: [], disable: [], update: []
2022-04-11 06:29:00:252	[INFO]	Trying to update mod CheapTrains, the installed version was removed from ficsit.app
2022-04-11 06:29:00:253	[DEBUG]	Validating SML
2022-04-11 06:29:00:254	[DEBUG]	Validating FactoryGame
2022-04-11 06:29:00:254	[DEBUG]	Validating KPrivateCodeLib
2022-04-11 06:29:00:254	[DEBUG]	Validating KBFL
2022-04-11 06:29:00:254	[DEBUG]	Validating KUI
2022-04-11 06:29:00:254	[DEBUG]	Validating BlueprintHttp
2022-04-11 06:29:00:254	[DEBUG]	Validating IndustrialLogisticsCore
2022-04-11 06:29:00:254	[DEBUG]	Validating Inserter
2022-04-11 06:29:00:254	[DEBUG]	Validating ModularUI
2022-04-11 06:29:00:254	[DEBUG]	Validating RefinedRDLib
2022-04-11 06:29:00:254	[DEBUG]	Validating MarcioCommonLibs
2022-04-11 06:29:00:255	[DEBUG]	Validating FasterManualCrafting
2022-04-11 06:29:00:255	[DEBUG]	Validating ContainerScreen
2022-04-11 06:29:00:255	[DEBUG]	Validating SmartFoundations
2022-04-11 06:29:00:255	[DEBUG]	Validating UtilityMod
2022-04-11 06:29:00:255	[DEBUG]	Validating KLevelUp
2022-04-11 06:29:00:255	[DEBUG]	Validating StackOverload
2022-04-11 06:29:00:255	[DEBUG]	Validating NukeTheWhales
2022-04-11 06:29:00:255	[DEBUG]	Validating RandomStart
2022-04-11 06:29:00:255	[DEBUG]	Validating MAMTips
2022-04-11 06:29:00:255	[DEBUG]	Validating SS_Mod
2022-04-11 06:29:00:255	[DEBUG]	Validating LoadBalancers
2022-04-11 06:29:00:255	[DEBUG]	Validating CheapTrains
2022-04-11 06:29:00:442	[DEBUG]	Validating SML
2022-04-11 06:29:00:442	[DEBUG]	Validating LowPoly
2022-04-11 06:29:00:442	[DEBUG]	Validating PersonalDrones
2022-04-11 06:29:00:442	[DEBUG]	Validating NoNewLabel
2022-04-11 06:29:00:442	[DEBUG]	Validating InserterPlus
2022-04-11 06:29:00:442	[DEBUG]	Validating ShowEnemiesHealth
2022-04-11 06:29:00:442	[DEBUG]	Validating BetterRadar
2022-04-11 06:29:00:442	[DEBUG]	Validating MiniMap
2022-04-11 06:29:00:442	[DEBUG]	Validating EarlyMap
2022-04-11 06:29:00:442	[DEBUG]	Validating GridRuler
2022-04-11 06:29:00:442	[DEBUG]	Validating RefinedPower
2022-04-11 06:29:00:442	[DEBUG]	Validating PowerSuit
2022-04-11 06:29:00:442	[DEBUG]	Validating MK22k20
2022-04-11 06:29:00:442	[DEBUG]	Validating EfficiencyCheckerMod
2022-04-11 06:29:00:442	[DEBUG]	Validating minerplus
2022-04-11 06:29:00:442	[DEBUG]	Validating LinearMotion
2022-04-11 06:29:00:442	[DEBUG]	Validating FicsitFarming
2022-04-11 06:29:00:632	[DEBUG]	Validating SML
2022-04-11 06:29:00:632	[DEBUG]	Validating ModularUI
2022-04-11 06:29:00:632	[DEBUG]	Validating RefinedRDLib
2022-04-11 06:29:00:634	[DEBUG]	Items: {"FasterManualCrafting":"1.1.0","SML":"3.3.0","ContainerScreen":"1.0.11","SmartFoundations":"17.0.11","UtilityMod":"0.5.4","KLevelUp":"1.2.5","KPrivateCodeLib":"1.0.13","KBFL":"1.11.3","KUI":"1.3.1","StackOverload":"2.0.5","NukeTheWhales":"1.0.0","RandomStart":"1.0.0","MAMTips":"0.5.0","SS_Mod":"1.1.5","LoadBalancers":"1.3.1","LowPoly":"1.0.2","PersonalDrones":"1.0.11","NoNewLabel":"1.0.0","InserterPlus":"0.4.0","Inserter":"0.4.0","ShowEnemiesHealth":"1.0.2","BetterRadar":"0.1.0","MiniMap":"1.0.11","EarlyMap":"1.0.2","GridRuler":"2.0.3","RefinedPower":"3.0.9","ModularUI":"2.0.8","RefinedRDLib":"1.0.7","PowerSuit":"0.8.4","MK22k20":"5.1.5","EfficiencyCheckerMod":"2.1.4","MarcioCommonLibs":"1.1.1","minerplus":"3.2.13","LinearMotion":"2.0.16","CheapTrains":"3.1.1","FicsitFarming":"4.0.3"}
2022-04-11 06:29:00:635	[DEBUG]	Mismatches: {"install":{"SML":"3.3.0","FasterManualCrafting":"1.1.0","ContainerScreen":"1.0.11","SmartFoundations":"17.0.11","UtilityMod":"0.5.4","KLevelUp":"1.2.5","KPrivateCodeLib":"1.0.13","KBFL":"1.11.3","KUI":"1.3.1","StackOverload":"2.0.5","NukeTheWhales":"1.0.0","RandomStart":"1.0.0","MAMTips":"0.5.0","SS_Mod":"1.1.5","LoadBalancers":"1.3.1","LowPoly":"1.0.2","PersonalDrones":"1.0.11","NoNewLabel":"1.0.0","InserterPlus":"0.4.0","Inserter":"0.4.0","ShowEnemiesHealth":"1.0.2","BetterRadar":"0.1.0","MiniMap":"1.0.11","EarlyMap":"1.0.2","GridRuler":"2.0.3","RefinedPower":"3.0.9","ModularUI":"2.0.8","RefinedRDLib":"1.0.7","PowerSuit":"0.8.4","MK22k20":"5.1.5","EfficiencyCheckerMod":"2.1.4","MarcioCommonLibs":"1.1.1","minerplus":"3.2.13","LinearMotion":"2.0.16","CheapTrains":"3.1.1","FicsitFarming":"4.0.3"},"uninstall":[]}
2022-04-11 06:29:00:635	[DEBUG]	Copying SML to Satisfactory install
2022-04-11 06:29:00:635	[DEBUG]	Installing SML@3.3.0
2022-04-11 06:29:01:272	[DEBUG]	Copying FasterManualCrafting@1.1.0 to Satisfactory install
2022-04-11 06:29:01:273	[DEBUG]	Copying ContainerScreen@1.0.11 to Satisfactory install
2022-04-11 06:29:01:273	[DEBUG]	Copying SmartFoundations@17.0.11 to Satisfactory install
2022-04-11 06:29:01:273	[DEBUG]	Copying UtilityMod@0.5.4 to Satisfactory install
2022-04-11 06:29:01:273	[DEBUG]	Copying KLevelUp@1.2.5 to Satisfactory install
2022-04-11 06:29:01:273	[DEBUG]	Copying KPrivateCodeLib@1.0.13 to Satisfactory install
2022-04-11 06:29:01:274	[DEBUG]	Copying KBFL@1.11.3 to Satisfactory install
2022-04-11 06:29:01:274	[DEBUG]	Copying KUI@1.3.1 to Satisfactory install
2022-04-11 06:29:01:274	[DEBUG]	Copying StackOverload@2.0.5 to Satisfactory install
2022-04-11 06:29:01:274	[DEBUG]	Copying NukeTheWhales@1.0.0 to Satisfactory install
2022-04-11 06:29:01:274	[DEBUG]	Copying RandomStart@1.0.0 to Satisfactory install
2022-04-11 06:29:01:274	[DEBUG]	Copying MAMTips@0.5.0 to Satisfactory install
2022-04-11 06:29:01:274	[DEBUG]	Copying SS_Mod@1.1.5 to Satisfactory install
2022-04-11 06:29:01:274	[DEBUG]	Copying LoadBalancers@1.3.1 to Satisfactory install
2022-04-11 06:29:01:274	[DEBUG]	Copying LowPoly@1.0.2 to Satisfactory install
2022-04-11 06:29:01:274	[DEBUG]	Copying PersonalDrones@1.0.11 to Satisfactory install
2022-04-11 06:29:01:275	[DEBUG]	Copying NoNewLabel@1.0.0 to Satisfactory install
2022-04-11 06:29:01:275	[DEBUG]	Copying InserterPlus@0.4.0 to Satisfactory install
2022-04-11 06:29:01:275	[DEBUG]	Copying Inserter@0.4.0 to Satisfactory install
2022-04-11 06:29:01:275	[DEBUG]	Copying ShowEnemiesHealth@1.0.2 to Satisfactory install
2022-04-11 06:29:01:275	[DEBUG]	Copying BetterRadar@0.1.0 to Satisfactory install
2022-04-11 06:29:01:275	[DEBUG]	Copying MiniMap@1.0.11 to Satisfactory install
2022-04-11 06:29:01:275	[DEBUG]	Copying EarlyMap@1.0.2 to Satisfactory install
2022-04-11 06:29:01:275	[DEBUG]	Copying GridRuler@2.0.3 to Satisfactory install
2022-04-11 06:29:01:275	[DEBUG]	Copying RefinedPower@3.0.9 to Satisfactory install
2022-04-11 06:29:01:275	[DEBUG]	Copying ModularUI@2.0.8 to Satisfactory install
2022-04-11 06:29:01:275	[DEBUG]	Copying RefinedRDLib@1.0.7 to Satisfactory install
2022-04-11 06:29:01:275	[DEBUG]	Copying PowerSuit@0.8.4 to Satisfactory install
2022-04-11 06:29:01:276	[DEBUG]	Copying MK22k20@5.1.5 to Satisfactory install
2022-04-11 06:29:01:276	[DEBUG]	Copying EfficiencyCheckerMod@2.1.4 to Satisfactory install
2022-04-11 06:29:01:276	[DEBUG]	Copying MarcioCommonLibs@1.1.1 to Satisfactory install
2022-04-11 06:29:01:276	[DEBUG]	Copying minerplus@3.2.13 to Satisfactory install
2022-04-11 06:29:01:276	[DEBUG]	Copying LinearMotion@2.0.16 to Satisfactory install
2022-04-11 06:29:01:276	[DEBUG]	Copying CheapTrains@3.1.1 to Satisfactory install
2022-04-11 06:29:01:276	[DEBUG]	Copying FicsitFarming@4.0.3 to Satisfactory install
2022-04-11 06:29:01:282	[DEBUG]	FasterManualCrafting@1.1.0 is not downloaded. Downloading now.
2022-04-11 06:29:01:282	[DEBUG]	ContainerScreen@1.0.11 is not downloaded. Downloading now.
2022-04-11 06:29:01:282	[DEBUG]	SmartFoundations@17.0.11 is not downloaded. Downloading now.
2022-04-11 06:29:01:283	[DEBUG]	UtilityMod@0.5.4 is not downloaded. Downloading now.
2022-04-11 06:29:01:283	[DEBUG]	KLevelUp@1.2.5 is not downloaded. Downloading now.
2022-04-11 06:29:01:283	[DEBUG]	KPrivateCodeLib@1.0.13 is not downloaded. Downloading now.
2022-04-11 06:29:01:283	[DEBUG]	KBFL@1.11.3 is not downloaded. Downloading now.
2022-04-11 06:29:01:283	[DEBUG]	KUI@1.3.1 is not downloaded. Downloading now.
2022-04-11 06:29:01:283	[DEBUG]	StackOverload@2.0.5 is not downloaded. Downloading now.
2022-04-11 06:29:01:283	[DEBUG]	NukeTheWhales@1.0.0 is not downloaded. Downloading now.
2022-04-11 06:29:01:283	[DEBUG]	RandomStart@1.0.0 is not downloaded. Downloading now.
2022-04-11 06:29:01:283	[DEBUG]	MAMTips@0.5.0 is not downloaded. Downloading now.
2022-04-11 06:29:01:283	[DEBUG]	SS_Mod@1.1.5 is not downloaded. Downloading now.
2022-04-11 06:29:01:283	[DEBUG]	LoadBalancers@1.3.1 is not downloaded. Downloading now.
2022-04-11 06:29:01:284	[DEBUG]	LowPoly@1.0.2 is not downloaded. Downloading now.
2022-04-11 06:29:01:284	[DEBUG]	PersonalDrones@1.0.11 is not downloaded. Downloading now.
2022-04-11 06:29:01:284	[DEBUG]	NoNewLabel@1.0.0 is not downloaded. Downloading now.
2022-04-11 06:29:01:284	[DEBUG]	InserterPlus@0.4.0 is not downloaded. Downloading now.
2022-04-11 06:29:01:284	[DEBUG]	Inserter@0.4.0 is not downloaded. Downloading now.
2022-04-11 06:29:01:284	[DEBUG]	ShowEnemiesHealth@1.0.2 is not downloaded. Downloading now.
2022-04-11 06:29:01:284	[DEBUG]	BetterRadar@0.1.0 is not downloaded. Downloading now.
2022-04-11 06:29:01:284	[DEBUG]	MiniMap@1.0.11 is not downloaded. Downloading now.
2022-04-11 06:29:01:284	[DEBUG]	EarlyMap@1.0.2 is not downloaded. Downloading now.
2022-04-11 06:29:01:284	[DEBUG]	GridRuler@2.0.3 is not downloaded. Downloading now.
2022-04-11 06:29:01:284	[DEBUG]	RefinedPower@3.0.9 is not downloaded. Downloading now.
2022-04-11 06:29:01:285	[DEBUG]	ModularUI@2.0.8 is not downloaded. Downloading now.
2022-04-11 06:29:01:285	[DEBUG]	RefinedRDLib@1.0.7 is not downloaded. Downloading now.
2022-04-11 06:29:01:285	[DEBUG]	PowerSuit@0.8.4 is not downloaded. Downloading now.
2022-04-11 06:29:01:285	[DEBUG]	MK22k20@5.1.5 is not downloaded. Downloading now.
2022-04-11 06:29:01:285	[DEBUG]	EfficiencyCheckerMod@2.1.4 is not downloaded. Downloading now.
2022-04-11 06:29:01:285	[DEBUG]	MarcioCommonLibs@1.1.1 is not downloaded. Downloading now.
2022-04-11 06:29:01:285	[DEBUG]	minerplus@3.2.13 is not downloaded. Downloading now.
2022-04-11 06:29:01:285	[DEBUG]	LinearMotion@2.0.16 is not downloaded. Downloading now.
2022-04-11 06:29:01:285	[DEBUG]	CheapTrains@3.1.1 is not downloaded. Downloading now.
2022-04-11 06:29:01:285	[DEBUG]	FicsitFarming@4.0.3 is not downloaded. Downloading now.
2022-04-11 06:32:18:975	[DEBUG]	Validating FasterManualCrafting
2022-04-11 06:32:18:976	[DEBUG]	Validating SML
2022-04-11 06:32:18:976	[DEBUG]	Validating FactoryGame
2022-04-11 06:32:18:976	[DEBUG]	Validating ContainerScreen
2022-04-11 06:32:18:977	[DEBUG]	Validating SML
2022-04-11 06:32:18:977	[DEBUG]	Validating SmartFoundations
2022-04-11 06:32:18:981	[DEBUG]	Validating SML
2022-04-11 06:32:18:981	[DEBUG]	Validating UtilityMod
2022-04-11 06:32:18:983	[DEBUG]	Validating SML
2022-04-11 06:32:18:983	[DEBUG]	Validating KLevelUp
2022-04-11 06:32:18:984	[DEBUG]	Validating SML
2022-04-11 06:32:18:984	[DEBUG]	Validating KPrivateCodeLib
2022-04-11 06:32:19:170	[DEBUG]	Validating KBFL
2022-04-11 06:32:19:173	[DEBUG]	Validating SML
2022-04-11 06:32:19:173	[DEBUG]	Validating KUI
2022-04-11 06:32:19:175	[DEBUG]	Validating SML
2022-04-11 06:32:19:175	[DEBUG]	Validating SML
2022-04-11 06:32:19:175	[DEBUG]	Validating StackOverload
2022-04-11 06:32:19:176	[DEBUG]	Validating SML
2022-04-11 06:32:19:177	[DEBUG]	Validating NukeTheWhales
2022-04-11 06:32:19:177	[DEBUG]	Validating SML
2022-04-11 06:32:19:177	[DEBUG]	Validating RandomStart
2022-04-11 06:32:19:177	[DEBUG]	Validating SML
2022-04-11 06:32:19:177	[DEBUG]	Validating MAMTips
2022-04-11 06:32:19:178	[DEBUG]	Validating SML
2022-04-11 06:32:19:178	[DEBUG]	Validating SS_Mod
2022-04-11 06:32:19:180	[DEBUG]	Validating SML
2022-04-11 06:32:19:180	[DEBUG]	Validating LoadBalancers
2022-04-11 06:32:19:181	[DEBUG]	Validating SML
2022-04-11 06:32:19:181	[DEBUG]	Validating CheapTrains
2022-04-11 06:32:19:182	[DEBUG]	Validating SML
2022-04-11 06:32:19:182	[DEBUG]	Validating LowPoly
2022-04-11 06:32:19:183	[DEBUG]	Validating SML
2022-04-11 06:32:19:183	[DEBUG]	Validating PersonalDrones
2022-04-11 06:32:19:184	[DEBUG]	Validating SML
2022-04-11 06:32:19:184	[DEBUG]	Validating NoNewLabel
2022-04-11 06:32:19:184	[DEBUG]	Validating SML
2022-04-11 06:32:19:184	[DEBUG]	Validating InserterPlus
2022-04-11 06:32:19:185	[DEBUG]	Validating Inserter
2022-04-11 06:32:19:186	[DEBUG]	Validating SML
2022-04-11 06:32:19:186	[DEBUG]	Validating SML
2022-04-11 06:32:19:186	[DEBUG]	Validating ShowEnemiesHealth
2022-04-11 06:32:19:187	[DEBUG]	Validating SML
2022-04-11 06:32:19:187	[DEBUG]	Validating BetterRadar
2022-04-11 06:32:19:188	[DEBUG]	Validating SML
2022-04-11 06:32:19:188	[DEBUG]	Validating MiniMap
2022-04-11 06:32:19:189	[DEBUG]	Validating SML
2022-04-11 06:32:19:190	[DEBUG]	Validating EarlyMap
2022-04-11 06:32:19:190	[DEBUG]	Validating SML
2022-04-11 06:32:19:191	[DEBUG]	Validating GridRuler
2022-04-11 06:32:19:192	[DEBUG]	Validating SML
2022-04-11 06:32:19:192	[DEBUG]	Validating RefinedPower
2022-04-11 06:32:19:196	[DEBUG]	Validating ModularUI
2022-04-11 06:32:19:382	[DEBUG]	Validating SML
2022-04-11 06:32:19:383	[DEBUG]	Validating RefinedRDLib
2022-04-11 06:32:19:567	[DEBUG]	Validating SML
2022-04-11 06:32:19:568	[DEBUG]	Validating SML
2022-04-11 06:32:19:568	[DEBUG]	Validating PowerSuit
2022-04-11 06:32:19:570	[DEBUG]	Validating SML
2022-04-11 06:32:19:570	[DEBUG]	Validating MK22k20
2022-04-11 06:32:19:574	[DEBUG]	Validating SML
2022-04-11 06:32:19:574	[DEBUG]	Validating EfficiencyCheckerMod
2022-04-11 06:32:19:580	[DEBUG]	Validating MarcioCommonLibs
2022-04-11 06:32:19:772	[DEBUG]	Validating SML
2022-04-11 06:32:19:772	[DEBUG]	Validating SML
2022-04-11 06:32:19:773	[DEBUG]	Validating minerplus
2022-04-11 06:32:19:774	[DEBUG]	Validating SML
2022-04-11 06:32:19:774	[DEBUG]	Validating LinearMotion
2022-04-11 06:32:19:776	[DEBUG]	Validating SML
2022-04-11 06:32:19:776	[DEBUG]	Validating FicsitFarming
2022-04-11 06:32:19:777	[DEBUG]	Validating SML
2022-04-11 06:32:19:777	[DEBUG]	Validating ModularUI
2022-04-11 06:32:19:777	[DEBUG]	Validating RefinedRDLib
2022-04-11 06:32:58:446	[INFO]	Uninstalling LowPoly
2022-04-11 06:32:58:671	[DEBUG]	install: [], uninstall: [LowPoly], enable: [], disable: [], update: []
2022-04-11 06:32:58:675	[DEBUG]	Validating SML
2022-04-11 06:32:58:676	[DEBUG]	Validating FactoryGame
2022-04-11 06:32:58:677	[DEBUG]	Validating KPrivateCodeLib
2022-04-11 06:32:58:677	[DEBUG]	Validating KBFL
2022-04-11 06:32:58:677	[DEBUG]	Validating KUI
2022-04-11 06:32:58:677	[DEBUG]	Validating Inserter
2022-04-11 06:32:58:677	[DEBUG]	Validating ModularUI
2022-04-11 06:32:58:677	[DEBUG]	Validating RefinedRDLib
2022-04-11 06:32:58:678	[DEBUG]	Validating MarcioCommonLibs
2022-04-11 06:32:58:678	[DEBUG]	Validating FasterManualCrafting
2022-04-11 06:32:58:678	[DEBUG]	Validating ContainerScreen
2022-04-11 06:32:58:678	[DEBUG]	Validating SmartFoundations
2022-04-11 06:32:58:678	[DEBUG]	Validating UtilityMod
2022-04-11 06:32:58:678	[DEBUG]	Validating KLevelUp
2022-04-11 06:32:58:678	[DEBUG]	Validating StackOverload
2022-04-11 06:32:58:678	[DEBUG]	Validating NukeTheWhales
2022-04-11 06:32:58:678	[DEBUG]	Validating RandomStart
2022-04-11 06:32:58:678	[DEBUG]	Validating MAMTips
2022-04-11 06:32:58:678	[DEBUG]	Validating SS_Mod
2022-04-11 06:32:58:678	[DEBUG]	Validating LoadBalancers
2022-04-11 06:32:58:678	[DEBUG]	Validating CheapTrains
2022-04-11 06:32:58:678	[DEBUG]	Validating PersonalDrones
2022-04-11 06:32:58:678	[DEBUG]	Validating NoNewLabel
2022-04-11 06:32:58:678	[DEBUG]	Validating InserterPlus
2022-04-11 06:32:58:678	[DEBUG]	Validating ShowEnemiesHealth
2022-04-11 06:32:58:678	[DEBUG]	Validating BetterRadar
2022-04-11 06:32:58:678	[DEBUG]	Validating MiniMap
2022-04-11 06:32:58:678	[DEBUG]	Validating EarlyMap
2022-04-11 06:32:58:678	[DEBUG]	Validating GridRuler
2022-04-11 06:32:58:678	[DEBUG]	Validating RefinedPower
2022-04-11 06:32:58:678	[DEBUG]	Validating PowerSuit
2022-04-11 06:32:58:678	[DEBUG]	Validating MK22k20
2022-04-11 06:32:58:678	[DEBUG]	Validating EfficiencyCheckerMod
2022-04-11 06:32:58:678	[DEBUG]	Validating minerplus
2022-04-11 06:32:58:678	[DEBUG]	Validating LinearMotion
2022-04-11 06:32:58:678	[DEBUG]	Validating FicsitFarming
2022-04-11 06:32:58:679	[DEBUG]	Items: {"FasterManualCrafting":"1.1.0","SML":"3.3.0","ContainerScreen":"1.0.11","SmartFoundations":"17.0.11","UtilityMod":"0.5.4","KLevelUp":"1.2.5","KPrivateCodeLib":"1.0.13","KBFL":"1.11.3","KUI":"1.3.1","StackOverload":"2.0.5","NukeTheWhales":"1.0.0","RandomStart":"1.0.0","MAMTips":"0.5.0","SS_Mod":"1.1.5","LoadBalancers":"1.3.1","PersonalDrones":"1.0.11","NoNewLabel":"1.0.0","InserterPlus":"0.4.0","Inserter":"0.4.0","ShowEnemiesHealth":"1.0.2","BetterRadar":"0.1.0","MiniMap":"1.0.11","EarlyMap":"1.0.2","GridRuler":"2.0.3","RefinedPower":"3.0.9","ModularUI":"2.0.8","RefinedRDLib":"1.0.7","PowerSuit":"0.8.4","MK22k20":"5.1.5","EfficiencyCheckerMod":"2.1.4","MarcioCommonLibs":"1.1.1","minerplus":"3.2.13","LinearMotion":"2.0.16","CheapTrains":"3.1.1","FicsitFarming":"4.0.3"}
2022-04-11 06:32:58:688	[DEBUG]	Mismatches: {"install":{},"uninstall":["LowPoly"]}
2022-04-11 06:32:58:688	[DEBUG]	Removing LowPoly from Satisfactory install
2022-04-11 06:37:21:633	[DEBUG]	Validating FasterManualCrafting
2022-04-11 06:37:21:633	[DEBUG]	Validating SML
2022-04-11 06:37:21:634	[DEBUG]	Validating FactoryGame
2022-04-11 06:37:21:634	[DEBUG]	Validating ContainerScreen
2022-04-11 06:37:21:634	[DEBUG]	Validating SML
2022-04-11 06:37:21:634	[DEBUG]	Validating SmartFoundations
2022-04-11 06:37:21:634	[DEBUG]	Validating SML
2022-04-11 06:37:21:635	[DEBUG]	Validating UtilityMod
2022-04-11 06:37:21:635	[DEBUG]	Validating SML
2022-04-11 06:37:21:635	[DEBUG]	Validating KLevelUp
2022-04-11 06:37:21:636	[DEBUG]	Validating SML
2022-04-11 06:37:21:636	[DEBUG]	Validating KPrivateCodeLib
2022-04-11 06:37:21:636	[DEBUG]	Validating KBFL
2022-04-11 06:37:21:636	[DEBUG]	Validating SML
2022-04-11 06:37:21:636	[DEBUG]	Validating KUI
2022-04-11 06:37:21:636	[DEBUG]	Validating SML
2022-04-11 06:37:21:636	[DEBUG]	Validating SML
2022-04-11 06:37:21:636	[DEBUG]	Validating StackOverload
2022-04-11 06:37:21:637	[DEBUG]	Validating SML
2022-04-11 06:37:21:637	[DEBUG]	Validating NukeTheWhales
2022-04-11 06:37:21:637	[DEBUG]	Validating SML
2022-04-11 06:37:21:637	[DEBUG]	Validating RandomStart
2022-04-11 06:37:21:637	[DEBUG]	Validating SML
2022-04-11 06:37:21:637	[DEBUG]	Validating MAMTips
2022-04-11 06:37:21:638	[DEBUG]	Validating SML
2022-04-11 06:37:21:639	[DEBUG]	Validating SS_Mod
2022-04-11 06:37:21:639	[DEBUG]	Validating SML
2022-04-11 06:37:21:639	[DEBUG]	Validating LoadBalancers
2022-04-11 06:37:21:639	[DEBUG]	Validating SML
2022-04-11 06:37:21:639	[DEBUG]	Validating CheapTrains
2022-04-11 06:37:21:639	[DEBUG]	Validating SML
2022-04-11 06:37:21:639	[DEBUG]	Validating PersonalDrones
2022-04-11 06:37:21:640	[DEBUG]	Validating SML
2022-04-11 06:37:21:640	[DEBUG]	Validating NoNewLabel
2022-04-11 06:37:21:640	[DEBUG]	Validating SML
2022-04-11 06:37:21:640	[DEBUG]	Validating InserterPlus
2022-04-11 06:37:21:640	[DEBUG]	Validating Inserter
2022-04-11 06:37:21:640	[DEBUG]	Validating SML
2022-04-11 06:37:21:640	[DEBUG]	Validating SML
2022-04-11 06:37:21:640	[DEBUG]	Validating ShowEnemiesHealth
2022-04-11 06:37:21:640	[DEBUG]	Validating SML
2022-04-11 06:37:21:641	[DEBUG]	Validating BetterRadar
2022-04-11 06:37:21:641	[DEBUG]	Validating SML
2022-04-11 06:37:21:641	[DEBUG]	Validating MiniMap
2022-04-11 06:37:21:641	[DEBUG]	Validating SML
2022-04-11 06:37:21:641	[DEBUG]	Validating EarlyMap
2022-04-11 06:37:21:641	[DEBUG]	Validating SML
2022-04-11 06:37:21:641	[DEBUG]	Validating GridRuler
2022-04-11 06:37:21:641	[DEBUG]	Validating SML
2022-04-11 06:37:21:641	[DEBUG]	Validating RefinedPower
2022-04-11 06:37:21:642	[DEBUG]	Validating ModularUI
2022-04-11 06:37:21:642	[DEBUG]	Validating SML
2022-04-11 06:37:21:642	[DEBUG]	Validating RefinedRDLib
2022-04-11 06:37:21:643	[DEBUG]	Validating SML
2022-04-11 06:37:21:643	[DEBUG]	Validating SML
2022-04-11 06:37:21:643	[DEBUG]	Validating PowerSuit
2022-04-11 06:37:21:644	[DEBUG]	Validating SML
2022-04-11 06:37:21:644	[DEBUG]	Validating MK22k20
2022-04-11 06:37:21:644	[DEBUG]	Validating SML
2022-04-11 06:37:21:645	[DEBUG]	Validating EfficiencyCheckerMod
2022-04-11 06:37:21:645	[DEBUG]	Validating MarcioCommonLibs
2022-04-11 06:37:21:645	[DEBUG]	Validating SML
2022-04-11 06:37:21:646	[DEBUG]	Validating SML
2022-04-11 06:37:21:646	[DEBUG]	Validating minerplus
2022-04-11 06:37:21:646	[DEBUG]	Validating SML
2022-04-11 06:37:21:646	[DEBUG]	Validating LinearMotion
2022-04-11 06:37:21:646	[DEBUG]	Validating SML
2022-04-11 06:37:21:647	[DEBUG]	Validating FicsitFarming
2022-04-11 06:37:21:647	[DEBUG]	Validating SML
2022-04-11 06:37:21:647	[DEBUG]	Validating ModularUI
2022-04-11 06:37:21:647	[DEBUG]	Validating RefinedRDLib
2022-04-11 06:40:48:882	[INFO]	Installing FloorHole
2022-04-11 06:40:49:125	[DEBUG]	install: [FloorHole], uninstall: [], enable: [], disable: [], update: []
2022-04-11 06:40:49:655	[DEBUG]	Validating SML
2022-04-11 06:40:49:656	[DEBUG]	Validating FactoryGame
2022-04-11 06:40:49:656	[DEBUG]	Validating KPrivateCodeLib
2022-04-11 06:40:49:656	[DEBUG]	Validating KBFL
2022-04-11 06:40:49:656	[DEBUG]	Validating KUI
2022-04-11 06:40:49:656	[DEBUG]	Validating Inserter
2022-04-11 06:40:49:656	[DEBUG]	Validating ModularUI
2022-04-11 06:40:49:656	[DEBUG]	Validating RefinedRDLib
2022-04-11 06:40:49:656	[DEBUG]	Validating MarcioCommonLibs
2022-04-11 06:40:49:656	[DEBUG]	Validating FasterManualCrafting
2022-04-11 06:40:49:656	[DEBUG]	Validating ContainerScreen
2022-04-11 06:40:49:656	[DEBUG]	Validating SmartFoundations
2022-04-11 06:40:49:656	[DEBUG]	Validating UtilityMod
2022-04-11 06:40:49:656	[DEBUG]	Validating KLevelUp
2022-04-11 06:40:49:656	[DEBUG]	Validating StackOverload
2022-04-11 06:40:49:656	[DEBUG]	Validating NukeTheWhales
2022-04-11 06:40:49:656	[DEBUG]	Validating RandomStart
2022-04-11 06:40:49:656	[DEBUG]	Validating MAMTips
2022-04-11 06:40:49:656	[DEBUG]	Validating SS_Mod
2022-04-11 06:40:49:656	[DEBUG]	Validating LoadBalancers
2022-04-11 06:40:49:656	[DEBUG]	Validating CheapTrains
2022-04-11 06:40:49:656	[DEBUG]	Validating PersonalDrones
2022-04-11 06:40:49:656	[DEBUG]	Validating NoNewLabel
2022-04-11 06:40:49:656	[DEBUG]	Validating InserterPlus
2022-04-11 06:40:49:656	[DEBUG]	Validating ShowEnemiesHealth
2022-04-11 06:40:49:656	[DEBUG]	Validating BetterRadar
2022-04-11 06:40:49:656	[DEBUG]	Validating MiniMap
2022-04-11 06:40:49:657	[DEBUG]	Validating EarlyMap
2022-04-11 06:40:49:657	[DEBUG]	Validating GridRuler
2022-04-11 06:40:49:657	[DEBUG]	Validating RefinedPower
2022-04-11 06:40:49:657	[DEBUG]	Validating PowerSuit
2022-04-11 06:40:49:657	[DEBUG]	Validating MK22k20
2022-04-11 06:40:49:657	[DEBUG]	Validating EfficiencyCheckerMod
2022-04-11 06:40:49:657	[DEBUG]	Validating minerplus
2022-04-11 06:40:49:657	[DEBUG]	Validating LinearMotion
2022-04-11 06:40:49:657	[DEBUG]	Validating FicsitFarming
2022-04-11 06:40:49:657	[DEBUG]	Validating FloorHole
2022-04-11 06:40:50:186	[DEBUG]	Validating SML
2022-04-11 06:40:50:187	[DEBUG]	Items: {"FasterManualCrafting":"1.1.0","SML":"3.3.0","ContainerScreen":"1.0.11","SmartFoundations":"17.0.11","UtilityMod":"0.5.4","KLevelUp":"1.2.5","KPrivateCodeLib":"1.0.13","KBFL":"1.11.3","KUI":"1.3.1","StackOverload":"2.0.5","NukeTheWhales":"1.0.0","RandomStart":"1.0.0","MAMTips":"0.5.0","SS_Mod":"1.1.5","LoadBalancers":"1.3.1","PersonalDrones":"1.0.11","NoNewLabel":"1.0.0","InserterPlus":"0.4.0","Inserter":"0.4.0","ShowEnemiesHealth":"1.0.2","BetterRadar":"0.1.0","MiniMap":"1.0.11","EarlyMap":"1.0.2","GridRuler":"2.0.3","RefinedPower":"3.0.9","ModularUI":"2.0.8","RefinedRDLib":"1.0.7","PowerSuit":"0.8.4","MK22k20":"5.1.5","EfficiencyCheckerMod":"2.1.4","MarcioCommonLibs":"1.1.1","minerplus":"3.2.13","LinearMotion":"2.0.16","CheapTrains":"3.1.1","FicsitFarming":"4.0.3","FloorHole":"2.0.11"}
2022-04-11 06:40:50:194	[DEBUG]	Mismatches: {"install":{"FloorHole":"2.0.11"},"uninstall":[]}
2022-04-11 06:40:50:199	[DEBUG]	Copying FloorHole@2.0.11 to Satisfactory install
2022-04-11 06:40:50:199	[DEBUG]	FloorHole@2.0.11 is not downloaded. Downloading now.
2022-04-11 06:41:09:950	[INFO]	Installing MicroManage
2022-04-11 06:41:10:198	[DEBUG]	install: [MicroManage], uninstall: [], enable: [], disable: [], update: []
2022-04-11 06:41:10:732	[DEBUG]	Validating SML
2022-04-11 06:41:10:733	[DEBUG]	Validating FactoryGame
2022-04-11 06:41:10:733	[DEBUG]	Validating KPrivateCodeLib
2022-04-11 06:41:10:733	[DEBUG]	Validating KBFL
2022-04-11 06:41:10:733	[DEBUG]	Validating KUI
2022-04-11 06:41:10:733	[DEBUG]	Validating Inserter
2022-04-11 06:41:10:733	[DEBUG]	Validating ModularUI
2022-04-11 06:41:10:733	[DEBUG]	Validating RefinedRDLib
2022-04-11 06:41:10:733	[DEBUG]	Validating MarcioCommonLibs
2022-04-11 06:41:10:733	[DEBUG]	Validating FasterManualCrafting
2022-04-11 06:41:10:733	[DEBUG]	Validating ContainerScreen
2022-04-11 06:41:10:733	[DEBUG]	Validating SmartFoundations
2022-04-11 06:41:10:733	[DEBUG]	Validating UtilityMod
2022-04-11 06:41:10:733	[DEBUG]	Validating KLevelUp
2022-04-11 06:41:10:733	[DEBUG]	Validating StackOverload
2022-04-11 06:41:10:733	[DEBUG]	Validating NukeTheWhales
2022-04-11 06:41:10:733	[DEBUG]	Validating RandomStart
2022-04-11 06:41:10:733	[DEBUG]	Validating MAMTips
2022-04-11 06:41:10:733	[DEBUG]	Validating SS_Mod
2022-04-11 06:41:10:733	[DEBUG]	Validating LoadBalancers
2022-04-11 06:41:10:733	[DEBUG]	Validating CheapTrains
2022-04-11 06:41:10:733	[DEBUG]	Validating PersonalDrones
2022-04-11 06:41:10:733	[DEBUG]	Validating NoNewLabel
2022-04-11 06:41:10:733	[DEBUG]	Validating InserterPlus
2022-04-11 06:41:10:733	[DEBUG]	Validating ShowEnemiesHealth
2022-04-11 06:41:10:733	[DEBUG]	Validating BetterRadar
2022-04-11 06:41:10:733	[DEBUG]	Validating MiniMap
2022-04-11 06:41:10:733	[DEBUG]	Validating EarlyMap
2022-04-11 06:41:10:733	[DEBUG]	Validating GridRuler
2022-04-11 06:41:10:733	[DEBUG]	Validating RefinedPower
2022-04-11 06:41:10:733	[DEBUG]	Validating PowerSuit
2022-04-11 06:41:10:733	[DEBUG]	Validating MK22k20
2022-04-11 06:41:10:733	[DEBUG]	Validating EfficiencyCheckerMod
2022-04-11 06:41:10:733	[DEBUG]	Validating minerplus
2022-04-11 06:41:10:734	[DEBUG]	Validating LinearMotion
2022-04-11 06:41:10:734	[DEBUG]	Validating FicsitFarming
2022-04-11 06:41:10:734	[DEBUG]	Validating FloorHole
2022-04-11 06:41:10:734	[DEBUG]	Validating MicroManage
2022-04-11 06:41:11:263	[DEBUG]	Validating SML
2022-04-11 06:41:11:264	[DEBUG]	Items: {"FasterManualCrafting":"1.1.0","SML":"3.3.0","ContainerScreen":"1.0.11","SmartFoundations":"17.0.11","UtilityMod":"0.5.4","KLevelUp":"1.2.5","KPrivateCodeLib":"1.0.13","KBFL":"1.11.3","KUI":"1.3.1","StackOverload":"2.0.5","NukeTheWhales":"1.0.0","RandomStart":"1.0.0","MAMTips":"0.5.0","SS_Mod":"1.1.5","LoadBalancers":"1.3.1","PersonalDrones":"1.0.11","NoNewLabel":"1.0.0","InserterPlus":"0.4.0","Inserter":"0.4.0","ShowEnemiesHealth":"1.0.2","BetterRadar":"0.1.0","MiniMap":"1.0.11","EarlyMap":"1.0.2","GridRuler":"2.0.3","RefinedPower":"3.0.9","ModularUI":"2.0.8","RefinedRDLib":"1.0.7","PowerSuit":"0.8.4","MK22k20":"5.1.5","EfficiencyCheckerMod":"2.1.4","MarcioCommonLibs":"1.1.1","minerplus":"3.2.13","LinearMotion":"2.0.16","CheapTrains":"3.1.1","FicsitFarming":"4.0.3","FloorHole":"2.0.11","MicroManage":"0.9.11"}
2022-04-11 06:41:11:271	[DEBUG]	Mismatches: {"install":{"MicroManage":"0.9.11"},"uninstall":[]}
2022-04-11 06:41:11:276	[DEBUG]	Copying MicroManage@0.9.11 to Satisfactory install
2022-04-11 06:41:11:276	[DEBUG]	MicroManage@0.9.11 is not downloaded. Downloading now.
2022-04-11 06:41:28:378	[INFO]	Installing DaisyChainPowerCables
2022-04-11 06:41:28:607	[DEBUG]	install: [DaisyChainPowerCables], uninstall: [], enable: [], disable: [], update: []
2022-04-11 06:41:29:141	[DEBUG]	Validating SML
2022-04-11 06:41:29:142	[DEBUG]	Validating FactoryGame
2022-04-11 06:41:29:142	[DEBUG]	Validating KPrivateCodeLib
2022-04-11 06:41:29:142	[DEBUG]	Validating KBFL
2022-04-11 06:41:29:142	[DEBUG]	Validating KUI
2022-04-11 06:41:29:142	[DEBUG]	Validating Inserter
2022-04-11 06:41:29:142	[DEBUG]	Validating ModularUI
2022-04-11 06:41:29:142	[DEBUG]	Validating RefinedRDLib
2022-04-11 06:41:29:142	[DEBUG]	Validating MarcioCommonLibs
2022-04-11 06:41:29:142	[DEBUG]	Validating FasterManualCrafting
2022-04-11 06:41:29:142	[DEBUG]	Validating ContainerScreen
2022-04-11 06:41:29:142	[DEBUG]	Validating SmartFoundations
2022-04-11 06:41:29:142	[DEBUG]	Validating UtilityMod
2022-04-11 06:41:29:142	[DEBUG]	Validating KLevelUp
2022-04-11 06:41:29:142	[DEBUG]	Validating StackOverload
2022-04-11 06:41:29:142	[DEBUG]	Validating NukeTheWhales
2022-04-11 06:41:29:142	[DEBUG]	Validating RandomStart
2022-04-11 06:41:29:142	[DEBUG]	Validating MAMTips
2022-04-11 06:41:29:142	[DEBUG]	Validating SS_Mod
2022-04-11 06:41:29:142	[DEBUG]	Validating LoadBalancers
2022-04-11 06:41:29:142	[DEBUG]	Validating CheapTrains
2022-04-11 06:41:29:142	[DEBUG]	Validating PersonalDrones
2022-04-11 06:41:29:143	[DEBUG]	Validating NoNewLabel
2022-04-11 06:41:29:143	[DEBUG]	Validating InserterPlus
2022-04-11 06:41:29:143	[DEBUG]	Validating ShowEnemiesHealth
2022-04-11 06:41:29:143	[DEBUG]	Validating BetterRadar
2022-04-11 06:41:29:143	[DEBUG]	Validating MiniMap
2022-04-11 06:41:29:143	[DEBUG]	Validating EarlyMap
2022-04-11 06:41:29:143	[DEBUG]	Validating GridRuler
2022-04-11 06:41:29:143	[DEBUG]	Validating RefinedPower
2022-04-11 06:41:29:143	[DEBUG]	Validating PowerSuit
2022-04-11 06:41:29:143	[DEBUG]	Validating MK22k20
2022-04-11 06:41:29:143	[DEBUG]	Validating EfficiencyCheckerMod
2022-04-11 06:41:29:143	[DEBUG]	Validating minerplus
2022-04-11 06:41:29:143	[DEBUG]	Validating LinearMotion
2022-04-11 06:41:29:143	[DEBUG]	Validating FicsitFarming
2022-04-11 06:41:29:143	[DEBUG]	Validating FloorHole
2022-04-11 06:41:29:143	[DEBUG]	Validating MicroManage
2022-04-11 06:41:29:143	[DEBUG]	Validating DaisyChainPowerCables
2022-04-11 06:41:29:675	[DEBUG]	Validating SML
2022-04-11 06:41:29:676	[DEBUG]	Items: {"FasterManualCrafting":"1.1.0","SML":"3.3.0","ContainerScreen":"1.0.11","SmartFoundations":"17.0.11","UtilityMod":"0.5.4","KLevelUp":"1.2.5","KPrivateCodeLib":"1.0.13","KBFL":"1.11.3","KUI":"1.3.1","StackOverload":"2.0.5","NukeTheWhales":"1.0.0","RandomStart":"1.0.0","MAMTips":"0.5.0","SS_Mod":"1.1.5","LoadBalancers":"1.3.1","PersonalDrones":"1.0.11","NoNewLabel":"1.0.0","InserterPlus":"0.4.0","Inserter":"0.4.0","ShowEnemiesHealth":"1.0.2","BetterRadar":"0.1.0","MiniMap":"1.0.11","EarlyMap":"1.0.2","GridRuler":"2.0.3","RefinedPower":"3.0.9","ModularUI":"2.0.8","RefinedRDLib":"1.0.7","PowerSuit":"0.8.4","MK22k20":"5.1.5","EfficiencyCheckerMod":"2.1.4","MarcioCommonLibs":"1.1.1","minerplus":"3.2.13","LinearMotion":"2.0.16","CheapTrains":"3.1.1","FicsitFarming":"4.0.3","FloorHole":"2.0.11","MicroManage":"0.9.11","DaisyChainPowerCables":"2.0.2"}
2022-04-11 06:41:29:683	[DEBUG]	Mismatches: {"install":{"DaisyChainPowerCables":"2.0.2"},"uninstall":[]}
2022-04-11 06:41:29:688	[DEBUG]	Copying DaisyChainPowerCables@2.0.2 to Satisfactory install
2022-04-11 06:41:29:689	[DEBUG]	DaisyChainPowerCables@2.0.2 is not downloaded. Downloading now.
