2022-09-19 22:29:00:183	[DEBUG]	Loading mod cache
2022-09-19 22:29:00:772	[DEBUG]	Loading mod cache
2022-09-19 22:29:00:816	[DEBUG]	Epic Games Launcher is not installed
2022-09-19 22:29:01:114	[DEBUG]	Setting profile to Off-e6
2022-09-19 22:29:01:285	[DEBUG]	install: [], uninstall: [], enable: [], disable: [], update: []
2022-09-19 22:29:07:552	[DEBUG]	Validating SML
2022-09-19 22:29:07:552	[DEBUG]	Validating FactoryGame
2022-09-19 22:29:07:552	[DEBUG]	Validating UtilityMod
2022-09-19 22:29:07:552	[DEBUG]	Validating InventorySpace2
2022-09-19 22:29:07:552	[DEBUG]	Validating ContainerScreen
2022-09-19 22:29:07:552	[DEBUG]	Validating PersonalDrones
2022-09-19 22:29:07:552	[DEBUG]	Validating NoNewLabel
2022-09-19 22:29:07:553	[DEBUG]	Validating TenTimesAwesomePoints
2022-09-19 22:29:07:553	[DEBUG]	Validating FlexSplines
2022-09-19 22:29:07:553	[DEBUG]	Validating UndergroundBelts
2022-09-19 22:29:07:553	[DEBUG]	Validating OrganizedCrates
2022-09-19 22:29:07:553	[DEBUG]	Validating ShowEnemiesHealth
2022-09-19 22:29:07:553	[DEBUG]	Validating AlienArtifactsPoints
2022-09-19 22:29:07:553	[DEBUG]	Validating RandomStart
2022-09-19 22:29:07:553	[DEBUG]	Validating NoFog
2022-09-19 22:29:07:553	[DEBUG]	Validating MicroManage
2022-09-19 22:29:07:553	[DEBUG]	Validating NoEarlyAccess
2022-09-19 22:29:07:553	[DEBUG]	Validating CloneMurder
2022-09-19 22:29:07:553	[DEBUG]	Items: {"UtilityMod":"0.6.2","SML":"3.3.2","InventorySpace2":"2.0.1","PersonalDrones":"1.0.11","NoNewLabel":"1.0.0","TenTimesAwesomePoints":"1.0.1","FlexSplines":"1.0.9","UndergroundBelts":"3.0.7","OrganizedCrates":"2.0.3","ShowEnemiesHealth":"1.0.2","AlienArtifactsPoints":"1.0.1","RandomStart":"1.0.0","NoFog":"2.0.0","NoEarlyAccess":"1.0.2","ContainerScreen":"1.0.14","MicroManage":"1.0.2","CloneMurder":"1.0.0"}
2022-09-19 22:29:07:574	[DEBUG]	Mismatches: {"install":{},"uninstall":[]}
2022-09-19 22:29:07:586	[INFO]	Mod AlienArtifactsPoints@1.0.1 not found in cache when setting as in use.
2022-09-19 22:29:07:587	[INFO]	Mod InventorySpace2@2.0.1 not found in cache when setting as in use.
2022-09-19 22:29:07:588	[INFO]	Mod NoFog@2.0.0 not found in cache when setting as in use.
2022-09-19 22:29:07:588	[INFO]	Mod NoNewLabel@1.0.0 not found in cache when setting as in use.
2022-09-19 22:29:07:588	[INFO]	Mod OrganizedCrates@2.0.3 not found in cache when setting as in use.
2022-09-19 22:29:07:588	[INFO]	Mod PersonalDrones@1.0.11 not found in cache when setting as in use.
2022-09-19 22:29:07:588	[INFO]	Mod RandomStart@1.0.0 not found in cache when setting as in use.
2022-09-19 22:29:07:588	[INFO]	Mod ShowEnemiesHealth@1.0.2 not found in cache when setting as in use.
2022-09-19 22:29:07:588	[INFO]	Mod TenTimesAwesomePoints@1.0.1 not found in cache when setting as in use.
2022-09-19 22:29:07:588	[INFO]	Mod UndergroundBelts@3.0.7 not found in cache when setting as in use.
2022-09-19 22:29:10:690	[DEBUG]	Validating UtilityMod
2022-09-19 22:29:10:692	[DEBUG]	Validating SML
2022-09-19 22:29:10:692	[DEBUG]	Validating FactoryGame
2022-09-19 22:29:10:692	[DEBUG]	Validating InventorySpace2
2022-09-19 22:29:10:693	[DEBUG]	Validating SML
2022-09-19 22:29:10:693	[DEBUG]	Validating ContainerScreen
2022-09-19 22:29:10:694	[DEBUG]	Validating SML
2022-09-19 22:29:10:694	[DEBUG]	Validating PersonalDrones
2022-09-19 22:29:10:695	[DEBUG]	Validating SML
2022-09-19 22:29:10:695	[DEBUG]	Validating NoNewLabel
2022-09-19 22:29:10:695	[DEBUG]	Validating SML
2022-09-19 22:29:10:695	[DEBUG]	Validating TenTimesAwesomePoints
2022-09-19 22:29:10:696	[DEBUG]	Validating SML
2022-09-19 22:29:10:696	[DEBUG]	Validating FlexSplines
2022-09-19 22:29:10:697	[DEBUG]	Validating SML
2022-09-19 22:29:10:698	[DEBUG]	Validating UndergroundBelts
2022-09-19 22:29:10:700	[DEBUG]	Validating SML
2022-09-19 22:29:10:700	[DEBUG]	Validating OrganizedCrates
2022-09-19 22:29:10:700	[DEBUG]	Validating SML
2022-09-19 22:29:10:700	[DEBUG]	Validating ShowEnemiesHealth
2022-09-19 22:29:10:701	[DEBUG]	Validating SML
2022-09-19 22:29:10:701	[DEBUG]	Validating AlienArtifactsPoints
2022-09-19 22:29:10:701	[DEBUG]	Validating SML
2022-09-19 22:29:10:701	[DEBUG]	Validating RandomStart
2022-09-19 22:29:10:903	[DEBUG]	Validating SML
2022-09-19 22:29:10:903	[DEBUG]	Validating NoFog
2022-09-19 22:29:10:903	[DEBUG]	Validating SML
2022-09-19 22:29:10:904	[DEBUG]	Validating MicroManage
2022-09-19 22:29:10:906	[DEBUG]	Validating SML
2022-09-19 22:29:10:906	[DEBUG]	Validating NoEarlyAccess
2022-09-19 22:29:10:906	[DEBUG]	Validating SML
2022-09-19 22:29:10:906	[DEBUG]	Validating CloneMurder
2022-09-19 22:29:10:906	[DEBUG]	Validating SML
2022-09-19 22:29:21:068	[DEBUG]	install: [], uninstall: [], enable: [], disable: [], update: [RandomStart]
2022-09-19 22:29:21:072	[DEBUG]	Validating SML
2022-09-19 22:29:21:072	[DEBUG]	Validating FactoryGame
2022-09-19 22:29:21:072	[DEBUG]	Validating UtilityMod
2022-09-19 22:29:21:072	[DEBUG]	Validating InventorySpace2
2022-09-19 22:29:21:072	[DEBUG]	Validating ContainerScreen
2022-09-19 22:29:21:072	[DEBUG]	Validating PersonalDrones
2022-09-19 22:29:21:072	[DEBUG]	Validating NoNewLabel
2022-09-19 22:29:21:072	[DEBUG]	Validating TenTimesAwesomePoints
2022-09-19 22:29:21:072	[DEBUG]	Validating FlexSplines
2022-09-19 22:29:21:072	[DEBUG]	Validating UndergroundBelts
2022-09-19 22:29:21:072	[DEBUG]	Validating OrganizedCrates
2022-09-19 22:29:21:072	[DEBUG]	Validating ShowEnemiesHealth
2022-09-19 22:29:21:072	[DEBUG]	Validating AlienArtifactsPoints
2022-09-19 22:29:21:072	[DEBUG]	Validating RandomStart
2022-09-19 22:29:21:073	[DEBUG]	Validating SML
2022-09-19 22:29:21:073	[DEBUG]	Validating NoFog
2022-09-19 22:29:21:073	[DEBUG]	Validating MicroManage
2022-09-19 22:29:21:073	[DEBUG]	Validating NoEarlyAccess
2022-09-19 22:29:21:073	[DEBUG]	Validating CloneMurder
2022-09-19 22:29:21:073	[DEBUG]	Items: {"UtilityMod":"0.6.2","SML":"3.3.2","InventorySpace2":"2.0.1","PersonalDrones":"1.0.11","NoNewLabel":"1.0.0","TenTimesAwesomePoints":"1.0.1","FlexSplines":"1.0.9","UndergroundBelts":"3.0.7","OrganizedCrates":"2.0.3","ShowEnemiesHealth":"1.0.2","AlienArtifactsPoints":"1.0.1","NoFog":"2.0.0","NoEarlyAccess":"1.0.2","ContainerScreen":"1.0.14","MicroManage":"1.0.2","CloneMurder":"1.0.0","RandomStart":"1.0.1"}
2022-09-19 22:29:21:077	[DEBUG]	Mismatches: {"install":{"RandomStart":"1.0.1"},"uninstall":["RandomStart"]}
2022-09-19 22:29:21:077	[DEBUG]	Removing RandomStart from Satisfactory install
2022-09-19 22:29:21:086	[DEBUG]	Copying RandomStart@1.0.1 to Satisfactory install
2022-09-19 22:29:21:087	[DEBUG]	RandomStart@1.0.1 is not downloaded. Downloading now.
2022-09-19 22:29:22:385	[INFO]	Mod AlienArtifactsPoints@1.0.1 not found in cache when setting as in use.
2022-09-19 22:29:22:386	[INFO]	Mod InventorySpace2@2.0.1 not found in cache when setting as in use.
2022-09-19 22:29:22:386	[INFO]	Mod NoFog@2.0.0 not found in cache when setting as in use.
2022-09-19 22:29:22:386	[INFO]	Mod NoNewLabel@1.0.0 not found in cache when setting as in use.
2022-09-19 22:29:22:386	[INFO]	Mod OrganizedCrates@2.0.3 not found in cache when setting as in use.
2022-09-19 22:29:22:387	[INFO]	Mod PersonalDrones@1.0.11 not found in cache when setting as in use.
2022-09-19 22:29:22:387	[INFO]	Mod ShowEnemiesHealth@1.0.2 not found in cache when setting as in use.
2022-09-19 22:29:22:387	[INFO]	Mod TenTimesAwesomePoints@1.0.1 not found in cache when setting as in use.
2022-09-19 22:29:22:387	[INFO]	Mod UndergroundBelts@3.0.7 not found in cache when setting as in use.
2022-09-19 22:29:41:812	[INFO]	Installing SmartFoundations
2022-09-19 22:29:42:007	[DEBUG]	install: [SmartFoundations], uninstall: [], enable: [], disable: [], update: []
2022-09-19 22:29:42:199	[DEBUG]	Validating SML
2022-09-19 22:29:42:200	[DEBUG]	Validating FactoryGame
2022-09-19 22:29:42:200	[DEBUG]	Validating UtilityMod
2022-09-19 22:29:42:200	[DEBUG]	Validating InventorySpace2
2022-09-19 22:29:42:200	[DEBUG]	Validating ContainerScreen
2022-09-19 22:29:42:200	[DEBUG]	Validating PersonalDrones
2022-09-19 22:29:42:200	[DEBUG]	Validating NoNewLabel
2022-09-19 22:29:42:200	[DEBUG]	Validating TenTimesAwesomePoints
2022-09-19 22:29:42:200	[DEBUG]	Validating FlexSplines
2022-09-19 22:29:42:200	[DEBUG]	Validating UndergroundBelts
2022-09-19 22:29:42:200	[DEBUG]	Validating OrganizedCrates
2022-09-19 22:29:42:200	[DEBUG]	Validating ShowEnemiesHealth
2022-09-19 22:29:42:200	[DEBUG]	Validating AlienArtifactsPoints
2022-09-19 22:29:42:200	[DEBUG]	Validating RandomStart
2022-09-19 22:29:42:200	[DEBUG]	Validating NoFog
2022-09-19 22:29:42:200	[DEBUG]	Validating MicroManage
2022-09-19 22:29:42:200	[DEBUG]	Validating NoEarlyAccess
2022-09-19 22:29:42:200	[DEBUG]	Validating CloneMurder
2022-09-19 22:29:42:200	[DEBUG]	Validating SmartFoundations
2022-09-19 22:29:42:408	[DEBUG]	Validating SML
2022-09-19 22:29:42:408	[DEBUG]	Items: {"UtilityMod":"0.6.2","SML":"3.3.2","InventorySpace2":"2.0.1","PersonalDrones":"1.0.11","NoNewLabel":"1.0.0","TenTimesAwesomePoints":"1.0.1","FlexSplines":"1.0.9","UndergroundBelts":"3.0.7","OrganizedCrates":"2.0.3","ShowEnemiesHealth":"1.0.2","AlienArtifactsPoints":"1.0.1","NoFog":"2.0.0","NoEarlyAccess":"1.0.2","ContainerScreen":"1.0.14","MicroManage":"1.0.2","CloneMurder":"1.0.0","RandomStart":"1.0.1","SmartFoundations":"18.14.87"}
2022-09-19 22:29:42:412	[DEBUG]	Mismatches: {"install":{"SmartFoundations":"18.14.87"},"uninstall":[]}
2022-09-19 22:29:42:415	[DEBUG]	Copying SmartFoundations@18.14.87 to Satisfactory install
2022-09-19 22:29:42:416	[DEBUG]	SmartFoundations@18.14.87 is not downloaded. Downloading now.
2022-09-19 22:29:47:485	[INFO]	Mod AlienArtifactsPoints@1.0.1 not found in cache when setting as in use.
2022-09-19 22:29:47:486	[INFO]	Mod InventorySpace2@2.0.1 not found in cache when setting as in use.
2022-09-19 22:29:47:487	[INFO]	Mod NoFog@2.0.0 not found in cache when setting as in use.
2022-09-19 22:29:47:487	[INFO]	Mod NoNewLabel@1.0.0 not found in cache when setting as in use.
2022-09-19 22:29:47:487	[INFO]	Mod OrganizedCrates@2.0.3 not found in cache when setting as in use.
2022-09-19 22:29:47:487	[INFO]	Mod PersonalDrones@1.0.11 not found in cache when setting as in use.
2022-09-19 22:29:47:487	[INFO]	Mod ShowEnemiesHealth@1.0.2 not found in cache when setting as in use.
2022-09-19 22:29:47:488	[INFO]	Mod TenTimesAwesomePoints@1.0.1 not found in cache when setting as in use.
2022-09-19 22:29:47:488	[INFO]	Mod UndergroundBelts@3.0.7 not found in cache when setting as in use.
2022-09-19 22:34:12:893	[DEBUG]	Validating UtilityMod
2022-09-19 22:34:12:893	[DEBUG]	Validating SML
2022-09-19 22:34:12:893	[DEBUG]	Validating FactoryGame
2022-09-19 22:34:12:893	[DEBUG]	Validating InventorySpace2
2022-09-19 22:34:12:893	[DEBUG]	Validating SML
2022-09-19 22:34:12:893	[DEBUG]	Validating ContainerScreen
2022-09-19 22:34:12:894	[DEBUG]	Validating SML
2022-09-19 22:34:12:894	[DEBUG]	Validating PersonalDrones
2022-09-19 22:34:12:894	[DEBUG]	Validating SML
2022-09-19 22:34:12:894	[DEBUG]	Validating NoNewLabel
2022-09-19 22:34:12:894	[DEBUG]	Validating SML
2022-09-19 22:34:12:894	[DEBUG]	Validating TenTimesAwesomePoints
2022-09-19 22:34:12:894	[DEBUG]	Validating SML
2022-09-19 22:34:12:894	[DEBUG]	Validating FlexSplines
2022-09-19 22:34:12:894	[DEBUG]	Validating SML
2022-09-19 22:34:12:894	[DEBUG]	Validating UndergroundBelts
2022-09-19 22:34:12:894	[DEBUG]	Validating SML
2022-09-19 22:34:12:894	[DEBUG]	Validating OrganizedCrates
2022-09-19 22:34:12:895	[DEBUG]	Validating SML
2022-09-19 22:34:12:895	[DEBUG]	Validating ShowEnemiesHealth
2022-09-19 22:34:12:895	[DEBUG]	Validating SML
2022-09-19 22:34:12:895	[DEBUG]	Validating AlienArtifactsPoints
2022-09-19 22:34:12:895	[DEBUG]	Validating SML
2022-09-19 22:34:12:895	[DEBUG]	Validating RandomStart
2022-09-19 22:34:12:895	[DEBUG]	Validating SML
2022-09-19 22:34:12:895	[DEBUG]	Validating NoFog
2022-09-19 22:34:12:895	[DEBUG]	Validating SML
2022-09-19 22:34:12:895	[DEBUG]	Validating MicroManage
2022-09-19 22:34:12:896	[DEBUG]	Validating SML
2022-09-19 22:34:12:896	[DEBUG]	Validating NoEarlyAccess
2022-09-19 22:34:12:896	[DEBUG]	Validating SML
2022-09-19 22:34:12:896	[DEBUG]	Validating CloneMurder
2022-09-19 22:34:12:896	[DEBUG]	Validating SML
2022-09-19 22:34:12:896	[DEBUG]	Validating SmartFoundations
2022-09-19 22:34:12:897	[DEBUG]	Validating SML
2022-09-19 22:35:42:906	[INFO]	Installing NogsResearch
2022-09-19 22:35:43:116	[DEBUG]	install: [NogsResearch], uninstall: [], enable: [], disable: [], update: []
2022-09-19 22:35:43:335	[DEBUG]	Validating SML
2022-09-19 22:35:43:335	[DEBUG]	Validating FactoryGame
2022-09-19 22:35:43:336	[DEBUG]	Validating UtilityMod
2022-09-19 22:35:43:336	[DEBUG]	Validating InventorySpace2
2022-09-19 22:35:43:336	[DEBUG]	Validating ContainerScreen
2022-09-19 22:35:43:336	[DEBUG]	Validating PersonalDrones
2022-09-19 22:35:43:336	[DEBUG]	Validating NoNewLabel
2022-09-19 22:35:43:336	[DEBUG]	Validating TenTimesAwesomePoints
2022-09-19 22:35:43:336	[DEBUG]	Validating FlexSplines
2022-09-19 22:35:43:336	[DEBUG]	Validating UndergroundBelts
2022-09-19 22:35:43:336	[DEBUG]	Validating OrganizedCrates
2022-09-19 22:35:43:336	[DEBUG]	Validating ShowEnemiesHealth
2022-09-19 22:35:43:336	[DEBUG]	Validating AlienArtifactsPoints
2022-09-19 22:35:43:336	[DEBUG]	Validating RandomStart
2022-09-19 22:35:43:336	[DEBUG]	Validating NoFog
2022-09-19 22:35:43:336	[DEBUG]	Validating MicroManage
2022-09-19 22:35:43:336	[DEBUG]	Validating NoEarlyAccess
2022-09-19 22:35:43:336	[DEBUG]	Validating CloneMurder
2022-09-19 22:35:43:336	[DEBUG]	Validating SmartFoundations
2022-09-19 22:35:43:336	[DEBUG]	Validating NogsResearch
2022-09-19 22:35:43:535	[DEBUG]	Validating SML
2022-09-19 22:35:43:535	[DEBUG]	Validating MAMTips
2022-09-19 22:35:43:922	[DEBUG]	Validating SML
2022-09-19 22:35:43:923	[DEBUG]	Items: {"UtilityMod":"0.6.2","SML":"3.3.2","InventorySpace2":"2.0.1","PersonalDrones":"1.0.11","NoNewLabel":"1.0.0","TenTimesAwesomePoints":"1.0.1","FlexSplines":"1.0.9","UndergroundBelts":"3.0.7","OrganizedCrates":"2.0.3","ShowEnemiesHealth":"1.0.2","AlienArtifactsPoints":"1.0.1","NoFog":"2.0.0","NoEarlyAccess":"1.0.2","ContainerScreen":"1.0.14","MicroManage":"1.0.2","CloneMurder":"1.0.0","RandomStart":"1.0.1","SmartFoundations":"18.14.87","NogsResearch":"1.0.2","MAMTips":"0.6.0"}
2022-09-19 22:35:43:927	[DEBUG]	Mismatches: {"install":{"NogsResearch":"1.0.2","MAMTips":"0.6.0"},"uninstall":[]}
2022-09-19 22:35:43:930	[DEBUG]	Copying NogsResearch@1.0.2 to Satisfactory install
2022-09-19 22:35:43:930	[DEBUG]	Copying MAMTips@0.6.0 to Satisfactory install
2022-09-19 22:35:43:931	[DEBUG]	NogsResearch@1.0.2 is not downloaded. Downloading now.
2022-09-19 22:35:43:931	[DEBUG]	MAMTips@0.6.0 is not downloaded. Downloading now.
2022-09-19 22:35:55:624	[INFO]	Mod AlienArtifactsPoints@1.0.1 not found in cache when setting as in use.
2022-09-19 22:35:55:625	[INFO]	Mod InventorySpace2@2.0.1 not found in cache when setting as in use.
2022-09-19 22:35:55:626	[INFO]	Mod NoFog@2.0.0 not found in cache when setting as in use.
2022-09-19 22:35:55:626	[INFO]	Mod NoNewLabel@1.0.0 not found in cache when setting as in use.
2022-09-19 22:35:55:626	[INFO]	Mod OrganizedCrates@2.0.3 not found in cache when setting as in use.
2022-09-19 22:35:55:626	[INFO]	Mod PersonalDrones@1.0.11 not found in cache when setting as in use.
2022-09-19 22:35:55:627	[INFO]	Mod ShowEnemiesHealth@1.0.2 not found in cache when setting as in use.
2022-09-19 22:35:55:627	[INFO]	Mod TenTimesAwesomePoints@1.0.1 not found in cache when setting as in use.
2022-09-19 22:35:55:627	[INFO]	Mod UndergroundBelts@3.0.7 not found in cache when setting as in use.
2022-09-19 22:39:15:210	[DEBUG]	Validating UtilityMod
2022-09-19 22:39:15:210	[DEBUG]	Validating SML
2022-09-19 22:39:15:210	[DEBUG]	Validating FactoryGame
2022-09-19 22:39:15:210	[DEBUG]	Validating InventorySpace2
2022-09-19 22:39:15:211	[DEBUG]	Validating SML
2022-09-19 22:39:15:211	[DEBUG]	Validating ContainerScreen
2022-09-19 22:39:15:211	[DEBUG]	Validating SML
2022-09-19 22:39:15:211	[DEBUG]	Validating PersonalDrones
2022-09-19 22:39:15:212	[DEBUG]	Validating SML
2022-09-19 22:39:15:212	[DEBUG]	Validating NoNewLabel
2022-09-19 22:39:15:212	[DEBUG]	Validating SML
2022-09-19 22:39:15:212	[DEBUG]	Validating TenTimesAwesomePoints
2022-09-19 22:39:15:212	[DEBUG]	Validating SML
2022-09-19 22:39:15:212	[DEBUG]	Validating FlexSplines
2022-09-19 22:39:15:212	[DEBUG]	Validating SML
2022-09-19 22:39:15:212	[DEBUG]	Validating UndergroundBelts
2022-09-19 22:39:15:212	[DEBUG]	Validating SML
2022-09-19 22:39:15:212	[DEBUG]	Validating OrganizedCrates
2022-09-19 22:39:15:212	[DEBUG]	Validating SML
2022-09-19 22:39:15:213	[DEBUG]	Validating ShowEnemiesHealth
2022-09-19 22:39:15:213	[DEBUG]	Validating SML
2022-09-19 22:39:15:213	[DEBUG]	Validating AlienArtifactsPoints
2022-09-19 22:39:15:213	[DEBUG]	Validating SML
2022-09-19 22:39:15:213	[DEBUG]	Validating RandomStart
2022-09-19 22:39:15:213	[DEBUG]	Validating SML
2022-09-19 22:39:15:213	[DEBUG]	Validating NoFog
2022-09-19 22:39:15:213	[DEBUG]	Validating SML
2022-09-19 22:39:15:213	[DEBUG]	Validating MicroManage
2022-09-19 22:39:15:214	[DEBUG]	Validating SML
2022-09-19 22:39:15:214	[DEBUG]	Validating NoEarlyAccess
2022-09-19 22:39:15:214	[DEBUG]	Validating SML
2022-09-19 22:39:15:215	[DEBUG]	Validating CloneMurder
2022-09-19 22:39:15:215	[DEBUG]	Validating SML
2022-09-19 22:39:15:215	[DEBUG]	Validating SmartFoundations
2022-09-19 22:39:15:216	[DEBUG]	Validating SML
2022-09-19 22:39:15:216	[DEBUG]	Validating NogsResearch
2022-09-19 22:39:15:217	[DEBUG]	Validating SML
2022-09-19 22:39:15:217	[DEBUG]	Validating MAMTips
2022-09-19 22:39:15:217	[DEBUG]	Validating SML
2022-09-19 22:45:07:936	[DEBUG]	Validating UtilityMod
2022-09-19 22:45:07:936	[DEBUG]	Validating SML
2022-09-19 22:45:07:937	[DEBUG]	Validating FactoryGame
2022-09-19 22:45:07:937	[DEBUG]	Validating InventorySpace2
2022-09-19 22:45:07:937	[DEBUG]	Validating SML
2022-09-19 22:45:07:937	[DEBUG]	Validating ContainerScreen
2022-09-19 22:45:07:937	[DEBUG]	Validating SML
2022-09-19 22:45:07:937	[DEBUG]	Validating PersonalDrones
2022-09-19 22:45:07:937	[DEBUG]	Validating SML
2022-09-19 22:45:07:937	[DEBUG]	Validating NoNewLabel
2022-09-19 22:45:07:937	[DEBUG]	Validating SML
2022-09-19 22:45:07:937	[DEBUG]	Validating TenTimesAwesomePoints
2022-09-19 22:45:07:937	[DEBUG]	Validating SML
2022-09-19 22:45:07:937	[DEBUG]	Validating FlexSplines
2022-09-19 22:45:07:937	[DEBUG]	Validating SML
2022-09-19 22:45:07:937	[DEBUG]	Validating UndergroundBelts
2022-09-19 22:45:07:938	[DEBUG]	Validating SML
2022-09-19 22:45:07:938	[DEBUG]	Validating OrganizedCrates
2022-09-19 22:45:07:938	[DEBUG]	Validating SML
2022-09-19 22:45:07:938	[DEBUG]	Validating ShowEnemiesHealth
2022-09-19 22:45:07:938	[DEBUG]	Validating SML
2022-09-19 22:45:07:938	[DEBUG]	Validating AlienArtifactsPoints
2022-09-19 22:45:07:938	[DEBUG]	Validating SML
2022-09-19 22:45:07:938	[DEBUG]	Validating RandomStart
2022-09-19 22:45:07:938	[DEBUG]	Validating SML
2022-09-19 22:45:07:938	[DEBUG]	Validating NoFog
2022-09-19 22:45:07:939	[DEBUG]	Validating SML
2022-09-19 22:45:07:939	[DEBUG]	Validating MicroManage
2022-09-19 22:45:07:939	[DEBUG]	Validating SML
2022-09-19 22:45:07:939	[DEBUG]	Validating NoEarlyAccess
2022-09-19 22:45:07:939	[DEBUG]	Validating SML
2022-09-19 22:45:07:939	[DEBUG]	Validating CloneMurder
2022-09-19 22:45:07:939	[DEBUG]	Validating SML
2022-09-19 22:45:07:939	[DEBUG]	Validating SmartFoundations
2022-09-19 22:45:07:940	[DEBUG]	Validating SML
2022-09-19 22:45:07:940	[DEBUG]	Validating NogsResearch
2022-09-19 22:45:07:940	[DEBUG]	Validating SML
2022-09-19 22:45:07:940	[DEBUG]	Validating MAMTips
2022-09-19 22:45:07:941	[DEBUG]	Validating SML
2022-09-19 22:50:10:687	[DEBUG]	Validating UtilityMod
2022-09-19 22:50:10:687	[DEBUG]	Validating SML
2022-09-19 22:50:10:688	[DEBUG]	Validating FactoryGame
2022-09-19 22:50:10:688	[DEBUG]	Validating InventorySpace2
2022-09-19 22:50:10:688	[DEBUG]	Validating SML
2022-09-19 22:50:10:688	[DEBUG]	Validating ContainerScreen
2022-09-19 22:50:10:689	[DEBUG]	Validating SML
2022-09-19 22:50:10:689	[DEBUG]	Validating PersonalDrones
2022-09-19 22:50:10:689	[DEBUG]	Validating SML
2022-09-19 22:50:10:689	[DEBUG]	Validating NoNewLabel
2022-09-19 22:50:10:689	[DEBUG]	Validating SML
2022-09-19 22:50:10:689	[DEBUG]	Validating TenTimesAwesomePoints
2022-09-19 22:50:10:693	[DEBUG]	Validating SML
2022-09-19 22:50:10:693	[DEBUG]	Validating FlexSplines
2022-09-19 22:50:10:693	[DEBUG]	Validating SML
2022-09-19 22:50:10:693	[DEBUG]	Validating UndergroundBelts
2022-09-19 22:50:10:694	[DEBUG]	Validating SML
2022-09-19 22:50:10:694	[DEBUG]	Validating OrganizedCrates
2022-09-19 22:50:10:695	[DEBUG]	Validating SML
2022-09-19 22:50:10:695	[DEBUG]	Validating ShowEnemiesHealth
2022-09-19 22:50:10:696	[DEBUG]	Validating SML
2022-09-19 22:50:10:697	[DEBUG]	Validating AlienArtifactsPoints
2022-09-19 22:50:10:697	[DEBUG]	Validating SML
2022-09-19 22:50:10:697	[DEBUG]	Validating RandomStart
2022-09-19 22:50:10:697	[DEBUG]	Validating SML
2022-09-19 22:50:10:698	[DEBUG]	Validating NoFog
2022-09-19 22:50:10:698	[DEBUG]	Validating SML
2022-09-19 22:50:10:699	[DEBUG]	Validating MicroManage
2022-09-19 22:50:10:700	[DEBUG]	Validating SML
2022-09-19 22:50:10:700	[DEBUG]	Validating NoEarlyAccess
2022-09-19 22:50:10:700	[DEBUG]	Validating SML
2022-09-19 22:50:10:700	[DEBUG]	Validating CloneMurder
2022-09-19 22:50:10:700	[DEBUG]	Validating SML
2022-09-19 22:50:10:701	[DEBUG]	Validating SmartFoundations
2022-09-19 22:50:10:702	[DEBUG]	Validating SML
2022-09-19 22:50:10:707	[DEBUG]	Validating NogsResearch
2022-09-19 22:50:10:708	[DEBUG]	Validating SML
2022-09-19 22:50:10:708	[DEBUG]	Validating MAMTips
2022-09-19 22:50:10:708	[DEBUG]	Validating SML
2022-09-19 22:55:13:448	[DEBUG]	Validating UtilityMod
2022-09-19 22:55:13:449	[DEBUG]	Validating SML
2022-09-19 22:55:13:449	[DEBUG]	Validating FactoryGame
2022-09-19 22:55:13:449	[DEBUG]	Validating InventorySpace2
2022-09-19 22:55:13:449	[DEBUG]	Validating SML
2022-09-19 22:55:13:449	[DEBUG]	Validating ContainerScreen
2022-09-19 22:55:13:450	[DEBUG]	Validating SML
2022-09-19 22:55:13:450	[DEBUG]	Validating PersonalDrones
2022-09-19 22:55:13:450	[DEBUG]	Validating SML
2022-09-19 22:55:13:450	[DEBUG]	Validating NoNewLabel
2022-09-19 22:55:13:451	[DEBUG]	Validating SML
2022-09-19 22:55:13:451	[DEBUG]	Validating TenTimesAwesomePoints
2022-09-19 22:55:13:451	[DEBUG]	Validating SML
2022-09-19 22:55:13:451	[DEBUG]	Validating FlexSplines
2022-09-19 22:55:13:451	[DEBUG]	Validating SML
2022-09-19 22:55:13:451	[DEBUG]	Validating UndergroundBelts
2022-09-19 22:55:13:451	[DEBUG]	Validating SML
2022-09-19 22:55:13:451	[DEBUG]	Validating OrganizedCrates
2022-09-19 22:55:13:451	[DEBUG]	Validating SML
2022-09-19 22:55:13:451	[DEBUG]	Validating ShowEnemiesHealth
2022-09-19 22:55:13:451	[DEBUG]	Validating SML
2022-09-19 22:55:13:452	[DEBUG]	Validating AlienArtifactsPoints
2022-09-19 22:55:13:452	[DEBUG]	Validating SML
2022-09-19 22:55:13:452	[DEBUG]	Validating RandomStart
2022-09-19 22:55:13:452	[DEBUG]	Validating SML
2022-09-19 22:55:13:452	[DEBUG]	Validating NoFog
2022-09-19 22:55:13:452	[DEBUG]	Validating SML
2022-09-19 22:55:13:452	[DEBUG]	Validating MicroManage
2022-09-19 22:55:13:453	[DEBUG]	Validating SML
2022-09-19 22:55:13:453	[DEBUG]	Validating NoEarlyAccess
2022-09-19 22:55:13:453	[DEBUG]	Validating SML
2022-09-19 22:55:13:453	[DEBUG]	Validating CloneMurder
2022-09-19 22:55:13:453	[DEBUG]	Validating SML
2022-09-19 22:55:13:453	[DEBUG]	Validating SmartFoundations
2022-09-19 22:55:13:454	[DEBUG]	Validating SML
2022-09-19 22:55:13:454	[DEBUG]	Validating NogsResearch
2022-09-19 22:55:13:455	[DEBUG]	Validating SML
2022-09-19 22:55:13:455	[DEBUG]	Validating MAMTips
2022-09-19 22:55:13:455	[DEBUG]	Validating SML
2022-09-19 23:00:14:828	[DEBUG]	Validating UtilityMod
2022-09-19 23:00:14:829	[DEBUG]	Validating SML
2022-09-19 23:00:14:829	[DEBUG]	Validating FactoryGame
2022-09-19 23:00:14:829	[DEBUG]	Validating InventorySpace2
2022-09-19 23:00:14:829	[DEBUG]	Validating SML
2022-09-19 23:00:14:829	[DEBUG]	Validating ContainerScreen
2022-09-19 23:00:14:829	[DEBUG]	Validating SML
2022-09-19 23:00:14:829	[DEBUG]	Validating PersonalDrones
2022-09-19 23:00:14:830	[DEBUG]	Validating SML
2022-09-19 23:00:14:830	[DEBUG]	Validating NoNewLabel
2022-09-19 23:00:14:830	[DEBUG]	Validating SML
2022-09-19 23:00:14:830	[DEBUG]	Validating TenTimesAwesomePoints
2022-09-19 23:00:14:830	[DEBUG]	Validating SML
2022-09-19 23:00:14:830	[DEBUG]	Validating FlexSplines
2022-09-19 23:00:14:830	[DEBUG]	Validating SML
2022-09-19 23:00:14:830	[DEBUG]	Validating UndergroundBelts
2022-09-19 23:00:14:830	[DEBUG]	Validating SML
2022-09-19 23:00:14:830	[DEBUG]	Validating OrganizedCrates
2022-09-19 23:00:14:830	[DEBUG]	Validating SML
2022-09-19 23:00:14:830	[DEBUG]	Validating ShowEnemiesHealth
2022-09-19 23:00:14:831	[DEBUG]	Validating SML
2022-09-19 23:00:14:831	[DEBUG]	Validating AlienArtifactsPoints
2022-09-19 23:00:14:831	[DEBUG]	Validating SML
2022-09-19 23:00:14:831	[DEBUG]	Validating RandomStart
2022-09-19 23:00:14:832	[DEBUG]	Validating SML
2022-09-19 23:00:14:832	[DEBUG]	Validating NoFog
2022-09-19 23:00:14:833	[DEBUG]	Validating SML
2022-09-19 23:00:14:833	[DEBUG]	Validating MicroManage
2022-09-19 23:00:14:833	[DEBUG]	Validating SML
2022-09-19 23:00:14:833	[DEBUG]	Validating NoEarlyAccess
2022-09-19 23:00:14:833	[DEBUG]	Validating SML
2022-09-19 23:00:14:833	[DEBUG]	Validating CloneMurder
2022-09-19 23:00:14:834	[DEBUG]	Validating SML
2022-09-19 23:00:14:834	[DEBUG]	Validating SmartFoundations
2022-09-19 23:00:14:834	[DEBUG]	Validating SML
2022-09-19 23:00:14:835	[DEBUG]	Validating NogsResearch
2022-09-19 23:00:14:835	[DEBUG]	Validating SML
2022-09-19 23:00:14:835	[DEBUG]	Validating MAMTips
2022-09-19 23:00:14:835	[DEBUG]	Validating SML
2022-09-19 23:05:16:823	[DEBUG]	Validating UtilityMod
2022-09-19 23:05:16:823	[DEBUG]	Validating SML
2022-09-19 23:05:16:824	[DEBUG]	Validating FactoryGame
2022-09-19 23:05:16:824	[DEBUG]	Validating InventorySpace2
2022-09-19 23:05:16:824	[DEBUG]	Validating SML
2022-09-19 23:05:16:824	[DEBUG]	Validating ContainerScreen
2022-09-19 23:05:16:824	[DEBUG]	Validating SML
2022-09-19 23:05:16:824	[DEBUG]	Validating PersonalDrones
2022-09-19 23:05:16:824	[DEBUG]	Validating SML
2022-09-19 23:05:16:824	[DEBUG]	Validating NoNewLabel
2022-09-19 23:05:16:825	[DEBUG]	Validating SML
2022-09-19 23:05:16:825	[DEBUG]	Validating TenTimesAwesomePoints
2022-09-19 23:05:16:825	[DEBUG]	Validating SML
2022-09-19 23:05:16:825	[DEBUG]	Validating FlexSplines
2022-09-19 23:05:16:825	[DEBUG]	Validating SML
2022-09-19 23:05:16:825	[DEBUG]	Validating UndergroundBelts
2022-09-19 23:05:16:825	[DEBUG]	Validating SML
2022-09-19 23:05:16:825	[DEBUG]	Validating OrganizedCrates
2022-09-19 23:05:16:825	[DEBUG]	Validating SML
2022-09-19 23:05:16:825	[DEBUG]	Validating ShowEnemiesHealth
2022-09-19 23:05:16:825	[DEBUG]	Validating SML
2022-09-19 23:05:16:825	[DEBUG]	Validating AlienArtifactsPoints
2022-09-19 23:05:16:827	[DEBUG]	Validating SML
2022-09-19 23:05:16:827	[DEBUG]	Validating RandomStart
2022-09-19 23:05:16:827	[DEBUG]	Validating SML
2022-09-19 23:05:16:827	[DEBUG]	Validating NoFog
2022-09-19 23:05:16:827	[DEBUG]	Validating SML
2022-09-19 23:05:16:827	[DEBUG]	Validating MicroManage
2022-09-19 23:05:16:828	[DEBUG]	Validating SML
2022-09-19 23:05:16:828	[DEBUG]	Validating NoEarlyAccess
2022-09-19 23:05:16:829	[DEBUG]	Validating SML
2022-09-19 23:05:16:829	[DEBUG]	Validating CloneMurder
2022-09-19 23:05:16:829	[DEBUG]	Validating SML
2022-09-19 23:05:16:829	[DEBUG]	Validating SmartFoundations
2022-09-19 23:05:16:830	[DEBUG]	Validating SML
2022-09-19 23:05:16:831	[DEBUG]	Validating NogsResearch
2022-09-19 23:05:16:831	[DEBUG]	Validating SML
2022-09-19 23:05:16:831	[DEBUG]	Validating MAMTips
2022-09-19 23:05:16:831	[DEBUG]	Validating SML
2022-09-19 23:10:18:638	[DEBUG]	Validating UtilityMod
2022-09-19 23:10:18:638	[DEBUG]	Validating SML
2022-09-19 23:10:18:639	[DEBUG]	Validating FactoryGame
2022-09-19 23:10:18:639	[DEBUG]	Validating InventorySpace2
2022-09-19 23:10:18:639	[DEBUG]	Validating SML
2022-09-19 23:10:18:639	[DEBUG]	Validating ContainerScreen
2022-09-19 23:10:18:639	[DEBUG]	Validating SML
2022-09-19 23:10:18:639	[DEBUG]	Validating PersonalDrones
2022-09-19 23:10:18:639	[DEBUG]	Validating SML
2022-09-19 23:10:18:639	[DEBUG]	Validating NoNewLabel
2022-09-19 23:10:18:639	[DEBUG]	Validating SML
2022-09-19 23:10:18:639	[DEBUG]	Validating TenTimesAwesomePoints
2022-09-19 23:10:18:639	[DEBUG]	Validating SML
2022-09-19 23:10:18:639	[DEBUG]	Validating FlexSplines
2022-09-19 23:10:18:640	[DEBUG]	Validating SML
2022-09-19 23:10:18:640	[DEBUG]	Validating UndergroundBelts
2022-09-19 23:10:18:640	[DEBUG]	Validating SML
2022-09-19 23:10:18:640	[DEBUG]	Validating OrganizedCrates
2022-09-19 23:10:18:640	[DEBUG]	Validating SML
2022-09-19 23:10:18:640	[DEBUG]	Validating ShowEnemiesHealth
2022-09-19 23:10:18:641	[DEBUG]	Validating SML
2022-09-19 23:10:18:641	[DEBUG]	Validating AlienArtifactsPoints
2022-09-19 23:10:18:641	[DEBUG]	Validating SML
2022-09-19 23:10:18:641	[DEBUG]	Validating RandomStart
2022-09-19 23:10:18:641	[DEBUG]	Validating SML
2022-09-19 23:10:18:641	[DEBUG]	Validating NoFog
2022-09-19 23:10:18:641	[DEBUG]	Validating SML
2022-09-19 23:10:18:641	[DEBUG]	Validating MicroManage
2022-09-19 23:10:18:641	[DEBUG]	Validating SML
2022-09-19 23:10:18:641	[DEBUG]	Validating NoEarlyAccess
2022-09-19 23:10:18:641	[DEBUG]	Validating SML
2022-09-19 23:10:18:642	[DEBUG]	Validating CloneMurder
2022-09-19 23:10:18:643	[DEBUG]	Validating SML
2022-09-19 23:10:18:643	[DEBUG]	Validating SmartFoundations
2022-09-19 23:10:18:644	[DEBUG]	Validating SML
2022-09-19 23:10:18:644	[DEBUG]	Validating NogsResearch
2022-09-19 23:10:18:644	[DEBUG]	Validating SML
2022-09-19 23:10:18:644	[DEBUG]	Validating MAMTips
2022-09-19 23:10:18:644	[DEBUG]	Validating SML
2022-09-19 23:15:20:258	[DEBUG]	Validating UtilityMod
2022-09-19 23:15:20:258	[DEBUG]	Validating SML
2022-09-19 23:15:20:258	[DEBUG]	Validating FactoryGame
2022-09-19 23:15:20:258	[DEBUG]	Validating InventorySpace2
2022-09-19 23:15:20:258	[DEBUG]	Validating SML
2022-09-19 23:15:20:258	[DEBUG]	Validating ContainerScreen
2022-09-19 23:15:20:259	[DEBUG]	Validating SML
2022-09-19 23:15:20:259	[DEBUG]	Validating PersonalDrones
2022-09-19 23:15:20:259	[DEBUG]	Validating SML
2022-09-19 23:15:20:259	[DEBUG]	Validating NoNewLabel
2022-09-19 23:15:20:259	[DEBUG]	Validating SML
2022-09-19 23:15:20:259	[DEBUG]	Validating TenTimesAwesomePoints
2022-09-19 23:15:20:259	[DEBUG]	Validating SML
2022-09-19 23:15:20:259	[DEBUG]	Validating FlexSplines
2022-09-19 23:15:20:259	[DEBUG]	Validating SML
2022-09-19 23:15:20:259	[DEBUG]	Validating UndergroundBelts
2022-09-19 23:15:20:259	[DEBUG]	Validating SML
2022-09-19 23:15:20:259	[DEBUG]	Validating OrganizedCrates
2022-09-19 23:15:20:259	[DEBUG]	Validating SML
2022-09-19 23:15:20:260	[DEBUG]	Validating ShowEnemiesHealth
2022-09-19 23:15:20:260	[DEBUG]	Validating SML
2022-09-19 23:15:20:260	[DEBUG]	Validating AlienArtifactsPoints
2022-09-19 23:15:20:260	[DEBUG]	Validating SML
2022-09-19 23:15:20:260	[DEBUG]	Validating RandomStart
2022-09-19 23:15:20:260	[DEBUG]	Validating SML
2022-09-19 23:15:20:260	[DEBUG]	Validating NoFog
2022-09-19 23:15:20:260	[DEBUG]	Validating SML
2022-09-19 23:15:20:260	[DEBUG]	Validating MicroManage
2022-09-19 23:15:20:260	[DEBUG]	Validating SML
2022-09-19 23:15:20:261	[DEBUG]	Validating NoEarlyAccess
2022-09-19 23:15:20:261	[DEBUG]	Validating SML
2022-09-19 23:15:20:261	[DEBUG]	Validating CloneMurder
2022-09-19 23:15:20:261	[DEBUG]	Validating SML
2022-09-19 23:15:20:261	[DEBUG]	Validating SmartFoundations
2022-09-19 23:15:20:262	[DEBUG]	Validating SML
2022-09-19 23:15:20:262	[DEBUG]	Validating NogsResearch
2022-09-19 23:15:20:262	[DEBUG]	Validating SML
2022-09-19 23:15:20:262	[DEBUG]	Validating MAMTips
2022-09-19 23:15:20:263	[DEBUG]	Validating SML
2022-09-19 23:20:22:116	[DEBUG]	Validating UtilityMod
2022-09-19 23:20:22:116	[DEBUG]	Validating SML
2022-09-19 23:20:22:116	[DEBUG]	Validating FactoryGame
2022-09-19 23:20:22:116	[DEBUG]	Validating InventorySpace2
2022-09-19 23:20:22:116	[DEBUG]	Validating SML
2022-09-19 23:20:22:116	[DEBUG]	Validating ContainerScreen
2022-09-19 23:20:22:117	[DEBUG]	Validating SML
2022-09-19 23:20:22:117	[DEBUG]	Validating PersonalDrones
2022-09-19 23:20:22:117	[DEBUG]	Validating SML
2022-09-19 23:20:22:117	[DEBUG]	Validating NoNewLabel
2022-09-19 23:20:22:117	[DEBUG]	Validating SML
2022-09-19 23:20:22:118	[DEBUG]	Validating TenTimesAwesomePoints
2022-09-19 23:20:22:118	[DEBUG]	Validating SML
2022-09-19 23:20:22:119	[DEBUG]	Validating FlexSplines
2022-09-19 23:20:22:119	[DEBUG]	Validating SML
2022-09-19 23:20:22:119	[DEBUG]	Validating UndergroundBelts
2022-09-19 23:20:22:120	[DEBUG]	Validating SML
2022-09-19 23:20:22:120	[DEBUG]	Validating OrganizedCrates
2022-09-19 23:20:22:120	[DEBUG]	Validating SML
2022-09-19 23:20:22:120	[DEBUG]	Validating ShowEnemiesHealth
2022-09-19 23:20:22:120	[DEBUG]	Validating SML
2022-09-19 23:20:22:120	[DEBUG]	Validating AlienArtifactsPoints
2022-09-19 23:20:22:120	[DEBUG]	Validating SML
2022-09-19 23:20:22:121	[DEBUG]	Validating RandomStart
2022-09-19 23:20:22:121	[DEBUG]	Validating SML
2022-09-19 23:20:22:121	[DEBUG]	Validating NoFog
2022-09-19 23:20:22:121	[DEBUG]	Validating SML
2022-09-19 23:20:22:121	[DEBUG]	Validating MicroManage
2022-09-19 23:20:22:121	[DEBUG]	Validating SML
2022-09-19 23:20:22:121	[DEBUG]	Validating NoEarlyAccess
2022-09-19 23:20:22:121	[DEBUG]	Validating SML
2022-09-19 23:20:22:121	[DEBUG]	Validating CloneMurder
2022-09-19 23:20:22:122	[DEBUG]	Validating SML
2022-09-19 23:20:22:122	[DEBUG]	Validating SmartFoundations
2022-09-19 23:20:22:123	[DEBUG]	Validating SML
2022-09-19 23:20:22:123	[DEBUG]	Validating NogsResearch
2022-09-19 23:20:22:123	[DEBUG]	Validating SML
2022-09-19 23:20:22:123	[DEBUG]	Validating MAMTips
2022-09-19 23:20:22:123	[DEBUG]	Validating SML
2022-09-19 23:25:23:800	[DEBUG]	Validating UtilityMod
2022-09-19 23:25:23:800	[DEBUG]	Validating SML
2022-09-19 23:25:23:801	[DEBUG]	Validating FactoryGame
2022-09-19 23:25:23:801	[DEBUG]	Validating InventorySpace2
2022-09-19 23:25:23:801	[DEBUG]	Validating SML
2022-09-19 23:25:23:801	[DEBUG]	Validating ContainerScreen
2022-09-19 23:25:23:801	[DEBUG]	Validating SML
2022-09-19 23:25:23:801	[DEBUG]	Validating PersonalDrones
2022-09-19 23:25:23:801	[DEBUG]	Validating SML
2022-09-19 23:25:23:801	[DEBUG]	Validating NoNewLabel
2022-09-19 23:25:23:801	[DEBUG]	Validating SML
2022-09-19 23:25:23:801	[DEBUG]	Validating TenTimesAwesomePoints
2022-09-19 23:25:23:802	[DEBUG]	Validating SML
2022-09-19 23:25:23:802	[DEBUG]	Validating FlexSplines
2022-09-19 23:25:23:802	[DEBUG]	Validating SML
2022-09-19 23:25:23:802	[DEBUG]	Validating UndergroundBelts
2022-09-19 23:25:23:802	[DEBUG]	Validating SML
2022-09-19 23:25:23:802	[DEBUG]	Validating OrganizedCrates
2022-09-19 23:25:23:802	[DEBUG]	Validating SML
2022-09-19 23:25:23:802	[DEBUG]	Validating ShowEnemiesHealth
2022-09-19 23:25:23:802	[DEBUG]	Validating SML
2022-09-19 23:25:23:802	[DEBUG]	Validating AlienArtifactsPoints
2022-09-19 23:25:23:802	[DEBUG]	Validating SML
2022-09-19 23:25:23:802	[DEBUG]	Validating RandomStart
2022-09-19 23:25:23:803	[DEBUG]	Validating SML
2022-09-19 23:25:23:803	[DEBUG]	Validating NoFog
2022-09-19 23:25:23:803	[DEBUG]	Validating SML
2022-09-19 23:25:23:803	[DEBUG]	Validating MicroManage
2022-09-19 23:25:23:803	[DEBUG]	Validating SML
2022-09-19 23:25:23:803	[DEBUG]	Validating NoEarlyAccess
2022-09-19 23:25:23:803	[DEBUG]	Validating SML
2022-09-19 23:25:23:803	[DEBUG]	Validating CloneMurder
2022-09-19 23:25:23:803	[DEBUG]	Validating SML
2022-09-19 23:25:23:803	[DEBUG]	Validating SmartFoundations
2022-09-19 23:25:23:804	[DEBUG]	Validating SML
2022-09-19 23:25:23:804	[DEBUG]	Validating NogsResearch
2022-09-19 23:25:23:804	[DEBUG]	Validating SML
2022-09-19 23:25:23:804	[DEBUG]	Validating MAMTips
2022-09-19 23:25:23:804	[DEBUG]	Validating SML
2022-09-19 23:30:25:133	[DEBUG]	Validating UtilityMod
2022-09-19 23:30:25:134	[DEBUG]	Validating SML
2022-09-19 23:30:25:134	[DEBUG]	Validating FactoryGame
2022-09-19 23:30:25:134	[DEBUG]	Validating InventorySpace2
2022-09-19 23:30:25:134	[DEBUG]	Validating SML
2022-09-19 23:30:25:134	[DEBUG]	Validating ContainerScreen
2022-09-19 23:30:25:134	[DEBUG]	Validating SML
2022-09-19 23:30:25:134	[DEBUG]	Validating PersonalDrones
2022-09-19 23:30:25:134	[DEBUG]	Validating SML
2022-09-19 23:30:25:134	[DEBUG]	Validating NoNewLabel
2022-09-19 23:30:25:135	[DEBUG]	Validating SML
2022-09-19 23:30:25:135	[DEBUG]	Validating TenTimesAwesomePoints
2022-09-19 23:30:25:135	[DEBUG]	Validating SML
2022-09-19 23:30:25:135	[DEBUG]	Validating FlexSplines
2022-09-19 23:30:25:135	[DEBUG]	Validating SML
2022-09-19 23:30:25:135	[DEBUG]	Validating UndergroundBelts
2022-09-19 23:30:25:135	[DEBUG]	Validating SML
2022-09-19 23:30:25:135	[DEBUG]	Validating OrganizedCrates
2022-09-19 23:30:25:136	[DEBUG]	Validating SML
2022-09-19 23:30:25:136	[DEBUG]	Validating ShowEnemiesHealth
2022-09-19 23:30:25:136	[DEBUG]	Validating SML
2022-09-19 23:30:25:136	[DEBUG]	Validating AlienArtifactsPoints
2022-09-19 23:30:25:136	[DEBUG]	Validating SML
2022-09-19 23:30:25:137	[DEBUG]	Validating RandomStart
2022-09-19 23:30:25:137	[DEBUG]	Validating SML
2022-09-19 23:30:25:137	[DEBUG]	Validating NoFog
2022-09-19 23:30:25:137	[DEBUG]	Validating SML
2022-09-19 23:30:25:137	[DEBUG]	Validating MicroManage
2022-09-19 23:30:25:137	[DEBUG]	Validating SML
2022-09-19 23:30:25:137	[DEBUG]	Validating NoEarlyAccess
2022-09-19 23:30:25:137	[DEBUG]	Validating SML
2022-09-19 23:30:25:137	[DEBUG]	Validating CloneMurder
2022-09-19 23:30:25:137	[DEBUG]	Validating SML
2022-09-19 23:30:25:138	[DEBUG]	Validating SmartFoundations
2022-09-19 23:30:25:138	[DEBUG]	Validating SML
2022-09-19 23:30:25:138	[DEBUG]	Validating NogsResearch
2022-09-19 23:30:25:139	[DEBUG]	Validating SML
2022-09-19 23:30:25:139	[DEBUG]	Validating MAMTips
2022-09-19 23:30:25:139	[DEBUG]	Validating SML
