2022-06-26 02:41:41:320	[DEBUG]	Loading mod cache
2022-06-26 02:41:41:815	[DEBUG]	Loading mod cache
2022-06-26 02:41:41:864	[DEBUG]	Epic Games Launcher is not installed
2022-06-26 02:41:42:112	[DEBUG]	Setting profile to Experimental 6
2022-06-26 02:41:42:279	[DEBUG]	install: [], uninstall: [], enable: [], disable: [], update: []
2022-06-26 03:20:26:589	[DEBUG]	Loading mod cache
2022-06-26 03:20:27:122	[DEBUG]	Loading mod cache
2022-06-26 03:20:27:204	[DEBUG]	Epic Games Launcher is not installed
2022-06-26 03:20:35:036	[DEBUG]	Validating UtilityMod
2022-06-26 03:20:35:042	[DEBUG]	Validating SML
2022-06-26 03:20:35:227	[DEBUG]	Validating FactoryGame
2022-06-26 03:20:35:227	[DEBUG]	Validating InventorySpace2
2022-06-26 03:20:35:228	[DEBUG]	Validating SML
2022-06-26 03:20:35:228	[DEBUG]	Validating ContainerScreen
2022-06-26 03:20:35:230	[DEBUG]	Validating SML
2022-06-26 03:20:35:230	[DEBUG]	Validating PersonalDrones
2022-06-26 03:20:35:231	[DEBUG]	Validating SML
2022-06-26 03:20:35:231	[DEBUG]	Validating LogisticDrones
2022-06-26 03:20:35:232	[DEBUG]	Validating SML
2022-06-26 03:20:35:232	[DEBUG]	Validating NoNewLabel
2022-06-26 03:20:35:233	[DEBUG]	Validating SML
2022-06-26 03:20:35:233	[DEBUG]	Validating TenTimesAwesomePoints
2022-06-26 03:20:35:234	[DEBUG]	Validating SML
2022-06-26 03:20:35:234	[DEBUG]	Validating NoEarlyAccess
2022-06-26 03:20:35:234	[DEBUG]	Validating SML
2022-06-26 03:20:35:234	[DEBUG]	Validating DaisyChainPowerCables
2022-06-26 03:20:35:235	[DEBUG]	Validating SML
2022-06-26 03:20:35:236	[DEBUG]	Validating Bottleneck
2022-06-26 03:20:35:601	[DEBUG]	Validating SML
2022-06-26 03:20:35:602	[DEBUG]	Validating LaserBeacons
2022-06-26 03:20:35:964	[DEBUG]	Validating SML
2022-06-26 03:20:35:964	[DEBUG]	Validating FlexSplines
2022-06-26 03:20:36:325	[DEBUG]	Validating SML
2022-06-26 03:20:36:325	[DEBUG]	Validating UndergroundBelts
2022-06-26 03:20:36:691	[DEBUG]	Validating SML
2022-06-26 03:20:39:837	[DEBUG]	Validating UtilityMod
2022-06-26 03:20:39:837	[DEBUG]	Validating SML
2022-06-26 03:20:39:839	[DEBUG]	Validating FactoryGame
2022-06-26 03:20:39:839	[DEBUG]	Validating InventorySpace2
2022-06-26 03:20:39:839	[DEBUG]	Validating SML
2022-06-26 03:20:39:839	[DEBUG]	Validating ContainerScreen
2022-06-26 03:20:39:839	[DEBUG]	Validating SML
2022-06-26 03:20:39:839	[DEBUG]	Validating PersonalDrones
2022-06-26 03:20:39:840	[DEBUG]	Validating SML
2022-06-26 03:20:39:840	[DEBUG]	Validating LogisticDrones
2022-06-26 03:20:39:840	[DEBUG]	Validating SML
2022-06-26 03:20:39:840	[DEBUG]	Validating NoNewLabel
2022-06-26 03:20:39:840	[DEBUG]	Validating SML
2022-06-26 03:20:39:840	[DEBUG]	Validating TenTimesAwesomePoints
2022-06-26 03:20:39:841	[DEBUG]	Validating SML
2022-06-26 03:20:39:841	[DEBUG]	Validating NoEarlyAccess
2022-06-26 03:20:39:842	[DEBUG]	Validating SML
2022-06-26 03:20:39:842	[DEBUG]	Validating DaisyChainPowerCables
2022-06-26 03:20:39:842	[DEBUG]	Validating SML
2022-06-26 03:20:39:842	[DEBUG]	Validating Bottleneck
2022-06-26 03:20:39:842	[DEBUG]	Validating SML
2022-06-26 03:20:39:842	[DEBUG]	Validating LaserBeacons
2022-06-26 03:20:39:843	[DEBUG]	Validating SML
2022-06-26 03:20:39:843	[DEBUG]	Validating FlexSplines
2022-06-26 03:20:39:843	[DEBUG]	Validating SML
2022-06-26 03:20:39:843	[DEBUG]	Validating UndergroundBelts
2022-06-26 03:20:39:843	[DEBUG]	Validating SML
2022-06-26 03:25:41:628	[DEBUG]	Validating UtilityMod
2022-06-26 03:25:41:629	[DEBUG]	Validating SML
2022-06-26 03:25:41:629	[DEBUG]	Validating FactoryGame
2022-06-26 03:25:41:629	[DEBUG]	Validating InventorySpace2
2022-06-26 03:25:41:629	[DEBUG]	Validating SML
2022-06-26 03:25:41:629	[DEBUG]	Validating ContainerScreen
2022-06-26 03:25:41:630	[DEBUG]	Validating SML
2022-06-26 03:25:41:630	[DEBUG]	Validating PersonalDrones
2022-06-26 03:25:41:630	[DEBUG]	Validating SML
2022-06-26 03:25:41:630	[DEBUG]	Validating LogisticDrones
2022-06-26 03:25:41:631	[DEBUG]	Validating SML
2022-06-26 03:25:41:631	[DEBUG]	Validating NoNewLabel
2022-06-26 03:25:41:631	[DEBUG]	Validating SML
2022-06-26 03:25:41:631	[DEBUG]	Validating TenTimesAwesomePoints
2022-06-26 03:25:41:631	[DEBUG]	Validating SML
2022-06-26 03:25:41:631	[DEBUG]	Validating NoEarlyAccess
2022-06-26 03:25:41:631	[DEBUG]	Validating SML
2022-06-26 03:25:41:631	[DEBUG]	Validating DaisyChainPowerCables
2022-06-26 03:25:41:632	[DEBUG]	Validating SML
2022-06-26 03:25:41:632	[DEBUG]	Validating Bottleneck
2022-06-26 03:25:41:632	[DEBUG]	Validating SML
2022-06-26 03:25:41:632	[DEBUG]	Validating LaserBeacons
2022-06-26 03:25:41:632	[DEBUG]	Validating SML
2022-06-26 03:25:41:632	[DEBUG]	Validating FlexSplines
2022-06-26 03:25:41:633	[DEBUG]	Validating SML
2022-06-26 03:25:41:633	[DEBUG]	Validating UndergroundBelts
2022-06-26 03:25:41:633	[DEBUG]	Validating SML
2022-06-26 03:30:43:268	[DEBUG]	Validating UtilityMod
2022-06-26 03:30:43:268	[DEBUG]	Validating SML
2022-06-26 03:30:43:269	[DEBUG]	Validating FactoryGame
2022-06-26 03:30:43:269	[DEBUG]	Validating InventorySpace2
2022-06-26 03:30:43:269	[DEBUG]	Validating SML
2022-06-26 03:30:43:269	[DEBUG]	Validating ContainerScreen
2022-06-26 03:30:43:269	[DEBUG]	Validating SML
2022-06-26 03:30:43:269	[DEBUG]	Validating PersonalDrones
2022-06-26 03:30:43:270	[DEBUG]	Validating SML
2022-06-26 03:30:43:270	[DEBUG]	Validating LogisticDrones
2022-06-26 03:30:43:270	[DEBUG]	Validating SML
2022-06-26 03:30:43:270	[DEBUG]	Validating NoNewLabel
2022-06-26 03:30:43:270	[DEBUG]	Validating SML
2022-06-26 03:30:43:270	[DEBUG]	Validating TenTimesAwesomePoints
2022-06-26 03:30:43:270	[DEBUG]	Validating SML
2022-06-26 03:30:43:270	[DEBUG]	Validating NoEarlyAccess
2022-06-26 03:30:43:270	[DEBUG]	Validating SML
2022-06-26 03:30:43:270	[DEBUG]	Validating DaisyChainPowerCables
2022-06-26 03:30:43:271	[DEBUG]	Validating SML
2022-06-26 03:30:43:271	[DEBUG]	Validating Bottleneck
2022-06-26 03:30:43:271	[DEBUG]	Validating SML
2022-06-26 03:30:43:271	[DEBUG]	Validating LaserBeacons
2022-06-26 03:30:43:271	[DEBUG]	Validating SML
2022-06-26 03:30:43:271	[DEBUG]	Validating FlexSplines
2022-06-26 03:30:43:272	[DEBUG]	Validating SML
2022-06-26 03:30:43:272	[DEBUG]	Validating UndergroundBelts
2022-06-26 03:30:43:272	[DEBUG]	Validating SML
2022-06-26 03:35:44:891	[DEBUG]	Validating UtilityMod
2022-06-26 03:35:44:891	[DEBUG]	Validating SML
2022-06-26 03:35:44:891	[DEBUG]	Validating FactoryGame
2022-06-26 03:35:44:891	[DEBUG]	Validating InventorySpace2
2022-06-26 03:35:44:891	[DEBUG]	Validating SML
2022-06-26 03:35:44:892	[DEBUG]	Validating ContainerScreen
2022-06-26 03:35:44:892	[DEBUG]	Validating SML
2022-06-26 03:35:44:892	[DEBUG]	Validating PersonalDrones
2022-06-26 03:35:44:892	[DEBUG]	Validating SML
2022-06-26 03:35:44:892	[DEBUG]	Validating LogisticDrones
2022-06-26 03:35:44:892	[DEBUG]	Validating SML
2022-06-26 03:35:44:892	[DEBUG]	Validating NoNewLabel
2022-06-26 03:35:44:893	[DEBUG]	Validating SML
2022-06-26 03:35:44:893	[DEBUG]	Validating TenTimesAwesomePoints
2022-06-26 03:35:44:893	[DEBUG]	Validating SML
2022-06-26 03:35:44:893	[DEBUG]	Validating NoEarlyAccess
2022-06-26 03:35:44:893	[DEBUG]	Validating SML
2022-06-26 03:35:44:893	[DEBUG]	Validating DaisyChainPowerCables
2022-06-26 03:35:44:893	[DEBUG]	Validating SML
2022-06-26 03:35:44:893	[DEBUG]	Validating Bottleneck
2022-06-26 03:35:44:893	[DEBUG]	Validating SML
2022-06-26 03:35:44:893	[DEBUG]	Validating LaserBeacons
2022-06-26 03:35:44:893	[DEBUG]	Validating SML
2022-06-26 03:35:44:894	[DEBUG]	Validating FlexSplines
2022-06-26 03:35:44:894	[DEBUG]	Validating SML
2022-06-26 03:35:44:894	[DEBUG]	Validating UndergroundBelts
2022-06-26 03:35:44:894	[DEBUG]	Validating SML
2022-06-26 03:40:46:503	[DEBUG]	Validating UtilityMod
2022-06-26 03:40:46:503	[DEBUG]	Validating SML
2022-06-26 03:40:46:503	[DEBUG]	Validating FactoryGame
2022-06-26 03:40:46:503	[DEBUG]	Validating InventorySpace2
2022-06-26 03:40:46:504	[DEBUG]	Validating SML
2022-06-26 03:40:46:504	[DEBUG]	Validating ContainerScreen
2022-06-26 03:40:46:504	[DEBUG]	Validating SML
2022-06-26 03:40:46:504	[DEBUG]	Validating PersonalDrones
2022-06-26 03:40:46:505	[DEBUG]	Validating SML
2022-06-26 03:40:46:505	[DEBUG]	Validating LogisticDrones
2022-06-26 03:40:46:505	[DEBUG]	Validating SML
2022-06-26 03:40:46:505	[DEBUG]	Validating NoNewLabel
2022-06-26 03:40:46:505	[DEBUG]	Validating SML
2022-06-26 03:40:46:505	[DEBUG]	Validating TenTimesAwesomePoints
2022-06-26 03:40:46:505	[DEBUG]	Validating SML
2022-06-26 03:40:46:505	[DEBUG]	Validating NoEarlyAccess
2022-06-26 03:40:46:506	[DEBUG]	Validating SML
2022-06-26 03:40:46:506	[DEBUG]	Validating DaisyChainPowerCables
2022-06-26 03:40:46:506	[DEBUG]	Validating SML
2022-06-26 03:40:46:506	[DEBUG]	Validating Bottleneck
2022-06-26 03:40:46:506	[DEBUG]	Validating SML
2022-06-26 03:40:46:506	[DEBUG]	Validating LaserBeacons
2022-06-26 03:40:46:506	[DEBUG]	Validating SML
2022-06-26 03:40:46:506	[DEBUG]	Validating FlexSplines
2022-06-26 03:40:46:507	[DEBUG]	Validating SML
2022-06-26 03:40:46:507	[DEBUG]	Validating UndergroundBelts
2022-06-26 03:40:46:507	[DEBUG]	Validating SML
2022-06-26 03:45:48:683	[DEBUG]	Validating UtilityMod
2022-06-26 03:45:48:684	[DEBUG]	Validating SML
2022-06-26 03:45:48:684	[DEBUG]	Validating FactoryGame
2022-06-26 03:45:48:684	[DEBUG]	Validating InventorySpace2
2022-06-26 03:45:48:684	[DEBUG]	Validating SML
2022-06-26 03:45:48:685	[DEBUG]	Validating ContainerScreen
2022-06-26 03:45:48:685	[DEBUG]	Validating SML
2022-06-26 03:45:48:685	[DEBUG]	Validating PersonalDrones
2022-06-26 03:45:48:685	[DEBUG]	Validating SML
2022-06-26 03:45:48:685	[DEBUG]	Validating LogisticDrones
2022-06-26 03:45:48:685	[DEBUG]	Validating SML
2022-06-26 03:45:48:685	[DEBUG]	Validating NoNewLabel
2022-06-26 03:45:48:686	[DEBUG]	Validating SML
2022-06-26 03:45:48:686	[DEBUG]	Validating TenTimesAwesomePoints
2022-06-26 03:45:48:686	[DEBUG]	Validating SML
2022-06-26 03:45:48:686	[DEBUG]	Validating NoEarlyAccess
2022-06-26 03:45:48:686	[DEBUG]	Validating SML
2022-06-26 03:45:48:686	[DEBUG]	Validating DaisyChainPowerCables
2022-06-26 03:45:48:686	[DEBUG]	Validating SML
2022-06-26 03:45:48:686	[DEBUG]	Validating Bottleneck
2022-06-26 03:45:48:687	[DEBUG]	Validating SML
2022-06-26 03:45:48:687	[DEBUG]	Validating LaserBeacons
2022-06-26 03:45:48:687	[DEBUG]	Validating SML
2022-06-26 03:45:48:687	[DEBUG]	Validating FlexSplines
2022-06-26 03:45:48:688	[DEBUG]	Validating SML
2022-06-26 03:45:48:689	[DEBUG]	Validating UndergroundBelts
2022-06-26 03:45:48:689	[DEBUG]	Validating SML
2022-06-26 03:50:50:706	[DEBUG]	Validating UtilityMod
2022-06-26 03:50:50:706	[DEBUG]	Validating SML
2022-06-26 03:50:50:707	[DEBUG]	Validating FactoryGame
2022-06-26 03:50:50:707	[DEBUG]	Validating InventorySpace2
2022-06-26 03:50:50:707	[DEBUG]	Validating SML
2022-06-26 03:50:50:707	[DEBUG]	Validating ContainerScreen
2022-06-26 03:50:50:707	[DEBUG]	Validating SML
2022-06-26 03:50:50:707	[DEBUG]	Validating PersonalDrones
2022-06-26 03:50:50:708	[DEBUG]	Validating SML
2022-06-26 03:50:50:708	[DEBUG]	Validating LogisticDrones
2022-06-26 03:50:50:708	[DEBUG]	Validating SML
2022-06-26 03:50:50:708	[DEBUG]	Validating NoNewLabel
2022-06-26 03:50:50:708	[DEBUG]	Validating SML
2022-06-26 03:50:50:708	[DEBUG]	Validating TenTimesAwesomePoints
2022-06-26 03:50:50:708	[DEBUG]	Validating SML
2022-06-26 03:50:50:708	[DEBUG]	Validating NoEarlyAccess
2022-06-26 03:50:50:708	[DEBUG]	Validating SML
2022-06-26 03:50:50:709	[DEBUG]	Validating DaisyChainPowerCables
2022-06-26 03:50:50:709	[DEBUG]	Validating SML
2022-06-26 03:50:50:709	[DEBUG]	Validating Bottleneck
2022-06-26 03:50:50:709	[DEBUG]	Validating SML
2022-06-26 03:50:50:709	[DEBUG]	Validating LaserBeacons
2022-06-26 03:50:50:709	[DEBUG]	Validating SML
2022-06-26 03:50:50:709	[DEBUG]	Validating FlexSplines
2022-06-26 03:50:50:710	[DEBUG]	Validating SML
2022-06-26 03:50:50:711	[DEBUG]	Validating UndergroundBelts
2022-06-26 03:50:50:711	[DEBUG]	Validating SML
2022-06-26 03:54:50:825	[INFO]	Enabling FlexSplines
2022-06-26 03:54:51:041	[DEBUG]	install: [], uninstall: [], enable: [FlexSplines], disable: [], update: []
2022-06-26 03:54:51:572	[DEBUG]	Validating SML
2022-06-26 03:54:51:572	[DEBUG]	Validating FactoryGame
2022-06-26 03:54:51:572	[DEBUG]	Validating UtilityMod
2022-06-26 03:54:51:572	[DEBUG]	Validating InventorySpace2
2022-06-26 03:54:51:572	[DEBUG]	Validating ContainerScreen
2022-06-26 03:54:51:572	[DEBUG]	Validating PersonalDrones
2022-06-26 03:54:51:572	[DEBUG]	Validating LogisticDrones
2022-06-26 03:54:51:572	[DEBUG]	Validating NoNewLabel
2022-06-26 03:54:51:572	[DEBUG]	Validating TenTimesAwesomePoints
2022-06-26 03:54:51:572	[DEBUG]	Validating NoEarlyAccess
2022-06-26 03:54:51:572	[DEBUG]	Validating DaisyChainPowerCables
2022-06-26 03:54:51:572	[DEBUG]	Validating Bottleneck
2022-06-26 03:54:51:573	[DEBUG]	Validating SML
2022-06-26 03:54:51:573	[DEBUG]	Validating LaserBeacons
2022-06-26 03:54:51:573	[DEBUG]	Validating SML
2022-06-26 03:54:51:573	[DEBUG]	Validating FlexSplines
2022-06-26 03:54:51:573	[DEBUG]	Validating SML
2022-06-26 03:54:51:573	[DEBUG]	Validating UndergroundBelts
2022-06-26 03:54:51:573	[DEBUG]	Validating SML
2022-06-26 03:54:51:574	[DEBUG]	Items: {"UtilityMod":"0.5.4","SML":"3.3.1","InventorySpace2":"2.0.1","ContainerScreen":"1.0.11","PersonalDrones":"1.0.11","LogisticDrones":"1.0.1","NoNewLabel":"1.0.0","TenTimesAwesomePoints":"1.0.1","NoEarlyAccess":"1.0.2","DaisyChainPowerCables":"2.0.2","Bottleneck":"1.0.3","LaserBeacons":"1.0.4","FlexSplines":"1.0.6","UndergroundBelts":"3.0.7"}
2022-06-26 03:54:51:582	[DEBUG]	Mismatches: {"install":{},"uninstall":["GhostConstruction"]}
2022-06-26 03:54:51:582	[DEBUG]	Removing GhostConstruction from Satisfactory install
2022-06-26 03:54:59:105	[DEBUG]	Validating UtilityMod
2022-06-26 03:54:59:105	[DEBUG]	Validating SML
2022-06-26 03:54:59:106	[DEBUG]	Validating FactoryGame
2022-06-26 03:54:59:106	[DEBUG]	Validating InventorySpace2
2022-06-26 03:54:59:106	[DEBUG]	Validating SML
2022-06-26 03:54:59:106	[DEBUG]	Validating ContainerScreen
2022-06-26 03:54:59:106	[DEBUG]	Validating SML
2022-06-26 03:54:59:106	[DEBUG]	Validating PersonalDrones
2022-06-26 03:54:59:106	[DEBUG]	Validating SML
2022-06-26 03:54:59:106	[DEBUG]	Validating LogisticDrones
2022-06-26 03:54:59:106	[DEBUG]	Validating SML
2022-06-26 03:54:59:106	[DEBUG]	Validating NoNewLabel
2022-06-26 03:54:59:106	[DEBUG]	Validating SML
2022-06-26 03:54:59:106	[DEBUG]	Validating TenTimesAwesomePoints
2022-06-26 03:54:59:106	[DEBUG]	Validating SML
2022-06-26 03:54:59:106	[DEBUG]	Validating NoEarlyAccess
2022-06-26 03:54:59:107	[DEBUG]	Validating SML
2022-06-26 03:54:59:107	[DEBUG]	Validating DaisyChainPowerCables
2022-06-26 03:54:59:107	[DEBUG]	Validating SML
2022-06-26 03:54:59:107	[DEBUG]	Validating Bottleneck
2022-06-26 03:54:59:107	[DEBUG]	Validating SML
2022-06-26 03:54:59:107	[DEBUG]	Validating LaserBeacons
2022-06-26 03:54:59:107	[DEBUG]	Validating SML
2022-06-26 03:54:59:107	[DEBUG]	Validating FlexSplines
2022-06-26 03:54:59:107	[DEBUG]	Validating SML
2022-06-26 03:54:59:107	[DEBUG]	Validating UndergroundBelts
2022-06-26 03:54:59:107	[DEBUG]	Validating SML
2022-06-26 11:14:12:109	[DEBUG]	Loading mod cache
2022-06-26 11:14:12:632	[DEBUG]	Loading mod cache
2022-06-26 11:14:12:855	[DEBUG]	Epic Games Launcher is not installed
2022-06-26 11:14:13:240	[DEBUG]	Setting profile to Experimental 6
2022-06-26 11:14:13:415	[DEBUG]	install: [], uninstall: [], enable: [], disable: [], update: []
2022-06-26 11:14:14:267	[DEBUG]	Validating SML
2022-06-26 11:14:14:267	[DEBUG]	Validating FactoryGame
2022-06-26 11:14:14:267	[DEBUG]	Validating UtilityMod
2022-06-26 11:14:14:268	[DEBUG]	Validating InventorySpace2
2022-06-26 11:14:14:268	[DEBUG]	Validating ContainerScreen
2022-06-26 11:14:14:268	[DEBUG]	Validating PersonalDrones
2022-06-26 11:14:14:268	[DEBUG]	Validating LogisticDrones
2022-06-26 11:14:14:268	[DEBUG]	Validating NoNewLabel
2022-06-26 11:14:14:268	[DEBUG]	Validating TenTimesAwesomePoints
2022-06-26 11:14:14:268	[DEBUG]	Validating NoEarlyAccess
2022-06-26 11:14:14:268	[DEBUG]	Validating DaisyChainPowerCables
2022-06-26 11:14:14:268	[DEBUG]	Validating Bottleneck
2022-06-26 11:14:14:268	[DEBUG]	Validating LaserBeacons
2022-06-26 11:14:14:268	[DEBUG]	Validating FlexSplines
2022-06-26 11:14:14:268	[DEBUG]	Validating UndergroundBelts
2022-06-26 11:14:14:268	[DEBUG]	Items: {"UtilityMod":"0.5.4","SML":"3.3.1","InventorySpace2":"2.0.1","ContainerScreen":"1.0.11","PersonalDrones":"1.0.11","LogisticDrones":"1.0.1","NoNewLabel":"1.0.0","TenTimesAwesomePoints":"1.0.1","NoEarlyAccess":"1.0.2","DaisyChainPowerCables":"2.0.2","Bottleneck":"1.0.3","LaserBeacons":"1.0.4","FlexSplines":"1.0.6","UndergroundBelts":"3.0.7"}
2022-06-26 11:14:14:281	[DEBUG]	Mismatches: {"install":{},"uninstall":[]}
2022-06-26 11:14:16:582	[DEBUG]	Validating UtilityMod
2022-06-26 11:14:16:584	[DEBUG]	Validating SML
2022-06-26 11:14:16:584	[DEBUG]	Validating FactoryGame
2022-06-26 11:14:16:584	[DEBUG]	Validating InventorySpace2
2022-06-26 11:14:16:585	[DEBUG]	Validating SML
2022-06-26 11:14:16:585	[DEBUG]	Validating ContainerScreen
2022-06-26 11:14:16:586	[DEBUG]	Validating SML
2022-06-26 11:14:16:586	[DEBUG]	Validating PersonalDrones
2022-06-26 11:14:16:587	[DEBUG]	Validating SML
2022-06-26 11:14:16:587	[DEBUG]	Validating LogisticDrones
2022-06-26 11:14:16:588	[DEBUG]	Validating SML
2022-06-26 11:14:16:588	[DEBUG]	Validating NoNewLabel
2022-06-26 11:14:16:588	[DEBUG]	Validating SML
2022-06-26 11:14:16:588	[DEBUG]	Validating TenTimesAwesomePoints
2022-06-26 11:14:16:589	[DEBUG]	Validating SML
2022-06-26 11:14:16:589	[DEBUG]	Validating NoEarlyAccess
2022-06-26 11:14:16:589	[DEBUG]	Validating SML
2022-06-26 11:14:16:589	[DEBUG]	Validating DaisyChainPowerCables
2022-06-26 11:14:16:590	[DEBUG]	Validating SML
2022-06-26 11:14:16:590	[DEBUG]	Validating Bottleneck
2022-06-26 11:14:16:591	[DEBUG]	Validating SML
2022-06-26 11:14:16:591	[DEBUG]	Validating LaserBeacons
2022-06-26 11:14:16:593	[DEBUG]	Validating SML
2022-06-26 11:14:16:593	[DEBUG]	Validating FlexSplines
2022-06-26 11:14:16:594	[DEBUG]	Validating SML
2022-06-26 11:14:16:594	[DEBUG]	Validating UndergroundBelts
2022-06-26 11:14:16:595	[DEBUG]	Validating SML
2022-06-26 11:29:29:700	[DEBUG]	Loading mod cache
2022-06-26 11:29:30:187	[DEBUG]	Loading mod cache
2022-06-26 11:29:30:251	[DEBUG]	Epic Games Launcher is not installed
2022-06-26 11:29:30:514	[DEBUG]	Setting profile to Experimental 6
2022-06-26 11:29:30:686	[DEBUG]	install: [], uninstall: [], enable: [], disable: [], update: []
2022-06-26 11:29:31:827	[DEBUG]	Validating SML
2022-06-26 11:29:31:827	[DEBUG]	Validating FactoryGame
2022-06-26 11:29:31:827	[DEBUG]	Validating UtilityMod
2022-06-26 11:29:31:827	[DEBUG]	Validating InventorySpace2
2022-06-26 11:29:31:827	[DEBUG]	Validating ContainerScreen
2022-06-26 11:29:31:827	[DEBUG]	Validating PersonalDrones
2022-06-26 11:29:31:827	[DEBUG]	Validating LogisticDrones
2022-06-26 11:29:31:828	[DEBUG]	Validating NoNewLabel
2022-06-26 11:29:31:828	[DEBUG]	Validating TenTimesAwesomePoints
2022-06-26 11:29:31:828	[DEBUG]	Validating NoEarlyAccess
2022-06-26 11:29:31:828	[DEBUG]	Validating DaisyChainPowerCables
2022-06-26 11:29:31:828	[DEBUG]	Validating Bottleneck
2022-06-26 11:29:31:828	[DEBUG]	Validating LaserBeacons
2022-06-26 11:29:31:828	[DEBUG]	Validating FlexSplines
2022-06-26 11:29:31:828	[DEBUG]	Validating UndergroundBelts
2022-06-26 11:29:31:828	[DEBUG]	Items: {"UtilityMod":"0.5.4","SML":"3.3.1","InventorySpace2":"2.0.1","ContainerScreen":"1.0.11","PersonalDrones":"1.0.11","LogisticDrones":"1.0.1","NoNewLabel":"1.0.0","TenTimesAwesomePoints":"1.0.1","NoEarlyAccess":"1.0.2","DaisyChainPowerCables":"2.0.2","Bottleneck":"1.0.3","LaserBeacons":"1.0.4","FlexSplines":"1.0.6","UndergroundBelts":"3.0.7"}
2022-06-26 11:29:31:835	[DEBUG]	Mismatches: {"install":{},"uninstall":[]}
2022-06-26 11:29:34:657	[DEBUG]	Validating UtilityMod
2022-06-26 11:29:34:659	[DEBUG]	Validating SML
2022-06-26 11:29:34:660	[DEBUG]	Validating FactoryGame
2022-06-26 11:29:34:660	[DEBUG]	Validating InventorySpace2
2022-06-26 11:29:34:660	[DEBUG]	Validating SML
2022-06-26 11:29:34:660	[DEBUG]	Validating ContainerScreen
2022-06-26 11:29:34:662	[DEBUG]	Validating SML
2022-06-26 11:29:34:662	[DEBUG]	Validating PersonalDrones
2022-06-26 11:29:34:663	[DEBUG]	Validating SML
2022-06-26 11:29:34:663	[DEBUG]	Validating LogisticDrones
2022-06-26 11:29:34:663	[DEBUG]	Validating SML
2022-06-26 11:29:34:663	[DEBUG]	Validating NoNewLabel
2022-06-26 11:29:34:664	[DEBUG]	Validating SML
2022-06-26 11:29:34:664	[DEBUG]	Validating TenTimesAwesomePoints
2022-06-26 11:29:34:664	[DEBUG]	Validating SML
2022-06-26 11:29:34:664	[DEBUG]	Validating NoEarlyAccess
2022-06-26 11:29:34:666	[DEBUG]	Validating SML
2022-06-26 11:29:34:666	[DEBUG]	Validating DaisyChainPowerCables
2022-06-26 11:29:34:667	[DEBUG]	Validating SML
2022-06-26 11:29:34:667	[DEBUG]	Validating Bottleneck
2022-06-26 11:29:34:668	[DEBUG]	Validating SML
2022-06-26 11:29:34:668	[DEBUG]	Validating LaserBeacons
2022-06-26 11:29:34:668	[DEBUG]	Validating SML
2022-06-26 11:29:34:669	[DEBUG]	Validating FlexSplines
2022-06-26 11:29:34:669	[DEBUG]	Validating SML
2022-06-26 11:29:34:669	[DEBUG]	Validating UndergroundBelts
2022-06-26 11:29:34:670	[DEBUG]	Validating SML
