2022-07-01 09:00:04:091	[DEBUG]	Loading mod cache
2022-07-01 09:00:04:635	[DEBUG]	Loading mod cache
2022-07-01 09:00:04:697	[DEBUG]	Epic Games Launcher is not installed
2022-07-01 09:00:04:952	[DEBUG]	Setting profile to Experimental 6
2022-07-01 09:00:05:121	[DEBUG]	install: [], uninstall: [], enable: [], disable: [], update: []
2022-07-01 09:00:06:217	[DEBUG]	Validating SML
2022-07-01 09:00:06:218	[DEBUG]	Validating FactoryGame
2022-07-01 09:00:06:218	[DEBUG]	Validating UtilityMod
2022-07-01 09:00:06:218	[DEBUG]	Validating InventorySpace2
2022-07-01 09:00:06:218	[DEBUG]	Validating ContainerScreen
2022-07-01 09:00:06:218	[DEBUG]	Validating PersonalDrones
2022-07-01 09:00:06:218	[DEBUG]	Validating NoNewLabel
2022-07-01 09:00:06:218	[DEBUG]	Validating TenTimesAwesomePoints
2022-07-01 09:00:06:218	[DEBUG]	Validating NoEarlyAccess
2022-07-01 09:00:06:218	[DEBUG]	Validating FlexSplines
2022-07-01 09:00:06:218	[DEBUG]	Validating UndergroundBelts
2022-07-01 09:00:06:218	[DEBUG]	Validating SpySat
2022-07-01 09:00:06:219	[DEBUG]	Items: {"UtilityMod":"0.5.4","SML":"3.3.1","InventorySpace2":"2.0.1","ContainerScreen":"1.0.11","PersonalDrones":"1.0.11","NoNewLabel":"1.0.0","TenTimesAwesomePoints":"1.0.1","NoEarlyAccess":"1.0.2","FlexSplines":"1.0.6","UndergroundBelts":"3.0.7","SpySat":"1.0.4"}
2022-07-01 09:00:06:235	[DEBUG]	Mismatches: {"install":{},"uninstall":[]}
2022-07-01 09:00:08:835	[DEBUG]	Validating UtilityMod
2022-07-01 09:00:08:837	[DEBUG]	Validating SML
2022-07-01 09:00:08:837	[DEBUG]	Validating FactoryGame
2022-07-01 09:00:08:837	[DEBUG]	Validating InventorySpace2
2022-07-01 09:00:08:838	[DEBUG]	Validating SML
2022-07-01 09:00:08:838	[DEBUG]	Validating ContainerScreen
2022-07-01 09:00:08:839	[DEBUG]	Validating SML
2022-07-01 09:00:08:839	[DEBUG]	Validating PersonalDrones
2022-07-01 09:00:08:840	[DEBUG]	Validating SML
2022-07-01 09:00:08:840	[DEBUG]	Validating NoNewLabel
2022-07-01 09:00:08:841	[DEBUG]	Validating SML
2022-07-01 09:00:08:841	[DEBUG]	Validating TenTimesAwesomePoints
2022-07-01 09:00:08:841	[DEBUG]	Validating SML
2022-07-01 09:00:08:841	[DEBUG]	Validating NoEarlyAccess
2022-07-01 09:00:08:842	[DEBUG]	Validating SML
2022-07-01 09:00:08:842	[DEBUG]	Validating FlexSplines
2022-07-01 09:00:08:842	[DEBUG]	Validating SML
2022-07-01 09:00:08:843	[DEBUG]	Validating UndergroundBelts
2022-07-01 09:00:08:844	[DEBUG]	Validating SML
2022-07-01 09:00:08:844	[DEBUG]	Validating SpySat
2022-07-01 09:00:08:845	[DEBUG]	Validating SML
2022-07-01 09:05:58:812	[DEBUG]	Validating UtilityMod
2022-07-01 09:05:58:812	[DEBUG]	Validating SML
2022-07-01 09:05:58:812	[DEBUG]	Validating FactoryGame
2022-07-01 09:05:58:812	[DEBUG]	Validating InventorySpace2
2022-07-01 09:05:58:813	[DEBUG]	Validating SML
2022-07-01 09:05:58:813	[DEBUG]	Validating ContainerScreen
2022-07-01 09:05:58:813	[DEBUG]	Validating SML
2022-07-01 09:05:58:813	[DEBUG]	Validating PersonalDrones
2022-07-01 09:05:58:813	[DEBUG]	Validating SML
2022-07-01 09:05:58:813	[DEBUG]	Validating NoNewLabel
2022-07-01 09:05:58:813	[DEBUG]	Validating SML
2022-07-01 09:05:58:813	[DEBUG]	Validating TenTimesAwesomePoints
2022-07-01 09:05:58:813	[DEBUG]	Validating SML
2022-07-01 09:05:58:813	[DEBUG]	Validating NoEarlyAccess
2022-07-01 09:05:58:814	[DEBUG]	Validating SML
2022-07-01 09:05:58:814	[DEBUG]	Validating FlexSplines
2022-07-01 09:05:58:814	[DEBUG]	Validating SML
2022-07-01 09:05:58:814	[DEBUG]	Validating UndergroundBelts
2022-07-01 09:05:58:814	[DEBUG]	Validating SML
2022-07-01 09:05:58:814	[DEBUG]	Validating SpySat
2022-07-01 09:05:58:814	[DEBUG]	Validating SML
2022-07-01 09:11:00:028	[DEBUG]	Validating UtilityMod
2022-07-01 09:11:00:029	[DEBUG]	Validating SML
2022-07-01 09:11:00:030	[DEBUG]	Validating FactoryGame
2022-07-01 09:11:00:030	[DEBUG]	Validating InventorySpace2
2022-07-01 09:11:00:030	[DEBUG]	Validating SML
2022-07-01 09:11:00:030	[DEBUG]	Validating ContainerScreen
2022-07-01 09:11:00:030	[DEBUG]	Validating SML
2022-07-01 09:11:00:030	[DEBUG]	Validating PersonalDrones
2022-07-01 09:11:00:030	[DEBUG]	Validating SML
2022-07-01 09:11:00:030	[DEBUG]	Validating NoNewLabel
2022-07-01 09:11:00:030	[DEBUG]	Validating SML
2022-07-01 09:11:00:030	[DEBUG]	Validating TenTimesAwesomePoints
2022-07-01 09:11:00:031	[DEBUG]	Validating SML
2022-07-01 09:11:00:031	[DEBUG]	Validating NoEarlyAccess
2022-07-01 09:11:00:031	[DEBUG]	Validating SML
2022-07-01 09:11:00:031	[DEBUG]	Validating FlexSplines
2022-07-01 09:11:00:031	[DEBUG]	Validating SML
2022-07-01 09:11:00:031	[DEBUG]	Validating UndergroundBelts
2022-07-01 09:11:00:031	[DEBUG]	Validating SML
2022-07-01 09:11:00:031	[DEBUG]	Validating SpySat
2022-07-01 09:11:00:031	[DEBUG]	Validating SML
2022-07-01 09:16:01:908	[DEBUG]	Validating UtilityMod
2022-07-01 09:16:01:909	[DEBUG]	Validating SML
2022-07-01 09:16:01:910	[DEBUG]	Validating FactoryGame
2022-07-01 09:16:01:910	[DEBUG]	Validating InventorySpace2
2022-07-01 09:16:01:910	[DEBUG]	Validating SML
2022-07-01 09:16:01:910	[DEBUG]	Validating ContainerScreen
2022-07-01 09:16:01:911	[DEBUG]	Validating SML
2022-07-01 09:16:01:911	[DEBUG]	Validating PersonalDrones
2022-07-01 09:16:01:911	[DEBUG]	Validating SML
2022-07-01 09:16:01:911	[DEBUG]	Validating NoNewLabel
2022-07-01 09:16:01:911	[DEBUG]	Validating SML
2022-07-01 09:16:01:911	[DEBUG]	Validating TenTimesAwesomePoints
2022-07-01 09:16:01:912	[DEBUG]	Validating SML
2022-07-01 09:16:01:912	[DEBUG]	Validating NoEarlyAccess
2022-07-01 09:16:01:912	[DEBUG]	Validating SML
2022-07-01 09:16:01:912	[DEBUG]	Validating FlexSplines
2022-07-01 09:16:01:912	[DEBUG]	Validating SML
2022-07-01 09:16:01:912	[DEBUG]	Validating UndergroundBelts
2022-07-01 09:16:01:913	[DEBUG]	Validating SML
2022-07-01 09:16:01:913	[DEBUG]	Validating SpySat
2022-07-01 09:16:01:913	[DEBUG]	Validating SML
2022-07-01 09:21:03:951	[DEBUG]	Validating UtilityMod
2022-07-01 09:21:03:951	[DEBUG]	Validating SML
2022-07-01 09:21:03:952	[DEBUG]	Validating FactoryGame
2022-07-01 09:21:03:952	[DEBUG]	Validating InventorySpace2
2022-07-01 09:21:03:952	[DEBUG]	Validating SML
2022-07-01 09:21:03:952	[DEBUG]	Validating ContainerScreen
2022-07-01 09:21:03:953	[DEBUG]	Validating SML
2022-07-01 09:21:03:953	[DEBUG]	Validating PersonalDrones
2022-07-01 09:21:03:953	[DEBUG]	Validating SML
2022-07-01 09:21:03:953	[DEBUG]	Validating NoNewLabel
2022-07-01 09:21:03:953	[DEBUG]	Validating SML
2022-07-01 09:21:03:953	[DEBUG]	Validating TenTimesAwesomePoints
2022-07-01 09:21:03:954	[DEBUG]	Validating SML
2022-07-01 09:21:03:954	[DEBUG]	Validating NoEarlyAccess
2022-07-01 09:21:03:954	[DEBUG]	Validating SML
2022-07-01 09:21:03:954	[DEBUG]	Validating FlexSplines
2022-07-01 09:21:03:954	[DEBUG]	Validating SML
2022-07-01 09:21:03:954	[DEBUG]	Validating UndergroundBelts
2022-07-01 09:21:03:954	[DEBUG]	Validating SML
2022-07-01 09:21:03:954	[DEBUG]	Validating SpySat
2022-07-01 09:21:03:954	[DEBUG]	Validating SML
2022-07-01 09:26:05:827	[DEBUG]	Validating UtilityMod
2022-07-01 09:26:05:828	[DEBUG]	Validating SML
2022-07-01 09:26:05:828	[DEBUG]	Validating FactoryGame
2022-07-01 09:26:05:828	[DEBUG]	Validating InventorySpace2
2022-07-01 09:26:05:829	[DEBUG]	Validating SML
2022-07-01 09:26:05:829	[DEBUG]	Validating ContainerScreen
2022-07-01 09:26:05:829	[DEBUG]	Validating SML
2022-07-01 09:26:05:829	[DEBUG]	Validating PersonalDrones
2022-07-01 09:26:05:829	[DEBUG]	Validating SML
2022-07-01 09:26:05:829	[DEBUG]	Validating NoNewLabel
2022-07-01 09:26:05:829	[DEBUG]	Validating SML
2022-07-01 09:26:05:829	[DEBUG]	Validating TenTimesAwesomePoints
2022-07-01 09:26:05:829	[DEBUG]	Validating SML
2022-07-01 09:26:05:829	[DEBUG]	Validating NoEarlyAccess
2022-07-01 09:26:05:829	[DEBUG]	Validating SML
2022-07-01 09:26:05:829	[DEBUG]	Validating FlexSplines
2022-07-01 09:26:05:829	[DEBUG]	Validating SML
2022-07-01 09:26:05:830	[DEBUG]	Validating UndergroundBelts
2022-07-01 09:26:05:830	[DEBUG]	Validating SML
2022-07-01 09:26:05:830	[DEBUG]	Validating SpySat
2022-07-01 09:26:05:831	[DEBUG]	Validating SML
2022-07-01 09:31:07:155	[DEBUG]	Validating UtilityMod
2022-07-01 09:31:07:155	[DEBUG]	Validating SML
2022-07-01 09:31:07:155	[DEBUG]	Validating FactoryGame
2022-07-01 09:31:07:155	[DEBUG]	Validating InventorySpace2
2022-07-01 09:31:07:156	[DEBUG]	Validating SML
2022-07-01 09:31:07:156	[DEBUG]	Validating ContainerScreen
2022-07-01 09:31:07:156	[DEBUG]	Validating SML
2022-07-01 09:31:07:156	[DEBUG]	Validating PersonalDrones
2022-07-01 09:31:07:156	[DEBUG]	Validating SML
2022-07-01 09:31:07:156	[DEBUG]	Validating NoNewLabel
2022-07-01 09:31:07:156	[DEBUG]	Validating SML
2022-07-01 09:31:07:156	[DEBUG]	Validating TenTimesAwesomePoints
2022-07-01 09:31:07:156	[DEBUG]	Validating SML
2022-07-01 09:31:07:157	[DEBUG]	Validating NoEarlyAccess
2022-07-01 09:31:07:157	[DEBUG]	Validating SML
2022-07-01 09:31:07:157	[DEBUG]	Validating FlexSplines
2022-07-01 09:31:07:157	[DEBUG]	Validating SML
2022-07-01 09:31:07:157	[DEBUG]	Validating UndergroundBelts
2022-07-01 09:31:07:157	[DEBUG]	Validating SML
2022-07-01 09:31:07:157	[DEBUG]	Validating SpySat
2022-07-01 09:31:07:158	[DEBUG]	Validating SML
2022-07-01 09:36:09:224	[DEBUG]	Validating UtilityMod
2022-07-01 09:36:09:225	[DEBUG]	Validating SML
2022-07-01 09:36:09:225	[DEBUG]	Validating FactoryGame
2022-07-01 09:36:09:225	[DEBUG]	Validating InventorySpace2
2022-07-01 09:36:09:226	[DEBUG]	Validating SML
2022-07-01 09:36:09:226	[DEBUG]	Validating ContainerScreen
2022-07-01 09:36:09:226	[DEBUG]	Validating SML
2022-07-01 09:36:09:226	[DEBUG]	Validating PersonalDrones
2022-07-01 09:36:09:226	[DEBUG]	Validating SML
2022-07-01 09:36:09:226	[DEBUG]	Validating NoNewLabel
2022-07-01 09:36:09:226	[DEBUG]	Validating SML
2022-07-01 09:36:09:227	[DEBUG]	Validating TenTimesAwesomePoints
2022-07-01 09:36:09:227	[DEBUG]	Validating SML
2022-07-01 09:36:09:227	[DEBUG]	Validating NoEarlyAccess
2022-07-01 09:36:09:227	[DEBUG]	Validating SML
2022-07-01 09:36:09:227	[DEBUG]	Validating FlexSplines
2022-07-01 09:36:09:227	[DEBUG]	Validating SML
2022-07-01 09:36:09:227	[DEBUG]	Validating UndergroundBelts
2022-07-01 09:36:09:228	[DEBUG]	Validating SML
2022-07-01 09:36:09:228	[DEBUG]	Validating SpySat
2022-07-01 09:36:09:228	[DEBUG]	Validating SML
2022-07-01 09:41:11:438	[DEBUG]	Validating UtilityMod
2022-07-01 09:41:11:439	[DEBUG]	Validating SML
2022-07-01 09:41:11:440	[DEBUG]	Validating FactoryGame
2022-07-01 09:41:11:440	[DEBUG]	Validating InventorySpace2
2022-07-01 09:41:11:440	[DEBUG]	Validating SML
2022-07-01 09:41:11:440	[DEBUG]	Validating ContainerScreen
2022-07-01 09:41:11:440	[DEBUG]	Validating SML
2022-07-01 09:41:11:440	[DEBUG]	Validating PersonalDrones
2022-07-01 09:41:11:440	[DEBUG]	Validating SML
2022-07-01 09:41:11:440	[DEBUG]	Validating NoNewLabel
2022-07-01 09:41:11:440	[DEBUG]	Validating SML
2022-07-01 09:41:11:441	[DEBUG]	Validating TenTimesAwesomePoints
2022-07-01 09:41:11:441	[DEBUG]	Validating SML
2022-07-01 09:41:11:441	[DEBUG]	Validating NoEarlyAccess
2022-07-01 09:41:11:441	[DEBUG]	Validating SML
2022-07-01 09:41:11:441	[DEBUG]	Validating FlexSplines
2022-07-01 09:41:11:442	[DEBUG]	Validating SML
2022-07-01 09:41:11:442	[DEBUG]	Validating UndergroundBelts
2022-07-01 09:41:11:442	[DEBUG]	Validating SML
2022-07-01 09:41:11:442	[DEBUG]	Validating SpySat
2022-07-01 09:41:11:442	[DEBUG]	Validating SML
2022-07-01 09:46:13:297	[DEBUG]	Validating UtilityMod
2022-07-01 09:46:13:297	[DEBUG]	Validating SML
2022-07-01 09:46:13:297	[DEBUG]	Validating FactoryGame
2022-07-01 09:46:13:297	[DEBUG]	Validating InventorySpace2
2022-07-01 09:46:13:298	[DEBUG]	Validating SML
2022-07-01 09:46:13:298	[DEBUG]	Validating ContainerScreen
2022-07-01 09:46:13:298	[DEBUG]	Validating SML
2022-07-01 09:46:13:298	[DEBUG]	Validating PersonalDrones
2022-07-01 09:46:13:298	[DEBUG]	Validating SML
2022-07-01 09:46:13:298	[DEBUG]	Validating NoNewLabel
2022-07-01 09:46:13:298	[DEBUG]	Validating SML
2022-07-01 09:46:13:298	[DEBUG]	Validating TenTimesAwesomePoints
2022-07-01 09:46:13:298	[DEBUG]	Validating SML
2022-07-01 09:46:13:298	[DEBUG]	Validating NoEarlyAccess
2022-07-01 09:46:13:299	[DEBUG]	Validating SML
2022-07-01 09:46:13:299	[DEBUG]	Validating FlexSplines
2022-07-01 09:46:13:299	[DEBUG]	Validating SML
2022-07-01 09:46:13:299	[DEBUG]	Validating UndergroundBelts
2022-07-01 09:46:13:299	[DEBUG]	Validating SML
2022-07-01 09:46:13:299	[DEBUG]	Validating SpySat
2022-07-01 09:46:13:299	[DEBUG]	Validating SML
2022-07-01 09:51:15:451	[DEBUG]	Validating UtilityMod
2022-07-01 09:51:15:452	[DEBUG]	Validating SML
2022-07-01 09:51:15:452	[DEBUG]	Validating FactoryGame
2022-07-01 09:51:15:452	[DEBUG]	Validating InventorySpace2
2022-07-01 09:51:15:452	[DEBUG]	Validating SML
2022-07-01 09:51:15:452	[DEBUG]	Validating ContainerScreen
2022-07-01 09:51:15:452	[DEBUG]	Validating SML
2022-07-01 09:51:15:452	[DEBUG]	Validating PersonalDrones
2022-07-01 09:51:15:452	[DEBUG]	Validating SML
2022-07-01 09:51:15:453	[DEBUG]	Validating NoNewLabel
2022-07-01 09:51:15:453	[DEBUG]	Validating SML
2022-07-01 09:51:15:453	[DEBUG]	Validating TenTimesAwesomePoints
2022-07-01 09:51:15:453	[DEBUG]	Validating SML
2022-07-01 09:51:15:453	[DEBUG]	Validating NoEarlyAccess
2022-07-01 09:51:15:453	[DEBUG]	Validating SML
2022-07-01 09:51:15:453	[DEBUG]	Validating FlexSplines
2022-07-01 09:51:15:454	[DEBUG]	Validating SML
2022-07-01 09:51:15:454	[DEBUG]	Validating UndergroundBelts
2022-07-01 09:51:15:454	[DEBUG]	Validating SML
2022-07-01 09:51:15:454	[DEBUG]	Validating SpySat
2022-07-01 09:51:15:455	[DEBUG]	Validating SML
2022-07-01 09:56:16:834	[DEBUG]	Validating UtilityMod
2022-07-01 09:56:16:835	[DEBUG]	Validating SML
2022-07-01 09:56:16:835	[DEBUG]	Validating FactoryGame
2022-07-01 09:56:16:835	[DEBUG]	Validating InventorySpace2
2022-07-01 09:56:16:835	[DEBUG]	Validating SML
2022-07-01 09:56:16:835	[DEBUG]	Validating ContainerScreen
2022-07-01 09:56:16:836	[DEBUG]	Validating SML
2022-07-01 09:56:16:836	[DEBUG]	Validating PersonalDrones
2022-07-01 09:56:16:836	[DEBUG]	Validating SML
2022-07-01 09:56:16:836	[DEBUG]	Validating NoNewLabel
2022-07-01 09:56:16:836	[DEBUG]	Validating SML
2022-07-01 09:56:16:836	[DEBUG]	Validating TenTimesAwesomePoints
2022-07-01 09:56:16:836	[DEBUG]	Validating SML
2022-07-01 09:56:16:837	[DEBUG]	Validating NoEarlyAccess
2022-07-01 09:56:16:837	[DEBUG]	Validating SML
2022-07-01 09:56:16:837	[DEBUG]	Validating FlexSplines
2022-07-01 09:56:16:837	[DEBUG]	Validating SML
2022-07-01 09:56:16:837	[DEBUG]	Validating UndergroundBelts
2022-07-01 09:56:16:837	[DEBUG]	Validating SML
2022-07-01 09:56:16:837	[DEBUG]	Validating SpySat
2022-07-01 09:56:16:837	[DEBUG]	Validating SML
2022-07-01 10:01:18:815	[DEBUG]	Validating UtilityMod
2022-07-01 10:01:18:815	[DEBUG]	Validating SML
2022-07-01 10:01:18:816	[DEBUG]	Validating FactoryGame
2022-07-01 10:01:18:816	[DEBUG]	Validating InventorySpace2
2022-07-01 10:01:18:816	[DEBUG]	Validating SML
2022-07-01 10:01:18:816	[DEBUG]	Validating ContainerScreen
2022-07-01 10:01:18:816	[DEBUG]	Validating SML
2022-07-01 10:01:18:816	[DEBUG]	Validating PersonalDrones
2022-07-01 10:01:18:817	[DEBUG]	Validating SML
2022-07-01 10:01:18:817	[DEBUG]	Validating NoNewLabel
2022-07-01 10:01:18:817	[DEBUG]	Validating SML
2022-07-01 10:01:18:817	[DEBUG]	Validating TenTimesAwesomePoints
2022-07-01 10:01:18:817	[DEBUG]	Validating SML
2022-07-01 10:01:18:817	[DEBUG]	Validating NoEarlyAccess
2022-07-01 10:01:18:817	[DEBUG]	Validating SML
2022-07-01 10:01:18:817	[DEBUG]	Validating FlexSplines
2022-07-01 10:01:18:817	[DEBUG]	Validating SML
2022-07-01 10:01:18:817	[DEBUG]	Validating UndergroundBelts
2022-07-01 10:01:18:817	[DEBUG]	Validating SML
2022-07-01 10:01:18:818	[DEBUG]	Validating SpySat
2022-07-01 10:01:18:818	[DEBUG]	Validating SML
2022-07-01 10:06:20:461	[DEBUG]	Validating UtilityMod
2022-07-01 10:06:20:461	[DEBUG]	Validating SML
2022-07-01 10:06:20:462	[DEBUG]	Validating FactoryGame
2022-07-01 10:06:20:462	[DEBUG]	Validating InventorySpace2
2022-07-01 10:06:20:462	[DEBUG]	Validating SML
2022-07-01 10:06:20:462	[DEBUG]	Validating ContainerScreen
2022-07-01 10:06:20:462	[DEBUG]	Validating SML
2022-07-01 10:06:20:462	[DEBUG]	Validating PersonalDrones
2022-07-01 10:06:20:463	[DEBUG]	Validating SML
2022-07-01 10:06:20:463	[DEBUG]	Validating NoNewLabel
2022-07-01 10:06:20:463	[DEBUG]	Validating SML
2022-07-01 10:06:20:463	[DEBUG]	Validating TenTimesAwesomePoints
2022-07-01 10:06:20:463	[DEBUG]	Validating SML
2022-07-01 10:06:20:463	[DEBUG]	Validating NoEarlyAccess
2022-07-01 10:06:20:464	[DEBUG]	Validating SML
2022-07-01 10:06:20:464	[DEBUG]	Validating FlexSplines
2022-07-01 10:06:20:464	[DEBUG]	Validating SML
2022-07-01 10:06:20:464	[DEBUG]	Validating UndergroundBelts
2022-07-01 10:06:20:464	[DEBUG]	Validating SML
2022-07-01 10:06:20:464	[DEBUG]	Validating SpySat
2022-07-01 10:06:20:465	[DEBUG]	Validating SML
2022-07-01 10:11:22:767	[DEBUG]	Validating UtilityMod
2022-07-01 10:11:22:767	[DEBUG]	Validating SML
2022-07-01 10:11:22:767	[DEBUG]	Validating FactoryGame
2022-07-01 10:11:22:767	[DEBUG]	Validating InventorySpace2
2022-07-01 10:11:22:768	[DEBUG]	Validating SML
2022-07-01 10:11:22:768	[DEBUG]	Validating ContainerScreen
2022-07-01 10:11:22:768	[DEBUG]	Validating SML
2022-07-01 10:11:22:768	[DEBUG]	Validating PersonalDrones
2022-07-01 10:11:22:768	[DEBUG]	Validating SML
2022-07-01 10:11:22:768	[DEBUG]	Validating NoNewLabel
2022-07-01 10:11:22:769	[DEBUG]	Validating SML
2022-07-01 10:11:22:769	[DEBUG]	Validating TenTimesAwesomePoints
2022-07-01 10:11:22:769	[DEBUG]	Validating SML
2022-07-01 10:11:22:769	[DEBUG]	Validating NoEarlyAccess
2022-07-01 10:11:22:769	[DEBUG]	Validating SML
2022-07-01 10:11:22:769	[DEBUG]	Validating FlexSplines
2022-07-01 10:11:22:769	[DEBUG]	Validating SML
2022-07-01 10:11:22:770	[DEBUG]	Validating UndergroundBelts
2022-07-01 10:11:22:770	[DEBUG]	Validating SML
2022-07-01 10:11:22:770	[DEBUG]	Validating SpySat
2022-07-01 10:11:22:770	[DEBUG]	Validating SML
2022-07-01 10:16:25:014	[DEBUG]	Validating UtilityMod
2022-07-01 10:16:25:014	[DEBUG]	Validating SML
2022-07-01 10:16:25:014	[DEBUG]	Validating FactoryGame
2022-07-01 10:16:25:014	[DEBUG]	Validating InventorySpace2
2022-07-01 10:16:25:015	[DEBUG]	Validating SML
2022-07-01 10:16:25:015	[DEBUG]	Validating ContainerScreen
2022-07-01 10:16:25:015	[DEBUG]	Validating SML
2022-07-01 10:16:25:015	[DEBUG]	Validating PersonalDrones
2022-07-01 10:16:25:015	[DEBUG]	Validating SML
2022-07-01 10:16:25:015	[DEBUG]	Validating NoNewLabel
2022-07-01 10:16:25:015	[DEBUG]	Validating SML
2022-07-01 10:16:25:015	[DEBUG]	Validating TenTimesAwesomePoints
2022-07-01 10:16:25:015	[DEBUG]	Validating SML
2022-07-01 10:16:25:015	[DEBUG]	Validating NoEarlyAccess
2022-07-01 10:16:25:015	[DEBUG]	Validating SML
2022-07-01 10:16:25:015	[DEBUG]	Validating FlexSplines
2022-07-01 10:16:25:016	[DEBUG]	Validating SML
2022-07-01 10:16:25:016	[DEBUG]	Validating UndergroundBelts
2022-07-01 10:16:25:016	[DEBUG]	Validating SML
2022-07-01 10:16:25:016	[DEBUG]	Validating SpySat
2022-07-01 10:16:25:017	[DEBUG]	Validating SML
2022-07-01 10:21:26:795	[DEBUG]	Validating UtilityMod
2022-07-01 10:21:26:795	[DEBUG]	Validating SML
2022-07-01 10:21:26:796	[DEBUG]	Validating FactoryGame
2022-07-01 10:21:26:796	[DEBUG]	Validating InventorySpace2
2022-07-01 10:21:26:796	[DEBUG]	Validating SML
2022-07-01 10:21:26:796	[DEBUG]	Validating ContainerScreen
2022-07-01 10:21:26:796	[DEBUG]	Validating SML
2022-07-01 10:21:26:796	[DEBUG]	Validating PersonalDrones
2022-07-01 10:21:26:796	[DEBUG]	Validating SML
2022-07-01 10:21:26:796	[DEBUG]	Validating NoNewLabel
2022-07-01 10:21:26:797	[DEBUG]	Validating SML
2022-07-01 10:21:26:797	[DEBUG]	Validating TenTimesAwesomePoints
2022-07-01 10:21:26:797	[DEBUG]	Validating SML
2022-07-01 10:21:26:797	[DEBUG]	Validating NoEarlyAccess
2022-07-01 10:21:26:797	[DEBUG]	Validating SML
2022-07-01 10:21:26:797	[DEBUG]	Validating FlexSplines
2022-07-01 10:21:26:797	[DEBUG]	Validating SML
2022-07-01 10:21:26:797	[DEBUG]	Validating UndergroundBelts
2022-07-01 10:21:26:797	[DEBUG]	Validating SML
2022-07-01 10:21:26:797	[DEBUG]	Validating SpySat
2022-07-01 10:21:26:798	[DEBUG]	Validating SML
2022-07-01 10:26:28:793	[DEBUG]	Validating UtilityMod
2022-07-01 10:26:28:793	[DEBUG]	Validating SML
2022-07-01 10:26:28:794	[DEBUG]	Validating FactoryGame
2022-07-01 10:26:28:794	[DEBUG]	Validating InventorySpace2
2022-07-01 10:26:28:794	[DEBUG]	Validating SML
2022-07-01 10:26:28:794	[DEBUG]	Validating ContainerScreen
2022-07-01 10:26:28:794	[DEBUG]	Validating SML
2022-07-01 10:26:28:794	[DEBUG]	Validating PersonalDrones
2022-07-01 10:26:28:794	[DEBUG]	Validating SML
2022-07-01 10:26:28:794	[DEBUG]	Validating NoNewLabel
2022-07-01 10:26:28:794	[DEBUG]	Validating SML
2022-07-01 10:26:28:795	[DEBUG]	Validating TenTimesAwesomePoints
2022-07-01 10:26:28:795	[DEBUG]	Validating SML
2022-07-01 10:26:28:795	[DEBUG]	Validating NoEarlyAccess
2022-07-01 10:26:28:795	[DEBUG]	Validating SML
2022-07-01 10:26:28:795	[DEBUG]	Validating FlexSplines
2022-07-01 10:26:28:795	[DEBUG]	Validating SML
2022-07-01 10:26:28:795	[DEBUG]	Validating UndergroundBelts
2022-07-01 10:26:28:795	[DEBUG]	Validating SML
2022-07-01 10:26:28:795	[DEBUG]	Validating SpySat
2022-07-01 10:26:28:796	[DEBUG]	Validating SML
2022-07-01 10:31:30:727	[DEBUG]	Validating UtilityMod
2022-07-01 10:31:30:728	[DEBUG]	Validating SML
2022-07-01 10:31:30:728	[DEBUG]	Validating FactoryGame
2022-07-01 10:31:30:728	[DEBUG]	Validating InventorySpace2
2022-07-01 10:31:30:728	[DEBUG]	Validating SML
2022-07-01 10:31:30:728	[DEBUG]	Validating ContainerScreen
2022-07-01 10:31:30:728	[DEBUG]	Validating SML
2022-07-01 10:31:30:728	[DEBUG]	Validating PersonalDrones
2022-07-01 10:31:30:729	[DEBUG]	Validating SML
2022-07-01 10:31:30:729	[DEBUG]	Validating NoNewLabel
2022-07-01 10:31:30:729	[DEBUG]	Validating SML
2022-07-01 10:31:30:729	[DEBUG]	Validating TenTimesAwesomePoints
2022-07-01 10:31:30:729	[DEBUG]	Validating SML
2022-07-01 10:31:30:729	[DEBUG]	Validating NoEarlyAccess
2022-07-01 10:31:30:729	[DEBUG]	Validating SML
2022-07-01 10:31:30:729	[DEBUG]	Validating FlexSplines
2022-07-01 10:31:30:729	[DEBUG]	Validating SML
2022-07-01 10:31:30:729	[DEBUG]	Validating UndergroundBelts
2022-07-01 10:31:30:730	[DEBUG]	Validating SML
2022-07-01 10:31:30:730	[DEBUG]	Validating SpySat
2022-07-01 10:31:30:730	[DEBUG]	Validating SML
2022-07-01 10:37:14:402	[DEBUG]	Validating UtilityMod
2022-07-01 10:37:14:403	[DEBUG]	Validating SML
2022-07-01 10:37:14:404	[DEBUG]	Validating FactoryGame
2022-07-01 10:37:14:404	[DEBUG]	Validating InventorySpace2
2022-07-01 10:37:14:405	[DEBUG]	Validating SML
2022-07-01 10:37:14:405	[DEBUG]	Validating ContainerScreen
2022-07-01 10:37:14:405	[DEBUG]	Validating SML
2022-07-01 10:37:14:405	[DEBUG]	Validating PersonalDrones
2022-07-01 10:37:14:406	[DEBUG]	Validating SML
2022-07-01 10:37:14:406	[DEBUG]	Validating NoNewLabel
2022-07-01 10:37:14:406	[DEBUG]	Validating SML
2022-07-01 10:37:14:406	[DEBUG]	Validating TenTimesAwesomePoints
2022-07-01 10:37:14:406	[DEBUG]	Validating SML
2022-07-01 10:37:14:406	[DEBUG]	Validating NoEarlyAccess
2022-07-01 10:37:14:406	[DEBUG]	Validating SML
2022-07-01 10:37:14:406	[DEBUG]	Validating FlexSplines
2022-07-01 10:37:14:406	[DEBUG]	Validating SML
2022-07-01 10:37:14:406	[DEBUG]	Validating UndergroundBelts
2022-07-01 10:37:14:407	[DEBUG]	Validating SML
2022-07-01 10:37:14:407	[DEBUG]	Validating SpySat
2022-07-01 10:37:14:407	[DEBUG]	Validating SML
2022-07-01 10:43:33:076	[DEBUG]	Validating UtilityMod
2022-07-01 10:43:33:077	[DEBUG]	Validating SML
2022-07-01 10:43:33:078	[DEBUG]	Validating FactoryGame
2022-07-01 10:43:33:078	[DEBUG]	Validating InventorySpace2
2022-07-01 10:43:33:078	[DEBUG]	Validating SML
2022-07-01 10:43:33:078	[DEBUG]	Validating ContainerScreen
2022-07-01 10:43:33:078	[DEBUG]	Validating SML
2022-07-01 10:43:33:078	[DEBUG]	Validating PersonalDrones
2022-07-01 10:43:33:079	[DEBUG]	Validating SML
2022-07-01 10:43:33:080	[DEBUG]	Validating NoNewLabel
2022-07-01 10:43:33:081	[DEBUG]	Validating SML
2022-07-01 10:43:33:081	[DEBUG]	Validating TenTimesAwesomePoints
2022-07-01 10:43:33:081	[DEBUG]	Validating SML
2022-07-01 10:43:33:081	[DEBUG]	Validating NoEarlyAccess
2022-07-01 10:43:33:081	[DEBUG]	Validating SML
2022-07-01 10:43:33:081	[DEBUG]	Validating FlexSplines
2022-07-01 10:43:33:082	[DEBUG]	Validating SML
2022-07-01 10:43:33:082	[DEBUG]	Validating UndergroundBelts
2022-07-01 10:43:33:083	[DEBUG]	Validating SML
2022-07-01 10:43:33:083	[DEBUG]	Validating SpySat
2022-07-01 10:43:33:083	[DEBUG]	Validating SML
2022-07-01 10:48:37:871	[DEBUG]	Validating UtilityMod
2022-07-01 10:48:37:872	[DEBUG]	Validating SML
2022-07-01 10:48:37:872	[DEBUG]	Validating FactoryGame
2022-07-01 10:48:37:872	[DEBUG]	Validating InventorySpace2
2022-07-01 10:48:37:872	[DEBUG]	Validating SML
2022-07-01 10:48:37:872	[DEBUG]	Validating ContainerScreen
2022-07-01 10:48:37:873	[DEBUG]	Validating SML
2022-07-01 10:48:37:873	[DEBUG]	Validating PersonalDrones
2022-07-01 10:48:37:873	[DEBUG]	Validating SML
2022-07-01 10:48:37:873	[DEBUG]	Validating NoNewLabel
2022-07-01 10:48:37:873	[DEBUG]	Validating SML
2022-07-01 10:48:37:873	[DEBUG]	Validating TenTimesAwesomePoints
2022-07-01 10:48:37:873	[DEBUG]	Validating SML
2022-07-01 10:48:37:873	[DEBUG]	Validating NoEarlyAccess
2022-07-01 10:48:37:873	[DEBUG]	Validating SML
2022-07-01 10:48:37:873	[DEBUG]	Validating FlexSplines
2022-07-01 10:48:37:873	[DEBUG]	Validating SML
2022-07-01 10:48:37:874	[DEBUG]	Validating UndergroundBelts
2022-07-01 10:48:37:874	[DEBUG]	Validating SML
2022-07-01 10:48:37:874	[DEBUG]	Validating SpySat
2022-07-01 10:48:37:875	[DEBUG]	Validating SML
2022-07-01 10:53:47:783	[DEBUG]	Validating UtilityMod
2022-07-01 10:53:47:784	[DEBUG]	Validating SML
2022-07-01 10:53:47:785	[DEBUG]	Validating FactoryGame
2022-07-01 10:53:47:785	[DEBUG]	Validating InventorySpace2
2022-07-01 10:53:47:785	[DEBUG]	Validating SML
2022-07-01 10:53:47:785	[DEBUG]	Validating ContainerScreen
2022-07-01 10:53:47:785	[DEBUG]	Validating SML
2022-07-01 10:53:47:785	[DEBUG]	Validating PersonalDrones
2022-07-01 10:53:47:785	[DEBUG]	Validating SML
2022-07-01 10:53:47:785	[DEBUG]	Validating NoNewLabel
2022-07-01 10:53:47:786	[DEBUG]	Validating SML
2022-07-01 10:53:47:786	[DEBUG]	Validating TenTimesAwesomePoints
2022-07-01 10:53:47:786	[DEBUG]	Validating SML
2022-07-01 10:53:47:786	[DEBUG]	Validating NoEarlyAccess
2022-07-01 10:53:47:786	[DEBUG]	Validating SML
2022-07-01 10:53:47:786	[DEBUG]	Validating FlexSplines
2022-07-01 10:53:47:786	[DEBUG]	Validating SML
2022-07-01 10:53:47:786	[DEBUG]	Validating UndergroundBelts
2022-07-01 10:53:47:787	[DEBUG]	Validating SML
2022-07-01 10:53:47:787	[DEBUG]	Validating SpySat
2022-07-01 10:53:47:788	[DEBUG]	Validating SML
2022-07-01 10:58:49:581	[DEBUG]	Validating UtilityMod
2022-07-01 10:58:49:583	[DEBUG]	Validating SML
2022-07-01 10:58:49:585	[DEBUG]	Validating FactoryGame
2022-07-01 10:58:49:585	[DEBUG]	Validating InventorySpace2
2022-07-01 10:58:49:588	[DEBUG]	Validating SML
2022-07-01 10:58:49:588	[DEBUG]	Validating ContainerScreen
2022-07-01 10:58:49:589	[DEBUG]	Validating SML
2022-07-01 10:58:49:589	[DEBUG]	Validating PersonalDrones
2022-07-01 10:58:49:590	[DEBUG]	Validating SML
2022-07-01 10:58:49:590	[DEBUG]	Validating NoNewLabel
2022-07-01 10:58:49:590	[DEBUG]	Validating SML
2022-07-01 10:58:49:590	[DEBUG]	Validating TenTimesAwesomePoints
2022-07-01 10:58:49:590	[DEBUG]	Validating SML
2022-07-01 10:58:49:590	[DEBUG]	Validating NoEarlyAccess
2022-07-01 10:58:49:590	[DEBUG]	Validating SML
2022-07-01 10:58:49:591	[DEBUG]	Validating FlexSplines
2022-07-01 10:58:49:591	[DEBUG]	Validating SML
2022-07-01 10:58:49:592	[DEBUG]	Validating UndergroundBelts
2022-07-01 10:58:49:592	[DEBUG]	Validating SML
2022-07-01 10:58:49:593	[DEBUG]	Validating SpySat
2022-07-01 10:58:49:593	[DEBUG]	Validating SML
