2022-06-27 07:41:15:985	[DEBUG]	Loading mod cache
2022-06-27 07:41:16:533	[DEBUG]	Loading mod cache
2022-06-27 07:41:16:595	[DEBUG]	Epic Games Launcher is not installed
2022-06-27 07:41:16:908	[DEBUG]	Setting profile to Experimental 6
2022-06-27 07:41:17:094	[DEBUG]	install: [], uninstall: [], enable: [], disable: [], update: []
2022-06-27 07:41:18:098	[DEBUG]	Validating SML
2022-06-27 07:41:18:098	[DEBUG]	Validating FactoryGame
2022-06-27 07:41:18:098	[DEBUG]	Validating UtilityMod
2022-06-27 07:41:18:098	[DEBUG]	Validating InventorySpace2
2022-06-27 07:41:18:098	[DEBUG]	Validating ContainerScreen
2022-06-27 07:41:18:098	[DEBUG]	Validating PersonalDrones
2022-06-27 07:41:18:098	[DEBUG]	Validating LogisticDrones
2022-06-27 07:41:18:098	[DEBUG]	Validating NoNewLabel
2022-06-27 07:41:18:098	[DEBUG]	Validating TenTimesAwesomePoints
2022-06-27 07:41:18:098	[DEBUG]	Validating NoEarlyAccess
2022-06-27 07:41:18:098	[DEBUG]	Validating DaisyChainPowerCables
2022-06-27 07:41:18:098	[DEBUG]	Validating Bottleneck
2022-06-27 07:41:18:098	[DEBUG]	Validating LaserBeacons
2022-06-27 07:41:18:098	[DEBUG]	Validating FlexSplines
2022-06-27 07:41:18:098	[DEBUG]	Validating UndergroundBelts
2022-06-27 07:41:18:099	[DEBUG]	Items: {"UtilityMod":"0.5.4","SML":"3.3.1","InventorySpace2":"2.0.1","ContainerScreen":"1.0.11","PersonalDrones":"1.0.11","LogisticDrones":"1.0.1","NoNewLabel":"1.0.0","TenTimesAwesomePoints":"1.0.1","NoEarlyAccess":"1.0.2","DaisyChainPowerCables":"2.0.2","Bottleneck":"1.0.3","LaserBeacons":"1.0.4","FlexSplines":"1.0.6","UndergroundBelts":"3.0.7"}
2022-06-27 07:41:18:116	[DEBUG]	Mismatches: {"install":{},"uninstall":[]}
2022-06-27 07:41:21:466	[DEBUG]	Validating UtilityMod
2022-06-27 07:41:21:468	[DEBUG]	Validating SML
2022-06-27 07:41:21:469	[DEBUG]	Validating FactoryGame
2022-06-27 07:41:21:469	[DEBUG]	Validating InventorySpace2
2022-06-27 07:41:21:469	[DEBUG]	Validating SML
2022-06-27 07:41:21:469	[DEBUG]	Validating ContainerScreen
2022-06-27 07:41:21:470	[DEBUG]	Validating SML
2022-06-27 07:41:21:470	[DEBUG]	Validating PersonalDrones
2022-06-27 07:41:21:472	[DEBUG]	Validating SML
2022-06-27 07:41:21:472	[DEBUG]	Validating LogisticDrones
2022-06-27 07:41:21:472	[DEBUG]	Validating SML
2022-06-27 07:41:21:472	[DEBUG]	Validating NoNewLabel
2022-06-27 07:41:21:473	[DEBUG]	Validating SML
2022-06-27 07:41:21:473	[DEBUG]	Validating TenTimesAwesomePoints
2022-06-27 07:41:21:473	[DEBUG]	Validating SML
2022-06-27 07:41:21:473	[DEBUG]	Validating NoEarlyAccess
2022-06-27 07:41:21:474	[DEBUG]	Validating SML
2022-06-27 07:41:21:474	[DEBUG]	Validating DaisyChainPowerCables
2022-06-27 07:41:21:474	[DEBUG]	Validating SML
2022-06-27 07:41:21:474	[DEBUG]	Validating Bottleneck
2022-06-27 07:41:21:475	[DEBUG]	Validating SML
2022-06-27 07:41:21:475	[DEBUG]	Validating LaserBeacons
2022-06-27 07:41:21:476	[DEBUG]	Validating SML
2022-06-27 07:41:21:476	[DEBUG]	Validating FlexSplines
2022-06-27 07:41:21:477	[DEBUG]	Validating SML
2022-06-27 07:41:21:477	[DEBUG]	Validating UndergroundBelts
2022-06-27 07:41:21:478	[DEBUG]	Validating SML
2022-06-27 07:41:31:153	[INFO]	Uninstalling Bottleneck
2022-06-27 07:41:31:372	[DEBUG]	install: [], uninstall: [Bottleneck], enable: [], disable: [], update: []
2022-06-27 07:41:31:377	[DEBUG]	Validating SML
2022-06-27 07:41:31:377	[DEBUG]	Validating FactoryGame
2022-06-27 07:41:31:377	[DEBUG]	Validating UtilityMod
2022-06-27 07:41:31:377	[DEBUG]	Validating InventorySpace2
2022-06-27 07:41:31:377	[DEBUG]	Validating ContainerScreen
2022-06-27 07:41:31:377	[DEBUG]	Validating PersonalDrones
2022-06-27 07:41:31:377	[DEBUG]	Validating LogisticDrones
2022-06-27 07:41:31:377	[DEBUG]	Validating NoNewLabel
2022-06-27 07:41:31:377	[DEBUG]	Validating TenTimesAwesomePoints
2022-06-27 07:41:31:377	[DEBUG]	Validating NoEarlyAccess
2022-06-27 07:41:31:377	[DEBUG]	Validating DaisyChainPowerCables
2022-06-27 07:41:31:377	[DEBUG]	Validating LaserBeacons
2022-06-27 07:41:31:377	[DEBUG]	Validating FlexSplines
2022-06-27 07:41:31:377	[DEBUG]	Validating UndergroundBelts
2022-06-27 07:41:31:377	[DEBUG]	Items: {"UtilityMod":"0.5.4","SML":"3.3.1","InventorySpace2":"2.0.1","ContainerScreen":"1.0.11","PersonalDrones":"1.0.11","LogisticDrones":"1.0.1","NoNewLabel":"1.0.0","TenTimesAwesomePoints":"1.0.1","NoEarlyAccess":"1.0.2","DaisyChainPowerCables":"2.0.2","LaserBeacons":"1.0.4","FlexSplines":"1.0.6","UndergroundBelts":"3.0.7"}
2022-06-27 07:41:31:382	[DEBUG]	Mismatches: {"install":{},"uninstall":["Bottleneck"]}
2022-06-27 07:41:31:382	[DEBUG]	Removing Bottleneck from Satisfactory install
2022-06-27 07:41:38:758	[INFO]	Uninstalling DaisyChainPowerCables
2022-06-27 07:41:38:978	[DEBUG]	install: [], uninstall: [DaisyChainPowerCables], enable: [], disable: [], update: []
2022-06-27 07:41:38:981	[DEBUG]	Validating SML
2022-06-27 07:41:38:981	[DEBUG]	Validating FactoryGame
2022-06-27 07:41:38:981	[DEBUG]	Validating UtilityMod
2022-06-27 07:41:38:981	[DEBUG]	Validating InventorySpace2
2022-06-27 07:41:38:981	[DEBUG]	Validating ContainerScreen
2022-06-27 07:41:38:981	[DEBUG]	Validating PersonalDrones
2022-06-27 07:41:38:981	[DEBUG]	Validating LogisticDrones
2022-06-27 07:41:38:981	[DEBUG]	Validating NoNewLabel
2022-06-27 07:41:38:981	[DEBUG]	Validating TenTimesAwesomePoints
2022-06-27 07:41:38:981	[DEBUG]	Validating NoEarlyAccess
2022-06-27 07:41:38:981	[DEBUG]	Validating LaserBeacons
2022-06-27 07:41:38:981	[DEBUG]	Validating FlexSplines
2022-06-27 07:41:38:981	[DEBUG]	Validating UndergroundBelts
2022-06-27 07:41:38:981	[DEBUG]	Items: {"UtilityMod":"0.5.4","SML":"3.3.1","InventorySpace2":"2.0.1","ContainerScreen":"1.0.11","PersonalDrones":"1.0.11","LogisticDrones":"1.0.1","NoNewLabel":"1.0.0","TenTimesAwesomePoints":"1.0.1","NoEarlyAccess":"1.0.2","LaserBeacons":"1.0.4","FlexSplines":"1.0.6","UndergroundBelts":"3.0.7"}
2022-06-27 07:41:38:986	[DEBUG]	Mismatches: {"install":{},"uninstall":["DaisyChainPowerCables"]}
2022-06-27 07:41:38:986	[DEBUG]	Removing DaisyChainPowerCables from Satisfactory install
2022-06-27 07:45:14:600	[INFO]	Installing SS_Mod
2022-06-27 07:45:14:872	[DEBUG]	install: [SS_Mod], uninstall: [], enable: [], disable: [], update: []
2022-06-27 07:45:15:425	[DEBUG]	Validating SML
2022-06-27 07:45:15:425	[DEBUG]	Validating FactoryGame
2022-06-27 07:45:15:425	[DEBUG]	Validating UtilityMod
2022-06-27 07:45:15:425	[DEBUG]	Validating InventorySpace2
2022-06-27 07:45:15:425	[DEBUG]	Validating ContainerScreen
2022-06-27 07:45:15:425	[DEBUG]	Validating PersonalDrones
2022-06-27 07:45:15:425	[DEBUG]	Validating LogisticDrones
2022-06-27 07:45:15:425	[DEBUG]	Validating NoNewLabel
2022-06-27 07:45:15:425	[DEBUG]	Validating TenTimesAwesomePoints
2022-06-27 07:45:15:425	[DEBUG]	Validating NoEarlyAccess
2022-06-27 07:45:15:425	[DEBUG]	Validating LaserBeacons
2022-06-27 07:45:15:425	[DEBUG]	Validating FlexSplines
2022-06-27 07:45:15:425	[DEBUG]	Validating UndergroundBelts
2022-06-27 07:45:15:425	[DEBUG]	Validating SS_Mod
2022-06-27 07:45:15:954	[DEBUG]	Validating SML
2022-06-27 07:45:15:954	[DEBUG]	Items: {"UtilityMod":"0.5.4","SML":"3.3.1","InventorySpace2":"2.0.1","ContainerScreen":"1.0.11","PersonalDrones":"1.0.11","LogisticDrones":"1.0.1","NoNewLabel":"1.0.0","TenTimesAwesomePoints":"1.0.1","NoEarlyAccess":"1.0.2","LaserBeacons":"1.0.4","FlexSplines":"1.0.6","UndergroundBelts":"3.0.7","SS_Mod":"1.1.5"}
2022-06-27 07:45:15:959	[DEBUG]	Mismatches: {"install":{"SS_Mod":"1.1.5"},"uninstall":[]}
2022-06-27 07:45:15:962	[DEBUG]	Copying SS_Mod@1.1.5 to Satisfactory install
2022-06-27 07:46:23:084	[DEBUG]	Validating UtilityMod
2022-06-27 07:46:23:084	[DEBUG]	Validating SML
2022-06-27 07:46:23:084	[DEBUG]	Validating FactoryGame
2022-06-27 07:46:23:085	[DEBUG]	Validating InventorySpace2
2022-06-27 07:46:23:085	[DEBUG]	Validating SML
2022-06-27 07:46:23:085	[DEBUG]	Validating ContainerScreen
2022-06-27 07:46:23:085	[DEBUG]	Validating SML
2022-06-27 07:46:23:085	[DEBUG]	Validating PersonalDrones
2022-06-27 07:46:23:085	[DEBUG]	Validating SML
2022-06-27 07:46:23:085	[DEBUG]	Validating LogisticDrones
2022-06-27 07:46:23:085	[DEBUG]	Validating SML
2022-06-27 07:46:23:085	[DEBUG]	Validating NoNewLabel
2022-06-27 07:46:23:085	[DEBUG]	Validating SML
2022-06-27 07:46:23:085	[DEBUG]	Validating TenTimesAwesomePoints
2022-06-27 07:46:23:086	[DEBUG]	Validating SML
2022-06-27 07:46:23:086	[DEBUG]	Validating NoEarlyAccess
2022-06-27 07:46:23:086	[DEBUG]	Validating SML
2022-06-27 07:46:23:086	[DEBUG]	Validating LaserBeacons
2022-06-27 07:46:23:086	[DEBUG]	Validating SML
2022-06-27 07:46:23:086	[DEBUG]	Validating FlexSplines
2022-06-27 07:46:23:086	[DEBUG]	Validating SML
2022-06-27 07:46:23:086	[DEBUG]	Validating UndergroundBelts
2022-06-27 07:46:23:087	[DEBUG]	Validating SML
2022-06-27 07:46:23:087	[DEBUG]	Validating SS_Mod
2022-06-27 07:46:23:087	[DEBUG]	Validating SML
2022-06-27 07:48:03:303	[INFO]	Installing SpySat
2022-06-27 07:48:03:575	[DEBUG]	install: [SpySat], uninstall: [], enable: [], disable: [], update: []
2022-06-27 07:48:03:775	[DEBUG]	Validating SML
2022-06-27 07:48:03:775	[DEBUG]	Validating FactoryGame
2022-06-27 07:48:03:775	[DEBUG]	Validating UtilityMod
2022-06-27 07:48:03:775	[DEBUG]	Validating InventorySpace2
2022-06-27 07:48:03:775	[DEBUG]	Validating ContainerScreen
2022-06-27 07:48:03:775	[DEBUG]	Validating PersonalDrones
2022-06-27 07:48:03:775	[DEBUG]	Validating LogisticDrones
2022-06-27 07:48:03:775	[DEBUG]	Validating NoNewLabel
2022-06-27 07:48:03:775	[DEBUG]	Validating TenTimesAwesomePoints
2022-06-27 07:48:03:775	[DEBUG]	Validating NoEarlyAccess
2022-06-27 07:48:03:775	[DEBUG]	Validating LaserBeacons
2022-06-27 07:48:03:775	[DEBUG]	Validating FlexSplines
2022-06-27 07:48:03:775	[DEBUG]	Validating UndergroundBelts
2022-06-27 07:48:03:775	[DEBUG]	Validating SS_Mod
2022-06-27 07:48:03:775	[DEBUG]	Validating SpySat
2022-06-27 07:48:03:960	[DEBUG]	Validating SML
2022-06-27 07:48:03:961	[DEBUG]	Items: {"UtilityMod":"0.5.4","SML":"3.3.1","InventorySpace2":"2.0.1","ContainerScreen":"1.0.11","PersonalDrones":"1.0.11","LogisticDrones":"1.0.1","NoNewLabel":"1.0.0","TenTimesAwesomePoints":"1.0.1","NoEarlyAccess":"1.0.2","LaserBeacons":"1.0.4","FlexSplines":"1.0.6","UndergroundBelts":"3.0.7","SS_Mod":"1.1.5","SpySat":"1.0.4"}
2022-06-27 07:48:03:965	[DEBUG]	Mismatches: {"install":{"SpySat":"1.0.4"},"uninstall":[]}
2022-06-27 07:48:03:969	[DEBUG]	Copying SpySat@1.0.4 to Satisfactory install
2022-06-27 07:48:03:969	[DEBUG]	SpySat@1.0.4 is not downloaded. Downloading now.
2022-06-27 07:49:17:978	[INFO]	Installing MoreEnemySpawns
2022-06-27 07:49:18:246	[DEBUG]	install: [MoreEnemySpawns], uninstall: [], enable: [], disable: [], update: []
2022-06-27 07:49:18:774	[DEBUG]	Validating SML
2022-06-27 07:49:18:774	[DEBUG]	Validating FactoryGame
2022-06-27 07:49:18:774	[DEBUG]	Validating UtilityMod
2022-06-27 07:49:18:774	[DEBUG]	Validating InventorySpace2
2022-06-27 07:49:18:774	[DEBUG]	Validating ContainerScreen
2022-06-27 07:49:18:774	[DEBUG]	Validating PersonalDrones
2022-06-27 07:49:18:774	[DEBUG]	Validating LogisticDrones
2022-06-27 07:49:18:774	[DEBUG]	Validating NoNewLabel
2022-06-27 07:49:18:774	[DEBUG]	Validating TenTimesAwesomePoints
2022-06-27 07:49:18:774	[DEBUG]	Validating NoEarlyAccess
2022-06-27 07:49:18:774	[DEBUG]	Validating LaserBeacons
2022-06-27 07:49:18:774	[DEBUG]	Validating FlexSplines
2022-06-27 07:49:18:774	[DEBUG]	Validating UndergroundBelts
2022-06-27 07:49:18:774	[DEBUG]	Validating SS_Mod
2022-06-27 07:49:18:775	[DEBUG]	Validating SpySat
2022-06-27 07:49:18:775	[DEBUG]	Validating MoreEnemySpawns
2022-06-27 07:49:19:287	[DEBUG]	Validating SML
2022-06-27 07:49:19:287	[DEBUG]	Items: {"UtilityMod":"0.5.4","SML":"3.3.1","InventorySpace2":"2.0.1","ContainerScreen":"1.0.11","PersonalDrones":"1.0.11","LogisticDrones":"1.0.1","NoNewLabel":"1.0.0","TenTimesAwesomePoints":"1.0.1","NoEarlyAccess":"1.0.2","LaserBeacons":"1.0.4","FlexSplines":"1.0.6","UndergroundBelts":"3.0.7","SS_Mod":"1.1.5","SpySat":"1.0.4","MoreEnemySpawns":"2.0.3"}
2022-06-27 07:49:19:292	[DEBUG]	Mismatches: {"install":{"MoreEnemySpawns":"2.0.3"},"uninstall":[]}
2022-06-27 07:49:19:296	[DEBUG]	Copying MoreEnemySpawns@2.0.3 to Satisfactory install
2022-06-27 07:49:19:296	[DEBUG]	MoreEnemySpawns@2.0.3 is not downloaded. Downloading now.
2022-06-27 07:50:19:166	[INFO]	Installing Achievements
2022-06-27 07:50:19:416	[DEBUG]	install: [Achievements], uninstall: [], enable: [], disable: [], update: []
2022-06-27 07:50:19:628	[DEBUG]	Validating SML
2022-06-27 07:50:19:628	[DEBUG]	Validating FactoryGame
2022-06-27 07:50:19:628	[DEBUG]	Validating UtilityMod
2022-06-27 07:50:19:628	[DEBUG]	Validating InventorySpace2
2022-06-27 07:50:19:628	[DEBUG]	Validating ContainerScreen
2022-06-27 07:50:19:628	[DEBUG]	Validating PersonalDrones
2022-06-27 07:50:19:628	[DEBUG]	Validating LogisticDrones
2022-06-27 07:50:19:628	[DEBUG]	Validating NoNewLabel
2022-06-27 07:50:19:628	[DEBUG]	Validating TenTimesAwesomePoints
2022-06-27 07:50:19:628	[DEBUG]	Validating NoEarlyAccess
2022-06-27 07:50:19:628	[DEBUG]	Validating LaserBeacons
2022-06-27 07:50:19:628	[DEBUG]	Validating FlexSplines
2022-06-27 07:50:19:628	[DEBUG]	Validating UndergroundBelts
2022-06-27 07:50:19:628	[DEBUG]	Validating SS_Mod
2022-06-27 07:50:19:628	[DEBUG]	Validating SpySat
2022-06-27 07:50:19:628	[DEBUG]	Validating MoreEnemySpawns
2022-06-27 07:50:19:628	[DEBUG]	Validating Achievements
2022-06-27 07:50:19:808	[DEBUG]	Validating SML
2022-06-27 07:50:19:808	[DEBUG]	Items: {"UtilityMod":"0.5.4","SML":"3.3.1","InventorySpace2":"2.0.1","ContainerScreen":"1.0.11","PersonalDrones":"1.0.11","LogisticDrones":"1.0.1","NoNewLabel":"1.0.0","TenTimesAwesomePoints":"1.0.1","NoEarlyAccess":"1.0.2","LaserBeacons":"1.0.4","FlexSplines":"1.0.6","UndergroundBelts":"3.0.7","SS_Mod":"1.1.5","SpySat":"1.0.4","MoreEnemySpawns":"2.0.3","Achievements":"2.0.1"}
2022-06-27 07:50:19:813	[DEBUG]	Mismatches: {"install":{"Achievements":"2.0.1"},"uninstall":[]}
2022-06-27 07:50:19:817	[DEBUG]	Copying Achievements@2.0.1 to Satisfactory install
2022-06-27 07:50:19:817	[DEBUG]	Achievements@2.0.1 is not downloaded. Downloading now.
2022-06-27 07:51:24:390	[DEBUG]	Validating UtilityMod
2022-06-27 07:51:24:394	[DEBUG]	Validating SML
2022-06-27 07:51:24:394	[DEBUG]	Validating FactoryGame
2022-06-27 07:51:24:394	[DEBUG]	Validating InventorySpace2
2022-06-27 07:51:24:398	[DEBUG]	Validating SML
2022-06-27 07:51:24:398	[DEBUG]	Validating ContainerScreen
2022-06-27 07:51:24:398	[DEBUG]	Validating SML
2022-06-27 07:51:24:398	[DEBUG]	Validating PersonalDrones
2022-06-27 07:51:24:399	[DEBUG]	Validating SML
2022-06-27 07:51:24:399	[DEBUG]	Validating LogisticDrones
2022-06-27 07:51:24:400	[DEBUG]	Validating SML
2022-06-27 07:51:24:400	[DEBUG]	Validating NoNewLabel
2022-06-27 07:51:24:400	[DEBUG]	Validating SML
2022-06-27 07:51:24:400	[DEBUG]	Validating TenTimesAwesomePoints
2022-06-27 07:51:24:401	[DEBUG]	Validating SML
2022-06-27 07:51:24:401	[DEBUG]	Validating NoEarlyAccess
2022-06-27 07:51:24:401	[DEBUG]	Validating SML
2022-06-27 07:51:24:401	[DEBUG]	Validating LaserBeacons
2022-06-27 07:51:24:402	[DEBUG]	Validating SML
2022-06-27 07:51:24:402	[DEBUG]	Validating FlexSplines
2022-06-27 07:51:24:402	[DEBUG]	Validating SML
2022-06-27 07:51:24:403	[DEBUG]	Validating UndergroundBelts
2022-06-27 07:51:24:403	[DEBUG]	Validating SML
2022-06-27 07:51:24:403	[DEBUG]	Validating SS_Mod
2022-06-27 07:51:24:403	[DEBUG]	Validating SML
2022-06-27 07:51:24:403	[DEBUG]	Validating SpySat
2022-06-27 07:51:24:404	[DEBUG]	Validating SML
2022-06-27 07:51:24:404	[DEBUG]	Validating MoreEnemySpawns
2022-06-27 07:51:24:405	[DEBUG]	Validating SML
2022-06-27 07:51:24:405	[DEBUG]	Validating Achievements
2022-06-27 07:51:24:405	[DEBUG]	Validating SML
2022-06-27 07:56:26:465	[DEBUG]	Validating UtilityMod
2022-06-27 07:56:26:465	[DEBUG]	Validating SML
2022-06-27 07:56:26:465	[DEBUG]	Validating FactoryGame
2022-06-27 07:56:26:465	[DEBUG]	Validating InventorySpace2
2022-06-27 07:56:26:465	[DEBUG]	Validating SML
2022-06-27 07:56:26:465	[DEBUG]	Validating ContainerScreen
2022-06-27 07:56:26:466	[DEBUG]	Validating SML
2022-06-27 07:56:26:466	[DEBUG]	Validating PersonalDrones
2022-06-27 07:56:26:466	[DEBUG]	Validating SML
2022-06-27 07:56:26:466	[DEBUG]	Validating LogisticDrones
2022-06-27 07:56:26:466	[DEBUG]	Validating SML
2022-06-27 07:56:26:466	[DEBUG]	Validating NoNewLabel
2022-06-27 07:56:26:466	[DEBUG]	Validating SML
2022-06-27 07:56:26:467	[DEBUG]	Validating TenTimesAwesomePoints
2022-06-27 07:56:26:467	[DEBUG]	Validating SML
2022-06-27 07:56:26:467	[DEBUG]	Validating NoEarlyAccess
2022-06-27 07:56:26:467	[DEBUG]	Validating SML
2022-06-27 07:56:26:467	[DEBUG]	Validating LaserBeacons
2022-06-27 07:56:26:467	[DEBUG]	Validating SML
2022-06-27 07:56:26:467	[DEBUG]	Validating FlexSplines
2022-06-27 07:56:26:468	[DEBUG]	Validating SML
2022-06-27 07:56:26:468	[DEBUG]	Validating UndergroundBelts
2022-06-27 07:56:26:468	[DEBUG]	Validating SML
2022-06-27 07:56:26:468	[DEBUG]	Validating SS_Mod
2022-06-27 07:56:26:468	[DEBUG]	Validating SML
2022-06-27 07:56:26:469	[DEBUG]	Validating SpySat
2022-06-27 07:56:26:469	[DEBUG]	Validating SML
2022-06-27 07:56:26:469	[DEBUG]	Validating MoreEnemySpawns
2022-06-27 07:56:26:469	[DEBUG]	Validating SML
2022-06-27 07:56:26:470	[DEBUG]	Validating Achievements
2022-06-27 07:56:26:470	[DEBUG]	Validating SML
2022-06-27 08:01:28:770	[DEBUG]	Validating UtilityMod
2022-06-27 08:01:28:771	[DEBUG]	Validating SML
2022-06-27 08:01:28:771	[DEBUG]	Validating FactoryGame
2022-06-27 08:01:28:771	[DEBUG]	Validating InventorySpace2
2022-06-27 08:01:28:771	[DEBUG]	Validating SML
2022-06-27 08:01:28:771	[DEBUG]	Validating ContainerScreen
2022-06-27 08:01:28:772	[DEBUG]	Validating SML
2022-06-27 08:01:28:772	[DEBUG]	Validating PersonalDrones
2022-06-27 08:01:28:772	[DEBUG]	Validating SML
2022-06-27 08:01:28:772	[DEBUG]	Validating LogisticDrones
2022-06-27 08:01:28:772	[DEBUG]	Validating SML
2022-06-27 08:01:28:772	[DEBUG]	Validating NoNewLabel
2022-06-27 08:01:28:773	[DEBUG]	Validating SML
2022-06-27 08:01:28:773	[DEBUG]	Validating TenTimesAwesomePoints
2022-06-27 08:01:28:773	[DEBUG]	Validating SML
2022-06-27 08:01:28:773	[DEBUG]	Validating NoEarlyAccess
2022-06-27 08:01:28:773	[DEBUG]	Validating SML
2022-06-27 08:01:28:773	[DEBUG]	Validating LaserBeacons
2022-06-27 08:01:28:773	[DEBUG]	Validating SML
2022-06-27 08:01:28:773	[DEBUG]	Validating FlexSplines
2022-06-27 08:01:28:774	[DEBUG]	Validating SML
2022-06-27 08:01:28:774	[DEBUG]	Validating UndergroundBelts
2022-06-27 08:01:28:774	[DEBUG]	Validating SML
2022-06-27 08:01:28:774	[DEBUG]	Validating SS_Mod
2022-06-27 08:01:28:774	[DEBUG]	Validating SML
2022-06-27 08:01:28:775	[DEBUG]	Validating SpySat
2022-06-27 08:01:28:775	[DEBUG]	Validating SML
2022-06-27 08:01:28:775	[DEBUG]	Validating MoreEnemySpawns
2022-06-27 08:01:28:775	[DEBUG]	Validating SML
2022-06-27 08:01:28:775	[DEBUG]	Validating Achievements
2022-06-27 08:01:28:775	[DEBUG]	Validating SML
2022-06-27 08:06:30:045	[DEBUG]	Validating UtilityMod
2022-06-27 08:06:30:045	[DEBUG]	Validating SML
2022-06-27 08:06:30:046	[DEBUG]	Validating FactoryGame
2022-06-27 08:06:30:046	[DEBUG]	Validating InventorySpace2
2022-06-27 08:06:30:046	[DEBUG]	Validating SML
2022-06-27 08:06:30:046	[DEBUG]	Validating ContainerScreen
2022-06-27 08:06:30:046	[DEBUG]	Validating SML
2022-06-27 08:06:30:046	[DEBUG]	Validating PersonalDrones
2022-06-27 08:06:30:047	[DEBUG]	Validating SML
2022-06-27 08:06:30:047	[DEBUG]	Validating LogisticDrones
2022-06-27 08:06:30:047	[DEBUG]	Validating SML
2022-06-27 08:06:30:047	[DEBUG]	Validating NoNewLabel
2022-06-27 08:06:30:048	[DEBUG]	Validating SML
2022-06-27 08:06:30:048	[DEBUG]	Validating TenTimesAwesomePoints
2022-06-27 08:06:30:048	[DEBUG]	Validating SML
2022-06-27 08:06:30:048	[DEBUG]	Validating NoEarlyAccess
2022-06-27 08:06:30:048	[DEBUG]	Validating SML
2022-06-27 08:06:30:048	[DEBUG]	Validating LaserBeacons
2022-06-27 08:06:30:048	[DEBUG]	Validating SML
2022-06-27 08:06:30:048	[DEBUG]	Validating FlexSplines
2022-06-27 08:06:30:048	[DEBUG]	Validating SML
2022-06-27 08:06:30:048	[DEBUG]	Validating UndergroundBelts
2022-06-27 08:06:30:048	[DEBUG]	Validating SML
2022-06-27 08:06:30:049	[DEBUG]	Validating SS_Mod
2022-06-27 08:06:30:050	[DEBUG]	Validating SML
2022-06-27 08:06:30:050	[DEBUG]	Validating SpySat
2022-06-27 08:06:30:050	[DEBUG]	Validating SML
2022-06-27 08:06:30:050	[DEBUG]	Validating MoreEnemySpawns
2022-06-27 08:06:30:050	[DEBUG]	Validating SML
2022-06-27 08:06:30:051	[DEBUG]	Validating Achievements
2022-06-27 08:06:30:051	[DEBUG]	Validating SML
2022-06-27 08:11:31:920	[DEBUG]	Validating UtilityMod
2022-06-27 08:11:31:920	[DEBUG]	Validating SML
2022-06-27 08:11:31:921	[DEBUG]	Validating FactoryGame
2022-06-27 08:11:31:921	[DEBUG]	Validating InventorySpace2
2022-06-27 08:11:31:921	[DEBUG]	Validating SML
2022-06-27 08:11:31:921	[DEBUG]	Validating ContainerScreen
2022-06-27 08:11:31:921	[DEBUG]	Validating SML
2022-06-27 08:11:31:921	[DEBUG]	Validating PersonalDrones
2022-06-27 08:11:31:922	[DEBUG]	Validating SML
2022-06-27 08:11:31:922	[DEBUG]	Validating LogisticDrones
2022-06-27 08:11:31:922	[DEBUG]	Validating SML
2022-06-27 08:11:31:922	[DEBUG]	Validating NoNewLabel
2022-06-27 08:11:31:923	[DEBUG]	Validating SML
2022-06-27 08:11:31:923	[DEBUG]	Validating TenTimesAwesomePoints
2022-06-27 08:11:31:924	[DEBUG]	Validating SML
2022-06-27 08:11:31:924	[DEBUG]	Validating NoEarlyAccess
2022-06-27 08:11:31:924	[DEBUG]	Validating SML
2022-06-27 08:11:31:924	[DEBUG]	Validating LaserBeacons
2022-06-27 08:11:31:925	[DEBUG]	Validating SML
2022-06-27 08:11:31:925	[DEBUG]	Validating FlexSplines
2022-06-27 08:11:31:925	[DEBUG]	Validating SML
2022-06-27 08:11:31:925	[DEBUG]	Validating UndergroundBelts
2022-06-27 08:11:31:925	[DEBUG]	Validating SML
2022-06-27 08:11:31:926	[DEBUG]	Validating SS_Mod
2022-06-27 08:11:31:927	[DEBUG]	Validating SML
2022-06-27 08:11:31:928	[DEBUG]	Validating SpySat
2022-06-27 08:11:31:928	[DEBUG]	Validating SML
2022-06-27 08:11:31:928	[DEBUG]	Validating MoreEnemySpawns
2022-06-27 08:11:31:928	[DEBUG]	Validating SML
2022-06-27 08:11:31:928	[DEBUG]	Validating Achievements
2022-06-27 08:11:31:928	[DEBUG]	Validating SML
2022-06-27 08:16:34:040	[DEBUG]	Validating UtilityMod
2022-06-27 08:16:34:040	[DEBUG]	Validating SML
2022-06-27 08:16:34:041	[DEBUG]	Validating FactoryGame
2022-06-27 08:16:34:041	[DEBUG]	Validating InventorySpace2
2022-06-27 08:16:34:041	[DEBUG]	Validating SML
2022-06-27 08:16:34:041	[DEBUG]	Validating ContainerScreen
2022-06-27 08:16:34:041	[DEBUG]	Validating SML
2022-06-27 08:16:34:041	[DEBUG]	Validating PersonalDrones
2022-06-27 08:16:34:041	[DEBUG]	Validating SML
2022-06-27 08:16:34:041	[DEBUG]	Validating LogisticDrones
2022-06-27 08:16:34:041	[DEBUG]	Validating SML
2022-06-27 08:16:34:041	[DEBUG]	Validating NoNewLabel
2022-06-27 08:16:34:042	[DEBUG]	Validating SML
2022-06-27 08:16:34:042	[DEBUG]	Validating TenTimesAwesomePoints
2022-06-27 08:16:34:042	[DEBUG]	Validating SML
2022-06-27 08:16:34:042	[DEBUG]	Validating NoEarlyAccess
2022-06-27 08:16:34:042	[DEBUG]	Validating SML
2022-06-27 08:16:34:042	[DEBUG]	Validating LaserBeacons
2022-06-27 08:16:34:042	[DEBUG]	Validating SML
2022-06-27 08:16:34:042	[DEBUG]	Validating FlexSplines
2022-06-27 08:16:34:043	[DEBUG]	Validating SML
2022-06-27 08:16:34:043	[DEBUG]	Validating UndergroundBelts
2022-06-27 08:16:34:043	[DEBUG]	Validating SML
2022-06-27 08:16:34:043	[DEBUG]	Validating SS_Mod
2022-06-27 08:16:34:043	[DEBUG]	Validating SML
2022-06-27 08:16:34:043	[DEBUG]	Validating SpySat
2022-06-27 08:16:34:044	[DEBUG]	Validating SML
2022-06-27 08:16:34:044	[DEBUG]	Validating MoreEnemySpawns
2022-06-27 08:16:34:044	[DEBUG]	Validating SML
2022-06-27 08:16:34:044	[DEBUG]	Validating Achievements
2022-06-27 08:16:34:044	[DEBUG]	Validating SML
2022-06-27 08:21:36:134	[DEBUG]	Validating UtilityMod
2022-06-27 08:21:36:135	[DEBUG]	Validating SML
2022-06-27 08:21:36:135	[DEBUG]	Validating FactoryGame
2022-06-27 08:21:36:135	[DEBUG]	Validating InventorySpace2
2022-06-27 08:21:36:135	[DEBUG]	Validating SML
2022-06-27 08:21:36:135	[DEBUG]	Validating ContainerScreen
2022-06-27 08:21:36:135	[DEBUG]	Validating SML
2022-06-27 08:21:36:135	[DEBUG]	Validating PersonalDrones
2022-06-27 08:21:36:136	[DEBUG]	Validating SML
2022-06-27 08:21:36:136	[DEBUG]	Validating LogisticDrones
2022-06-27 08:21:36:136	[DEBUG]	Validating SML
2022-06-27 08:21:36:136	[DEBUG]	Validating NoNewLabel
2022-06-27 08:21:36:136	[DEBUG]	Validating SML
2022-06-27 08:21:36:136	[DEBUG]	Validating TenTimesAwesomePoints
2022-06-27 08:21:36:136	[DEBUG]	Validating SML
2022-06-27 08:21:36:136	[DEBUG]	Validating NoEarlyAccess
2022-06-27 08:21:36:136	[DEBUG]	Validating SML
2022-06-27 08:21:36:136	[DEBUG]	Validating LaserBeacons
2022-06-27 08:21:36:136	[DEBUG]	Validating SML
2022-06-27 08:21:36:136	[DEBUG]	Validating FlexSplines
2022-06-27 08:21:36:137	[DEBUG]	Validating SML
2022-06-27 08:21:36:137	[DEBUG]	Validating UndergroundBelts
2022-06-27 08:21:36:137	[DEBUG]	Validating SML
2022-06-27 08:21:36:137	[DEBUG]	Validating SS_Mod
2022-06-27 08:21:36:138	[DEBUG]	Validating SML
2022-06-27 08:21:36:138	[DEBUG]	Validating SpySat
2022-06-27 08:21:36:138	[DEBUG]	Validating SML
2022-06-27 08:21:36:138	[DEBUG]	Validating MoreEnemySpawns
2022-06-27 08:21:36:138	[DEBUG]	Validating SML
2022-06-27 08:21:36:139	[DEBUG]	Validating Achievements
2022-06-27 08:21:36:139	[DEBUG]	Validating SML
2022-06-27 14:18:59:652	[DEBUG]	Loading mod cache
2022-06-27 14:19:00:224	[DEBUG]	Loading mod cache
2022-06-27 14:19:00:287	[DEBUG]	Epic Games Launcher is not installed
2022-06-27 14:19:00:609	[DEBUG]	Setting profile to Experimental 6
2022-06-27 14:19:00:782	[DEBUG]	install: [], uninstall: [], enable: [], disable: [], update: []
2022-06-27 14:19:02:009	[DEBUG]	Validating SML
2022-06-27 14:19:02:010	[DEBUG]	Validating FactoryGame
2022-06-27 14:19:02:010	[DEBUG]	Validating UtilityMod
2022-06-27 14:19:02:010	[DEBUG]	Validating InventorySpace2
2022-06-27 14:19:02:010	[DEBUG]	Validating ContainerScreen
2022-06-27 14:19:02:010	[DEBUG]	Validating PersonalDrones
2022-06-27 14:19:02:010	[DEBUG]	Validating LogisticDrones
2022-06-27 14:19:02:010	[DEBUG]	Validating NoNewLabel
2022-06-27 14:19:02:010	[DEBUG]	Validating TenTimesAwesomePoints
2022-06-27 14:19:02:010	[DEBUG]	Validating NoEarlyAccess
2022-06-27 14:19:02:010	[DEBUG]	Validating LaserBeacons
2022-06-27 14:19:02:010	[DEBUG]	Validating FlexSplines
2022-06-27 14:19:02:010	[DEBUG]	Validating UndergroundBelts
2022-06-27 14:19:02:010	[DEBUG]	Validating SS_Mod
2022-06-27 14:19:02:010	[DEBUG]	Validating SpySat
2022-06-27 14:19:02:010	[DEBUG]	Validating MoreEnemySpawns
2022-06-27 14:19:02:010	[DEBUG]	Validating Achievements
2022-06-27 14:19:02:011	[DEBUG]	Items: {"UtilityMod":"0.5.4","SML":"3.3.1","InventorySpace2":"2.0.1","ContainerScreen":"1.0.11","PersonalDrones":"1.0.11","LogisticDrones":"1.0.1","NoNewLabel":"1.0.0","TenTimesAwesomePoints":"1.0.1","NoEarlyAccess":"1.0.2","LaserBeacons":"1.0.4","FlexSplines":"1.0.6","UndergroundBelts":"3.0.7","SS_Mod":"1.1.5","SpySat":"1.0.4","MoreEnemySpawns":"2.0.3","Achievements":"2.0.1"}
2022-06-27 14:19:02:023	[DEBUG]	Mismatches: {"install":{},"uninstall":[]}
2022-06-27 14:19:04:013	[DEBUG]	Validating UtilityMod
2022-06-27 14:19:04:015	[DEBUG]	Validating SML
2022-06-27 14:19:04:015	[DEBUG]	Validating FactoryGame
2022-06-27 14:19:04:015	[DEBUG]	Validating InventorySpace2
2022-06-27 14:19:04:016	[DEBUG]	Validating SML
2022-06-27 14:19:04:016	[DEBUG]	Validating ContainerScreen
2022-06-27 14:19:04:017	[DEBUG]	Validating SML
2022-06-27 14:19:04:017	[DEBUG]	Validating PersonalDrones
2022-06-27 14:19:04:018	[DEBUG]	Validating SML
2022-06-27 14:19:04:018	[DEBUG]	Validating LogisticDrones
2022-06-27 14:19:04:019	[DEBUG]	Validating SML
2022-06-27 14:19:04:019	[DEBUG]	Validating NoNewLabel
2022-06-27 14:19:04:019	[DEBUG]	Validating SML
2022-06-27 14:19:04:019	[DEBUG]	Validating TenTimesAwesomePoints
2022-06-27 14:19:04:020	[DEBUG]	Validating SML
2022-06-27 14:19:04:020	[DEBUG]	Validating NoEarlyAccess
2022-06-27 14:19:04:020	[DEBUG]	Validating SML
2022-06-27 14:19:04:020	[DEBUG]	Validating LaserBeacons
2022-06-27 14:19:04:021	[DEBUG]	Validating SML
2022-06-27 14:19:04:021	[DEBUG]	Validating FlexSplines
2022-06-27 14:19:04:024	[DEBUG]	Validating SML
2022-06-27 14:19:04:024	[DEBUG]	Validating UndergroundBelts
2022-06-27 14:19:04:025	[DEBUG]	Validating SML
2022-06-27 14:19:04:025	[DEBUG]	Validating SS_Mod
2022-06-27 14:19:04:027	[DEBUG]	Validating SML
2022-06-27 14:19:04:027	[DEBUG]	Validating SpySat
2022-06-27 14:19:04:027	[DEBUG]	Validating SML
2022-06-27 14:19:04:028	[DEBUG]	Validating MoreEnemySpawns
2022-06-27 14:19:04:028	[DEBUG]	Validating SML
2022-06-27 14:19:04:028	[DEBUG]	Validating Achievements
2022-06-27 14:19:04:029	[DEBUG]	Validating SML
2022-06-27 14:20:39:231	[INFO]	Uninstalling MoreEnemySpawns
2022-06-27 14:20:39:464	[DEBUG]	install: [], uninstall: [MoreEnemySpawns], enable: [], disable: [], update: []
2022-06-27 14:20:39:467	[DEBUG]	Validating SML
2022-06-27 14:20:39:467	[DEBUG]	Validating FactoryGame
2022-06-27 14:20:39:467	[DEBUG]	Validating UtilityMod
2022-06-27 14:20:39:467	[DEBUG]	Validating InventorySpace2
2022-06-27 14:20:39:467	[DEBUG]	Validating ContainerScreen
2022-06-27 14:20:39:467	[DEBUG]	Validating PersonalDrones
2022-06-27 14:20:39:467	[DEBUG]	Validating LogisticDrones
2022-06-27 14:20:39:467	[DEBUG]	Validating NoNewLabel
2022-06-27 14:20:39:467	[DEBUG]	Validating TenTimesAwesomePoints
2022-06-27 14:20:39:467	[DEBUG]	Validating NoEarlyAccess
2022-06-27 14:20:39:467	[DEBUG]	Validating LaserBeacons
2022-06-27 14:20:39:468	[DEBUG]	Validating FlexSplines
2022-06-27 14:20:39:468	[DEBUG]	Validating UndergroundBelts
2022-06-27 14:20:39:468	[DEBUG]	Validating SS_Mod
2022-06-27 14:20:39:468	[DEBUG]	Validating SpySat
2022-06-27 14:20:39:468	[DEBUG]	Validating Achievements
2022-06-27 14:20:39:468	[DEBUG]	Items: {"UtilityMod":"0.5.4","SML":"3.3.1","InventorySpace2":"2.0.1","ContainerScreen":"1.0.11","PersonalDrones":"1.0.11","LogisticDrones":"1.0.1","NoNewLabel":"1.0.0","TenTimesAwesomePoints":"1.0.1","NoEarlyAccess":"1.0.2","LaserBeacons":"1.0.4","FlexSplines":"1.0.6","UndergroundBelts":"3.0.7","SS_Mod":"1.1.5","SpySat":"1.0.4","Achievements":"2.0.1"}
2022-06-27 14:20:39:474	[DEBUG]	Mismatches: {"install":{},"uninstall":["MoreEnemySpawns"]}
2022-06-27 14:20:39:474	[DEBUG]	Removing MoreEnemySpawns from Satisfactory install
2022-06-27 14:20:58:123	[INFO]	Uninstalling LaserBeacons
2022-06-27 14:20:58:343	[DEBUG]	install: [], uninstall: [LaserBeacons], enable: [], disable: [], update: []
2022-06-27 14:20:58:346	[DEBUG]	Validating SML
2022-06-27 14:20:58:346	[DEBUG]	Validating FactoryGame
2022-06-27 14:20:58:347	[DEBUG]	Validating UtilityMod
2022-06-27 14:20:58:347	[DEBUG]	Validating InventorySpace2
2022-06-27 14:20:58:347	[DEBUG]	Validating ContainerScreen
2022-06-27 14:20:58:347	[DEBUG]	Validating PersonalDrones
2022-06-27 14:20:58:347	[DEBUG]	Validating LogisticDrones
2022-06-27 14:20:58:347	[DEBUG]	Validating NoNewLabel
2022-06-27 14:20:58:347	[DEBUG]	Validating TenTimesAwesomePoints
2022-06-27 14:20:58:347	[DEBUG]	Validating NoEarlyAccess
2022-06-27 14:20:58:347	[DEBUG]	Validating FlexSplines
2022-06-27 14:20:58:347	[DEBUG]	Validating UndergroundBelts
2022-06-27 14:20:58:347	[DEBUG]	Validating SS_Mod
2022-06-27 14:20:58:347	[DEBUG]	Validating SpySat
2022-06-27 14:20:58:347	[DEBUG]	Validating Achievements
2022-06-27 14:20:58:347	[DEBUG]	Items: {"UtilityMod":"0.5.4","SML":"3.3.1","InventorySpace2":"2.0.1","ContainerScreen":"1.0.11","PersonalDrones":"1.0.11","LogisticDrones":"1.0.1","NoNewLabel":"1.0.0","TenTimesAwesomePoints":"1.0.1","NoEarlyAccess":"1.0.2","FlexSplines":"1.0.6","UndergroundBelts":"3.0.7","SS_Mod":"1.1.5","SpySat":"1.0.4","Achievements":"2.0.1"}
2022-06-27 14:20:58:352	[DEBUG]	Mismatches: {"install":{},"uninstall":["LaserBeacons"]}
2022-06-27 14:20:58:352	[DEBUG]	Removing LaserBeacons from Satisfactory install
2022-06-27 14:21:10:210	[INFO]	Uninstalling SS_Mod
2022-06-27 14:21:10:425	[DEBUG]	install: [], uninstall: [SS_Mod], enable: [], disable: [], update: []
2022-06-27 14:21:10:427	[DEBUG]	Validating SML
2022-06-27 14:21:10:427	[DEBUG]	Validating FactoryGame
2022-06-27 14:21:10:427	[DEBUG]	Validating UtilityMod
2022-06-27 14:21:10:427	[DEBUG]	Validating InventorySpace2
2022-06-27 14:21:10:427	[DEBUG]	Validating ContainerScreen
2022-06-27 14:21:10:427	[DEBUG]	Validating PersonalDrones
2022-06-27 14:21:10:427	[DEBUG]	Validating LogisticDrones
2022-06-27 14:21:10:427	[DEBUG]	Validating NoNewLabel
2022-06-27 14:21:10:427	[DEBUG]	Validating TenTimesAwesomePoints
2022-06-27 14:21:10:427	[DEBUG]	Validating NoEarlyAccess
2022-06-27 14:21:10:427	[DEBUG]	Validating FlexSplines
2022-06-27 14:21:10:427	[DEBUG]	Validating UndergroundBelts
2022-06-27 14:21:10:427	[DEBUG]	Validating SpySat
2022-06-27 14:21:10:427	[DEBUG]	Validating Achievements
2022-06-27 14:21:10:427	[DEBUG]	Items: {"UtilityMod":"0.5.4","SML":"3.3.1","InventorySpace2":"2.0.1","ContainerScreen":"1.0.11","PersonalDrones":"1.0.11","LogisticDrones":"1.0.1","NoNewLabel":"1.0.0","TenTimesAwesomePoints":"1.0.1","NoEarlyAccess":"1.0.2","FlexSplines":"1.0.6","UndergroundBelts":"3.0.7","SpySat":"1.0.4","Achievements":"2.0.1"}
2022-06-27 14:21:10:432	[DEBUG]	Mismatches: {"install":{},"uninstall":["SS_Mod"]}
2022-06-27 14:21:10:432	[DEBUG]	Removing SS_Mod from Satisfactory install
2022-06-27 14:21:39:024	[INFO]	Uninstalling Achievements
2022-06-27 14:21:39:262	[DEBUG]	install: [], uninstall: [Achievements], enable: [], disable: [], update: []
2022-06-27 14:21:39:264	[DEBUG]	Validating SML
2022-06-27 14:21:39:264	[DEBUG]	Validating FactoryGame
2022-06-27 14:21:39:264	[DEBUG]	Validating UtilityMod
2022-06-27 14:21:39:264	[DEBUG]	Validating InventorySpace2
2022-06-27 14:21:39:264	[DEBUG]	Validating ContainerScreen
2022-06-27 14:21:39:264	[DEBUG]	Validating PersonalDrones
2022-06-27 14:21:39:264	[DEBUG]	Validating LogisticDrones
2022-06-27 14:21:39:264	[DEBUG]	Validating NoNewLabel
2022-06-27 14:21:39:264	[DEBUG]	Validating TenTimesAwesomePoints
2022-06-27 14:21:39:264	[DEBUG]	Validating NoEarlyAccess
2022-06-27 14:21:39:264	[DEBUG]	Validating FlexSplines
2022-06-27 14:21:39:264	[DEBUG]	Validating UndergroundBelts
2022-06-27 14:21:39:264	[DEBUG]	Validating SpySat
2022-06-27 14:21:39:265	[DEBUG]	Items: {"UtilityMod":"0.5.4","SML":"3.3.1","InventorySpace2":"2.0.1","ContainerScreen":"1.0.11","PersonalDrones":"1.0.11","LogisticDrones":"1.0.1","NoNewLabel":"1.0.0","TenTimesAwesomePoints":"1.0.1","NoEarlyAccess":"1.0.2","FlexSplines":"1.0.6","UndergroundBelts":"3.0.7","SpySat":"1.0.4"}
2022-06-27 14:21:39:269	[DEBUG]	Mismatches: {"install":{},"uninstall":["Achievements"]}
2022-06-27 14:21:39:269	[DEBUG]	Removing Achievements from Satisfactory install
2022-06-27 14:21:45:516	[INFO]	Uninstalling LogisticDrones
2022-06-27 14:21:45:720	[DEBUG]	install: [], uninstall: [LogisticDrones], enable: [], disable: [], update: []
2022-06-27 14:21:45:722	[DEBUG]	Validating SML
2022-06-27 14:21:45:722	[DEBUG]	Validating FactoryGame
2022-06-27 14:21:45:722	[DEBUG]	Validating UtilityMod
2022-06-27 14:21:45:722	[DEBUG]	Validating InventorySpace2
2022-06-27 14:21:45:722	[DEBUG]	Validating ContainerScreen
2022-06-27 14:21:45:722	[DEBUG]	Validating PersonalDrones
2022-06-27 14:21:45:722	[DEBUG]	Validating NoNewLabel
2022-06-27 14:21:45:722	[DEBUG]	Validating TenTimesAwesomePoints
2022-06-27 14:21:45:722	[DEBUG]	Validating NoEarlyAccess
2022-06-27 14:21:45:722	[DEBUG]	Validating FlexSplines
2022-06-27 14:21:45:722	[DEBUG]	Validating UndergroundBelts
2022-06-27 14:21:45:722	[DEBUG]	Validating SpySat
2022-06-27 14:21:45:722	[DEBUG]	Items: {"UtilityMod":"0.5.4","SML":"3.3.1","InventorySpace2":"2.0.1","ContainerScreen":"1.0.11","PersonalDrones":"1.0.11","NoNewLabel":"1.0.0","TenTimesAwesomePoints":"1.0.1","NoEarlyAccess":"1.0.2","FlexSplines":"1.0.6","UndergroundBelts":"3.0.7","SpySat":"1.0.4"}
2022-06-27 14:21:45:726	[DEBUG]	Mismatches: {"install":{},"uninstall":["LogisticDrones"]}
2022-06-27 14:21:45:726	[DEBUG]	Removing LogisticDrones from Satisfactory install
