2022-06-28 11:59:19:211	[DEBUG]	Loading mod cache
2022-06-28 11:59:19:718	[DEBUG]	Loading mod cache
2022-06-28 11:59:19:784	[DEBUG]	Epic Games Launcher is not installed
2022-06-28 11:59:20:098	[DEBUG]	Setting profile to Experimental 6
2022-06-28 11:59:20:276	[DEBUG]	install: [], uninstall: [], enable: [], disable: [], update: []
2022-06-28 11:59:21:398	[DEBUG]	Validating SML
2022-06-28 11:59:21:398	[DEBUG]	Validating FactoryGame
2022-06-28 11:59:21:398	[DEBUG]	Validating UtilityMod
2022-06-28 11:59:21:398	[DEBUG]	Validating InventorySpace2
2022-06-28 11:59:21:398	[DEBUG]	Validating ContainerScreen
2022-06-28 11:59:21:398	[DEBUG]	Validating PersonalDrones
2022-06-28 11:59:21:398	[DEBUG]	Validating NoNewLabel
2022-06-28 11:59:21:398	[DEBUG]	Validating TenTimesAwesomePoints
2022-06-28 11:59:21:398	[DEBUG]	Validating NoEarlyAccess
2022-06-28 11:59:21:398	[DEBUG]	Validating FlexSplines
2022-06-28 11:59:21:398	[DEBUG]	Validating UndergroundBelts
2022-06-28 11:59:21:398	[DEBUG]	Validating SpySat
2022-06-28 11:59:21:399	[DEBUG]	Items: {"UtilityMod":"0.5.4","SML":"3.3.1","InventorySpace2":"2.0.1","ContainerScreen":"1.0.11","PersonalDrones":"1.0.11","NoNewLabel":"1.0.0","TenTimesAwesomePoints":"1.0.1","NoEarlyAccess":"1.0.2","FlexSplines":"1.0.6","UndergroundBelts":"3.0.7","SpySat":"1.0.4"}
2022-06-28 11:59:21:415	[DEBUG]	Mismatches: {"install":{},"uninstall":[]}
2022-06-28 11:59:24:742	[DEBUG]	Validating UtilityMod
2022-06-28 11:59:24:744	[DEBUG]	Validating SML
2022-06-28 11:59:24:744	[DEBUG]	Validating FactoryGame
2022-06-28 11:59:24:744	[DEBUG]	Validating InventorySpace2
2022-06-28 11:59:24:745	[DEBUG]	Validating SML
2022-06-28 11:59:24:745	[DEBUG]	Validating ContainerScreen
2022-06-28 11:59:24:746	[DEBUG]	Validating SML
2022-06-28 11:59:24:746	[DEBUG]	Validating PersonalDrones
2022-06-28 11:59:24:747	[DEBUG]	Validating SML
2022-06-28 11:59:24:747	[DEBUG]	Validating NoNewLabel
2022-06-28 11:59:24:747	[DEBUG]	Validating SML
2022-06-28 11:59:24:747	[DEBUG]	Validating TenTimesAwesomePoints
2022-06-28 11:59:24:748	[DEBUG]	Validating SML
2022-06-28 11:59:24:748	[DEBUG]	Validating NoEarlyAccess
2022-06-28 11:59:24:748	[DEBUG]	Validating SML
2022-06-28 11:59:24:748	[DEBUG]	Validating FlexSplines
2022-06-28 11:59:24:749	[DEBUG]	Validating SML
2022-06-28 11:59:24:749	[DEBUG]	Validating UndergroundBelts
2022-06-28 11:59:24:750	[DEBUG]	Validating SML
2022-06-28 11:59:24:750	[DEBUG]	Validating SpySat
2022-06-28 11:59:24:751	[DEBUG]	Validating SML
