2022-11-08 01:25:14:041	[DEBUG]	Loading mod cache
2022-11-08 01:25:14:951	[DEBUG]	Loading mod cache
2022-11-08 01:25:15:000	[DEBUG]	Epic Games Launcher is not installed
2022-11-08 01:25:15:622	[DEBUG]	Setting profile to Plus
2022-11-08 01:25:15:828	[DEBUG]	install: [], uninstall: [], enable: [], disable: [], update: []
2022-11-08 01:25:25:266	[DEBUG]	Validating SML
2022-11-08 01:25:25:267	[DEBUG]	Validating FactoryGame
2022-11-08 01:25:25:268	[DEBUG]	Validating RefinedRDLib
2022-11-08 01:25:25:268	[DEBUG]	Validating ModularUI
2022-11-08 01:25:25:268	[DEBUG]	Validating FicsitFarming
2022-11-08 01:25:25:268	[DEBUG]	Validating AB_FluidExtras
2022-11-08 01:25:25:268	[DEBUG]	Validating KLib
2022-11-08 01:25:25:268	[DEBUG]	Validating RefinedPower
2022-11-08 01:25:25:268	[DEBUG]	Validating KPrivateCodeLib
2022-11-08 01:25:25:268	[DEBUG]	Validating KBFL
2022-11-08 01:25:25:269	[DEBUG]	Validating KUI
2022-11-08 01:25:25:269	[DEBUG]	Validating UtilityMod
2022-11-08 01:25:25:269	[DEBUG]	Validating InventorySpace2
2022-11-08 01:25:25:269	[DEBUG]	Validating PersonalDrones
2022-11-08 01:25:25:269	[DEBUG]	Validating NoNewLabel
2022-11-08 01:25:25:269	[DEBUG]	Validating TenTimesAwesomePoints
2022-11-08 01:25:25:269	[DEBUG]	Validating UndergroundBelts
2022-11-08 01:25:25:269	[DEBUG]	Validating OrganizedCrates
2022-11-08 01:25:25:269	[DEBUG]	Validating ShowEnemiesHealth
2022-11-08 01:25:25:269	[DEBUG]	Validating AlienArtifactsPoints
2022-11-08 01:25:25:269	[DEBUG]	Validating MicroManage
2022-11-08 01:25:25:269	[DEBUG]	Validating NoEarlyAccess
2022-11-08 01:25:25:269	[DEBUG]	Validating CloneMurder
2022-11-08 01:25:25:269	[DEBUG]	Validating SatisfactoryHelper
2022-11-08 01:25:25:269	[DEBUG]	Validating FicsitDeskJob
2022-11-08 01:25:25:269	[DEBUG]	Validating FlashlightSettings
2022-11-08 01:25:25:269	[DEBUG]	Validating ContainerScreen
2022-11-08 01:25:25:269	[DEBUG]	Validating StackOverload
2022-11-08 01:25:25:269	[DEBUG]	Validating DeepMining
2022-11-08 01:25:25:269	[DEBUG]	Validating NoFog
2022-11-08 01:25:25:269	[DEBUG]	Validating SatisfactoryPlus
2022-11-08 01:25:25:269	[DEBUG]	Validating SmartFoundations
2022-11-08 01:25:25:269	[DEBUG]	Validating LoadBalancers
2022-11-08 01:25:25:269	[DEBUG]	Validating SS_Mod
2022-11-08 01:25:25:269	[DEBUG]	Validating FasterManualCraftingRedux
2022-11-08 01:25:25:269	[DEBUG]	Validating Haven
2022-11-08 01:25:25:269	[DEBUG]	Validating UniqueTurbine
2022-11-08 01:25:25:269	[DEBUG]	Validating LinearMotion
2022-11-08 01:25:25:269	[DEBUG]	Validating PermaDay
2022-11-08 01:25:25:269	[DEBUG]	Validating AdvancedLogistics
2022-11-08 01:25:25:269	[DEBUG]	Validating CDevClipboard
2022-11-08 01:25:25:271	[DEBUG]	Items: {"UtilityMod":"0.7.0","SML":"3.4.0","InventorySpace2":"2.0.1","PersonalDrones":"1.0.12","NoNewLabel":"1.0.0","TenTimesAwesomePoints":"1.0.1","UndergroundBelts":"3.0.7","OrganizedCrates":"2.0.3","ShowEnemiesHealth":"1.0.2","AlienArtifactsPoints":"1.0.1","MicroManage":"1.0.4","NoEarlyAccess":"1.0.2","CloneMurder":"1.0.0","SatisfactoryHelper":"2.0.4","FicsitDeskJob":"1.0.0","FlashlightSettings":"1.0.1","ContainerScreen":"1.0.14","StackOverload":"2.0.5","DeepMining":"2.0.1","NoFog":"2.0.0","SatisfactoryPlus":"0.8.1","RefinedRDLib":"1.0.11","ModularUI":"2.0.10","FicsitFarming":"4.1.2","AB_FluidExtras":"0.8.2","KLib":"2.2.2","KPrivateCodeLib":"1.5.1","KBFL":"1.14.1","KUI":"1.6.0","RefinedPower":"3.1.4","SmartFoundations":"20.0.558","LoadBalancers":"1.5.8","SS_Mod":"1.1.14","FasterManualCraftingRedux":"2.0.0","Haven":"2.0.3","UniqueTurbine":"1.0.2","LinearMotion":"2.0.20","PermaDay":"1.0.2","AdvancedLogistics":"0.3.6","CDevClipboard":"1.0.8"}
2022-11-08 01:25:25:324	[DEBUG]	Mismatches: {"install":{},"uninstall":[]}
2022-11-08 01:25:28:433	[DEBUG]	Validating UtilityMod
2022-11-08 01:25:28:436	[DEBUG]	Validating SML
2022-11-08 01:25:28:436	[DEBUG]	Validating FactoryGame
2022-11-08 01:25:28:437	[DEBUG]	Validating InventorySpace2
2022-11-08 01:25:28:439	[DEBUG]	Validating SML
2022-11-08 01:25:28:439	[DEBUG]	Validating PersonalDrones
2022-11-08 01:25:28:441	[DEBUG]	Validating SML
2022-11-08 01:25:28:441	[DEBUG]	Validating NoNewLabel
2022-11-08 01:25:28:442	[DEBUG]	Validating SML
2022-11-08 01:25:28:442	[DEBUG]	Validating TenTimesAwesomePoints
2022-11-08 01:25:28:442	[DEBUG]	Validating SML
2022-11-08 01:25:28:442	[DEBUG]	Validating UndergroundBelts
2022-11-08 01:25:28:444	[DEBUG]	Validating SML
2022-11-08 01:25:28:444	[DEBUG]	Validating OrganizedCrates
2022-11-08 01:25:28:445	[DEBUG]	Validating SML
2022-11-08 01:25:28:445	[DEBUG]	Validating ShowEnemiesHealth
2022-11-08 01:25:28:445	[DEBUG]	Validating SML
2022-11-08 01:25:28:445	[DEBUG]	Validating AlienArtifactsPoints
2022-11-08 01:25:28:446	[DEBUG]	Validating SML
2022-11-08 01:25:28:446	[DEBUG]	Validating MicroManage
2022-11-08 01:25:28:449	[DEBUG]	Validating SML
2022-11-08 01:25:28:449	[DEBUG]	Validating NoEarlyAccess
2022-11-08 01:25:28:450	[DEBUG]	Validating SML
2022-11-08 01:25:28:450	[DEBUG]	Validating CloneMurder
2022-11-08 01:25:28:450	[DEBUG]	Validating SML
2022-11-08 01:25:28:450	[DEBUG]	Validating SatisfactoryHelper
2022-11-08 01:25:28:451	[DEBUG]	Validating SML
2022-11-08 01:25:28:451	[DEBUG]	Validating FicsitDeskJob
2022-11-08 01:25:28:452	[DEBUG]	Validating SML
2022-11-08 01:25:28:452	[DEBUG]	Validating FlashlightSettings
2022-11-08 01:25:28:453	[DEBUG]	Validating SML
2022-11-08 01:25:28:453	[DEBUG]	Validating ContainerScreen
2022-11-08 01:25:28:455	[DEBUG]	Validating SML
2022-11-08 01:25:28:455	[DEBUG]	Validating StackOverload
2022-11-08 01:25:28:457	[DEBUG]	Validating SML
2022-11-08 01:25:28:458	[DEBUG]	Validating DeepMining
2022-11-08 01:25:28:459	[DEBUG]	Validating SML
2022-11-08 01:25:28:459	[DEBUG]	Validating NoFog
2022-11-08 01:25:28:459	[DEBUG]	Validating SML
2022-11-08 01:25:28:459	[DEBUG]	Validating SatisfactoryPlus
2022-11-08 01:25:28:466	[DEBUG]	Validating RefinedRDLib
2022-11-08 01:25:28:675	[DEBUG]	Validating SML
2022-11-08 01:25:28:676	[DEBUG]	Validating ModularUI
2022-11-08 01:25:28:895	[DEBUG]	Validating SML
2022-11-08 01:25:28:895	[DEBUG]	Validating FicsitFarming
2022-11-08 01:25:28:897	[DEBUG]	Validating ModularUI
2022-11-08 01:25:28:897	[DEBUG]	Validating RefinedRDLib
2022-11-08 01:25:28:897	[DEBUG]	Validating SML
2022-11-08 01:25:28:897	[DEBUG]	Validating AB_FluidExtras
2022-11-08 01:25:28:898	[DEBUG]	Validating SML
2022-11-08 01:25:28:899	[DEBUG]	Validating SML
2022-11-08 01:25:28:899	[DEBUG]	Validating KLib
2022-11-08 01:25:29:183	[DEBUG]	Validating KPrivateCodeLib
2022-11-08 01:25:29:378	[DEBUG]	Validating KBFL
2022-11-08 01:25:29:384	[DEBUG]	Validating SML
2022-11-08 01:25:29:384	[DEBUG]	Validating KUI
2022-11-08 01:25:29:387	[DEBUG]	Validating SML
2022-11-08 01:25:29:387	[DEBUG]	Validating SML
2022-11-08 01:25:29:388	[DEBUG]	Validating SML
2022-11-08 01:25:29:388	[DEBUG]	Validating RefinedPower
2022-11-08 01:25:29:394	[DEBUG]	Validating ModularUI
2022-11-08 01:25:29:395	[DEBUG]	Validating RefinedRDLib
2022-11-08 01:25:29:395	[DEBUG]	Validating SML
2022-11-08 01:25:29:395	[DEBUG]	Validating SmartFoundations
2022-11-08 01:25:29:399	[DEBUG]	Validating SML
2022-11-08 01:25:29:401	[DEBUG]	Validating LoadBalancers
2022-11-08 01:25:29:404	[DEBUG]	Validating SML
2022-11-08 01:25:29:405	[DEBUG]	Validating SS_Mod
2022-11-08 01:25:29:408	[DEBUG]	Validating SML
2022-11-08 01:25:29:409	[DEBUG]	Validating FasterManualCraftingRedux
2022-11-08 01:25:29:409	[DEBUG]	Validating SML
2022-11-08 01:25:29:410	[DEBUG]	Validating Haven
2022-11-08 01:25:29:594	[DEBUG]	Validating SML
2022-11-08 01:25:29:597	[DEBUG]	Validating UniqueTurbine
2022-11-08 01:25:29:597	[DEBUG]	Validating SML
2022-11-08 01:25:29:598	[DEBUG]	Validating LinearMotion
2022-11-08 01:25:29:600	[DEBUG]	Validating SML
2022-11-08 01:25:29:601	[DEBUG]	Validating PermaDay
2022-11-08 01:25:29:602	[DEBUG]	Validating SML
2022-11-08 01:25:29:602	[DEBUG]	Validating AdvancedLogistics
2022-11-08 01:25:29:604	[DEBUG]	Validating SML
2022-11-08 01:25:29:604	[DEBUG]	Validating CDevClipboard
2022-11-08 01:25:29:605	[DEBUG]	Validating SML
2022-11-08 01:25:47:662	[ERROR - FRONTEND]	Satisfactory is running. Please close it and wait until it fully shuts down.
Trace
Error: Satisfactory is running. Please close it and wait until it fully shuts down.
    at w.manifestMutate (file:///C:/Program%20Files/Satisfactory%20Mod%20Manager/resources/app.asar/dist/electron/renderer.js:197:47553)
2022-11-08 01:25:56:781	[ERROR - FRONTEND]	
2022-11-08 01:26:55:886	[DEBUG]	Validating UtilityMod
2022-11-08 01:26:55:887	[DEBUG]	Validating SML
2022-11-08 01:26:55:887	[DEBUG]	Validating FactoryGame
2022-11-08 01:26:55:887	[DEBUG]	Validating InventorySpace2
2022-11-08 01:26:55:888	[DEBUG]	Validating SML
2022-11-08 01:26:55:888	[DEBUG]	Validating PersonalDrones
2022-11-08 01:26:55:888	[DEBUG]	Validating SML
2022-11-08 01:26:55:888	[DEBUG]	Validating NoNewLabel
2022-11-08 01:26:55:888	[DEBUG]	Validating SML
2022-11-08 01:26:55:888	[DEBUG]	Validating TenTimesAwesomePoints
2022-11-08 01:26:55:888	[DEBUG]	Validating SML
2022-11-08 01:26:55:889	[DEBUG]	Validating UndergroundBelts
2022-11-08 01:26:55:889	[DEBUG]	Validating SML
2022-11-08 01:26:55:889	[DEBUG]	Validating OrganizedCrates
2022-11-08 01:26:55:889	[DEBUG]	Validating SML
2022-11-08 01:26:55:889	[DEBUG]	Validating ShowEnemiesHealth
2022-11-08 01:26:55:889	[DEBUG]	Validating SML
2022-11-08 01:26:55:889	[DEBUG]	Validating AlienArtifactsPoints
2022-11-08 01:26:55:889	[DEBUG]	Validating SML
2022-11-08 01:26:55:889	[DEBUG]	Validating MicroManage
2022-11-08 01:26:55:890	[DEBUG]	Validating SML
2022-11-08 01:26:55:890	[DEBUG]	Validating NoEarlyAccess
2022-11-08 01:26:55:890	[DEBUG]	Validating SML
2022-11-08 01:26:55:891	[DEBUG]	Validating CloneMurder
2022-11-08 01:26:55:891	[DEBUG]	Validating SML
2022-11-08 01:26:55:891	[DEBUG]	Validating SatisfactoryHelper
2022-11-08 01:26:55:891	[DEBUG]	Validating SML
2022-11-08 01:26:55:891	[DEBUG]	Validating FicsitDeskJob
2022-11-08 01:26:55:891	[DEBUG]	Validating SML
2022-11-08 01:26:55:891	[DEBUG]	Validating FlashlightSettings
2022-11-08 01:26:55:892	[DEBUG]	Validating SML
2022-11-08 01:26:55:892	[DEBUG]	Validating ContainerScreen
2022-11-08 01:26:55:892	[DEBUG]	Validating SML
2022-11-08 01:26:55:892	[DEBUG]	Validating StackOverload
2022-11-08 01:26:55:892	[DEBUG]	Validating SML
2022-11-08 01:26:55:892	[DEBUG]	Validating DeepMining
2022-11-08 01:26:55:893	[DEBUG]	Validating SML
2022-11-08 01:26:55:893	[DEBUG]	Validating NoFog
2022-11-08 01:26:55:893	[DEBUG]	Validating SML
2022-11-08 01:26:55:893	[DEBUG]	Validating SatisfactoryPlus
2022-11-08 01:26:55:894	[DEBUG]	Validating RefinedRDLib
2022-11-08 01:26:55:894	[DEBUG]	Validating SML
2022-11-08 01:26:55:894	[DEBUG]	Validating ModularUI
2022-11-08 01:26:55:894	[DEBUG]	Validating SML
2022-11-08 01:26:55:895	[DEBUG]	Validating FicsitFarming
2022-11-08 01:26:55:895	[DEBUG]	Validating ModularUI
2022-11-08 01:26:55:895	[DEBUG]	Validating RefinedRDLib
2022-11-08 01:26:55:895	[DEBUG]	Validating SML
2022-11-08 01:26:55:895	[DEBUG]	Validating AB_FluidExtras
2022-11-08 01:26:55:896	[DEBUG]	Validating SML
2022-11-08 01:26:55:896	[DEBUG]	Validating SML
2022-11-08 01:26:55:896	[DEBUG]	Validating KLib
2022-11-08 01:26:55:896	[DEBUG]	Validating KPrivateCodeLib
2022-11-08 01:26:55:897	[DEBUG]	Validating KBFL
2022-11-08 01:26:55:897	[DEBUG]	Validating SML
2022-11-08 01:26:55:898	[DEBUG]	Validating KUI
2022-11-08 01:26:55:899	[DEBUG]	Validating SML
2022-11-08 01:26:55:899	[DEBUG]	Validating SML
2022-11-08 01:26:55:899	[DEBUG]	Validating SML
2022-11-08 01:26:55:900	[DEBUG]	Validating RefinedPower
2022-11-08 01:26:55:900	[DEBUG]	Validating ModularUI
2022-11-08 01:26:55:900	[DEBUG]	Validating RefinedRDLib
2022-11-08 01:26:55:900	[DEBUG]	Validating SML
2022-11-08 01:26:55:900	[DEBUG]	Validating SmartFoundations
2022-11-08 01:26:55:901	[DEBUG]	Validating SML
2022-11-08 01:26:55:902	[DEBUG]	Validating LoadBalancers
2022-11-08 01:26:55:902	[DEBUG]	Validating SML
2022-11-08 01:26:55:904	[DEBUG]	Validating SS_Mod
2022-11-08 01:26:55:904	[DEBUG]	Validating SML
2022-11-08 01:26:55:905	[DEBUG]	Validating FasterManualCraftingRedux
2022-11-08 01:26:55:905	[DEBUG]	Validating SML
2022-11-08 01:26:55:905	[DEBUG]	Validating Haven
2022-11-08 01:26:55:906	[DEBUG]	Validating SML
2022-11-08 01:26:55:906	[DEBUG]	Validating UniqueTurbine
2022-11-08 01:26:55:906	[DEBUG]	Validating SML
2022-11-08 01:26:55:907	[DEBUG]	Validating LinearMotion
2022-11-08 01:26:55:907	[DEBUG]	Validating SML
2022-11-08 01:26:55:907	[DEBUG]	Validating PermaDay
2022-11-08 01:26:55:908	[DEBUG]	Validating SML
2022-11-08 01:26:55:909	[DEBUG]	Validating AdvancedLogistics
2022-11-08 01:26:55:909	[DEBUG]	Validating SML
2022-11-08 01:26:55:909	[DEBUG]	Validating CDevClipboard
2022-11-08 01:26:55:910	[DEBUG]	Validating SML
2022-11-08 01:26:58:060	[DEBUG]	install: [], uninstall: [], enable: [], disable: [], update: [Haven]
2022-11-08 01:26:58:069	[DEBUG]	Validating SML
2022-11-08 01:26:58:070	[DEBUG]	Validating FactoryGame
2022-11-08 01:26:58:070	[DEBUG]	Validating RefinedRDLib
2022-11-08 01:26:58:070	[DEBUG]	Validating ModularUI
2022-11-08 01:26:58:070	[DEBUG]	Validating FicsitFarming
2022-11-08 01:26:58:070	[DEBUG]	Validating AB_FluidExtras
2022-11-08 01:26:58:070	[DEBUG]	Validating KLib
2022-11-08 01:26:58:070	[DEBUG]	Validating RefinedPower
2022-11-08 01:26:58:070	[DEBUG]	Validating KPrivateCodeLib
2022-11-08 01:26:58:070	[DEBUG]	Validating KBFL
2022-11-08 01:26:58:070	[DEBUG]	Validating KUI
2022-11-08 01:26:58:070	[DEBUG]	Validating UtilityMod
2022-11-08 01:26:58:071	[DEBUG]	Validating InventorySpace2
2022-11-08 01:26:58:071	[DEBUG]	Validating PersonalDrones
2022-11-08 01:26:58:071	[DEBUG]	Validating NoNewLabel
2022-11-08 01:26:58:071	[DEBUG]	Validating TenTimesAwesomePoints
2022-11-08 01:26:58:071	[DEBUG]	Validating UndergroundBelts
2022-11-08 01:26:58:071	[DEBUG]	Validating OrganizedCrates
2022-11-08 01:26:58:071	[DEBUG]	Validating ShowEnemiesHealth
2022-11-08 01:26:58:071	[DEBUG]	Validating AlienArtifactsPoints
2022-11-08 01:26:58:071	[DEBUG]	Validating MicroManage
2022-11-08 01:26:58:071	[DEBUG]	Validating NoEarlyAccess
2022-11-08 01:26:58:071	[DEBUG]	Validating CloneMurder
2022-11-08 01:26:58:071	[DEBUG]	Validating SatisfactoryHelper
2022-11-08 01:26:58:071	[DEBUG]	Validating FicsitDeskJob
2022-11-08 01:26:58:071	[DEBUG]	Validating FlashlightSettings
2022-11-08 01:26:58:071	[DEBUG]	Validating ContainerScreen
2022-11-08 01:26:58:071	[DEBUG]	Validating StackOverload
2022-11-08 01:26:58:071	[DEBUG]	Validating DeepMining
2022-11-08 01:26:58:071	[DEBUG]	Validating NoFog
2022-11-08 01:26:58:071	[DEBUG]	Validating SatisfactoryPlus
2022-11-08 01:26:58:071	[DEBUG]	Validating SmartFoundations
2022-11-08 01:26:58:071	[DEBUG]	Validating LoadBalancers
2022-11-08 01:26:58:071	[DEBUG]	Validating SS_Mod
2022-11-08 01:26:58:071	[DEBUG]	Validating FasterManualCraftingRedux
2022-11-08 01:26:58:071	[DEBUG]	Validating Haven
2022-11-08 01:26:58:071	[DEBUG]	Validating SML
2022-11-08 01:26:58:072	[DEBUG]	Validating UniqueTurbine
2022-11-08 01:26:58:072	[DEBUG]	Validating LinearMotion
2022-11-08 01:26:58:072	[DEBUG]	Validating PermaDay
2022-11-08 01:26:58:072	[DEBUG]	Validating AdvancedLogistics
2022-11-08 01:26:58:072	[DEBUG]	Validating CDevClipboard
2022-11-08 01:26:58:073	[DEBUG]	Items: {"UtilityMod":"0.7.0","SML":"3.4.0","InventorySpace2":"2.0.1","PersonalDrones":"1.0.12","NoNewLabel":"1.0.0","TenTimesAwesomePoints":"1.0.1","UndergroundBelts":"3.0.7","OrganizedCrates":"2.0.3","ShowEnemiesHealth":"1.0.2","AlienArtifactsPoints":"1.0.1","MicroManage":"1.0.4","NoEarlyAccess":"1.0.2","CloneMurder":"1.0.0","SatisfactoryHelper":"2.0.4","FicsitDeskJob":"1.0.0","FlashlightSettings":"1.0.1","ContainerScreen":"1.0.14","StackOverload":"2.0.5","DeepMining":"2.0.1","NoFog":"2.0.0","SatisfactoryPlus":"0.8.1","RefinedRDLib":"1.0.11","ModularUI":"2.0.10","FicsitFarming":"4.1.2","AB_FluidExtras":"0.8.2","KLib":"2.2.2","KPrivateCodeLib":"1.5.1","KBFL":"1.14.1","KUI":"1.6.0","RefinedPower":"3.1.4","SmartFoundations":"20.0.558","LoadBalancers":"1.5.8","SS_Mod":"1.1.14","FasterManualCraftingRedux":"2.0.0","UniqueTurbine":"1.0.2","LinearMotion":"2.0.20","PermaDay":"1.0.2","AdvancedLogistics":"0.3.6","CDevClipboard":"1.0.8","Haven":"2.0.4"}
2022-11-08 01:26:58:084	[DEBUG]	Mismatches: {"install":{"Haven":"2.0.4"},"uninstall":["Haven"]}
2022-11-08 01:26:58:084	[DEBUG]	Removing Haven from Satisfactory install
2022-11-08 01:26:58:102	[DEBUG]	Copying Haven@2.0.4 to Satisfactory install
2022-11-08 01:26:58:103	[DEBUG]	Haven@2.0.4 is not downloaded. Downloading now.
2022-11-08 01:29:56:172	[WARN]	isRunning timed out, using fallback method.
2022-11-08 01:31:56:862	[DEBUG]	Validating UtilityMod
2022-11-08 01:31:56:863	[DEBUG]	Validating SML
2022-11-08 01:31:56:863	[DEBUG]	Validating FactoryGame
2022-11-08 01:31:56:864	[DEBUG]	Validating InventorySpace2
2022-11-08 01:31:56:864	[DEBUG]	Validating SML
2022-11-08 01:31:56:864	[DEBUG]	Validating PersonalDrones
2022-11-08 01:31:56:864	[DEBUG]	Validating SML
2022-11-08 01:31:56:864	[DEBUG]	Validating NoNewLabel
2022-11-08 01:31:56:864	[DEBUG]	Validating SML
2022-11-08 01:31:56:864	[DEBUG]	Validating TenTimesAwesomePoints
2022-11-08 01:31:56:864	[DEBUG]	Validating SML
2022-11-08 01:31:56:864	[DEBUG]	Validating UndergroundBelts
2022-11-08 01:31:56:865	[DEBUG]	Validating SML
2022-11-08 01:31:56:865	[DEBUG]	Validating OrganizedCrates
2022-11-08 01:31:56:865	[DEBUG]	Validating SML
2022-11-08 01:31:56:865	[DEBUG]	Validating ShowEnemiesHealth
2022-11-08 01:31:56:865	[DEBUG]	Validating SML
2022-11-08 01:31:56:865	[DEBUG]	Validating AlienArtifactsPoints
2022-11-08 01:31:56:865	[DEBUG]	Validating SML
2022-11-08 01:31:56:865	[DEBUG]	Validating MicroManage
2022-11-08 01:31:56:865	[DEBUG]	Validating SML
2022-11-08 01:31:56:866	[DEBUG]	Validating NoEarlyAccess
2022-11-08 01:31:56:866	[DEBUG]	Validating SML
2022-11-08 01:31:56:866	[DEBUG]	Validating CloneMurder
2022-11-08 01:31:56:866	[DEBUG]	Validating SML
2022-11-08 01:31:56:866	[DEBUG]	Validating SatisfactoryHelper
2022-11-08 01:31:56:867	[DEBUG]	Validating SML
2022-11-08 01:31:56:867	[DEBUG]	Validating FicsitDeskJob
2022-11-08 01:31:56:867	[DEBUG]	Validating SML
2022-11-08 01:31:56:867	[DEBUG]	Validating FlashlightSettings
2022-11-08 01:31:56:867	[DEBUG]	Validating SML
2022-11-08 01:31:56:867	[DEBUG]	Validating ContainerScreen
2022-11-08 01:31:56:868	[DEBUG]	Validating SML
2022-11-08 01:31:56:868	[DEBUG]	Validating StackOverload
2022-11-08 01:31:56:868	[DEBUG]	Validating SML
2022-11-08 01:31:56:868	[DEBUG]	Validating DeepMining
2022-11-08 01:31:56:868	[DEBUG]	Validating SML
2022-11-08 01:31:56:869	[DEBUG]	Validating NoFog
2022-11-08 01:31:56:869	[DEBUG]	Validating SML
2022-11-08 01:31:56:869	[DEBUG]	Validating SatisfactoryPlus
2022-11-08 01:31:56:870	[DEBUG]	Validating RefinedRDLib
2022-11-08 01:31:56:870	[DEBUG]	Validating SML
2022-11-08 01:31:56:870	[DEBUG]	Validating ModularUI
2022-11-08 01:31:56:870	[DEBUG]	Validating SML
2022-11-08 01:31:56:870	[DEBUG]	Validating FicsitFarming
2022-11-08 01:31:56:871	[DEBUG]	Validating ModularUI
2022-11-08 01:31:56:871	[DEBUG]	Validating RefinedRDLib
2022-11-08 01:31:56:871	[DEBUG]	Validating SML
2022-11-08 01:31:56:872	[DEBUG]	Validating AB_FluidExtras
2022-11-08 01:31:56:872	[DEBUG]	Validating SML
2022-11-08 01:31:56:872	[DEBUG]	Validating SML
2022-11-08 01:31:56:873	[DEBUG]	Validating KLib
2022-11-08 01:31:56:873	[DEBUG]	Validating KPrivateCodeLib
2022-11-08 01:31:56:873	[DEBUG]	Validating KBFL
2022-11-08 01:31:56:874	[DEBUG]	Validating SML
2022-11-08 01:31:56:874	[DEBUG]	Validating KUI
2022-11-08 01:31:56:875	[DEBUG]	Validating SML
2022-11-08 01:31:56:875	[DEBUG]	Validating SML
2022-11-08 01:31:56:876	[DEBUG]	Validating SML
2022-11-08 01:31:56:879	[DEBUG]	Validating RefinedPower
2022-11-08 01:31:56:882	[DEBUG]	Validating ModularUI
2022-11-08 01:31:56:882	[DEBUG]	Validating RefinedRDLib
2022-11-08 01:31:56:882	[DEBUG]	Validating SML
2022-11-08 01:31:56:882	[DEBUG]	Validating SmartFoundations
2022-11-08 01:31:56:885	[DEBUG]	Validating SML
2022-11-08 01:31:56:885	[DEBUG]	Validating LoadBalancers
2022-11-08 01:31:56:885	[DEBUG]	Validating SML
2022-11-08 01:31:56:885	[DEBUG]	Validating SS_Mod
2022-11-08 01:31:56:886	[DEBUG]	Validating SML
2022-11-08 01:31:56:886	[DEBUG]	Validating FasterManualCraftingRedux
2022-11-08 01:31:56:886	[DEBUG]	Validating SML
2022-11-08 01:31:56:886	[DEBUG]	Validating Haven
2022-11-08 01:31:56:887	[DEBUG]	Validating SML
2022-11-08 01:31:56:887	[DEBUG]	Validating UniqueTurbine
2022-11-08 01:31:56:887	[DEBUG]	Validating SML
2022-11-08 01:31:56:888	[DEBUG]	Validating LinearMotion
2022-11-08 01:31:56:888	[DEBUG]	Validating SML
2022-11-08 01:31:56:889	[DEBUG]	Validating PermaDay
2022-11-08 01:31:56:890	[DEBUG]	Validating SML
2022-11-08 01:31:56:890	[DEBUG]	Validating AdvancedLogistics
2022-11-08 01:31:56:891	[DEBUG]	Validating SML
2022-11-08 01:31:56:892	[DEBUG]	Validating CDevClipboard
2022-11-08 01:31:56:892	[DEBUG]	Validating SML
2022-11-08 01:36:58:218	[DEBUG]	Validating SML
2022-11-08 01:36:58:219	[DEBUG]	Validating FactoryGame
2022-11-08 01:36:58:219	[DEBUG]	Validating RefinedRDLib
2022-11-08 01:36:58:219	[DEBUG]	Validating ModularUI
2022-11-08 01:36:58:219	[DEBUG]	Validating FicsitFarming
2022-11-08 01:36:58:219	[DEBUG]	Validating AB_FluidExtras
2022-11-08 01:36:58:219	[DEBUG]	Validating KLib
2022-11-08 01:36:58:219	[DEBUG]	Validating RefinedPower
2022-11-08 01:36:58:219	[DEBUG]	Validating KPrivateCodeLib
2022-11-08 01:36:58:219	[DEBUG]	Validating KBFL
2022-11-08 01:36:58:220	[DEBUG]	Validating KUI
2022-11-08 01:36:58:220	[DEBUG]	Validating UtilityMod
2022-11-08 01:36:58:220	[DEBUG]	Validating InventorySpace2
2022-11-08 01:36:58:220	[DEBUG]	Validating PersonalDrones
2022-11-08 01:36:58:220	[DEBUG]	Validating NoNewLabel
2022-11-08 01:36:58:220	[DEBUG]	Validating TenTimesAwesomePoints
2022-11-08 01:36:58:220	[DEBUG]	Validating UndergroundBelts
2022-11-08 01:36:58:220	[DEBUG]	Validating OrganizedCrates
2022-11-08 01:36:58:220	[DEBUG]	Validating ShowEnemiesHealth
2022-11-08 01:36:58:220	[DEBUG]	Validating AlienArtifactsPoints
2022-11-08 01:36:58:220	[DEBUG]	Validating MicroManage
2022-11-08 01:36:58:220	[DEBUG]	Validating NoEarlyAccess
2022-11-08 01:36:58:220	[DEBUG]	Validating CloneMurder
2022-11-08 01:36:58:220	[DEBUG]	Validating SatisfactoryHelper
2022-11-08 01:36:58:220	[DEBUG]	Validating FicsitDeskJob
2022-11-08 01:36:58:220	[DEBUG]	Validating FlashlightSettings
2022-11-08 01:36:58:220	[DEBUG]	Validating ContainerScreen
2022-11-08 01:36:58:220	[DEBUG]	Validating StackOverload
2022-11-08 01:36:58:220	[DEBUG]	Validating DeepMining
2022-11-08 01:36:58:220	[DEBUG]	Validating NoFog
2022-11-08 01:36:58:220	[DEBUG]	Validating SatisfactoryPlus
2022-11-08 01:36:58:220	[DEBUG]	Validating SmartFoundations
2022-11-08 01:36:58:220	[DEBUG]	Validating LoadBalancers
2022-11-08 01:36:58:220	[DEBUG]	Validating SS_Mod
2022-11-08 01:36:58:220	[DEBUG]	Validating FasterManualCraftingRedux
2022-11-08 01:36:58:220	[DEBUG]	Validating Haven
2022-11-08 01:36:58:220	[DEBUG]	Validating UniqueTurbine
2022-11-08 01:36:58:220	[DEBUG]	Validating LinearMotion
2022-11-08 01:36:58:220	[DEBUG]	Validating PermaDay
2022-11-08 01:36:58:220	[DEBUG]	Validating AdvancedLogistics
2022-11-08 01:36:58:220	[DEBUG]	Validating CDevClipboard
2022-11-08 01:41:59:657	[DEBUG]	Validating UtilityMod
2022-11-08 01:41:59:657	[DEBUG]	Validating SML
2022-11-08 01:41:59:657	[DEBUG]	Validating FactoryGame
2022-11-08 01:41:59:657	[DEBUG]	Validating InventorySpace2
2022-11-08 01:41:59:658	[DEBUG]	Validating SML
2022-11-08 01:41:59:658	[DEBUG]	Validating PersonalDrones
2022-11-08 01:41:59:658	[DEBUG]	Validating SML
2022-11-08 01:41:59:658	[DEBUG]	Validating NoNewLabel
2022-11-08 01:41:59:658	[DEBUG]	Validating SML
2022-11-08 01:41:59:658	[DEBUG]	Validating TenTimesAwesomePoints
2022-11-08 01:41:59:658	[DEBUG]	Validating SML
2022-11-08 01:41:59:658	[DEBUG]	Validating UndergroundBelts
2022-11-08 01:41:59:658	[DEBUG]	Validating SML
2022-11-08 01:41:59:658	[DEBUG]	Validating OrganizedCrates
2022-11-08 01:41:59:658	[DEBUG]	Validating SML
2022-11-08 01:41:59:658	[DEBUG]	Validating ShowEnemiesHealth
2022-11-08 01:41:59:659	[DEBUG]	Validating SML
2022-11-08 01:41:59:659	[DEBUG]	Validating AlienArtifactsPoints
2022-11-08 01:41:59:659	[DEBUG]	Validating SML
2022-11-08 01:41:59:659	[DEBUG]	Validating MicroManage
2022-11-08 01:41:59:659	[DEBUG]	Validating SML
2022-11-08 01:41:59:659	[DEBUG]	Validating NoEarlyAccess
2022-11-08 01:41:59:659	[DEBUG]	Validating SML
2022-11-08 01:41:59:659	[DEBUG]	Validating CloneMurder
2022-11-08 01:41:59:659	[DEBUG]	Validating SML
2022-11-08 01:41:59:659	[DEBUG]	Validating SatisfactoryHelper
2022-11-08 01:41:59:660	[DEBUG]	Validating SML
2022-11-08 01:41:59:660	[DEBUG]	Validating FicsitDeskJob
2022-11-08 01:41:59:660	[DEBUG]	Validating SML
2022-11-08 01:41:59:660	[DEBUG]	Validating FlashlightSettings
2022-11-08 01:41:59:660	[DEBUG]	Validating SML
2022-11-08 01:41:59:660	[DEBUG]	Validating ContainerScreen
2022-11-08 01:41:59:660	[DEBUG]	Validating SML
2022-11-08 01:41:59:661	[DEBUG]	Validating StackOverload
2022-11-08 01:41:59:661	[DEBUG]	Validating SML
2022-11-08 01:41:59:661	[DEBUG]	Validating RandomStart
2022-11-08 01:42:00:025	[DEBUG]	Validating SML
2022-11-08 01:42:00:025	[DEBUG]	Validating DeepMining
2022-11-08 01:42:00:026	[DEBUG]	Validating SML
2022-11-08 01:42:00:026	[DEBUG]	Validating NoFog
2022-11-08 01:42:00:026	[DEBUG]	Validating SML
2022-11-08 01:42:00:026	[DEBUG]	Validating RoadSplineTool
2022-11-08 01:42:00:399	[DEBUG]	Validating SML
2022-11-08 01:42:00:399	[DEBUG]	Validating SatisfactoryPlus
2022-11-08 01:42:00:400	[DEBUG]	Validating RefinedRDLib
2022-11-08 01:42:00:400	[DEBUG]	Validating SML
2022-11-08 01:42:00:400	[DEBUG]	Validating ModularUI
2022-11-08 01:42:00:400	[DEBUG]	Validating SML
2022-11-08 01:42:00:400	[DEBUG]	Validating FicsitFarming
2022-11-08 01:42:00:401	[DEBUG]	Validating ModularUI
2022-11-08 01:42:00:401	[DEBUG]	Validating RefinedRDLib
2022-11-08 01:42:00:401	[DEBUG]	Validating SML
2022-11-08 01:42:00:401	[DEBUG]	Validating AB_FluidExtras
2022-11-08 01:42:00:401	[DEBUG]	Validating SML
2022-11-08 01:42:00:401	[DEBUG]	Validating SML
2022-11-08 01:42:00:402	[DEBUG]	Validating KLib
2022-11-08 01:42:00:402	[DEBUG]	Validating KPrivateCodeLib
2022-11-08 01:42:00:402	[DEBUG]	Validating KBFL
2022-11-08 01:42:00:403	[DEBUG]	Validating SML
2022-11-08 01:42:00:403	[DEBUG]	Validating KUI
2022-11-08 01:42:00:404	[DEBUG]	Validating SML
2022-11-08 01:42:00:404	[DEBUG]	Validating SML
2022-11-08 01:42:00:404	[DEBUG]	Validating SML
2022-11-08 01:42:00:405	[DEBUG]	Validating RefinedPower
2022-11-08 01:42:00:405	[DEBUG]	Validating ModularUI
2022-11-08 01:42:00:406	[DEBUG]	Validating RefinedRDLib
2022-11-08 01:42:00:406	[DEBUG]	Validating SML
2022-11-08 01:42:00:406	[DEBUG]	Validating SmartFoundations
2022-11-08 01:42:00:407	[DEBUG]	Validating SML
2022-11-08 01:42:00:407	[DEBUG]	Validating LoadBalancers
2022-11-08 01:42:00:407	[DEBUG]	Validating SML
2022-11-08 01:42:00:408	[DEBUG]	Validating SS_Mod
2022-11-08 01:42:00:408	[DEBUG]	Validating SML
