2022-01-29 05:31:01:666	[DEBUG]	Failed to register win-ca
2022-01-29 05:31:01:670	[INFO]	Set debug mode to false
2022-01-29 05:31:02:622	[DEBUG]	Epic Games Launcher is not installed
2022-01-29 05:31:04:686	[DEBUG]	Setting profile to dcheva.30
2022-01-29 05:31:04:813	[DEBUG]	install: [], uninstall: [], enable: [], disable: [], update: []
2022-01-29 05:31:06:626	[DEBUG]	Validating SML
2022-01-29 05:31:06:626	[DEBUG]	Validating FactoryGame
2022-01-29 05:31:06:627	[DEBUG]	Validating MarcioCommonLibs
2022-01-29 05:31:06:627	[DEBUG]	Validating avMallLib
2022-01-29 05:31:06:627	[DEBUG]	Validating StackOverload
2022-01-29 05:31:06:627	[DEBUG]	Validating TenTimesAwesomePoints
2022-01-29 05:31:06:627	[DEBUG]	Validating SmartFoundations
2022-01-29 05:31:06:627	[DEBUG]	Validating FasterManualCrafting
2022-01-29 05:31:06:627	[DEBUG]	Validating SatisfactoryHelper
2022-01-29 05:31:06:627	[DEBUG]	Validating x3_splitter_merger_pole
2022-01-29 05:31:06:627	[DEBUG]	Validating FlashlightSettings
2022-01-29 05:31:06:627	[DEBUG]	Validating MAMTips
2022-01-29 05:31:06:627	[DEBUG]	Validating BeltfedBiomassBurner
2022-01-29 05:31:06:627	[DEBUG]	Validating FastForward
2022-01-29 05:31:06:627	[DEBUG]	Validating NoFallingGifts
2022-01-29 05:31:06:627	[DEBUG]	Validating ContainerScreen
2022-01-29 05:31:06:627	[DEBUG]	Validating NoEarlyAccess
2022-01-29 05:31:06:627	[DEBUG]	Validating MicroManage
2022-01-29 05:31:06:627	[DEBUG]	Validating Cellphone
2022-01-29 05:31:06:627	[DEBUG]	Validating MiniMap
2022-01-29 05:31:06:627	[DEBUG]	Validating SimpleCodex
2022-01-29 05:31:06:627	[DEBUG]	Validating VanishGiraffer
2022-01-29 05:31:06:627	[DEBUG]	Validating SpaceMarket
2022-01-29 05:31:06:627	[DEBUG]	Validating DaisyChainPowerCables
2022-01-29 05:31:06:627	[DEBUG]	Validating PermaDay
2022-01-29 05:31:06:627	[DEBUG]	Validating EasyCheat
2022-01-29 05:31:06:627	[DEBUG]	Validating FicsitTrading
2022-01-29 05:31:06:627	[DEBUG]	Validating NoFog
2022-01-29 05:31:06:627	[DEBUG]	Validating WallPipeSupports
2022-01-29 05:31:06:627	[DEBUG]	Validating WallHoleConveyor
2022-01-29 05:31:06:627	[DEBUG]	Validating WallConveyorSupports
2022-01-29 05:31:06:627	[DEBUG]	Validating Hopper
2022-01-29 05:31:06:627	[DEBUG]	Validating Dispenser
2022-01-29 05:31:06:627	[DEBUG]	Validating UtilityMod
2022-01-29 05:31:06:628	[DEBUG]	Items: {"StackOverload":"2.0.5","SML":"3.3.0","TenTimesAwesomePoints":"1.0.1","SmartFoundations":"17.0.11","FasterManualCrafting":"1.1.0","SatisfactoryHelper":"2.0.3","x3_splitter_merger_pole":"1.1.2","FlashlightSettings":"1.0.1","MAMTips":"0.4.1","MarcioCommonLibs":"1.1.0","BeltfedBiomassBurner":"1.1.1","FastForward":"1.0.0","NoFallingGifts":"1.0.0","ContainerScreen":"1.0.2","NoEarlyAccess":"1.0.2","MicroManage":"0.9.11","Cellphone":"1.0.5","MiniMap":"1.0.11","SimpleCodex":"1.0.2","VanishGiraffer":"1.0.1","SpaceMarket":"2.0.1","DaisyChainPowerCables":"2.0.2","PermaDay":"1.0.2","EasyCheat":"1.0.7","FicsitTrading":"2.0.0","NoFog":"2.0.0","WallPipeSupports":"2.1.2","WallHoleConveyor":"2.0.2","WallConveyorSupports":"1.1.0","Hopper":"3.3.2","avMallLib":"2.2.1","Dispenser":"3.3.2","UtilityMod":"0.5.4"}
2022-01-29 05:31:06:641	[DEBUG]	Mismatches: {"install":{},"uninstall":[]}
2022-01-29 05:31:06:656	[DEBUG]	Forcing cache reload
2022-01-29 05:31:06:656	[DEBUG]	Loading mod cache
2022-01-29 05:31:11:127	[DEBUG]	Validating StackOverload
2022-01-29 05:31:11:129	[DEBUG]	Validating SML
2022-01-29 05:31:11:129	[DEBUG]	Validating FactoryGame
2022-01-29 05:31:11:129	[DEBUG]	Validating TenTimesAwesomePoints
2022-01-29 05:31:11:130	[DEBUG]	Validating SML
2022-01-29 05:31:11:130	[DEBUG]	Validating SmartFoundations
2022-01-29 05:31:11:132	[DEBUG]	Validating SML
2022-01-29 05:31:11:132	[DEBUG]	Validating FasterManualCrafting
2022-01-29 05:31:11:133	[DEBUG]	Validating SML
2022-01-29 05:31:11:133	[DEBUG]	Validating SatisfactoryHelper
2022-01-29 05:31:11:134	[DEBUG]	Validating SML
2022-01-29 05:31:11:134	[DEBUG]	Validating x3_splitter_merger_pole
2022-01-29 05:31:11:360	[DEBUG]	Validating SML
2022-01-29 05:31:11:360	[DEBUG]	Validating FlashlightSettings
2022-01-29 05:31:11:361	[DEBUG]	Validating SML
2022-01-29 05:31:11:361	[DEBUG]	Validating MAMTips
2022-01-29 05:31:11:361	[DEBUG]	Validating SML
2022-01-29 05:31:11:362	[DEBUG]	Validating BeltfedBiomassBurner
2022-01-29 05:31:11:362	[DEBUG]	Validating SML
2022-01-29 05:31:11:362	[DEBUG]	Validating FastForward
2022-01-29 05:31:11:362	[DEBUG]	Validating SML
2022-01-29 05:31:11:362	[DEBUG]	Validating NoFallingGifts
2022-01-29 05:31:11:363	[DEBUG]	Validating SML
2022-01-29 05:31:11:363	[DEBUG]	Validating ContainerScreen
2022-01-29 05:31:11:582	[DEBUG]	Validating SML
2022-01-29 05:31:11:583	[DEBUG]	Validating NoEarlyAccess
2022-01-29 05:31:11:583	[DEBUG]	Validating SML
2022-01-29 05:31:11:583	[DEBUG]	Validating MicroManage
2022-01-29 05:31:11:585	[DEBUG]	Validating SML
2022-01-29 05:31:11:585	[DEBUG]	Validating Cellphone
2022-01-29 05:31:11:919	[DEBUG]	Validating SML
2022-01-29 05:31:11:920	[DEBUG]	Validating MiniMap
2022-01-29 05:31:11:921	[DEBUG]	Validating SML
2022-01-29 05:31:11:921	[DEBUG]	Validating SimpleCodex
2022-01-29 05:31:11:921	[DEBUG]	Validating SML
2022-01-29 05:31:11:921	[DEBUG]	Validating VanishGiraffer
2022-01-29 05:31:11:922	[DEBUG]	Validating SML
2022-01-29 05:31:11:922	[DEBUG]	Validating SpaceMarket
2022-01-29 05:31:11:922	[DEBUG]	Validating SML
2022-01-29 05:31:11:922	[DEBUG]	Validating DaisyChainPowerCables
2022-01-29 05:31:11:923	[DEBUG]	Validating SML
2022-01-29 05:31:11:923	[DEBUG]	Validating PermaDay
2022-01-29 05:31:11:924	[DEBUG]	Validating SML
2022-01-29 05:31:11:924	[DEBUG]	Validating EasyCheat
2022-01-29 05:31:11:925	[DEBUG]	Validating SML
2022-01-29 05:31:11:925	[DEBUG]	Validating FicsitTrading
2022-01-29 05:31:11:926	[DEBUG]	Validating SML
2022-01-29 05:31:11:926	[DEBUG]	Validating NoFog
2022-01-29 05:31:11:926	[DEBUG]	Validating SML
2022-01-29 05:31:11:927	[DEBUG]	Validating WallPipeSupports
2022-01-29 05:31:11:928	[DEBUG]	Validating SML
2022-01-29 05:31:11:928	[DEBUG]	Validating MarcioCommonLibs
2022-01-29 05:31:12:508	[DEBUG]	Validating SML
2022-01-29 05:31:12:508	[DEBUG]	Validating WallHoleConveyor
2022-01-29 05:31:12:509	[DEBUG]	Validating SML
2022-01-29 05:31:12:509	[DEBUG]	Validating WallConveyorSupports
2022-01-29 05:31:12:510	[DEBUG]	Validating SML
2022-01-29 05:31:12:510	[DEBUG]	Validating MarcioCommonLibs
2022-01-29 05:31:12:510	[DEBUG]	Validating Hopper
2022-01-29 05:31:12:512	[DEBUG]	Validating SML
2022-01-29 05:31:12:512	[DEBUG]	Validating avMallLib
2022-01-29 05:31:12:741	[DEBUG]	Validating SML
2022-01-29 05:31:12:741	[DEBUG]	Validating Dispenser
2022-01-29 05:31:12:744	[DEBUG]	Validating SML
2022-01-29 05:31:12:744	[DEBUG]	Validating avMallLib
2022-01-29 05:31:12:744	[DEBUG]	Validating UtilityMod
2022-01-29 05:31:12:745	[DEBUG]	Validating SML
2022-01-29 05:31:20:887	[DEBUG]	Setting profile to modded
2022-01-29 05:31:21:126	[DEBUG]	install: [], uninstall: [], enable: [], disable: [], update: []
2022-01-29 05:31:21:223	[DEBUG]	Items: {}
2022-01-29 05:31:21:229	[DEBUG]	Mismatches: {"install":{},"uninstall":["SML","avMallLib","BeltfedBiomassBurner","Cellphone","ContainerScreen","DaisyChainPowerCables","Dispenser","EasyCheat","FasterManualCrafting","FastForward","FicsitTrading","FlashlightSettings","Hopper","MAMTips","MarcioCommonLibs","MicroManage","MiniMap","NoEarlyAccess","NoFallingGifts","NoFog","PermaDay","SatisfactoryHelper","SimpleCodex","SmartFoundations","SpaceMarket","StackOverload","TenTimesAwesomePoints","UtilityMod","VanishGiraffer","WallConveyorSupports","WallHoleConveyor","WallPipeSupports","x3_splitter_merger_pole"]}
2022-01-29 05:31:21:229	[DEBUG]	Removing SML from Satisfactory install
2022-01-29 05:31:21:229	[DEBUG]	Removing avMallLib from Satisfactory install
2022-01-29 05:31:21:229	[DEBUG]	Removing BeltfedBiomassBurner from Satisfactory install
2022-01-29 05:31:21:229	[DEBUG]	Removing Cellphone from Satisfactory install
2022-01-29 05:31:21:229	[DEBUG]	Removing ContainerScreen from Satisfactory install
2022-01-29 05:31:21:229	[DEBUG]	Removing DaisyChainPowerCables from Satisfactory install
2022-01-29 05:31:21:230	[DEBUG]	Removing Dispenser from Satisfactory install
2022-01-29 05:31:21:230	[DEBUG]	Removing EasyCheat from Satisfactory install
2022-01-29 05:31:21:230	[DEBUG]	Removing FasterManualCrafting from Satisfactory install
2022-01-29 05:31:21:230	[DEBUG]	Removing FastForward from Satisfactory install
2022-01-29 05:31:21:230	[DEBUG]	Removing FicsitTrading from Satisfactory install
2022-01-29 05:31:21:230	[DEBUG]	Removing FlashlightSettings from Satisfactory install
2022-01-29 05:31:21:230	[DEBUG]	Removing Hopper from Satisfactory install
2022-01-29 05:31:21:230	[DEBUG]	Removing MAMTips from Satisfactory install
2022-01-29 05:31:21:230	[DEBUG]	Removing MarcioCommonLibs from Satisfactory install
2022-01-29 05:31:21:230	[DEBUG]	Removing MicroManage from Satisfactory install
2022-01-29 05:31:21:230	[DEBUG]	Removing MiniMap from Satisfactory install
2022-01-29 05:31:21:230	[DEBUG]	Removing NoEarlyAccess from Satisfactory install
2022-01-29 05:31:21:230	[DEBUG]	Removing NoFallingGifts from Satisfactory install
2022-01-29 05:31:21:230	[DEBUG]	Removing NoFog from Satisfactory install
2022-01-29 05:31:21:230	[DEBUG]	Removing PermaDay from Satisfactory install
2022-01-29 05:31:21:230	[DEBUG]	Removing SatisfactoryHelper from Satisfactory install
2022-01-29 05:31:21:230	[DEBUG]	Removing SimpleCodex from Satisfactory install
2022-01-29 05:31:21:230	[DEBUG]	Removing SmartFoundations from Satisfactory install
2022-01-29 05:31:21:230	[DEBUG]	Removing SpaceMarket from Satisfactory install
2022-01-29 05:31:21:230	[DEBUG]	Removing StackOverload from Satisfactory install
2022-01-29 05:31:21:230	[DEBUG]	Removing TenTimesAwesomePoints from Satisfactory install
2022-01-29 05:31:21:230	[DEBUG]	Removing UtilityMod from Satisfactory install
2022-01-29 05:31:21:230	[DEBUG]	Removing VanishGiraffer from Satisfactory install
2022-01-29 05:31:21:230	[DEBUG]	Removing WallConveyorSupports from Satisfactory install
2022-01-29 05:31:21:230	[DEBUG]	Removing WallHoleConveyor from Satisfactory install
2022-01-29 05:31:21:230	[DEBUG]	Removing WallPipeSupports from Satisfactory install
2022-01-29 05:31:21:230	[DEBUG]	Removing x3_splitter_merger_pole from Satisfactory install
2022-01-29 05:31:21:304	[DEBUG]	Removing SML from Satisfactory install
2022-01-29 05:31:21:304	[DEBUG]	Uninstalling SML
2022-01-29 05:31:31:785	[DEBUG]	Setting profile to dcheva.30
2022-01-29 05:31:32:011	[DEBUG]	install: [], uninstall: [], enable: [], disable: [], update: []
2022-01-29 05:31:32:094	[DEBUG]	Validating SML
2022-01-29 05:31:32:095	[DEBUG]	Validating FactoryGame
2022-01-29 05:31:32:095	[DEBUG]	Validating MarcioCommonLibs
2022-01-29 05:31:32:095	[DEBUG]	Validating avMallLib
2022-01-29 05:31:32:095	[DEBUG]	Validating StackOverload
2022-01-29 05:31:32:095	[DEBUG]	Validating TenTimesAwesomePoints
2022-01-29 05:31:32:095	[DEBUG]	Validating SmartFoundations
2022-01-29 05:31:32:095	[DEBUG]	Validating FasterManualCrafting
2022-01-29 05:31:32:095	[DEBUG]	Validating SatisfactoryHelper
2022-01-29 05:31:32:095	[DEBUG]	Validating x3_splitter_merger_pole
2022-01-29 05:31:32:095	[DEBUG]	Validating FlashlightSettings
2022-01-29 05:31:32:095	[DEBUG]	Validating MAMTips
2022-01-29 05:31:32:095	[DEBUG]	Validating BeltfedBiomassBurner
2022-01-29 05:31:32:095	[DEBUG]	Validating FastForward
2022-01-29 05:31:32:095	[DEBUG]	Validating NoFallingGifts
2022-01-29 05:31:32:095	[DEBUG]	Validating ContainerScreen
2022-01-29 05:31:32:095	[DEBUG]	Validating NoEarlyAccess
2022-01-29 05:31:32:095	[DEBUG]	Validating MicroManage
2022-01-29 05:31:32:095	[DEBUG]	Validating Cellphone
2022-01-29 05:31:32:095	[DEBUG]	Validating MiniMap
2022-01-29 05:31:32:095	[DEBUG]	Validating SimpleCodex
2022-01-29 05:31:32:095	[DEBUG]	Validating VanishGiraffer
2022-01-29 05:31:32:095	[DEBUG]	Validating SpaceMarket
2022-01-29 05:31:32:095	[DEBUG]	Validating DaisyChainPowerCables
2022-01-29 05:31:32:095	[DEBUG]	Validating PermaDay
2022-01-29 05:31:32:095	[DEBUG]	Validating EasyCheat
2022-01-29 05:31:32:095	[DEBUG]	Validating FicsitTrading
2022-01-29 05:31:32:095	[DEBUG]	Validating NoFog
2022-01-29 05:31:32:095	[DEBUG]	Validating WallPipeSupports
2022-01-29 05:31:32:095	[DEBUG]	Validating WallHoleConveyor
2022-01-29 05:31:32:095	[DEBUG]	Validating WallConveyorSupports
2022-01-29 05:31:32:095	[DEBUG]	Validating Hopper
2022-01-29 05:31:32:095	[DEBUG]	Validating Dispenser
2022-01-29 05:31:32:095	[DEBUG]	Validating UtilityMod
2022-01-29 05:31:32:097	[DEBUG]	Items: {"StackOverload":"2.0.5","SML":"3.3.0","TenTimesAwesomePoints":"1.0.1","SmartFoundations":"17.0.11","FasterManualCrafting":"1.1.0","SatisfactoryHelper":"2.0.3","x3_splitter_merger_pole":"1.1.2","FlashlightSettings":"1.0.1","MAMTips":"0.4.1","MarcioCommonLibs":"1.1.0","BeltfedBiomassBurner":"1.1.1","FastForward":"1.0.0","NoFallingGifts":"1.0.0","ContainerScreen":"1.0.2","NoEarlyAccess":"1.0.2","MicroManage":"0.9.11","Cellphone":"1.0.5","MiniMap":"1.0.11","SimpleCodex":"1.0.2","VanishGiraffer":"1.0.1","SpaceMarket":"2.0.1","DaisyChainPowerCables":"2.0.2","PermaDay":"1.0.2","EasyCheat":"1.0.7","FicsitTrading":"2.0.0","NoFog":"2.0.0","WallPipeSupports":"2.1.2","WallHoleConveyor":"2.0.2","WallConveyorSupports":"1.1.0","Hopper":"3.3.2","avMallLib":"2.2.1","Dispenser":"3.3.2","UtilityMod":"0.5.4"}
2022-01-29 05:31:32:098	[DEBUG]	Mismatches: {"install":{"SML":"3.3.0","StackOverload":"2.0.5","TenTimesAwesomePoints":"1.0.1","SmartFoundations":"17.0.11","FasterManualCrafting":"1.1.0","SatisfactoryHelper":"2.0.3","x3_splitter_merger_pole":"1.1.2","FlashlightSettings":"1.0.1","MAMTips":"0.4.1","MarcioCommonLibs":"1.1.0","BeltfedBiomassBurner":"1.1.1","FastForward":"1.0.0","NoFallingGifts":"1.0.0","ContainerScreen":"1.0.2","NoEarlyAccess":"1.0.2","MicroManage":"0.9.11","Cellphone":"1.0.5","MiniMap":"1.0.11","SimpleCodex":"1.0.2","VanishGiraffer":"1.0.1","SpaceMarket":"2.0.1","DaisyChainPowerCables":"2.0.2","PermaDay":"1.0.2","EasyCheat":"1.0.7","FicsitTrading":"2.0.0","NoFog":"2.0.0","WallPipeSupports":"2.1.2","WallHoleConveyor":"2.0.2","WallConveyorSupports":"1.1.0","Hopper":"3.3.2","avMallLib":"2.2.1","Dispenser":"3.3.2","UtilityMod":"0.5.4"},"uninstall":[]}
2022-01-29 05:31:32:098	[DEBUG]	Copying SML to Satisfactory install
2022-01-29 05:31:32:098	[DEBUG]	Installing SML@3.3.0
2022-01-29 05:31:32:098	[DEBUG]	SML@3.3.0 is not cached. Downloading
2022-01-29 05:31:35:136	[DEBUG]	Copying StackOverload@2.0.5 to Satisfactory install
2022-01-29 05:31:35:136	[DEBUG]	Copying TenTimesAwesomePoints@1.0.1 to Satisfactory install
2022-01-29 05:31:35:136	[DEBUG]	Copying SmartFoundations@17.0.11 to Satisfactory install
2022-01-29 05:31:35:136	[DEBUG]	Copying FasterManualCrafting@1.1.0 to Satisfactory install
2022-01-29 05:31:35:136	[DEBUG]	Copying SatisfactoryHelper@2.0.3 to Satisfactory install
2022-01-29 05:31:35:136	[DEBUG]	Copying x3_splitter_merger_pole@1.1.2 to Satisfactory install
2022-01-29 05:31:35:136	[DEBUG]	Copying FlashlightSettings@1.0.1 to Satisfactory install
2022-01-29 05:31:35:136	[DEBUG]	Copying MAMTips@0.4.1 to Satisfactory install
2022-01-29 05:31:35:136	[DEBUG]	Copying MarcioCommonLibs@1.1.0 to Satisfactory install
2022-01-29 05:31:35:136	[DEBUG]	Copying BeltfedBiomassBurner@1.1.1 to Satisfactory install
2022-01-29 05:31:35:136	[DEBUG]	Copying FastForward@1.0.0 to Satisfactory install
2022-01-29 05:31:35:136	[DEBUG]	Copying NoFallingGifts@1.0.0 to Satisfactory install
2022-01-29 05:31:35:136	[DEBUG]	Copying ContainerScreen@1.0.2 to Satisfactory install
2022-01-29 05:31:35:136	[DEBUG]	Copying NoEarlyAccess@1.0.2 to Satisfactory install
2022-01-29 05:31:35:136	[DEBUG]	Copying MicroManage@0.9.11 to Satisfactory install
2022-01-29 05:31:35:136	[DEBUG]	Copying Cellphone@1.0.5 to Satisfactory install
2022-01-29 05:31:35:136	[DEBUG]	Copying MiniMap@1.0.11 to Satisfactory install
2022-01-29 05:31:35:136	[DEBUG]	Copying SimpleCodex@1.0.2 to Satisfactory install
2022-01-29 05:31:35:136	[DEBUG]	Copying VanishGiraffer@1.0.1 to Satisfactory install
2022-01-29 05:31:35:136	[DEBUG]	Copying SpaceMarket@2.0.1 to Satisfactory install
2022-01-29 05:31:35:136	[DEBUG]	Copying DaisyChainPowerCables@2.0.2 to Satisfactory install
2022-01-29 05:31:35:136	[DEBUG]	Copying PermaDay@1.0.2 to Satisfactory install
2022-01-29 05:31:35:136	[DEBUG]	Copying EasyCheat@1.0.7 to Satisfactory install
2022-01-29 05:31:35:136	[DEBUG]	Copying FicsitTrading@2.0.0 to Satisfactory install
2022-01-29 05:31:35:136	[DEBUG]	Copying NoFog@2.0.0 to Satisfactory install
2022-01-29 05:31:35:136	[DEBUG]	Copying WallPipeSupports@2.1.2 to Satisfactory install
2022-01-29 05:31:35:136	[DEBUG]	Copying WallHoleConveyor@2.0.2 to Satisfactory install
2022-01-29 05:31:35:136	[DEBUG]	Copying WallConveyorSupports@1.1.0 to Satisfactory install
2022-01-29 05:31:35:136	[DEBUG]	Copying Hopper@3.3.2 to Satisfactory install
2022-01-29 05:31:35:136	[DEBUG]	Copying avMallLib@2.2.1 to Satisfactory install
2022-01-29 05:31:35:136	[DEBUG]	Copying Dispenser@3.3.2 to Satisfactory install
2022-01-29 05:31:35:136	[DEBUG]	Copying UtilityMod@0.5.4 to Satisfactory install
2022-01-29 05:31:40:537	[DEBUG]	Validating StackOverload
2022-01-29 05:31:40:538	[DEBUG]	Validating SML
2022-01-29 05:31:40:538	[DEBUG]	Validating FactoryGame
2022-01-29 05:31:40:538	[DEBUG]	Validating TenTimesAwesomePoints
2022-01-29 05:31:40:538	[DEBUG]	Validating SML
2022-01-29 05:31:40:538	[DEBUG]	Validating SmartFoundations
2022-01-29 05:31:40:538	[DEBUG]	Validating SML
2022-01-29 05:31:40:538	[DEBUG]	Validating FasterManualCrafting
2022-01-29 05:31:40:538	[DEBUG]	Validating SML
2022-01-29 05:31:40:538	[DEBUG]	Validating SatisfactoryHelper
2022-01-29 05:31:40:539	[DEBUG]	Validating SML
2022-01-29 05:31:40:539	[DEBUG]	Validating x3_splitter_merger_pole
2022-01-29 05:31:40:539	[DEBUG]	Validating SML
2022-01-29 05:31:40:539	[DEBUG]	Validating FlashlightSettings
2022-01-29 05:31:40:539	[DEBUG]	Validating SML
2022-01-29 05:31:40:539	[DEBUG]	Validating MAMTips
2022-01-29 05:31:40:539	[DEBUG]	Validating SML
2022-01-29 05:31:40:539	[DEBUG]	Validating BeltfedBiomassBurner
2022-01-29 05:31:40:539	[DEBUG]	Validating SML
2022-01-29 05:31:40:539	[DEBUG]	Validating FastForward
2022-01-29 05:31:40:539	[DEBUG]	Validating SML
2022-01-29 05:31:40:539	[DEBUG]	Validating NoFallingGifts
2022-01-29 05:31:40:539	[DEBUG]	Validating SML
2022-01-29 05:31:40:539	[DEBUG]	Validating ContainerScreen
2022-01-29 05:31:40:540	[DEBUG]	Validating SML
2022-01-29 05:31:40:540	[DEBUG]	Validating NoEarlyAccess
2022-01-29 05:31:40:540	[DEBUG]	Validating SML
2022-01-29 05:31:40:540	[DEBUG]	Validating MicroManage
2022-01-29 05:31:40:540	[DEBUG]	Validating SML
2022-01-29 05:31:40:540	[DEBUG]	Validating Cellphone
2022-01-29 05:31:40:540	[DEBUG]	Validating SML
2022-01-29 05:31:40:540	[DEBUG]	Validating MiniMap
2022-01-29 05:31:40:541	[DEBUG]	Validating SML
2022-01-29 05:31:40:541	[DEBUG]	Validating SimpleCodex
2022-01-29 05:31:40:541	[DEBUG]	Validating SML
2022-01-29 05:31:40:541	[DEBUG]	Validating VanishGiraffer
2022-01-29 05:31:40:541	[DEBUG]	Validating SML
2022-01-29 05:31:40:541	[DEBUG]	Validating SpaceMarket
2022-01-29 05:31:40:541	[DEBUG]	Validating SML
2022-01-29 05:31:40:541	[DEBUG]	Validating DaisyChainPowerCables
2022-01-29 05:31:40:542	[DEBUG]	Validating SML
2022-01-29 05:31:40:542	[DEBUG]	Validating PermaDay
2022-01-29 05:31:40:542	[DEBUG]	Validating SML
2022-01-29 05:31:40:542	[DEBUG]	Validating EasyCheat
2022-01-29 05:31:40:542	[DEBUG]	Validating SML
2022-01-29 05:31:40:542	[DEBUG]	Validating FicsitTrading
2022-01-29 05:31:40:542	[DEBUG]	Validating SML
2022-01-29 05:31:40:542	[DEBUG]	Validating NoFog
2022-01-29 05:31:40:542	[DEBUG]	Validating SML
2022-01-29 05:31:40:542	[DEBUG]	Validating WallPipeSupports
2022-01-29 05:31:40:543	[DEBUG]	Validating SML
2022-01-29 05:31:40:543	[DEBUG]	Validating MarcioCommonLibs
2022-01-29 05:31:40:543	[DEBUG]	Validating SML
2022-01-29 05:31:40:543	[DEBUG]	Validating WallHoleConveyor
2022-01-29 05:31:40:543	[DEBUG]	Validating SML
2022-01-29 05:31:40:543	[DEBUG]	Validating WallConveyorSupports
2022-01-29 05:31:40:543	[DEBUG]	Validating SML
2022-01-29 05:31:40:543	[DEBUG]	Validating MarcioCommonLibs
2022-01-29 05:31:40:543	[DEBUG]	Validating Hopper
2022-01-29 05:31:40:544	[DEBUG]	Validating SML
2022-01-29 05:31:40:544	[DEBUG]	Validating avMallLib
2022-01-29 05:31:40:544	[DEBUG]	Validating SML
2022-01-29 05:31:40:544	[DEBUG]	Validating Dispenser
2022-01-29 05:31:40:544	[DEBUG]	Validating SML
2022-01-29 05:31:40:544	[DEBUG]	Validating avMallLib
2022-01-29 05:31:40:544	[DEBUG]	Validating UtilityMod
2022-01-29 05:31:40:545	[DEBUG]	Validating SML
2022-01-29 05:35:04:956	[INFO]	Installing AdvancedPersonalStorage
2022-01-29 05:35:05:217	[DEBUG]	install: [AdvancedPersonalStorage], uninstall: [], enable: [], disable: [], update: []
2022-01-29 05:35:05:434	[DEBUG]	Validating SML
2022-01-29 05:35:05:434	[DEBUG]	Validating FactoryGame
2022-01-29 05:35:05:435	[DEBUG]	Validating MarcioCommonLibs
2022-01-29 05:35:05:435	[DEBUG]	Validating avMallLib
2022-01-29 05:35:05:435	[DEBUG]	Validating StackOverload
2022-01-29 05:35:05:435	[DEBUG]	Validating TenTimesAwesomePoints
2022-01-29 05:35:05:435	[DEBUG]	Validating SmartFoundations
2022-01-29 05:35:05:435	[DEBUG]	Validating FasterManualCrafting
2022-01-29 05:35:05:435	[DEBUG]	Validating SatisfactoryHelper
2022-01-29 05:35:05:435	[DEBUG]	Validating x3_splitter_merger_pole
2022-01-29 05:35:05:435	[DEBUG]	Validating FlashlightSettings
2022-01-29 05:35:05:435	[DEBUG]	Validating MAMTips
2022-01-29 05:35:05:435	[DEBUG]	Validating BeltfedBiomassBurner
2022-01-29 05:35:05:435	[DEBUG]	Validating FastForward
2022-01-29 05:35:05:435	[DEBUG]	Validating NoFallingGifts
2022-01-29 05:35:05:435	[DEBUG]	Validating ContainerScreen
2022-01-29 05:35:05:435	[DEBUG]	Validating NoEarlyAccess
2022-01-29 05:35:05:435	[DEBUG]	Validating MicroManage
2022-01-29 05:35:05:435	[DEBUG]	Validating Cellphone
2022-01-29 05:35:05:435	[DEBUG]	Validating MiniMap
2022-01-29 05:35:05:435	[DEBUG]	Validating SimpleCodex
2022-01-29 05:35:05:435	[DEBUG]	Validating VanishGiraffer
2022-01-29 05:35:05:435	[DEBUG]	Validating SpaceMarket
2022-01-29 05:35:05:435	[DEBUG]	Validating DaisyChainPowerCables
2022-01-29 05:35:05:435	[DEBUG]	Validating PermaDay
2022-01-29 05:35:05:435	[DEBUG]	Validating EasyCheat
2022-01-29 05:35:05:435	[DEBUG]	Validating FicsitTrading
2022-01-29 05:35:05:435	[DEBUG]	Validating NoFog
2022-01-29 05:35:05:435	[DEBUG]	Validating WallPipeSupports
2022-01-29 05:35:05:435	[DEBUG]	Validating WallHoleConveyor
2022-01-29 05:35:05:435	[DEBUG]	Validating WallConveyorSupports
2022-01-29 05:35:05:435	[DEBUG]	Validating Hopper
2022-01-29 05:35:05:435	[DEBUG]	Validating Dispenser
2022-01-29 05:35:05:435	[DEBUG]	Validating UtilityMod
2022-01-29 05:35:05:435	[DEBUG]	Validating AdvancedPersonalStorage
2022-01-29 05:35:05:649	[DEBUG]	Validating SML
2022-01-29 05:35:05:650	[DEBUG]	Items: {"StackOverload":"2.0.5","SML":"3.3.0","TenTimesAwesomePoints":"1.0.1","SmartFoundations":"17.0.11","FasterManualCrafting":"1.1.0","SatisfactoryHelper":"2.0.3","x3_splitter_merger_pole":"1.1.2","FlashlightSettings":"1.0.1","MAMTips":"0.4.1","MarcioCommonLibs":"1.1.0","BeltfedBiomassBurner":"1.1.1","FastForward":"1.0.0","NoFallingGifts":"1.0.0","ContainerScreen":"1.0.2","NoEarlyAccess":"1.0.2","MicroManage":"0.9.11","Cellphone":"1.0.5","MiniMap":"1.0.11","SimpleCodex":"1.0.2","VanishGiraffer":"1.0.1","SpaceMarket":"2.0.1","DaisyChainPowerCables":"2.0.2","PermaDay":"1.0.2","EasyCheat":"1.0.7","FicsitTrading":"2.0.0","NoFog":"2.0.0","WallPipeSupports":"2.1.2","WallHoleConveyor":"2.0.2","WallConveyorSupports":"1.1.0","Hopper":"3.3.2","avMallLib":"2.2.1","Dispenser":"3.3.2","UtilityMod":"0.5.4","AdvancedPersonalStorage":"1.0.0"}
2022-01-29 05:35:05:695	[DEBUG]	Mismatches: {"install":{"AdvancedPersonalStorage":"1.0.0"},"uninstall":[]}
2022-01-29 05:35:05:699	[DEBUG]	Copying AdvancedPersonalStorage@1.0.0 to Satisfactory install
2022-01-29 05:35:05:699	[DEBUG]	AdvancedPersonalStorage@1.0.0 is not downloaded. Downloading now.
2022-01-29 05:35:08:877	[INFO]	Uninstalling Dispenser
2022-01-29 05:35:09:086	[DEBUG]	install: [], uninstall: [Dispenser], enable: [], disable: [], update: []
2022-01-29 05:35:09:090	[DEBUG]	Validating SML
2022-01-29 05:35:09:091	[DEBUG]	Validating FactoryGame
2022-01-29 05:35:09:091	[DEBUG]	Validating MarcioCommonLibs
2022-01-29 05:35:09:091	[DEBUG]	Validating avMallLib
2022-01-29 05:35:09:091	[DEBUG]	Validating StackOverload
2022-01-29 05:35:09:091	[DEBUG]	Validating TenTimesAwesomePoints
2022-01-29 05:35:09:091	[DEBUG]	Validating SmartFoundations
2022-01-29 05:35:09:091	[DEBUG]	Validating FasterManualCrafting
2022-01-29 05:35:09:091	[DEBUG]	Validating SatisfactoryHelper
2022-01-29 05:35:09:091	[DEBUG]	Validating x3_splitter_merger_pole
2022-01-29 05:35:09:091	[DEBUG]	Validating FlashlightSettings
2022-01-29 05:35:09:091	[DEBUG]	Validating MAMTips
2022-01-29 05:35:09:091	[DEBUG]	Validating BeltfedBiomassBurner
2022-01-29 05:35:09:091	[DEBUG]	Validating FastForward
2022-01-29 05:35:09:091	[DEBUG]	Validating NoFallingGifts
2022-01-29 05:35:09:091	[DEBUG]	Validating ContainerScreen
2022-01-29 05:35:09:091	[DEBUG]	Validating NoEarlyAccess
2022-01-29 05:35:09:091	[DEBUG]	Validating MicroManage
2022-01-29 05:35:09:091	[DEBUG]	Validating Cellphone
2022-01-29 05:35:09:091	[DEBUG]	Validating MiniMap
2022-01-29 05:35:09:091	[DEBUG]	Validating SimpleCodex
2022-01-29 05:35:09:091	[DEBUG]	Validating VanishGiraffer
2022-01-29 05:35:09:091	[DEBUG]	Validating SpaceMarket
2022-01-29 05:35:09:091	[DEBUG]	Validating DaisyChainPowerCables
2022-01-29 05:35:09:091	[DEBUG]	Validating PermaDay
2022-01-29 05:35:09:091	[DEBUG]	Validating EasyCheat
2022-01-29 05:35:09:092	[DEBUG]	Validating FicsitTrading
2022-01-29 05:35:09:092	[DEBUG]	Validating NoFog
2022-01-29 05:35:09:092	[DEBUG]	Validating WallPipeSupports
2022-01-29 05:35:09:092	[DEBUG]	Validating WallHoleConveyor
2022-01-29 05:35:09:092	[DEBUG]	Validating WallConveyorSupports
2022-01-29 05:35:09:092	[DEBUG]	Validating Hopper
2022-01-29 05:35:09:092	[DEBUG]	Validating UtilityMod
2022-01-29 05:35:09:092	[DEBUG]	Validating AdvancedPersonalStorage
2022-01-29 05:35:09:092	[DEBUG]	Items: {"StackOverload":"2.0.5","SML":"3.3.0","TenTimesAwesomePoints":"1.0.1","SmartFoundations":"17.0.11","FasterManualCrafting":"1.1.0","SatisfactoryHelper":"2.0.3","x3_splitter_merger_pole":"1.1.2","FlashlightSettings":"1.0.1","MAMTips":"0.4.1","MarcioCommonLibs":"1.1.0","BeltfedBiomassBurner":"1.1.1","FastForward":"1.0.0","NoFallingGifts":"1.0.0","ContainerScreen":"1.0.2","NoEarlyAccess":"1.0.2","MicroManage":"0.9.11","Cellphone":"1.0.5","MiniMap":"1.0.11","SimpleCodex":"1.0.2","VanishGiraffer":"1.0.1","SpaceMarket":"2.0.1","DaisyChainPowerCables":"2.0.2","PermaDay":"1.0.2","EasyCheat":"1.0.7","FicsitTrading":"2.0.0","NoFog":"2.0.0","WallPipeSupports":"2.1.2","WallHoleConveyor":"2.0.2","WallConveyorSupports":"1.1.0","Hopper":"3.3.2","avMallLib":"2.2.1","UtilityMod":"0.5.4","AdvancedPersonalStorage":"1.0.0"}
2022-01-29 05:35:09:104	[DEBUG]	Mismatches: {"install":{},"uninstall":["Dispenser"]}
2022-01-29 05:35:09:104	[DEBUG]	Removing Dispenser from Satisfactory install
2022-01-29 05:36:32:519	[INFO]	Uninstalling Hopper
2022-01-29 05:36:32:733	[DEBUG]	install: [], uninstall: [Hopper], enable: [], disable: [], update: []
2022-01-29 05:36:32:739	[DEBUG]	Validating SML
2022-01-29 05:36:32:739	[DEBUG]	Validating FactoryGame
2022-01-29 05:36:32:740	[DEBUG]	Validating MarcioCommonLibs
2022-01-29 05:36:32:740	[DEBUG]	Validating StackOverload
2022-01-29 05:36:32:740	[DEBUG]	Validating TenTimesAwesomePoints
2022-01-29 05:36:32:740	[DEBUG]	Validating SmartFoundations
2022-01-29 05:36:32:740	[DEBUG]	Validating FasterManualCrafting
2022-01-29 05:36:32:740	[DEBUG]	Validating SatisfactoryHelper
2022-01-29 05:36:32:740	[DEBUG]	Validating x3_splitter_merger_pole
2022-01-29 05:36:32:740	[DEBUG]	Validating FlashlightSettings
2022-01-29 05:36:32:740	[DEBUG]	Validating MAMTips
2022-01-29 05:36:32:740	[DEBUG]	Validating BeltfedBiomassBurner
2022-01-29 05:36:32:740	[DEBUG]	Validating FastForward
2022-01-29 05:36:32:740	[DEBUG]	Validating NoFallingGifts
2022-01-29 05:36:32:740	[DEBUG]	Validating ContainerScreen
2022-01-29 05:36:32:740	[DEBUG]	Validating NoEarlyAccess
2022-01-29 05:36:32:740	[DEBUG]	Validating MicroManage
2022-01-29 05:36:32:740	[DEBUG]	Validating Cellphone
2022-01-29 05:36:32:740	[DEBUG]	Validating MiniMap
2022-01-29 05:36:32:740	[DEBUG]	Validating SimpleCodex
2022-01-29 05:36:32:740	[DEBUG]	Validating VanishGiraffer
2022-01-29 05:36:32:740	[DEBUG]	Validating SpaceMarket
2022-01-29 05:36:32:740	[DEBUG]	Validating DaisyChainPowerCables
2022-01-29 05:36:32:740	[DEBUG]	Validating PermaDay
2022-01-29 05:36:32:740	[DEBUG]	Validating EasyCheat
2022-01-29 05:36:32:740	[DEBUG]	Validating FicsitTrading
2022-01-29 05:36:32:740	[DEBUG]	Validating NoFog
2022-01-29 05:36:32:740	[DEBUG]	Validating WallPipeSupports
2022-01-29 05:36:32:740	[DEBUG]	Validating WallHoleConveyor
2022-01-29 05:36:32:740	[DEBUG]	Validating WallConveyorSupports
2022-01-29 05:36:32:740	[DEBUG]	Validating UtilityMod
2022-01-29 05:36:32:740	[DEBUG]	Validating AdvancedPersonalStorage
2022-01-29 05:36:32:742	[DEBUG]	Items: {"StackOverload":"2.0.5","SML":"3.3.0","TenTimesAwesomePoints":"1.0.1","SmartFoundations":"17.0.11","FasterManualCrafting":"1.1.0","SatisfactoryHelper":"2.0.3","x3_splitter_merger_pole":"1.1.2","FlashlightSettings":"1.0.1","MAMTips":"0.4.1","MarcioCommonLibs":"1.1.0","BeltfedBiomassBurner":"1.1.1","FastForward":"1.0.0","NoFallingGifts":"1.0.0","ContainerScreen":"1.0.2","NoEarlyAccess":"1.0.2","MicroManage":"0.9.11","Cellphone":"1.0.5","MiniMap":"1.0.11","SimpleCodex":"1.0.2","VanishGiraffer":"1.0.1","SpaceMarket":"2.0.1","DaisyChainPowerCables":"2.0.2","PermaDay":"1.0.2","EasyCheat":"1.0.7","FicsitTrading":"2.0.0","NoFog":"2.0.0","WallPipeSupports":"2.1.2","WallHoleConveyor":"2.0.2","WallConveyorSupports":"1.1.0","UtilityMod":"0.5.4","AdvancedPersonalStorage":"1.0.0"}
2022-01-29 05:36:32:749	[DEBUG]	Mismatches: {"install":{},"uninstall":["avMallLib","Hopper"]}
2022-01-29 05:36:32:749	[DEBUG]	Removing avMallLib from Satisfactory install
2022-01-29 05:36:32:749	[DEBUG]	Removing Hopper from Satisfactory install
2022-01-29 05:36:42:870	[DEBUG]	Validating StackOverload
2022-01-29 05:36:42:870	[DEBUG]	Validating SML
2022-01-29 05:36:42:871	[DEBUG]	Validating FactoryGame
2022-01-29 05:36:42:871	[DEBUG]	Validating TenTimesAwesomePoints
2022-01-29 05:36:42:871	[DEBUG]	Validating SML
2022-01-29 05:36:42:871	[DEBUG]	Validating SmartFoundations
2022-01-29 05:36:42:871	[DEBUG]	Validating SML
2022-01-29 05:36:42:871	[DEBUG]	Validating FasterManualCrafting
2022-01-29 05:36:42:871	[DEBUG]	Validating SML
2022-01-29 05:36:42:871	[DEBUG]	Validating SatisfactoryHelper
2022-01-29 05:36:42:872	[DEBUG]	Validating SML
2022-01-29 05:36:42:872	[DEBUG]	Validating x3_splitter_merger_pole
2022-01-29 05:36:42:872	[DEBUG]	Validating SML
2022-01-29 05:36:42:872	[DEBUG]	Validating FlashlightSettings
2022-01-29 05:36:42:872	[DEBUG]	Validating SML
2022-01-29 05:36:42:873	[DEBUG]	Validating MAMTips
2022-01-29 05:36:42:873	[DEBUG]	Validating SML
2022-01-29 05:36:42:873	[DEBUG]	Validating BeltfedBiomassBurner
2022-01-29 05:36:42:873	[DEBUG]	Validating SML
2022-01-29 05:36:42:873	[DEBUG]	Validating FastForward
2022-01-29 05:36:42:873	[DEBUG]	Validating SML
2022-01-29 05:36:42:873	[DEBUG]	Validating NoFallingGifts
2022-01-29 05:36:42:873	[DEBUG]	Validating SML
2022-01-29 05:36:42:874	[DEBUG]	Validating ContainerScreen
2022-01-29 05:36:42:874	[DEBUG]	Validating SML
2022-01-29 05:36:42:875	[DEBUG]	Validating NoEarlyAccess
2022-01-29 05:36:42:875	[DEBUG]	Validating SML
2022-01-29 05:36:42:876	[DEBUG]	Validating MicroManage
2022-01-29 05:36:42:876	[DEBUG]	Validating SML
2022-01-29 05:36:42:876	[DEBUG]	Validating Cellphone
2022-01-29 05:36:42:876	[DEBUG]	Validating SML
2022-01-29 05:36:42:876	[DEBUG]	Validating MiniMap
2022-01-29 05:36:42:877	[DEBUG]	Validating SML
2022-01-29 05:36:42:877	[DEBUG]	Validating SimpleCodex
2022-01-29 05:36:42:877	[DEBUG]	Validating SML
2022-01-29 05:36:42:877	[DEBUG]	Validating VanishGiraffer
2022-01-29 05:36:42:877	[DEBUG]	Validating SML
2022-01-29 05:36:42:877	[DEBUG]	Validating SpaceMarket
2022-01-29 05:36:42:877	[DEBUG]	Validating SML
2022-01-29 05:36:42:877	[DEBUG]	Validating DaisyChainPowerCables
2022-01-29 05:36:42:878	[DEBUG]	Validating SML
2022-01-29 05:36:42:878	[DEBUG]	Validating PermaDay
2022-01-29 05:36:42:878	[DEBUG]	Validating SML
2022-01-29 05:36:42:878	[DEBUG]	Validating EasyCheat
2022-01-29 05:36:42:879	[DEBUG]	Validating SML
2022-01-29 05:36:42:879	[DEBUG]	Validating FicsitTrading
2022-01-29 05:36:42:879	[DEBUG]	Validating SML
2022-01-29 05:36:42:879	[DEBUG]	Validating NoFog
2022-01-29 05:36:42:879	[DEBUG]	Validating SML
2022-01-29 05:36:42:880	[DEBUG]	Validating WallPipeSupports
2022-01-29 05:36:42:880	[DEBUG]	Validating SML
2022-01-29 05:36:42:880	[DEBUG]	Validating MarcioCommonLibs
2022-01-29 05:36:42:880	[DEBUG]	Validating SML
2022-01-29 05:36:42:880	[DEBUG]	Validating WallHoleConveyor
2022-01-29 05:36:42:880	[DEBUG]	Validating SML
2022-01-29 05:36:42:881	[DEBUG]	Validating WallConveyorSupports
2022-01-29 05:36:42:881	[DEBUG]	Validating SML
2022-01-29 05:36:42:883	[DEBUG]	Validating MarcioCommonLibs
2022-01-29 05:36:42:883	[DEBUG]	Validating UtilityMod
2022-01-29 05:36:42:884	[DEBUG]	Validating SML
2022-01-29 05:36:42:884	[DEBUG]	Validating AdvancedPersonalStorage
2022-01-29 05:36:42:885	[DEBUG]	Validating SML
2022-01-29 05:37:07:982	[INFO]	Installing Additional_300_Inventory_Slots
2022-01-29 05:37:08:166	[DEBUG]	install: [Additional_300_Inventory_Slots], uninstall: [], enable: [], disable: [], update: []
2022-01-29 05:37:08:385	[DEBUG]	Validating SML
2022-01-29 05:37:08:387	[DEBUG]	Validating FactoryGame
2022-01-29 05:37:08:387	[DEBUG]	Validating MarcioCommonLibs
2022-01-29 05:37:08:387	[DEBUG]	Validating StackOverload
2022-01-29 05:37:08:387	[DEBUG]	Validating TenTimesAwesomePoints
2022-01-29 05:37:08:387	[DEBUG]	Validating SmartFoundations
2022-01-29 05:37:08:387	[DEBUG]	Validating FasterManualCrafting
2022-01-29 05:37:08:387	[DEBUG]	Validating SatisfactoryHelper
2022-01-29 05:37:08:387	[DEBUG]	Validating x3_splitter_merger_pole
2022-01-29 05:37:08:387	[DEBUG]	Validating FlashlightSettings
2022-01-29 05:37:08:387	[DEBUG]	Validating MAMTips
2022-01-29 05:37:08:387	[DEBUG]	Validating BeltfedBiomassBurner
2022-01-29 05:37:08:387	[DEBUG]	Validating FastForward
2022-01-29 05:37:08:387	[DEBUG]	Validating NoFallingGifts
2022-01-29 05:37:08:387	[DEBUG]	Validating ContainerScreen
2022-01-29 05:37:08:387	[DEBUG]	Validating NoEarlyAccess
2022-01-29 05:37:08:387	[DEBUG]	Validating MicroManage
2022-01-29 05:37:08:387	[DEBUG]	Validating Cellphone
2022-01-29 05:37:08:387	[DEBUG]	Validating MiniMap
2022-01-29 05:37:08:387	[DEBUG]	Validating SimpleCodex
2022-01-29 05:37:08:387	[DEBUG]	Validating VanishGiraffer
2022-01-29 05:37:08:387	[DEBUG]	Validating SpaceMarket
2022-01-29 05:37:08:387	[DEBUG]	Validating DaisyChainPowerCables
2022-01-29 05:37:08:388	[DEBUG]	Validating PermaDay
2022-01-29 05:37:08:388	[DEBUG]	Validating EasyCheat
2022-01-29 05:37:08:388	[DEBUG]	Validating FicsitTrading
2022-01-29 05:37:08:388	[DEBUG]	Validating NoFog
2022-01-29 05:37:08:388	[DEBUG]	Validating WallPipeSupports
2022-01-29 05:37:08:388	[DEBUG]	Validating WallHoleConveyor
2022-01-29 05:37:08:388	[DEBUG]	Validating WallConveyorSupports
2022-01-29 05:37:08:388	[DEBUG]	Validating UtilityMod
2022-01-29 05:37:08:388	[DEBUG]	Validating AdvancedPersonalStorage
2022-01-29 05:37:08:388	[DEBUG]	Validating Additional_300_Inventory_Slots
2022-01-29 05:37:08:606	[DEBUG]	Validating SML
2022-01-29 05:37:08:608	[DEBUG]	Items: {"StackOverload":"2.0.5","SML":"3.3.0","TenTimesAwesomePoints":"1.0.1","SmartFoundations":"17.0.11","FasterManualCrafting":"1.1.0","SatisfactoryHelper":"2.0.3","x3_splitter_merger_pole":"1.1.2","FlashlightSettings":"1.0.1","MAMTips":"0.4.1","MarcioCommonLibs":"1.1.0","BeltfedBiomassBurner":"1.1.1","FastForward":"1.0.0","NoFallingGifts":"1.0.0","ContainerScreen":"1.0.2","NoEarlyAccess":"1.0.2","MicroManage":"0.9.11","Cellphone":"1.0.5","MiniMap":"1.0.11","SimpleCodex":"1.0.2","VanishGiraffer":"1.0.1","SpaceMarket":"2.0.1","DaisyChainPowerCables":"2.0.2","PermaDay":"1.0.2","EasyCheat":"1.0.7","FicsitTrading":"2.0.0","NoFog":"2.0.0","WallPipeSupports":"2.1.2","WallHoleConveyor":"2.0.2","WallConveyorSupports":"1.1.0","UtilityMod":"0.5.4","AdvancedPersonalStorage":"1.0.0","Additional_300_Inventory_Slots":"5.0.3"}
2022-01-29 05:37:08:615	[DEBUG]	Mismatches: {"install":{"Additional_300_Inventory_Slots":"5.0.3"},"uninstall":[]}
2022-01-29 05:37:08:620	[DEBUG]	Copying Additional_300_Inventory_Slots@5.0.3 to Satisfactory install
2022-01-29 05:41:45:437	[DEBUG]	Validating StackOverload
2022-01-29 05:41:45:437	[DEBUG]	Validating SML
2022-01-29 05:41:45:437	[DEBUG]	Validating FactoryGame
2022-01-29 05:41:45:437	[DEBUG]	Validating TenTimesAwesomePoints
2022-01-29 05:41:45:437	[DEBUG]	Validating SML
2022-01-29 05:41:45:437	[DEBUG]	Validating SmartFoundations
2022-01-29 05:41:45:438	[DEBUG]	Validating SML
2022-01-29 05:41:45:438	[DEBUG]	Validating FasterManualCrafting
2022-01-29 05:41:45:438	[DEBUG]	Validating SML
2022-01-29 05:41:45:438	[DEBUG]	Validating SatisfactoryHelper
2022-01-29 05:41:45:439	[DEBUG]	Validating SML
2022-01-29 05:41:45:439	[DEBUG]	Validating x3_splitter_merger_pole
2022-01-29 05:41:45:439	[DEBUG]	Validating SML
2022-01-29 05:41:45:439	[DEBUG]	Validating FlashlightSettings
2022-01-29 05:41:45:440	[DEBUG]	Validating SML
2022-01-29 05:41:45:440	[DEBUG]	Validating MAMTips
2022-01-29 05:41:45:440	[DEBUG]	Validating SML
2022-01-29 05:41:45:440	[DEBUG]	Validating BeltfedBiomassBurner
2022-01-29 05:41:45:440	[DEBUG]	Validating SML
2022-01-29 05:41:45:440	[DEBUG]	Validating FastForward
2022-01-29 05:41:45:441	[DEBUG]	Validating SML
2022-01-29 05:41:45:441	[DEBUG]	Validating NoFallingGifts
2022-01-29 05:41:45:441	[DEBUG]	Validating SML
2022-01-29 05:41:45:441	[DEBUG]	Validating ContainerScreen
2022-01-29 05:41:45:441	[DEBUG]	Validating SML
2022-01-29 05:41:45:441	[DEBUG]	Validating NoEarlyAccess
2022-01-29 05:41:45:442	[DEBUG]	Validating SML
2022-01-29 05:41:45:443	[DEBUG]	Validating MicroManage
2022-01-29 05:41:45:443	[DEBUG]	Validating SML
2022-01-29 05:41:45:444	[DEBUG]	Validating Cellphone
2022-01-29 05:41:45:444	[DEBUG]	Validating SML
2022-01-29 05:41:45:444	[DEBUG]	Validating MiniMap
2022-01-29 05:41:45:444	[DEBUG]	Validating SML
2022-01-29 05:41:45:444	[DEBUG]	Validating SimpleCodex
2022-01-29 05:41:45:444	[DEBUG]	Validating SML
2022-01-29 05:41:45:445	[DEBUG]	Validating VanishGiraffer
2022-01-29 05:41:45:445	[DEBUG]	Validating SML
2022-01-29 05:41:45:445	[DEBUG]	Validating SpaceMarket
2022-01-29 05:41:45:445	[DEBUG]	Validating SML
2022-01-29 05:41:45:445	[DEBUG]	Validating DaisyChainPowerCables
2022-01-29 05:41:45:445	[DEBUG]	Validating SML
2022-01-29 05:41:45:446	[DEBUG]	Validating PermaDay
2022-01-29 05:41:45:446	[DEBUG]	Validating SML
2022-01-29 05:41:45:446	[DEBUG]	Validating EasyCheat
2022-01-29 05:41:45:446	[DEBUG]	Validating SML
2022-01-29 05:41:45:447	[DEBUG]	Validating FicsitTrading
2022-01-29 05:41:45:447	[DEBUG]	Validating SML
2022-01-29 05:41:45:449	[DEBUG]	Validating NoFog
2022-01-29 05:41:45:449	[DEBUG]	Validating SML
2022-01-29 05:41:45:449	[DEBUG]	Validating WallPipeSupports
2022-01-29 05:41:45:450	[DEBUG]	Validating SML
2022-01-29 05:41:45:450	[DEBUG]	Validating MarcioCommonLibs
2022-01-29 05:41:45:450	[DEBUG]	Validating SML
2022-01-29 05:41:45:450	[DEBUG]	Validating WallHoleConveyor
2022-01-29 05:41:45:451	[DEBUG]	Validating SML
2022-01-29 05:41:45:452	[DEBUG]	Validating WallConveyorSupports
2022-01-29 05:41:45:452	[DEBUG]	Validating SML
2022-01-29 05:41:45:452	[DEBUG]	Validating MarcioCommonLibs
2022-01-29 05:41:45:452	[DEBUG]	Validating UtilityMod
2022-01-29 05:41:45:453	[DEBUG]	Validating SML
2022-01-29 05:41:45:453	[DEBUG]	Validating AdvancedPersonalStorage
2022-01-29 05:41:45:453	[DEBUG]	Validating SML
2022-01-29 05:41:45:454	[DEBUG]	Validating Additional_300_Inventory_Slots
2022-01-29 05:41:45:454	[DEBUG]	Validating SML
2022-01-29 05:43:11:677	[INFO]	Installing SmallStorage
2022-01-29 05:43:11:893	[DEBUG]	install: [SmallStorage], uninstall: [], enable: [], disable: [], update: []
2022-01-29 05:43:12:117	[DEBUG]	Validating SML
2022-01-29 05:43:12:117	[DEBUG]	Validating FactoryGame
2022-01-29 05:43:12:117	[DEBUG]	Validating MarcioCommonLibs
2022-01-29 05:43:12:117	[DEBUG]	Validating StackOverload
2022-01-29 05:43:12:117	[DEBUG]	Validating TenTimesAwesomePoints
2022-01-29 05:43:12:117	[DEBUG]	Validating SmartFoundations
2022-01-29 05:43:12:117	[DEBUG]	Validating FasterManualCrafting
2022-01-29 05:43:12:117	[DEBUG]	Validating SatisfactoryHelper
2022-01-29 05:43:12:117	[DEBUG]	Validating x3_splitter_merger_pole
2022-01-29 05:43:12:117	[DEBUG]	Validating FlashlightSettings
2022-01-29 05:43:12:117	[DEBUG]	Validating MAMTips
2022-01-29 05:43:12:117	[DEBUG]	Validating BeltfedBiomassBurner
2022-01-29 05:43:12:118	[DEBUG]	Validating FastForward
2022-01-29 05:43:12:118	[DEBUG]	Validating NoFallingGifts
2022-01-29 05:43:12:118	[DEBUG]	Validating ContainerScreen
2022-01-29 05:43:12:118	[DEBUG]	Validating NoEarlyAccess
2022-01-29 05:43:12:118	[DEBUG]	Validating MicroManage
2022-01-29 05:43:12:118	[DEBUG]	Validating Cellphone
2022-01-29 05:43:12:118	[DEBUG]	Validating MiniMap
2022-01-29 05:43:12:118	[DEBUG]	Validating SimpleCodex
2022-01-29 05:43:12:118	[DEBUG]	Validating VanishGiraffer
2022-01-29 05:43:12:118	[DEBUG]	Validating SpaceMarket
2022-01-29 05:43:12:118	[DEBUG]	Validating DaisyChainPowerCables
2022-01-29 05:43:12:118	[DEBUG]	Validating PermaDay
2022-01-29 05:43:12:118	[DEBUG]	Validating EasyCheat
2022-01-29 05:43:12:118	[DEBUG]	Validating FicsitTrading
2022-01-29 05:43:12:118	[DEBUG]	Validating NoFog
2022-01-29 05:43:12:118	[DEBUG]	Validating WallPipeSupports
2022-01-29 05:43:12:118	[DEBUG]	Validating WallHoleConveyor
2022-01-29 05:43:12:118	[DEBUG]	Validating WallConveyorSupports
2022-01-29 05:43:12:118	[DEBUG]	Validating UtilityMod
2022-01-29 05:43:12:118	[DEBUG]	Validating AdvancedPersonalStorage
2022-01-29 05:43:12:118	[DEBUG]	Validating Additional_300_Inventory_Slots
2022-01-29 05:43:12:118	[DEBUG]	Validating SmallStorage
2022-01-29 05:43:12:708	[DEBUG]	Validating SML
2022-01-29 05:43:12:708	[DEBUG]	Validating avMallLib
2022-01-29 05:43:12:708	[DEBUG]	Validating SML
2022-01-29 05:43:12:709	[DEBUG]	Items: {"StackOverload":"2.0.5","SML":"3.3.0","TenTimesAwesomePoints":"1.0.1","SmartFoundations":"17.0.11","FasterManualCrafting":"1.1.0","SatisfactoryHelper":"2.0.3","x3_splitter_merger_pole":"1.1.2","FlashlightSettings":"1.0.1","MAMTips":"0.4.1","MarcioCommonLibs":"1.1.0","BeltfedBiomassBurner":"1.1.1","FastForward":"1.0.0","NoFallingGifts":"1.0.0","ContainerScreen":"1.0.2","NoEarlyAccess":"1.0.2","MicroManage":"0.9.11","Cellphone":"1.0.5","MiniMap":"1.0.11","SimpleCodex":"1.0.2","VanishGiraffer":"1.0.1","SpaceMarket":"2.0.1","DaisyChainPowerCables":"2.0.2","PermaDay":"1.0.2","EasyCheat":"1.0.7","FicsitTrading":"2.0.0","NoFog":"2.0.0","WallPipeSupports":"2.1.2","WallHoleConveyor":"2.0.2","WallConveyorSupports":"1.1.0","UtilityMod":"0.5.4","AdvancedPersonalStorage":"1.0.0","Additional_300_Inventory_Slots":"5.0.3","SmallStorage":"2.2.2","avMallLib":"2.2.1"}
2022-01-29 05:43:12:719	[DEBUG]	Mismatches: {"install":{"SmallStorage":"2.2.2","avMallLib":"2.2.1"},"uninstall":[]}
2022-01-29 05:43:12:724	[DEBUG]	Copying SmallStorage@2.2.2 to Satisfactory install
2022-01-29 05:43:12:724	[DEBUG]	Copying avMallLib@2.2.1 to Satisfactory install
2022-01-29 05:43:12:724	[DEBUG]	SmallStorage@2.2.2 is not downloaded. Downloading now.
2022-01-29 05:44:26:548	[INFO]	Installing RegenAllHealth
2022-01-29 05:44:26:765	[DEBUG]	install: [RegenAllHealth], uninstall: [], enable: [], disable: [], update: []
2022-01-29 05:44:27:600	[DEBUG]	Validating SML
2022-01-29 05:44:27:601	[DEBUG]	Validating FactoryGame
2022-01-29 05:44:27:601	[DEBUG]	Validating MarcioCommonLibs
2022-01-29 05:44:27:601	[DEBUG]	Validating avMallLib
2022-01-29 05:44:27:601	[DEBUG]	Validating StackOverload
2022-01-29 05:44:27:601	[DEBUG]	Validating TenTimesAwesomePoints
2022-01-29 05:44:27:601	[DEBUG]	Validating SmartFoundations
2022-01-29 05:44:27:601	[DEBUG]	Validating FasterManualCrafting
2022-01-29 05:44:27:601	[DEBUG]	Validating SatisfactoryHelper
2022-01-29 05:44:27:601	[DEBUG]	Validating x3_splitter_merger_pole
2022-01-29 05:44:27:601	[DEBUG]	Validating FlashlightSettings
2022-01-29 05:44:27:601	[DEBUG]	Validating MAMTips
2022-01-29 05:44:27:601	[DEBUG]	Validating BeltfedBiomassBurner
2022-01-29 05:44:27:601	[DEBUG]	Validating FastForward
2022-01-29 05:44:27:601	[DEBUG]	Validating NoFallingGifts
2022-01-29 05:44:27:601	[DEBUG]	Validating ContainerScreen
2022-01-29 05:44:27:601	[DEBUG]	Validating NoEarlyAccess
2022-01-29 05:44:27:601	[DEBUG]	Validating MicroManage
2022-01-29 05:44:27:601	[DEBUG]	Validating Cellphone
2022-01-29 05:44:27:601	[DEBUG]	Validating MiniMap
2022-01-29 05:44:27:601	[DEBUG]	Validating SimpleCodex
2022-01-29 05:44:27:601	[DEBUG]	Validating VanishGiraffer
2022-01-29 05:44:27:601	[DEBUG]	Validating SpaceMarket
2022-01-29 05:44:27:601	[DEBUG]	Validating DaisyChainPowerCables
2022-01-29 05:44:27:601	[DEBUG]	Validating PermaDay
2022-01-29 05:44:27:601	[DEBUG]	Validating EasyCheat
2022-01-29 05:44:27:601	[DEBUG]	Validating FicsitTrading
2022-01-29 05:44:27:601	[DEBUG]	Validating NoFog
2022-01-29 05:44:27:601	[DEBUG]	Validating WallPipeSupports
2022-01-29 05:44:27:601	[DEBUG]	Validating WallHoleConveyor
2022-01-29 05:44:27:601	[DEBUG]	Validating WallConveyorSupports
2022-01-29 05:44:27:601	[DEBUG]	Validating UtilityMod
2022-01-29 05:44:27:601	[DEBUG]	Validating AdvancedPersonalStorage
2022-01-29 05:44:27:601	[DEBUG]	Validating Additional_300_Inventory_Slots
2022-01-29 05:44:27:601	[DEBUG]	Validating SmallStorage
2022-01-29 05:44:27:601	[DEBUG]	Validating RegenAllHealth
2022-01-29 05:44:27:823	[DEBUG]	Validating SML
2022-01-29 05:44:27:825	[DEBUG]	Items: {"StackOverload":"2.0.5","SML":"3.3.0","TenTimesAwesomePoints":"1.0.1","SmartFoundations":"17.0.11","FasterManualCrafting":"1.1.0","SatisfactoryHelper":"2.0.3","x3_splitter_merger_pole":"1.1.2","FlashlightSettings":"1.0.1","MAMTips":"0.4.1","MarcioCommonLibs":"1.1.0","BeltfedBiomassBurner":"1.1.1","FastForward":"1.0.0","NoFallingGifts":"1.0.0","ContainerScreen":"1.0.2","NoEarlyAccess":"1.0.2","MicroManage":"0.9.11","Cellphone":"1.0.5","MiniMap":"1.0.11","SimpleCodex":"1.0.2","VanishGiraffer":"1.0.1","SpaceMarket":"2.0.1","DaisyChainPowerCables":"2.0.2","PermaDay":"1.0.2","EasyCheat":"1.0.7","FicsitTrading":"2.0.0","NoFog":"2.0.0","WallPipeSupports":"2.1.2","WallHoleConveyor":"2.0.2","WallConveyorSupports":"1.1.0","UtilityMod":"0.5.4","AdvancedPersonalStorage":"1.0.0","Additional_300_Inventory_Slots":"5.0.3","SmallStorage":"2.2.2","avMallLib":"2.2.1","RegenAllHealth":"2.0.2"}
2022-01-29 05:44:27:836	[DEBUG]	Mismatches: {"install":{"RegenAllHealth":"2.0.2"},"uninstall":[]}
2022-01-29 05:44:27:841	[DEBUG]	Copying RegenAllHealth@2.0.2 to Satisfactory install
2022-01-29 05:44:27:841	[DEBUG]	RegenAllHealth@2.0.2 is not downloaded. Downloading now.
2022-01-29 05:46:47:397	[DEBUG]	Validating StackOverload
2022-01-29 05:46:47:399	[DEBUG]	Validating SML
2022-01-29 05:46:47:399	[DEBUG]	Validating FactoryGame
2022-01-29 05:46:47:399	[DEBUG]	Validating TenTimesAwesomePoints
2022-01-29 05:46:47:399	[DEBUG]	Validating SML
2022-01-29 05:46:47:399	[DEBUG]	Validating SmartFoundations
2022-01-29 05:46:47:399	[DEBUG]	Validating SML
2022-01-29 05:46:47:399	[DEBUG]	Validating FasterManualCrafting
2022-01-29 05:46:47:400	[DEBUG]	Validating SML
2022-01-29 05:46:47:400	[DEBUG]	Validating SatisfactoryHelper
2022-01-29 05:46:47:400	[DEBUG]	Validating SML
2022-01-29 05:46:47:400	[DEBUG]	Validating x3_splitter_merger_pole
2022-01-29 05:46:47:401	[DEBUG]	Validating SML
2022-01-29 05:46:47:401	[DEBUG]	Validating FlashlightSettings
2022-01-29 05:46:47:401	[DEBUG]	Validating SML
2022-01-29 05:46:47:401	[DEBUG]	Validating MAMTips
2022-01-29 05:46:47:401	[DEBUG]	Validating SML
2022-01-29 05:46:47:401	[DEBUG]	Validating BeltfedBiomassBurner
2022-01-29 05:46:47:401	[DEBUG]	Validating SML
2022-01-29 05:46:47:402	[DEBUG]	Validating FastForward
2022-01-29 05:46:47:402	[DEBUG]	Validating SML
2022-01-29 05:46:47:402	[DEBUG]	Validating NoFallingGifts
2022-01-29 05:46:47:402	[DEBUG]	Validating SML
2022-01-29 05:46:47:402	[DEBUG]	Validating ContainerScreen
2022-01-29 05:46:47:403	[DEBUG]	Validating SML
2022-01-29 05:46:47:403	[DEBUG]	Validating NoEarlyAccess
2022-01-29 05:46:47:403	[DEBUG]	Validating SML
2022-01-29 05:46:47:403	[DEBUG]	Validating MicroManage
2022-01-29 05:46:47:404	[DEBUG]	Validating SML
2022-01-29 05:46:47:404	[DEBUG]	Validating Cellphone
2022-01-29 05:46:47:404	[DEBUG]	Validating SML
2022-01-29 05:46:47:404	[DEBUG]	Validating MiniMap
2022-01-29 05:46:47:404	[DEBUG]	Validating SML
2022-01-29 05:46:47:404	[DEBUG]	Validating SimpleCodex
2022-01-29 05:46:47:404	[DEBUG]	Validating SML
2022-01-29 05:46:47:406	[DEBUG]	Validating VanishGiraffer
2022-01-29 05:46:47:407	[DEBUG]	Validating SML
2022-01-29 05:46:47:407	[DEBUG]	Validating SpaceMarket
2022-01-29 05:46:47:407	[DEBUG]	Validating SML
2022-01-29 05:46:47:407	[DEBUG]	Validating DaisyChainPowerCables
2022-01-29 05:46:47:408	[DEBUG]	Validating SML
2022-01-29 05:46:47:409	[DEBUG]	Validating PermaDay
2022-01-29 05:46:47:409	[DEBUG]	Validating SML
2022-01-29 05:46:47:409	[DEBUG]	Validating EasyCheat
2022-01-29 05:46:47:410	[DEBUG]	Validating SML
2022-01-29 05:46:47:410	[DEBUG]	Validating FicsitTrading
2022-01-29 05:46:47:410	[DEBUG]	Validating SML
2022-01-29 05:46:47:410	[DEBUG]	Validating NoFog
2022-01-29 05:46:47:410	[DEBUG]	Validating SML
2022-01-29 05:46:47:410	[DEBUG]	Validating WallPipeSupports
2022-01-29 05:46:47:411	[DEBUG]	Validating SML
2022-01-29 05:46:47:411	[DEBUG]	Validating MarcioCommonLibs
2022-01-29 05:46:47:411	[DEBUG]	Validating SML
2022-01-29 05:46:47:411	[DEBUG]	Validating WallHoleConveyor
2022-01-29 05:46:47:411	[DEBUG]	Validating SML
2022-01-29 05:46:47:412	[DEBUG]	Validating WallConveyorSupports
2022-01-29 05:46:47:412	[DEBUG]	Validating SML
2022-01-29 05:46:47:412	[DEBUG]	Validating MarcioCommonLibs
2022-01-29 05:46:47:412	[DEBUG]	Validating UtilityMod
2022-01-29 05:46:47:412	[DEBUG]	Validating SML
2022-01-29 05:46:47:413	[DEBUG]	Validating AdvancedPersonalStorage
2022-01-29 05:46:47:413	[DEBUG]	Validating SML
2022-01-29 05:46:47:413	[DEBUG]	Validating Additional_300_Inventory_Slots
2022-01-29 05:46:47:413	[DEBUG]	Validating SML
2022-01-29 05:46:47:413	[DEBUG]	Validating SmallStorage
2022-01-29 05:46:47:414	[DEBUG]	Validating SML
2022-01-29 05:46:47:414	[DEBUG]	Validating avMallLib
2022-01-29 05:46:47:414	[DEBUG]	Validating SML
2022-01-29 05:46:47:414	[DEBUG]	Validating RegenAllHealth
2022-01-29 05:46:47:415	[DEBUG]	Validating SML
2022-01-29 05:51:49:517	[DEBUG]	Validating StackOverload
2022-01-29 05:51:49:518	[DEBUG]	Validating SML
2022-01-29 05:51:49:518	[DEBUG]	Validating FactoryGame
2022-01-29 05:51:49:518	[DEBUG]	Validating TenTimesAwesomePoints
2022-01-29 05:51:49:518	[DEBUG]	Validating SML
2022-01-29 05:51:49:518	[DEBUG]	Validating SmartFoundations
2022-01-29 05:51:49:519	[DEBUG]	Validating SML
2022-01-29 05:51:49:519	[DEBUG]	Validating FasterManualCrafting
2022-01-29 05:51:49:519	[DEBUG]	Validating SML
2022-01-29 05:51:49:519	[DEBUG]	Validating SatisfactoryHelper
2022-01-29 05:51:49:519	[DEBUG]	Validating SML
2022-01-29 05:51:49:519	[DEBUG]	Validating x3_splitter_merger_pole
2022-01-29 05:51:49:519	[DEBUG]	Validating SML
2022-01-29 05:51:49:520	[DEBUG]	Validating FlashlightSettings
2022-01-29 05:51:49:520	[DEBUG]	Validating SML
2022-01-29 05:51:49:520	[DEBUG]	Validating MAMTips
2022-01-29 05:51:49:520	[DEBUG]	Validating SML
2022-01-29 05:51:49:520	[DEBUG]	Validating BeltfedBiomassBurner
2022-01-29 05:51:49:520	[DEBUG]	Validating SML
2022-01-29 05:51:49:520	[DEBUG]	Validating FastForward
2022-01-29 05:51:49:520	[DEBUG]	Validating SML
2022-01-29 05:51:49:520	[DEBUG]	Validating NoFallingGifts
2022-01-29 05:51:49:520	[DEBUG]	Validating SML
2022-01-29 05:51:49:520	[DEBUG]	Validating ContainerScreen
2022-01-29 05:51:49:521	[DEBUG]	Validating SML
2022-01-29 05:51:49:521	[DEBUG]	Validating NoEarlyAccess
2022-01-29 05:51:49:521	[DEBUG]	Validating SML
2022-01-29 05:51:49:522	[DEBUG]	Validating MicroManage
2022-01-29 05:51:49:522	[DEBUG]	Validating SML
2022-01-29 05:51:49:522	[DEBUG]	Validating Cellphone
2022-01-29 05:51:49:522	[DEBUG]	Validating SML
2022-01-29 05:51:49:522	[DEBUG]	Validating MiniMap
2022-01-29 05:51:49:523	[DEBUG]	Validating SML
2022-01-29 05:51:49:523	[DEBUG]	Validating SimpleCodex
2022-01-29 05:51:49:523	[DEBUG]	Validating SML
2022-01-29 05:51:49:523	[DEBUG]	Validating VanishGiraffer
2022-01-29 05:51:49:523	[DEBUG]	Validating SML
2022-01-29 05:51:49:523	[DEBUG]	Validating SpaceMarket
2022-01-29 05:51:49:523	[DEBUG]	Validating SML
2022-01-29 05:51:49:523	[DEBUG]	Validating DaisyChainPowerCables
2022-01-29 05:51:49:524	[DEBUG]	Validating SML
2022-01-29 05:51:49:524	[DEBUG]	Validating PermaDay
2022-01-29 05:51:49:524	[DEBUG]	Validating SML
2022-01-29 05:51:49:524	[DEBUG]	Validating EasyCheat
2022-01-29 05:51:49:524	[DEBUG]	Validating SML
2022-01-29 05:51:49:524	[DEBUG]	Validating FicsitTrading
2022-01-29 05:51:49:524	[DEBUG]	Validating SML
2022-01-29 05:51:49:525	[DEBUG]	Validating NoFog
2022-01-29 05:51:49:525	[DEBUG]	Validating SML
2022-01-29 05:51:49:525	[DEBUG]	Validating WallPipeSupports
2022-01-29 05:51:49:525	[DEBUG]	Validating SML
2022-01-29 05:51:49:525	[DEBUG]	Validating MarcioCommonLibs
2022-01-29 05:51:49:525	[DEBUG]	Validating SML
2022-01-29 05:51:49:526	[DEBUG]	Validating WallHoleConveyor
2022-01-29 05:51:49:526	[DEBUG]	Validating SML
2022-01-29 05:51:49:526	[DEBUG]	Validating WallConveyorSupports
2022-01-29 05:51:49:526	[DEBUG]	Validating SML
2022-01-29 05:51:49:526	[DEBUG]	Validating MarcioCommonLibs
2022-01-29 05:51:49:526	[DEBUG]	Validating UtilityMod
2022-01-29 05:51:49:527	[DEBUG]	Validating SML
2022-01-29 05:51:49:528	[DEBUG]	Validating AdvancedPersonalStorage
2022-01-29 05:51:49:528	[DEBUG]	Validating SML
2022-01-29 05:51:49:528	[DEBUG]	Validating Additional_300_Inventory_Slots
2022-01-29 05:51:49:529	[DEBUG]	Validating SML
2022-01-29 05:51:49:529	[DEBUG]	Validating SmallStorage
2022-01-29 05:51:49:529	[DEBUG]	Validating SML
2022-01-29 05:51:49:529	[DEBUG]	Validating avMallLib
2022-01-29 05:51:49:529	[DEBUG]	Validating SML
2022-01-29 05:51:49:530	[DEBUG]	Validating RegenAllHealth
2022-01-29 05:51:49:530	[DEBUG]	Validating SML
2022-01-29 05:56:51:938	[DEBUG]	Validating StackOverload
2022-01-29 05:56:51:938	[DEBUG]	Validating SML
2022-01-29 05:56:51:939	[DEBUG]	Validating FactoryGame
2022-01-29 05:56:51:939	[DEBUG]	Validating TenTimesAwesomePoints
2022-01-29 05:56:51:939	[DEBUG]	Validating SML
2022-01-29 05:56:51:939	[DEBUG]	Validating SmartFoundations
2022-01-29 05:56:51:941	[DEBUG]	Validating SML
2022-01-29 05:56:51:941	[DEBUG]	Validating FasterManualCrafting
2022-01-29 05:56:51:941	[DEBUG]	Validating SML
2022-01-29 05:56:51:941	[DEBUG]	Validating SatisfactoryHelper
2022-01-29 05:56:51:941	[DEBUG]	Validating SML
2022-01-29 05:56:51:941	[DEBUG]	Validating x3_splitter_merger_pole
2022-01-29 05:56:51:942	[DEBUG]	Validating SML
2022-01-29 05:56:51:942	[DEBUG]	Validating FlashlightSettings
2022-01-29 05:56:51:942	[DEBUG]	Validating SML
2022-01-29 05:56:51:942	[DEBUG]	Validating MAMTips
2022-01-29 05:56:51:942	[DEBUG]	Validating SML
2022-01-29 05:56:51:943	[DEBUG]	Validating BeltfedBiomassBurner
2022-01-29 05:56:51:943	[DEBUG]	Validating SML
2022-01-29 05:56:51:943	[DEBUG]	Validating FastForward
2022-01-29 05:56:51:943	[DEBUG]	Validating SML
2022-01-29 05:56:51:943	[DEBUG]	Validating NoFallingGifts
2022-01-29 05:56:51:943	[DEBUG]	Validating SML
2022-01-29 05:56:51:943	[DEBUG]	Validating ContainerScreen
2022-01-29 05:56:51:944	[DEBUG]	Validating SML
2022-01-29 05:56:51:944	[DEBUG]	Validating NoEarlyAccess
2022-01-29 05:56:51:944	[DEBUG]	Validating SML
2022-01-29 05:56:51:944	[DEBUG]	Validating MicroManage
2022-01-29 05:56:51:944	[DEBUG]	Validating SML
2022-01-29 05:56:51:944	[DEBUG]	Validating Cellphone
2022-01-29 05:56:51:944	[DEBUG]	Validating SML
2022-01-29 05:56:51:944	[DEBUG]	Validating MiniMap
2022-01-29 05:56:51:945	[DEBUG]	Validating SML
2022-01-29 05:56:51:945	[DEBUG]	Validating SimpleCodex
2022-01-29 05:56:51:945	[DEBUG]	Validating SML
2022-01-29 05:56:51:945	[DEBUG]	Validating VanishGiraffer
2022-01-29 05:56:51:945	[DEBUG]	Validating SML
2022-01-29 05:56:51:945	[DEBUG]	Validating SpaceMarket
2022-01-29 05:56:51:945	[DEBUG]	Validating SML
2022-01-29 05:56:51:946	[DEBUG]	Validating DaisyChainPowerCables
2022-01-29 05:56:51:946	[DEBUG]	Validating SML
2022-01-29 05:56:51:946	[DEBUG]	Validating PermaDay
2022-01-29 05:56:51:946	[DEBUG]	Validating SML
2022-01-29 05:56:51:946	[DEBUG]	Validating EasyCheat
2022-01-29 05:56:51:946	[DEBUG]	Validating SML
2022-01-29 05:56:51:947	[DEBUG]	Validating FicsitTrading
2022-01-29 05:56:51:947	[DEBUG]	Validating SML
2022-01-29 05:56:51:947	[DEBUG]	Validating NoFog
2022-01-29 05:56:51:947	[DEBUG]	Validating SML
2022-01-29 05:56:51:947	[DEBUG]	Validating WallPipeSupports
2022-01-29 05:56:51:948	[DEBUG]	Validating SML
2022-01-29 05:56:51:948	[DEBUG]	Validating MarcioCommonLibs
2022-01-29 05:56:51:948	[DEBUG]	Validating SML
2022-01-29 05:56:51:948	[DEBUG]	Validating WallHoleConveyor
2022-01-29 05:56:51:949	[DEBUG]	Validating SML
2022-01-29 05:56:51:949	[DEBUG]	Validating WallConveyorSupports
2022-01-29 05:56:51:949	[DEBUG]	Validating SML
2022-01-29 05:56:51:950	[DEBUG]	Validating MarcioCommonLibs
2022-01-29 05:56:51:950	[DEBUG]	Validating UtilityMod
2022-01-29 05:56:51:950	[DEBUG]	Validating SML
2022-01-29 05:56:51:950	[DEBUG]	Validating AdvancedPersonalStorage
2022-01-29 05:56:51:951	[DEBUG]	Validating SML
2022-01-29 05:56:51:951	[DEBUG]	Validating Additional_300_Inventory_Slots
2022-01-29 05:56:51:951	[DEBUG]	Validating SML
2022-01-29 05:56:51:951	[DEBUG]	Validating SmallStorage
2022-01-29 05:56:51:952	[DEBUG]	Validating SML
2022-01-29 05:56:51:952	[DEBUG]	Validating avMallLib
2022-01-29 05:56:51:952	[DEBUG]	Validating SML
2022-01-29 05:56:51:953	[DEBUG]	Validating RegenAllHealth
2022-01-29 05:56:51:953	[DEBUG]	Validating SML
2022-01-29 05:58:31:002	[INFO]	Uninstalling MicroManage
2022-01-29 05:58:31:174	[DEBUG]	install: [], uninstall: [MicroManage], enable: [], disable: [], update: []
2022-01-29 05:58:31:181	[DEBUG]	Validating SML
2022-01-29 05:58:31:181	[DEBUG]	Validating FactoryGame
2022-01-29 05:58:31:181	[DEBUG]	Validating MarcioCommonLibs
2022-01-29 05:58:31:181	[DEBUG]	Validating avMallLib
2022-01-29 05:58:31:181	[DEBUG]	Validating StackOverload
2022-01-29 05:58:31:181	[DEBUG]	Validating TenTimesAwesomePoints
2022-01-29 05:58:31:181	[DEBUG]	Validating SmartFoundations
2022-01-29 05:58:31:181	[DEBUG]	Validating FasterManualCrafting
2022-01-29 05:58:31:181	[DEBUG]	Validating SatisfactoryHelper
2022-01-29 05:58:31:181	[DEBUG]	Validating x3_splitter_merger_pole
2022-01-29 05:58:31:181	[DEBUG]	Validating FlashlightSettings
2022-01-29 05:58:31:181	[DEBUG]	Validating MAMTips
2022-01-29 05:58:31:181	[DEBUG]	Validating BeltfedBiomassBurner
2022-01-29 05:58:31:182	[DEBUG]	Validating FastForward
2022-01-29 05:58:31:182	[DEBUG]	Validating NoFallingGifts
2022-01-29 05:58:31:182	[DEBUG]	Validating ContainerScreen
2022-01-29 05:58:31:182	[DEBUG]	Validating NoEarlyAccess
2022-01-29 05:58:31:182	[DEBUG]	Validating Cellphone
2022-01-29 05:58:31:182	[DEBUG]	Validating MiniMap
2022-01-29 05:58:31:182	[DEBUG]	Validating SimpleCodex
2022-01-29 05:58:31:182	[DEBUG]	Validating VanishGiraffer
2022-01-29 05:58:31:182	[DEBUG]	Validating SpaceMarket
2022-01-29 05:58:31:182	[DEBUG]	Validating DaisyChainPowerCables
2022-01-29 05:58:31:182	[DEBUG]	Validating PermaDay
2022-01-29 05:58:31:182	[DEBUG]	Validating EasyCheat
2022-01-29 05:58:31:182	[DEBUG]	Validating FicsitTrading
2022-01-29 05:58:31:182	[DEBUG]	Validating NoFog
2022-01-29 05:58:31:182	[DEBUG]	Validating WallPipeSupports
2022-01-29 05:58:31:182	[DEBUG]	Validating WallHoleConveyor
2022-01-29 05:58:31:182	[DEBUG]	Validating WallConveyorSupports
2022-01-29 05:58:31:182	[DEBUG]	Validating UtilityMod
2022-01-29 05:58:31:182	[DEBUG]	Validating AdvancedPersonalStorage
2022-01-29 05:58:31:182	[DEBUG]	Validating Additional_300_Inventory_Slots
2022-01-29 05:58:31:182	[DEBUG]	Validating SmallStorage
2022-01-29 05:58:31:182	[DEBUG]	Validating RegenAllHealth
2022-01-29 05:58:31:183	[DEBUG]	Items: {"StackOverload":"2.0.5","SML":"3.3.0","TenTimesAwesomePoints":"1.0.1","SmartFoundations":"17.0.11","FasterManualCrafting":"1.1.0","SatisfactoryHelper":"2.0.3","x3_splitter_merger_pole":"1.1.2","FlashlightSettings":"1.0.1","MAMTips":"0.4.1","MarcioCommonLibs":"1.1.0","BeltfedBiomassBurner":"1.1.1","FastForward":"1.0.0","NoFallingGifts":"1.0.0","ContainerScreen":"1.0.2","NoEarlyAccess":"1.0.2","Cellphone":"1.0.5","MiniMap":"1.0.11","SimpleCodex":"1.0.2","VanishGiraffer":"1.0.1","SpaceMarket":"2.0.1","DaisyChainPowerCables":"2.0.2","PermaDay":"1.0.2","EasyCheat":"1.0.7","FicsitTrading":"2.0.0","NoFog":"2.0.0","WallPipeSupports":"2.1.2","WallHoleConveyor":"2.0.2","WallConveyorSupports":"1.1.0","UtilityMod":"0.5.4","AdvancedPersonalStorage":"1.0.0","Additional_300_Inventory_Slots":"5.0.3","SmallStorage":"2.2.2","avMallLib":"2.2.1","RegenAllHealth":"2.0.2"}
2022-01-29 05:58:31:197	[DEBUG]	Mismatches: {"install":{},"uninstall":["MicroManage"]}
2022-01-29 05:58:31:197	[DEBUG]	Removing MicroManage from Satisfactory install
2022-01-29 05:58:41:923	[INFO]	Uninstalling MiniMap
2022-01-29 05:58:42:088	[DEBUG]	install: [], uninstall: [MiniMap], enable: [], disable: [], update: []
2022-01-29 05:58:42:092	[DEBUG]	Validating SML
2022-01-29 05:58:42:093	[DEBUG]	Validating FactoryGame
2022-01-29 05:58:42:093	[DEBUG]	Validating MarcioCommonLibs
2022-01-29 05:58:42:093	[DEBUG]	Validating avMallLib
2022-01-29 05:58:42:093	[DEBUG]	Validating StackOverload
2022-01-29 05:58:42:093	[DEBUG]	Validating TenTimesAwesomePoints
2022-01-29 05:58:42:093	[DEBUG]	Validating SmartFoundations
2022-01-29 05:58:42:093	[DEBUG]	Validating FasterManualCrafting
2022-01-29 05:58:42:093	[DEBUG]	Validating SatisfactoryHelper
2022-01-29 05:58:42:093	[DEBUG]	Validating x3_splitter_merger_pole
2022-01-29 05:58:42:093	[DEBUG]	Validating FlashlightSettings
2022-01-29 05:58:42:093	[DEBUG]	Validating MAMTips
2022-01-29 05:58:42:093	[DEBUG]	Validating BeltfedBiomassBurner
2022-01-29 05:58:42:093	[DEBUG]	Validating FastForward
2022-01-29 05:58:42:093	[DEBUG]	Validating NoFallingGifts
2022-01-29 05:58:42:093	[DEBUG]	Validating ContainerScreen
2022-01-29 05:58:42:093	[DEBUG]	Validating NoEarlyAccess
2022-01-29 05:58:42:093	[DEBUG]	Validating Cellphone
2022-01-29 05:58:42:093	[DEBUG]	Validating SimpleCodex
2022-01-29 05:58:42:093	[DEBUG]	Validating VanishGiraffer
2022-01-29 05:58:42:093	[DEBUG]	Validating SpaceMarket
2022-01-29 05:58:42:093	[DEBUG]	Validating DaisyChainPowerCables
2022-01-29 05:58:42:093	[DEBUG]	Validating PermaDay
2022-01-29 05:58:42:093	[DEBUG]	Validating EasyCheat
2022-01-29 05:58:42:093	[DEBUG]	Validating FicsitTrading
2022-01-29 05:58:42:093	[DEBUG]	Validating NoFog
2022-01-29 05:58:42:093	[DEBUG]	Validating WallPipeSupports
2022-01-29 05:58:42:093	[DEBUG]	Validating WallHoleConveyor
2022-01-29 05:58:42:093	[DEBUG]	Validating WallConveyorSupports
2022-01-29 05:58:42:093	[DEBUG]	Validating UtilityMod
2022-01-29 05:58:42:093	[DEBUG]	Validating AdvancedPersonalStorage
2022-01-29 05:58:42:093	[DEBUG]	Validating Additional_300_Inventory_Slots
2022-01-29 05:58:42:093	[DEBUG]	Validating SmallStorage
2022-01-29 05:58:42:093	[DEBUG]	Validating RegenAllHealth
2022-01-29 05:58:42:094	[DEBUG]	Items: {"StackOverload":"2.0.5","SML":"3.3.0","TenTimesAwesomePoints":"1.0.1","SmartFoundations":"17.0.11","FasterManualCrafting":"1.1.0","SatisfactoryHelper":"2.0.3","x3_splitter_merger_pole":"1.1.2","FlashlightSettings":"1.0.1","MAMTips":"0.4.1","MarcioCommonLibs":"1.1.0","BeltfedBiomassBurner":"1.1.1","FastForward":"1.0.0","NoFallingGifts":"1.0.0","ContainerScreen":"1.0.2","NoEarlyAccess":"1.0.2","Cellphone":"1.0.5","SimpleCodex":"1.0.2","VanishGiraffer":"1.0.1","SpaceMarket":"2.0.1","DaisyChainPowerCables":"2.0.2","PermaDay":"1.0.2","EasyCheat":"1.0.7","FicsitTrading":"2.0.0","NoFog":"2.0.0","WallPipeSupports":"2.1.2","WallHoleConveyor":"2.0.2","WallConveyorSupports":"1.1.0","UtilityMod":"0.5.4","AdvancedPersonalStorage":"1.0.0","Additional_300_Inventory_Slots":"5.0.3","SmallStorage":"2.2.2","avMallLib":"2.2.1","RegenAllHealth":"2.0.2"}
2022-01-29 05:58:42:100	[DEBUG]	Mismatches: {"install":{},"uninstall":["MiniMap"]}
2022-01-29 05:58:42:101	[DEBUG]	Removing MiniMap from Satisfactory install
2022-01-29 05:58:59:047	[DEBUG]	install: [], uninstall: [], enable: [], disable: [], update: [x3_splitter_merger_pole]
2022-01-29 05:58:59:051	[DEBUG]	Validating SML
2022-01-29 05:58:59:051	[DEBUG]	Validating FactoryGame
2022-01-29 05:58:59:052	[DEBUG]	Validating MarcioCommonLibs
2022-01-29 05:58:59:052	[DEBUG]	Validating avMallLib
2022-01-29 05:58:59:052	[DEBUG]	Validating StackOverload
2022-01-29 05:58:59:052	[DEBUG]	Validating TenTimesAwesomePoints
2022-01-29 05:58:59:052	[DEBUG]	Validating SmartFoundations
2022-01-29 05:58:59:052	[DEBUG]	Validating FasterManualCrafting
2022-01-29 05:58:59:052	[DEBUG]	Validating SatisfactoryHelper
2022-01-29 05:58:59:052	[DEBUG]	Validating x3_splitter_merger_pole
2022-01-29 05:58:59:052	[DEBUG]	Validating SML
2022-01-29 05:58:59:052	[DEBUG]	Validating FlashlightSettings
2022-01-29 05:58:59:052	[DEBUG]	Validating MAMTips
2022-01-29 05:58:59:052	[DEBUG]	Validating BeltfedBiomassBurner
2022-01-29 05:58:59:052	[DEBUG]	Validating FastForward
2022-01-29 05:58:59:052	[DEBUG]	Validating NoFallingGifts
2022-01-29 05:58:59:052	[DEBUG]	Validating ContainerScreen
2022-01-29 05:58:59:052	[DEBUG]	Validating NoEarlyAccess
2022-01-29 05:58:59:052	[DEBUG]	Validating Cellphone
2022-01-29 05:58:59:052	[DEBUG]	Validating SimpleCodex
2022-01-29 05:58:59:052	[DEBUG]	Validating VanishGiraffer
2022-01-29 05:58:59:052	[DEBUG]	Validating SpaceMarket
2022-01-29 05:58:59:052	[DEBUG]	Validating DaisyChainPowerCables
2022-01-29 05:58:59:052	[DEBUG]	Validating PermaDay
2022-01-29 05:58:59:052	[DEBUG]	Validating EasyCheat
2022-01-29 05:58:59:053	[DEBUG]	Validating FicsitTrading
2022-01-29 05:58:59:053	[DEBUG]	Validating NoFog
2022-01-29 05:58:59:053	[DEBUG]	Validating WallPipeSupports
2022-01-29 05:58:59:053	[DEBUG]	Validating WallHoleConveyor
2022-01-29 05:58:59:053	[DEBUG]	Validating WallConveyorSupports
2022-01-29 05:58:59:053	[DEBUG]	Validating UtilityMod
2022-01-29 05:58:59:053	[DEBUG]	Validating AdvancedPersonalStorage
2022-01-29 05:58:59:053	[DEBUG]	Validating Additional_300_Inventory_Slots
2022-01-29 05:58:59:053	[DEBUG]	Validating SmallStorage
2022-01-29 05:58:59:053	[DEBUG]	Validating RegenAllHealth
2022-01-29 05:58:59:053	[DEBUG]	Items: {"StackOverload":"2.0.5","SML":"3.3.0","TenTimesAwesomePoints":"1.0.1","SmartFoundations":"17.0.11","FasterManualCrafting":"1.1.0","SatisfactoryHelper":"2.0.3","FlashlightSettings":"1.0.1","MAMTips":"0.4.1","MarcioCommonLibs":"1.1.0","BeltfedBiomassBurner":"1.1.1","FastForward":"1.0.0","NoFallingGifts":"1.0.0","ContainerScreen":"1.0.2","NoEarlyAccess":"1.0.2","Cellphone":"1.0.5","SimpleCodex":"1.0.2","VanishGiraffer":"1.0.1","SpaceMarket":"2.0.1","DaisyChainPowerCables":"2.0.2","PermaDay":"1.0.2","EasyCheat":"1.0.7","FicsitTrading":"2.0.0","NoFog":"2.0.0","WallPipeSupports":"2.1.2","WallHoleConveyor":"2.0.2","WallConveyorSupports":"1.1.0","UtilityMod":"0.5.4","AdvancedPersonalStorage":"1.0.0","Additional_300_Inventory_Slots":"5.0.3","SmallStorage":"2.2.2","avMallLib":"2.2.1","RegenAllHealth":"2.0.2","x3_splitter_merger_pole":"1.1.6"}
2022-01-29 05:58:59:060	[DEBUG]	Mismatches: {"install":{"x3_splitter_merger_pole":"1.1.6"},"uninstall":["x3_splitter_merger_pole"]}
2022-01-29 05:58:59:061	[DEBUG]	Removing x3_splitter_merger_pole from Satisfactory install
2022-01-29 05:58:59:066	[DEBUG]	Copying x3_splitter_merger_pole@1.1.6 to Satisfactory install
2022-01-29 05:58:59:066	[DEBUG]	x3_splitter_merger_pole@1.1.6 is not downloaded. Downloading now.
2022-01-29 05:59:00:821	[DEBUG]	install: [], uninstall: [], enable: [], disable: [], update: [ContainerScreen]
2022-01-29 05:59:00:824	[DEBUG]	Validating SML
2022-01-29 05:59:00:825	[DEBUG]	Validating FactoryGame
2022-01-29 05:59:00:825	[DEBUG]	Validating MarcioCommonLibs
2022-01-29 05:59:00:825	[DEBUG]	Validating avMallLib
2022-01-29 05:59:00:825	[DEBUG]	Validating StackOverload
2022-01-29 05:59:00:825	[DEBUG]	Validating TenTimesAwesomePoints
2022-01-29 05:59:00:825	[DEBUG]	Validating SmartFoundations
2022-01-29 05:59:00:825	[DEBUG]	Validating FasterManualCrafting
2022-01-29 05:59:00:825	[DEBUG]	Validating SatisfactoryHelper
2022-01-29 05:59:00:825	[DEBUG]	Validating x3_splitter_merger_pole
2022-01-29 05:59:00:825	[DEBUG]	Validating FlashlightSettings
2022-01-29 05:59:00:825	[DEBUG]	Validating MAMTips
2022-01-29 05:59:00:825	[DEBUG]	Validating BeltfedBiomassBurner
2022-01-29 05:59:00:825	[DEBUG]	Validating FastForward
2022-01-29 05:59:00:825	[DEBUG]	Validating NoFallingGifts
2022-01-29 05:59:00:825	[DEBUG]	Validating ContainerScreen
2022-01-29 05:59:00:826	[DEBUG]	Validating SML
2022-01-29 05:59:00:826	[DEBUG]	Validating NoEarlyAccess
2022-01-29 05:59:00:826	[DEBUG]	Validating Cellphone
2022-01-29 05:59:00:826	[DEBUG]	Validating SimpleCodex
2022-01-29 05:59:00:826	[DEBUG]	Validating VanishGiraffer
2022-01-29 05:59:00:826	[DEBUG]	Validating SpaceMarket
2022-01-29 05:59:00:826	[DEBUG]	Validating DaisyChainPowerCables
2022-01-29 05:59:00:826	[DEBUG]	Validating PermaDay
2022-01-29 05:59:00:826	[DEBUG]	Validating EasyCheat
2022-01-29 05:59:00:826	[DEBUG]	Validating FicsitTrading
2022-01-29 05:59:00:826	[DEBUG]	Validating NoFog
2022-01-29 05:59:00:826	[DEBUG]	Validating WallPipeSupports
2022-01-29 05:59:00:826	[DEBUG]	Validating WallHoleConveyor
2022-01-29 05:59:00:826	[DEBUG]	Validating WallConveyorSupports
2022-01-29 05:59:00:826	[DEBUG]	Validating UtilityMod
2022-01-29 05:59:00:826	[DEBUG]	Validating AdvancedPersonalStorage
2022-01-29 05:59:00:826	[DEBUG]	Validating Additional_300_Inventory_Slots
2022-01-29 05:59:00:826	[DEBUG]	Validating SmallStorage
2022-01-29 05:59:00:826	[DEBUG]	Validating RegenAllHealth
2022-01-29 05:59:00:827	[DEBUG]	Items: {"StackOverload":"2.0.5","SML":"3.3.0","TenTimesAwesomePoints":"1.0.1","SmartFoundations":"17.0.11","FasterManualCrafting":"1.1.0","SatisfactoryHelper":"2.0.3","FlashlightSettings":"1.0.1","MAMTips":"0.4.1","MarcioCommonLibs":"1.1.0","BeltfedBiomassBurner":"1.1.1","FastForward":"1.0.0","NoFallingGifts":"1.0.0","NoEarlyAccess":"1.0.2","Cellphone":"1.0.5","SimpleCodex":"1.0.2","VanishGiraffer":"1.0.1","SpaceMarket":"2.0.1","DaisyChainPowerCables":"2.0.2","PermaDay":"1.0.2","EasyCheat":"1.0.7","FicsitTrading":"2.0.0","NoFog":"2.0.0","WallPipeSupports":"2.1.2","WallHoleConveyor":"2.0.2","WallConveyorSupports":"1.1.0","UtilityMod":"0.5.4","AdvancedPersonalStorage":"1.0.0","Additional_300_Inventory_Slots":"5.0.3","SmallStorage":"2.2.2","avMallLib":"2.2.1","RegenAllHealth":"2.0.2","x3_splitter_merger_pole":"1.1.6","ContainerScreen":"1.0.3"}
2022-01-29 05:59:00:837	[DEBUG]	Mismatches: {"install":{"ContainerScreen":"1.0.3"},"uninstall":["ContainerScreen"]}
2022-01-29 05:59:00:837	[DEBUG]	Removing ContainerScreen from Satisfactory install
2022-01-29 05:59:00:842	[DEBUG]	Copying ContainerScreen@1.0.3 to Satisfactory install
2022-01-29 05:59:00:843	[DEBUG]	ContainerScreen@1.0.3 is not downloaded. Downloading now.
2022-01-29 05:59:02:829	[DEBUG]	install: [], uninstall: [], enable: [], disable: [], update: [Cellphone]
2022-01-29 05:59:02:834	[DEBUG]	Validating SML
2022-01-29 05:59:02:835	[DEBUG]	Validating FactoryGame
2022-01-29 05:59:02:835	[DEBUG]	Validating MarcioCommonLibs
2022-01-29 05:59:02:835	[DEBUG]	Validating avMallLib
2022-01-29 05:59:02:835	[DEBUG]	Validating StackOverload
2022-01-29 05:59:02:835	[DEBUG]	Validating TenTimesAwesomePoints
2022-01-29 05:59:02:835	[DEBUG]	Validating SmartFoundations
2022-01-29 05:59:02:835	[DEBUG]	Validating FasterManualCrafting
2022-01-29 05:59:02:835	[DEBUG]	Validating SatisfactoryHelper
2022-01-29 05:59:02:835	[DEBUG]	Validating x3_splitter_merger_pole
2022-01-29 05:59:02:835	[DEBUG]	Validating FlashlightSettings
2022-01-29 05:59:02:835	[DEBUG]	Validating MAMTips
2022-01-29 05:59:02:835	[DEBUG]	Validating BeltfedBiomassBurner
2022-01-29 05:59:02:835	[DEBUG]	Validating FastForward
2022-01-29 05:59:02:835	[DEBUG]	Validating NoFallingGifts
2022-01-29 05:59:02:835	[DEBUG]	Validating ContainerScreen
2022-01-29 05:59:02:835	[DEBUG]	Validating NoEarlyAccess
2022-01-29 05:59:02:835	[DEBUG]	Validating Cellphone
2022-01-29 05:59:02:835	[DEBUG]	Validating SML
2022-01-29 05:59:02:837	[DEBUG]	Validating SimpleCodex
2022-01-29 05:59:02:837	[DEBUG]	Validating VanishGiraffer
2022-01-29 05:59:02:837	[DEBUG]	Validating SpaceMarket
2022-01-29 05:59:02:837	[DEBUG]	Validating DaisyChainPowerCables
2022-01-29 05:59:02:837	[DEBUG]	Validating PermaDay
2022-01-29 05:59:02:837	[DEBUG]	Validating EasyCheat
2022-01-29 05:59:02:837	[DEBUG]	Validating FicsitTrading
2022-01-29 05:59:02:837	[DEBUG]	Validating NoFog
2022-01-29 05:59:02:837	[DEBUG]	Validating WallPipeSupports
2022-01-29 05:59:02:837	[DEBUG]	Validating WallHoleConveyor
2022-01-29 05:59:02:837	[DEBUG]	Validating WallConveyorSupports
2022-01-29 05:59:02:837	[DEBUG]	Validating UtilityMod
2022-01-29 05:59:02:837	[DEBUG]	Validating AdvancedPersonalStorage
2022-01-29 05:59:02:837	[DEBUG]	Validating Additional_300_Inventory_Slots
2022-01-29 05:59:02:837	[DEBUG]	Validating SmallStorage
2022-01-29 05:59:02:837	[DEBUG]	Validating RegenAllHealth
2022-01-29 05:59:02:838	[DEBUG]	Items: {"StackOverload":"2.0.5","SML":"3.3.0","TenTimesAwesomePoints":"1.0.1","SmartFoundations":"17.0.11","FasterManualCrafting":"1.1.0","SatisfactoryHelper":"2.0.3","FlashlightSettings":"1.0.1","MAMTips":"0.4.1","MarcioCommonLibs":"1.1.0","BeltfedBiomassBurner":"1.1.1","FastForward":"1.0.0","NoFallingGifts":"1.0.0","NoEarlyAccess":"1.0.2","SimpleCodex":"1.0.2","VanishGiraffer":"1.0.1","SpaceMarket":"2.0.1","DaisyChainPowerCables":"2.0.2","PermaDay":"1.0.2","EasyCheat":"1.0.7","FicsitTrading":"2.0.0","NoFog":"2.0.0","WallPipeSupports":"2.1.2","WallHoleConveyor":"2.0.2","WallConveyorSupports":"1.1.0","UtilityMod":"0.5.4","AdvancedPersonalStorage":"1.0.0","Additional_300_Inventory_Slots":"5.0.3","SmallStorage":"2.2.2","avMallLib":"2.2.1","RegenAllHealth":"2.0.2","x3_splitter_merger_pole":"1.1.6","ContainerScreen":"1.0.3","Cellphone":"1.0.6"}
2022-01-29 05:59:02:850	[DEBUG]	Mismatches: {"install":{"Cellphone":"1.0.6"},"uninstall":["Cellphone"]}
2022-01-29 05:59:02:850	[DEBUG]	Removing Cellphone from Satisfactory install
2022-01-29 05:59:02:857	[DEBUG]	Copying Cellphone@1.0.6 to Satisfactory install
2022-01-29 05:59:02:857	[DEBUG]	Cellphone@1.0.6 is not downloaded. Downloading now.
2022-01-29 05:59:05:646	[DEBUG]	install: [], uninstall: [], enable: [], disable: [], update: [MarcioCommonLibs]
2022-01-29 05:59:05:650	[DEBUG]	Validating SML
2022-01-29 05:59:05:651	[DEBUG]	Validating FactoryGame
2022-01-29 05:59:05:651	[DEBUG]	Validating MarcioCommonLibs
2022-01-29 05:59:05:651	[DEBUG]	Validating SML
2022-01-29 05:59:05:651	[DEBUG]	Validating avMallLib
2022-01-29 05:59:05:651	[DEBUG]	Validating StackOverload
2022-01-29 05:59:05:651	[DEBUG]	Validating TenTimesAwesomePoints
2022-01-29 05:59:05:651	[DEBUG]	Validating SmartFoundations
2022-01-29 05:59:05:651	[DEBUG]	Validating FasterManualCrafting
2022-01-29 05:59:05:651	[DEBUG]	Validating SatisfactoryHelper
2022-01-29 05:59:05:651	[DEBUG]	Validating x3_splitter_merger_pole
2022-01-29 05:59:05:651	[DEBUG]	Validating FlashlightSettings
2022-01-29 05:59:05:651	[DEBUG]	Validating MAMTips
2022-01-29 05:59:05:651	[DEBUG]	Validating BeltfedBiomassBurner
2022-01-29 05:59:05:651	[DEBUG]	Validating FastForward
2022-01-29 05:59:05:651	[DEBUG]	Validating NoFallingGifts
2022-01-29 05:59:05:651	[DEBUG]	Validating ContainerScreen
2022-01-29 05:59:05:651	[DEBUG]	Validating NoEarlyAccess
2022-01-29 05:59:05:651	[DEBUG]	Validating Cellphone
2022-01-29 05:59:05:651	[DEBUG]	Validating SimpleCodex
2022-01-29 05:59:05:651	[DEBUG]	Validating VanishGiraffer
2022-01-29 05:59:05:651	[DEBUG]	Validating SpaceMarket
2022-01-29 05:59:05:651	[DEBUG]	Validating DaisyChainPowerCables
2022-01-29 05:59:05:651	[DEBUG]	Validating PermaDay
2022-01-29 05:59:05:651	[DEBUG]	Validating EasyCheat
2022-01-29 05:59:05:651	[DEBUG]	Validating FicsitTrading
2022-01-29 05:59:05:651	[DEBUG]	Validating NoFog
2022-01-29 05:59:05:652	[DEBUG]	Validating WallPipeSupports
2022-01-29 05:59:05:652	[DEBUG]	Validating WallHoleConveyor
2022-01-29 05:59:05:652	[DEBUG]	Validating WallConveyorSupports
2022-01-29 05:59:05:652	[DEBUG]	Validating UtilityMod
2022-01-29 05:59:05:652	[DEBUG]	Validating AdvancedPersonalStorage
2022-01-29 05:59:05:652	[DEBUG]	Validating Additional_300_Inventory_Slots
2022-01-29 05:59:05:652	[DEBUG]	Validating SmallStorage
2022-01-29 05:59:05:652	[DEBUG]	Validating RegenAllHealth
2022-01-29 05:59:05:652	[DEBUG]	Items: {"StackOverload":"2.0.5","SML":"3.3.0","TenTimesAwesomePoints":"1.0.1","SmartFoundations":"17.0.11","FasterManualCrafting":"1.1.0","SatisfactoryHelper":"2.0.3","FlashlightSettings":"1.0.1","MAMTips":"0.4.1","BeltfedBiomassBurner":"1.1.1","FastForward":"1.0.0","NoFallingGifts":"1.0.0","NoEarlyAccess":"1.0.2","SimpleCodex":"1.0.2","VanishGiraffer":"1.0.1","SpaceMarket":"2.0.1","DaisyChainPowerCables":"2.0.2","PermaDay":"1.0.2","EasyCheat":"1.0.7","FicsitTrading":"2.0.0","NoFog":"2.0.0","WallPipeSupports":"2.1.2","WallHoleConveyor":"2.0.2","WallConveyorSupports":"1.1.0","UtilityMod":"0.5.4","AdvancedPersonalStorage":"1.0.0","Additional_300_Inventory_Slots":"5.0.3","SmallStorage":"2.2.2","avMallLib":"2.2.1","RegenAllHealth":"2.0.2","x3_splitter_merger_pole":"1.1.6","ContainerScreen":"1.0.3","Cellphone":"1.0.6","MarcioCommonLibs":"1.1.1"}
2022-01-29 05:59:05:662	[DEBUG]	Mismatches: {"install":{"MarcioCommonLibs":"1.1.1"},"uninstall":["MarcioCommonLibs"]}
2022-01-29 05:59:05:662	[DEBUG]	Removing MarcioCommonLibs from Satisfactory install
2022-01-29 05:59:05:668	[DEBUG]	Copying MarcioCommonLibs@1.1.1 to Satisfactory install
2022-01-29 05:59:05:668	[DEBUG]	MarcioCommonLibs@1.1.1 is not downloaded. Downloading now.
2022-01-29 05:59:14:777	[DEBUG]	Validating StackOverload
2022-01-29 05:59:14:777	[DEBUG]	Validating SML
2022-01-29 05:59:14:777	[DEBUG]	Validating FactoryGame
2022-01-29 05:59:14:777	[DEBUG]	Validating TenTimesAwesomePoints
2022-01-29 05:59:14:778	[DEBUG]	Validating SML
2022-01-29 05:59:14:778	[DEBUG]	Validating SmartFoundations
2022-01-29 05:59:14:778	[DEBUG]	Validating SML
2022-01-29 05:59:14:778	[DEBUG]	Validating FasterManualCrafting
2022-01-29 05:59:14:779	[DEBUG]	Validating SML
2022-01-29 05:59:14:779	[DEBUG]	Validating SatisfactoryHelper
2022-01-29 05:59:14:779	[DEBUG]	Validating SML
2022-01-29 05:59:14:779	[DEBUG]	Validating x3_splitter_merger_pole
2022-01-29 05:59:14:779	[DEBUG]	Validating SML
2022-01-29 05:59:14:779	[DEBUG]	Validating FlashlightSettings
2022-01-29 05:59:14:779	[DEBUG]	Validating SML
2022-01-29 05:59:14:779	[DEBUG]	Validating MAMTips
2022-01-29 05:59:14:779	[DEBUG]	Validating SML
2022-01-29 05:59:14:780	[DEBUG]	Validating BeltfedBiomassBurner
2022-01-29 05:59:14:780	[DEBUG]	Validating SML
2022-01-29 05:59:14:780	[DEBUG]	Validating FastForward
2022-01-29 05:59:14:780	[DEBUG]	Validating SML
2022-01-29 05:59:14:780	[DEBUG]	Validating NoFallingGifts
2022-01-29 05:59:14:780	[DEBUG]	Validating SML
2022-01-29 05:59:14:780	[DEBUG]	Validating ContainerScreen
2022-01-29 05:59:14:780	[DEBUG]	Validating SML
2022-01-29 05:59:14:780	[DEBUG]	Validating NoEarlyAccess
2022-01-29 05:59:14:780	[DEBUG]	Validating SML
2022-01-29 05:59:14:780	[DEBUG]	Validating Cellphone
2022-01-29 05:59:14:781	[DEBUG]	Validating SML
2022-01-29 05:59:14:781	[DEBUG]	Validating SimpleCodex
2022-01-29 05:59:14:781	[DEBUG]	Validating SML
2022-01-29 05:59:14:781	[DEBUG]	Validating VanishGiraffer
2022-01-29 05:59:14:781	[DEBUG]	Validating SML
2022-01-29 05:59:14:781	[DEBUG]	Validating SpaceMarket
2022-01-29 05:59:14:781	[DEBUG]	Validating SML
2022-01-29 05:59:14:781	[DEBUG]	Validating DaisyChainPowerCables
2022-01-29 05:59:14:781	[DEBUG]	Validating SML
2022-01-29 05:59:14:781	[DEBUG]	Validating PermaDay
2022-01-29 05:59:14:781	[DEBUG]	Validating SML
2022-01-29 05:59:14:782	[DEBUG]	Validating EasyCheat
2022-01-29 05:59:14:782	[DEBUG]	Validating SML
2022-01-29 05:59:14:782	[DEBUG]	Validating FicsitTrading
2022-01-29 05:59:14:782	[DEBUG]	Validating SML
2022-01-29 05:59:14:782	[DEBUG]	Validating NoFog
2022-01-29 05:59:14:782	[DEBUG]	Validating SML
2022-01-29 05:59:14:782	[DEBUG]	Validating WallPipeSupports
2022-01-29 05:59:14:782	[DEBUG]	Validating SML
2022-01-29 05:59:14:783	[DEBUG]	Validating MarcioCommonLibs
2022-01-29 05:59:14:783	[DEBUG]	Validating SML
2022-01-29 05:59:14:783	[DEBUG]	Validating WallHoleConveyor
2022-01-29 05:59:14:783	[DEBUG]	Validating SML
2022-01-29 05:59:14:783	[DEBUG]	Validating WallConveyorSupports
2022-01-29 05:59:14:783	[DEBUG]	Validating SML
2022-01-29 05:59:14:783	[DEBUG]	Validating MarcioCommonLibs
2022-01-29 05:59:14:784	[DEBUG]	Validating UtilityMod
2022-01-29 05:59:14:784	[DEBUG]	Validating SML
2022-01-29 05:59:14:784	[DEBUG]	Validating AdvancedPersonalStorage
2022-01-29 05:59:14:784	[DEBUG]	Validating SML
2022-01-29 05:59:14:784	[DEBUG]	Validating Additional_300_Inventory_Slots
2022-01-29 05:59:14:785	[DEBUG]	Validating SML
2022-01-29 05:59:14:785	[DEBUG]	Validating SmallStorage
2022-01-29 05:59:14:785	[DEBUG]	Validating SML
2022-01-29 05:59:14:785	[DEBUG]	Validating avMallLib
2022-01-29 05:59:14:786	[DEBUG]	Validating SML
2022-01-29 05:59:14:786	[DEBUG]	Validating RegenAllHealth
2022-01-29 05:59:14:786	[DEBUG]	Validating SML
2022-01-29 05:59:15:389	[DEBUG]	Validating StackOverload
2022-01-29 05:59:15:389	[DEBUG]	Validating SML
2022-01-29 05:59:15:390	[DEBUG]	Validating FactoryGame
2022-01-29 05:59:15:391	[DEBUG]	Validating TenTimesAwesomePoints
2022-01-29 05:59:15:391	[DEBUG]	Validating SML
2022-01-29 05:59:15:391	[DEBUG]	Validating SmartFoundations
2022-01-29 05:59:15:391	[DEBUG]	Validating SML
2022-01-29 05:59:15:391	[DEBUG]	Validating FasterManualCrafting
2022-01-29 05:59:15:391	[DEBUG]	Validating SML
2022-01-29 05:59:15:391	[DEBUG]	Validating SatisfactoryHelper
2022-01-29 05:59:15:391	[DEBUG]	Validating SML
2022-01-29 05:59:15:391	[DEBUG]	Validating x3_splitter_merger_pole
2022-01-29 05:59:15:391	[DEBUG]	Validating SML
2022-01-29 05:59:15:391	[DEBUG]	Validating FlashlightSettings
2022-01-29 05:59:15:391	[DEBUG]	Validating SML
2022-01-29 05:59:15:391	[DEBUG]	Validating MAMTips
2022-01-29 05:59:15:392	[DEBUG]	Validating SML
2022-01-29 05:59:15:392	[DEBUG]	Validating BeltfedBiomassBurner
2022-01-29 05:59:15:392	[DEBUG]	Validating SML
2022-01-29 05:59:15:392	[DEBUG]	Validating FastForward
2022-01-29 05:59:15:392	[DEBUG]	Validating SML
2022-01-29 05:59:15:392	[DEBUG]	Validating NoFallingGifts
2022-01-29 05:59:15:392	[DEBUG]	Validating SML
2022-01-29 05:59:15:392	[DEBUG]	Validating ContainerScreen
2022-01-29 05:59:15:392	[DEBUG]	Validating SML
2022-01-29 05:59:15:392	[DEBUG]	Validating NoEarlyAccess
2022-01-29 05:59:15:392	[DEBUG]	Validating SML
2022-01-29 05:59:15:392	[DEBUG]	Validating Cellphone
2022-01-29 05:59:15:392	[DEBUG]	Validating SML
2022-01-29 05:59:15:392	[DEBUG]	Validating SimpleCodex
2022-01-29 05:59:15:393	[DEBUG]	Validating SML
2022-01-29 05:59:15:393	[DEBUG]	Validating VanishGiraffer
2022-01-29 05:59:15:393	[DEBUG]	Validating SML
2022-01-29 05:59:15:393	[DEBUG]	Validating SpaceMarket
2022-01-29 05:59:15:393	[DEBUG]	Validating SML
2022-01-29 05:59:15:393	[DEBUG]	Validating DaisyChainPowerCables
2022-01-29 05:59:15:393	[DEBUG]	Validating SML
2022-01-29 05:59:15:393	[DEBUG]	Validating PermaDay
2022-01-29 05:59:15:393	[DEBUG]	Validating SML
2022-01-29 05:59:15:393	[DEBUG]	Validating EasyCheat
2022-01-29 05:59:15:393	[DEBUG]	Validating SML
2022-01-29 05:59:15:393	[DEBUG]	Validating FicsitTrading
2022-01-29 05:59:15:394	[DEBUG]	Validating SML
2022-01-29 05:59:15:394	[DEBUG]	Validating NoFog
2022-01-29 05:59:15:394	[DEBUG]	Validating SML
2022-01-29 05:59:15:394	[DEBUG]	Validating WallPipeSupports
2022-01-29 05:59:15:394	[DEBUG]	Validating SML
2022-01-29 05:59:15:394	[DEBUG]	Validating MarcioCommonLibs
2022-01-29 05:59:15:394	[DEBUG]	Validating SML
2022-01-29 05:59:15:394	[DEBUG]	Validating WallHoleConveyor
2022-01-29 05:59:15:395	[DEBUG]	Validating SML
2022-01-29 05:59:15:395	[DEBUG]	Validating WallConveyorSupports
2022-01-29 05:59:15:395	[DEBUG]	Validating SML
2022-01-29 05:59:15:395	[DEBUG]	Validating MarcioCommonLibs
2022-01-29 05:59:15:395	[DEBUG]	Validating UtilityMod
2022-01-29 05:59:15:396	[DEBUG]	Validating SML
2022-01-29 05:59:15:396	[DEBUG]	Validating AdvancedPersonalStorage
2022-01-29 05:59:15:396	[DEBUG]	Validating SML
2022-01-29 05:59:15:396	[DEBUG]	Validating Additional_300_Inventory_Slots
2022-01-29 05:59:15:396	[DEBUG]	Validating SML
2022-01-29 05:59:15:396	[DEBUG]	Validating SmallStorage
2022-01-29 05:59:15:396	[DEBUG]	Validating SML
2022-01-29 05:59:15:397	[DEBUG]	Validating avMallLib
2022-01-29 05:59:15:397	[DEBUG]	Validating SML
2022-01-29 05:59:15:397	[DEBUG]	Validating RegenAllHealth
2022-01-29 05:59:15:397	[DEBUG]	Validating SML
