2021-12-26 06:12:21:566	[DEBUG]	Failed to register win-ca
2021-12-26 06:12:21:569	[INFO]	Set debug mode to false
2021-12-26 06:12:39:799	[DEBUG]	Failed to register win-ca
2021-12-26 06:12:39:802	[INFO]	Set debug mode to false
2021-12-26 06:12:40:627	[DEBUG]	Epic Games Launcher is not installed
2021-12-26 06:12:42:359	[DEBUG]	Setting profile to dcheva
2021-12-26 06:12:42:484	[DEBUG]	install: [], uninstall: [], enable: [], disable: [], update: []
2021-12-26 06:12:44:373	[DEBUG]	Validating SML
2021-12-26 06:12:44:373	[DEBUG]	Validating FactoryGame
2021-12-26 06:12:44:374	[DEBUG]	Validating ModularUI
2021-12-26 06:12:44:374	[DEBUG]	Validating RefinedRDLib
2021-12-26 06:12:44:374	[DEBUG]	Validating OtherComp3
2021-12-26 06:12:44:374	[DEBUG]	Validating ComplementMoreMilestone
2021-12-26 06:12:44:374	[DEBUG]	Validating MiniMap
2021-12-26 06:12:44:374	[DEBUG]	Validating Additional_300_Inventory_Slots
2021-12-26 06:12:44:374	[DEBUG]	Validating MK22k20
2021-12-26 06:12:44:374	[DEBUG]	Validating RefinedPower
2021-12-26 06:12:44:374	[DEBUG]	Validating SmartFoundations
2021-12-26 06:12:44:374	[DEBUG]	Validating MoreMilestones
2021-12-26 06:12:44:374	[DEBUG]	Validating FloorHole
2021-12-26 06:12:44:374	[DEBUG]	Validating StorageTeleporter
2021-12-26 06:12:44:374	[DEBUG]	Validating UtilityMod
2021-12-26 06:12:44:374	[DEBUG]	Validating LinearMotion
2021-12-26 06:12:44:374	[DEBUG]	Validating DaisyChainPowerCables
2021-12-26 06:12:44:374	[DEBUG]	Validating NoFog
2021-12-26 06:12:44:375	[DEBUG]	Items: {"MiniMap":"1.0.11","SML":"3.3.0","Additional_300_Inventory_Slots":"5.0.3","MK22k20":"5.1.5","RefinedPower":"3.0.6","ModularUI":"2.0.7","RefinedRDLib":"1.0.4","SmartFoundations":"17.0.11","MoreMilestones":"1.0.20","OtherComp3":"1.0.2","ComplementMoreMilestone":"1.0.3","FloorHole":"2.0.10","StorageTeleporter":"1.0.4","UtilityMod":"0.5.3","LinearMotion":"2.0.12","DaisyChainPowerCables":"2.0.2","NoFog":"2.0.0"}
2021-12-26 06:12:44:444	[DEBUG]	Mismatches: {"install":{},"uninstall":[]}
2021-12-26 06:12:44:452	[DEBUG]	Forcing cache reload
2021-12-26 06:12:44:452	[DEBUG]	Loading mod cache
2021-12-26 06:12:48:515	[DEBUG]	Validating MiniMap
2021-12-26 06:12:48:517	[DEBUG]	Validating SML
2021-12-26 06:12:48:517	[DEBUG]	Validating FactoryGame
2021-12-26 06:12:48:517	[DEBUG]	Validating Additional_300_Inventory_Slots
2021-12-26 06:12:48:518	[DEBUG]	Validating SML
2021-12-26 06:12:48:518	[DEBUG]	Validating MK22k20
2021-12-26 06:12:48:521	[DEBUG]	Validating SML
2021-12-26 06:12:48:521	[DEBUG]	Validating RefinedPower
2021-12-26 06:12:48:524	[DEBUG]	Validating ModularUI
2021-12-26 06:12:48:708	[DEBUG]	Validating SML
2021-12-26 06:12:48:709	[DEBUG]	Validating RefinedRDLib
2021-12-26 06:12:48:886	[DEBUG]	Validating SML
2021-12-26 06:12:48:886	[DEBUG]	Validating SML
2021-12-26 06:12:48:886	[DEBUG]	Validating SmartFoundations
2021-12-26 06:12:48:888	[DEBUG]	Validating SML
2021-12-26 06:12:48:888	[DEBUG]	Validating MoreMilestones
2021-12-26 06:12:48:893	[DEBUG]	Validating SML
2021-12-26 06:12:48:893	[DEBUG]	Validating OtherComp3
2021-12-26 06:12:49:071	[DEBUG]	Validating SML
2021-12-26 06:12:49:071	[DEBUG]	Validating ComplementMoreMilestone
2021-12-26 06:12:49:251	[DEBUG]	Validating SML
2021-12-26 06:12:49:251	[DEBUG]	Validating FloorHole
2021-12-26 06:12:49:253	[DEBUG]	Validating SML
2021-12-26 06:12:49:253	[DEBUG]	Validating StorageTeleporter
2021-12-26 06:12:49:255	[DEBUG]	Validating SML
2021-12-26 06:12:49:255	[DEBUG]	Validating UtilityMod
2021-12-26 06:12:49:256	[DEBUG]	Validating SML
2021-12-26 06:12:49:256	[DEBUG]	Validating LinearMotion
2021-12-26 06:12:49:436	[DEBUG]	Validating SML
2021-12-26 06:12:49:436	[DEBUG]	Validating DaisyChainPowerCables
2021-12-26 06:12:49:437	[DEBUG]	Validating SML
2021-12-26 06:12:49:437	[DEBUG]	Validating NoFog
2021-12-26 06:12:49:438	[DEBUG]	Validating SML
2021-12-26 06:17:55:597	[DEBUG]	Validating MiniMap
2021-12-26 06:17:55:597	[DEBUG]	Validating SML
2021-12-26 06:17:55:598	[DEBUG]	Validating FactoryGame
2021-12-26 06:17:55:598	[DEBUG]	Validating Additional_300_Inventory_Slots
2021-12-26 06:17:55:598	[DEBUG]	Validating SML
2021-12-26 06:17:55:598	[DEBUG]	Validating MK22k20
2021-12-26 06:17:55:599	[DEBUG]	Validating SML
2021-12-26 06:17:55:599	[DEBUG]	Validating RefinedPower
2021-12-26 06:17:55:599	[DEBUG]	Validating ModularUI
2021-12-26 06:17:55:599	[DEBUG]	Validating SML
2021-12-26 06:17:55:599	[DEBUG]	Validating RefinedRDLib
2021-12-26 06:17:55:599	[DEBUG]	Validating SML
2021-12-26 06:17:55:600	[DEBUG]	Validating SML
2021-12-26 06:17:55:600	[DEBUG]	Validating SmartFoundations
2021-12-26 06:17:55:600	[DEBUG]	Validating SML
2021-12-26 06:17:55:600	[DEBUG]	Validating MoreMilestones
2021-12-26 06:17:55:600	[DEBUG]	Validating SML
2021-12-26 06:17:55:600	[DEBUG]	Validating OtherComp3
2021-12-26 06:17:55:600	[DEBUG]	Validating SML
2021-12-26 06:17:55:600	[DEBUG]	Validating ComplementMoreMilestone
2021-12-26 06:17:55:601	[DEBUG]	Validating SML
2021-12-26 06:17:55:601	[DEBUG]	Validating FloorHole
2021-12-26 06:17:55:601	[DEBUG]	Validating SML
2021-12-26 06:17:55:601	[DEBUG]	Validating StorageTeleporter
2021-12-26 06:17:55:601	[DEBUG]	Validating SML
2021-12-26 06:17:55:602	[DEBUG]	Validating UtilityMod
2021-12-26 06:17:55:602	[DEBUG]	Validating SML
2021-12-26 06:17:55:602	[DEBUG]	Validating LinearMotion
2021-12-26 06:17:55:603	[DEBUG]	Validating SML
2021-12-26 06:17:55:603	[DEBUG]	Validating DaisyChainPowerCables
2021-12-26 06:17:55:603	[DEBUG]	Validating SML
2021-12-26 06:17:55:603	[DEBUG]	Validating NoFog
2021-12-26 06:17:55:604	[DEBUG]	Validating SML
2021-12-26 06:22:57:856	[DEBUG]	Validating MiniMap
2021-12-26 06:22:57:856	[DEBUG]	Validating SML
2021-12-26 06:22:57:856	[DEBUG]	Validating FactoryGame
2021-12-26 06:22:57:856	[DEBUG]	Validating Additional_300_Inventory_Slots
2021-12-26 06:22:57:857	[DEBUG]	Validating SML
2021-12-26 06:22:57:857	[DEBUG]	Validating MK22k20
2021-12-26 06:22:57:857	[DEBUG]	Validating SML
2021-12-26 06:22:57:858	[DEBUG]	Validating RefinedPower
2021-12-26 06:22:57:858	[DEBUG]	Validating ModularUI
2021-12-26 06:22:57:858	[DEBUG]	Validating SML
2021-12-26 06:22:57:858	[DEBUG]	Validating RefinedRDLib
2021-12-26 06:22:57:858	[DEBUG]	Validating SML
2021-12-26 06:22:57:858	[DEBUG]	Validating SML
2021-12-26 06:22:57:858	[DEBUG]	Validating SmartFoundations
2021-12-26 06:22:57:858	[DEBUG]	Validating SML
2021-12-26 06:22:57:859	[DEBUG]	Validating MoreMilestones
2021-12-26 06:22:57:859	[DEBUG]	Validating SML
2021-12-26 06:22:57:859	[DEBUG]	Validating OtherComp3
2021-12-26 06:22:57:859	[DEBUG]	Validating SML
2021-12-26 06:22:57:860	[DEBUG]	Validating ComplementMoreMilestone
2021-12-26 06:22:57:860	[DEBUG]	Validating SML
2021-12-26 06:22:57:860	[DEBUG]	Validating FloorHole
2021-12-26 06:22:57:860	[DEBUG]	Validating SML
2021-12-26 06:22:57:860	[DEBUG]	Validating StorageTeleporter
2021-12-26 06:22:57:860	[DEBUG]	Validating SML
2021-12-26 06:22:57:860	[DEBUG]	Validating UtilityMod
2021-12-26 06:22:57:860	[DEBUG]	Validating SML
2021-12-26 06:22:57:861	[DEBUG]	Validating LinearMotion
2021-12-26 06:22:57:861	[DEBUG]	Validating SML
2021-12-26 06:22:57:862	[DEBUG]	Validating DaisyChainPowerCables
2021-12-26 06:22:57:862	[DEBUG]	Validating SML
2021-12-26 06:22:57:862	[DEBUG]	Validating NoFog
2021-12-26 06:22:57:862	[DEBUG]	Validating SML
2021-12-26 06:28:02:087	[DEBUG]	Validating MiniMap
2021-12-26 06:28:02:088	[DEBUG]	Validating SML
2021-12-26 06:28:02:088	[DEBUG]	Validating FactoryGame
2021-12-26 06:28:02:088	[DEBUG]	Validating Additional_300_Inventory_Slots
2021-12-26 06:28:02:089	[DEBUG]	Validating SML
2021-12-26 06:28:02:089	[DEBUG]	Validating MK22k20
2021-12-26 06:28:02:089	[DEBUG]	Validating SML
2021-12-26 06:28:02:089	[DEBUG]	Validating RefinedPower
2021-12-26 06:28:02:090	[DEBUG]	Validating ModularUI
2021-12-26 06:28:02:090	[DEBUG]	Validating SML
2021-12-26 06:28:02:090	[DEBUG]	Validating RefinedRDLib
2021-12-26 06:28:02:090	[DEBUG]	Validating SML
2021-12-26 06:28:02:090	[DEBUG]	Validating SML
2021-12-26 06:28:02:090	[DEBUG]	Validating SmartFoundations
2021-12-26 06:28:02:091	[DEBUG]	Validating SML
2021-12-26 06:28:02:091	[DEBUG]	Validating MoreMilestones
2021-12-26 06:28:02:092	[DEBUG]	Validating SML
2021-12-26 06:28:02:092	[DEBUG]	Validating OtherComp3
2021-12-26 06:28:02:092	[DEBUG]	Validating SML
2021-12-26 06:28:02:092	[DEBUG]	Validating ComplementMoreMilestone
2021-12-26 06:28:02:092	[DEBUG]	Validating SML
2021-12-26 06:28:02:092	[DEBUG]	Validating FloorHole
2021-12-26 06:28:02:093	[DEBUG]	Validating SML
2021-12-26 06:28:02:093	[DEBUG]	Validating StorageTeleporter
2021-12-26 06:28:02:094	[DEBUG]	Validating SML
2021-12-26 06:28:02:094	[DEBUG]	Validating UtilityMod
2021-12-26 06:28:02:095	[DEBUG]	Validating SML
2021-12-26 06:28:02:095	[DEBUG]	Validating LinearMotion
2021-12-26 06:28:02:095	[DEBUG]	Validating SML
2021-12-26 06:28:02:095	[DEBUG]	Validating DaisyChainPowerCables
2021-12-26 06:28:02:095	[DEBUG]	Validating SML
2021-12-26 06:28:02:096	[DEBUG]	Validating NoFog
2021-12-26 06:28:02:096	[DEBUG]	Validating SML
2021-12-26 06:33:23:137	[DEBUG]	Validating MiniMap
2021-12-26 06:33:23:138	[DEBUG]	Validating SML
2021-12-26 06:33:23:138	[DEBUG]	Validating FactoryGame
2021-12-26 06:33:23:138	[DEBUG]	Validating Additional_300_Inventory_Slots
2021-12-26 06:33:23:139	[DEBUG]	Validating SML
2021-12-26 06:33:23:139	[DEBUG]	Validating MK22k20
2021-12-26 06:33:23:139	[DEBUG]	Validating SML
2021-12-26 06:33:23:139	[DEBUG]	Validating RefinedPower
2021-12-26 06:33:23:140	[DEBUG]	Validating ModularUI
2021-12-26 06:33:23:140	[DEBUG]	Validating SML
2021-12-26 06:33:23:140	[DEBUG]	Validating RefinedRDLib
2021-12-26 06:33:23:140	[DEBUG]	Validating SML
2021-12-26 06:33:23:140	[DEBUG]	Validating SML
2021-12-26 06:33:23:140	[DEBUG]	Validating SmartFoundations
2021-12-26 06:33:23:141	[DEBUG]	Validating SML
2021-12-26 06:33:23:141	[DEBUG]	Validating MoreMilestones
2021-12-26 06:33:23:141	[DEBUG]	Validating SML
2021-12-26 06:33:23:141	[DEBUG]	Validating OtherComp3
2021-12-26 06:33:23:141	[DEBUG]	Validating SML
2021-12-26 06:33:23:141	[DEBUG]	Validating ComplementMoreMilestone
2021-12-26 06:33:23:141	[DEBUG]	Validating SML
2021-12-26 06:33:23:141	[DEBUG]	Validating FloorHole
2021-12-26 06:33:23:142	[DEBUG]	Validating SML
2021-12-26 06:33:23:142	[DEBUG]	Validating StorageTeleporter
2021-12-26 06:33:23:142	[DEBUG]	Validating SML
2021-12-26 06:33:23:142	[DEBUG]	Validating UtilityMod
2021-12-26 06:33:23:143	[DEBUG]	Validating SML
2021-12-26 06:33:23:143	[DEBUG]	Validating LinearMotion
2021-12-26 06:33:23:143	[DEBUG]	Validating SML
2021-12-26 06:33:23:143	[DEBUG]	Validating DaisyChainPowerCables
2021-12-26 06:33:23:143	[DEBUG]	Validating SML
2021-12-26 06:33:23:143	[DEBUG]	Validating NoFog
2021-12-26 06:33:23:144	[DEBUG]	Validating SML
2021-12-26 06:36:58:279	[DEBUG]	install: [], uninstall: [], enable: [], disable: [], update: [LinearMotion]
2021-12-26 06:36:58:282	[DEBUG]	Validating SML
2021-12-26 06:36:58:282	[DEBUG]	Validating FactoryGame
2021-12-26 06:36:58:282	[DEBUG]	Validating ModularUI
2021-12-26 06:36:58:282	[DEBUG]	Validating RefinedRDLib
2021-12-26 06:36:58:282	[DEBUG]	Validating OtherComp3
2021-12-26 06:36:58:282	[DEBUG]	Validating ComplementMoreMilestone
2021-12-26 06:36:58:282	[DEBUG]	Validating MiniMap
2021-12-26 06:36:58:282	[DEBUG]	Validating Additional_300_Inventory_Slots
2021-12-26 06:36:58:282	[DEBUG]	Validating MK22k20
2021-12-26 06:36:58:282	[DEBUG]	Validating RefinedPower
2021-12-26 06:36:58:282	[DEBUG]	Validating SmartFoundations
2021-12-26 06:36:58:282	[DEBUG]	Validating MoreMilestones
2021-12-26 06:36:58:282	[DEBUG]	Validating FloorHole
2021-12-26 06:36:58:282	[DEBUG]	Validating StorageTeleporter
2021-12-26 06:36:58:282	[DEBUG]	Validating UtilityMod
2021-12-26 06:36:58:282	[DEBUG]	Validating LinearMotion
2021-12-26 06:36:58:283	[DEBUG]	Validating SML
2021-12-26 06:36:58:283	[DEBUG]	Validating DaisyChainPowerCables
2021-12-26 06:36:58:283	[DEBUG]	Validating NoFog
2021-12-26 06:36:58:283	[DEBUG]	Items: {"MiniMap":"1.0.11","SML":"3.3.0","Additional_300_Inventory_Slots":"5.0.3","MK22k20":"5.1.5","RefinedPower":"3.0.6","ModularUI":"2.0.7","RefinedRDLib":"1.0.4","SmartFoundations":"17.0.11","MoreMilestones":"1.0.20","OtherComp3":"1.0.2","ComplementMoreMilestone":"1.0.3","FloorHole":"2.0.10","StorageTeleporter":"1.0.4","UtilityMod":"0.5.3","DaisyChainPowerCables":"2.0.2","NoFog":"2.0.0","LinearMotion":"2.0.13"}
2021-12-26 06:36:58:333	[DEBUG]	Mismatches: {"install":{"LinearMotion":"2.0.13"},"uninstall":["LinearMotion"]}
2021-12-26 06:36:58:334	[DEBUG]	Removing LinearMotion from Satisfactory install
2021-12-26 06:36:58:342	[DEBUG]	Copying LinearMotion@2.0.13 to Satisfactory install
2021-12-26 06:36:58:343	[DEBUG]	LinearMotion@2.0.13 is not downloaded. Downloading now.
2021-12-26 06:38:45:344	[DEBUG]	Validating MiniMap
2021-12-26 06:38:45:344	[DEBUG]	Validating SML
2021-12-26 06:38:45:344	[DEBUG]	Validating FactoryGame
2021-12-26 06:38:45:344	[DEBUG]	Validating Additional_300_Inventory_Slots
2021-12-26 06:38:45:345	[DEBUG]	Validating SML
2021-12-26 06:38:45:345	[DEBUG]	Validating MK22k20
2021-12-26 06:38:45:345	[DEBUG]	Validating SML
2021-12-26 06:38:45:345	[DEBUG]	Validating RefinedPower
2021-12-26 06:38:45:346	[DEBUG]	Validating ModularUI
2021-12-26 06:38:45:346	[DEBUG]	Validating SML
2021-12-26 06:38:45:346	[DEBUG]	Validating RefinedRDLib
2021-12-26 06:38:45:346	[DEBUG]	Validating SML
2021-12-26 06:38:45:346	[DEBUG]	Validating SML
2021-12-26 06:38:45:346	[DEBUG]	Validating SmartFoundations
2021-12-26 06:38:45:347	[DEBUG]	Validating SML
2021-12-26 06:38:45:347	[DEBUG]	Validating MoreMilestones
2021-12-26 06:38:45:348	[DEBUG]	Validating SML
2021-12-26 06:38:45:348	[DEBUG]	Validating OtherComp3
2021-12-26 06:38:45:348	[DEBUG]	Validating SML
2021-12-26 06:38:45:348	[DEBUG]	Validating ComplementMoreMilestone
2021-12-26 06:38:45:348	[DEBUG]	Validating SML
2021-12-26 06:38:45:349	[DEBUG]	Validating FloorHole
2021-12-26 06:38:45:349	[DEBUG]	Validating SML
2021-12-26 06:38:45:349	[DEBUG]	Validating StorageTeleporter
2021-12-26 06:38:45:349	[DEBUG]	Validating SML
2021-12-26 06:38:45:349	[DEBUG]	Validating UtilityMod
2021-12-26 06:38:45:350	[DEBUG]	Validating SML
2021-12-26 06:38:45:350	[DEBUG]	Validating LinearMotion
2021-12-26 06:38:45:350	[DEBUG]	Validating SML
2021-12-26 06:38:45:350	[DEBUG]	Validating DaisyChainPowerCables
2021-12-26 06:38:45:350	[DEBUG]	Validating SML
2021-12-26 06:38:45:350	[DEBUG]	Validating NoFog
2021-12-26 06:38:45:351	[DEBUG]	Validating SML
2021-12-26 06:39:24:484	[INFO]	Installing FicsitFarming
2021-12-26 06:39:24:673	[DEBUG]	install: [FicsitFarming], uninstall: [], enable: [], disable: [], update: []
2021-12-26 06:39:24:858	[DEBUG]	Validating SML
2021-12-26 06:39:24:859	[DEBUG]	Validating FactoryGame
2021-12-26 06:39:24:859	[DEBUG]	Validating ModularUI
2021-12-26 06:39:24:859	[DEBUG]	Validating RefinedRDLib
2021-12-26 06:39:24:859	[DEBUG]	Validating OtherComp3
2021-12-26 06:39:24:859	[DEBUG]	Validating ComplementMoreMilestone
2021-12-26 06:39:24:859	[DEBUG]	Validating MiniMap
2021-12-26 06:39:24:859	[DEBUG]	Validating Additional_300_Inventory_Slots
2021-12-26 06:39:24:859	[DEBUG]	Validating MK22k20
2021-12-26 06:39:24:859	[DEBUG]	Validating RefinedPower
2021-12-26 06:39:24:859	[DEBUG]	Validating SmartFoundations
2021-12-26 06:39:24:859	[DEBUG]	Validating MoreMilestones
2021-12-26 06:39:24:859	[DEBUG]	Validating FloorHole
2021-12-26 06:39:24:859	[DEBUG]	Validating StorageTeleporter
2021-12-26 06:39:24:859	[DEBUG]	Validating UtilityMod
2021-12-26 06:39:24:859	[DEBUG]	Validating LinearMotion
2021-12-26 06:39:24:859	[DEBUG]	Validating DaisyChainPowerCables
2021-12-26 06:39:24:859	[DEBUG]	Validating NoFog
2021-12-26 06:39:24:859	[DEBUG]	Validating FicsitFarming
2021-12-26 06:39:25:040	[DEBUG]	Validating ModularUI
2021-12-26 06:39:25:040	[DEBUG]	Validating RefinedRDLib
2021-12-26 06:39:25:040	[DEBUG]	Validating SML
2021-12-26 06:39:25:040	[DEBUG]	Items: {"MiniMap":"1.0.11","SML":"3.3.0","Additional_300_Inventory_Slots":"5.0.3","MK22k20":"5.1.5","RefinedPower":"3.0.6","ModularUI":"2.0.7","RefinedRDLib":"1.0.4","SmartFoundations":"17.0.11","MoreMilestones":"1.0.20","OtherComp3":"1.0.2","ComplementMoreMilestone":"1.0.3","FloorHole":"2.0.10","StorageTeleporter":"1.0.4","UtilityMod":"0.5.3","DaisyChainPowerCables":"2.0.2","NoFog":"2.0.0","LinearMotion":"2.0.13","FicsitFarming":"4.0.1"}
2021-12-26 06:39:25:048	[DEBUG]	Mismatches: {"install":{"FicsitFarming":"4.0.1"},"uninstall":[]}
2021-12-26 06:39:25:050	[DEBUG]	Copying FicsitFarming@4.0.1 to Satisfactory install
2021-12-26 06:39:25:050	[DEBUG]	FicsitFarming@4.0.1 is not downloaded. Downloading now.
2021-12-26 06:41:12:655	[INFO]	Installing MAMTips
2021-12-26 06:41:12:827	[DEBUG]	install: [MAMTips], uninstall: [], enable: [], disable: [], update: []
2021-12-26 06:41:13:009	[DEBUG]	Validating SML
2021-12-26 06:41:13:009	[DEBUG]	Validating FactoryGame
2021-12-26 06:41:13:009	[DEBUG]	Validating ModularUI
2021-12-26 06:41:13:009	[DEBUG]	Validating RefinedRDLib
2021-12-26 06:41:13:009	[DEBUG]	Validating OtherComp3
2021-12-26 06:41:13:009	[DEBUG]	Validating ComplementMoreMilestone
2021-12-26 06:41:13:009	[DEBUG]	Validating MiniMap
2021-12-26 06:41:13:009	[DEBUG]	Validating Additional_300_Inventory_Slots
2021-12-26 06:41:13:009	[DEBUG]	Validating MK22k20
2021-12-26 06:41:13:009	[DEBUG]	Validating RefinedPower
2021-12-26 06:41:13:009	[DEBUG]	Validating SmartFoundations
2021-12-26 06:41:13:009	[DEBUG]	Validating MoreMilestones
2021-12-26 06:41:13:009	[DEBUG]	Validating FloorHole
2021-12-26 06:41:13:009	[DEBUG]	Validating StorageTeleporter
2021-12-26 06:41:13:009	[DEBUG]	Validating UtilityMod
2021-12-26 06:41:13:009	[DEBUG]	Validating LinearMotion
2021-12-26 06:41:13:009	[DEBUG]	Validating DaisyChainPowerCables
2021-12-26 06:41:13:009	[DEBUG]	Validating NoFog
2021-12-26 06:41:13:009	[DEBUG]	Validating FicsitFarming
2021-12-26 06:41:13:009	[DEBUG]	Validating MAMTips
2021-12-26 06:41:13:525	[DEBUG]	Validating SML
2021-12-26 06:41:13:525	[DEBUG]	Items: {"MiniMap":"1.0.11","SML":"3.3.0","Additional_300_Inventory_Slots":"5.0.3","MK22k20":"5.1.5","RefinedPower":"3.0.6","ModularUI":"2.0.7","RefinedRDLib":"1.0.4","SmartFoundations":"17.0.11","MoreMilestones":"1.0.20","OtherComp3":"1.0.2","ComplementMoreMilestone":"1.0.3","FloorHole":"2.0.10","StorageTeleporter":"1.0.4","UtilityMod":"0.5.3","DaisyChainPowerCables":"2.0.2","NoFog":"2.0.0","LinearMotion":"2.0.13","FicsitFarming":"4.0.1","MAMTips":"0.4.1"}
2021-12-26 06:41:13:533	[DEBUG]	Mismatches: {"install":{"MAMTips":"0.4.1"},"uninstall":[]}
2021-12-26 06:41:13:535	[DEBUG]	Copying MAMTips@0.4.1 to Satisfactory install
2021-12-26 06:41:13:535	[DEBUG]	MAMTips@0.4.1 is not downloaded. Downloading now.
2021-12-26 06:43:56:403	[DEBUG]	Validating MiniMap
2021-12-26 06:43:56:404	[DEBUG]	Validating SML
2021-12-26 06:43:56:404	[DEBUG]	Validating FactoryGame
2021-12-26 06:43:56:404	[DEBUG]	Validating Additional_300_Inventory_Slots
2021-12-26 06:43:56:404	[DEBUG]	Validating SML
2021-12-26 06:43:56:404	[DEBUG]	Validating MK22k20
2021-12-26 06:43:56:405	[DEBUG]	Validating SML
2021-12-26 06:43:56:405	[DEBUG]	Validating RefinedPower
2021-12-26 06:43:56:405	[DEBUG]	Validating ModularUI
2021-12-26 06:43:56:406	[DEBUG]	Validating SML
2021-12-26 06:43:56:406	[DEBUG]	Validating RefinedRDLib
2021-12-26 06:43:56:406	[DEBUG]	Validating SML
2021-12-26 06:43:56:406	[DEBUG]	Validating SML
2021-12-26 06:43:56:406	[DEBUG]	Validating SmartFoundations
2021-12-26 06:43:56:406	[DEBUG]	Validating SML
2021-12-26 06:43:56:406	[DEBUG]	Validating MoreMilestones
2021-12-26 06:43:56:407	[DEBUG]	Validating SML
2021-12-26 06:43:56:407	[DEBUG]	Validating OtherComp3
2021-12-26 06:43:56:408	[DEBUG]	Validating SML
2021-12-26 06:43:56:408	[DEBUG]	Validating ComplementMoreMilestone
2021-12-26 06:43:56:408	[DEBUG]	Validating SML
2021-12-26 06:43:56:408	[DEBUG]	Validating FloorHole
2021-12-26 06:43:56:408	[DEBUG]	Validating SML
2021-12-26 06:43:56:408	[DEBUG]	Validating StorageTeleporter
2021-12-26 06:43:56:409	[DEBUG]	Validating SML
2021-12-26 06:43:56:409	[DEBUG]	Validating UtilityMod
2021-12-26 06:43:56:410	[DEBUG]	Validating SML
2021-12-26 06:43:56:410	[DEBUG]	Validating LinearMotion
2021-12-26 06:43:56:410	[DEBUG]	Validating SML
2021-12-26 06:43:56:410	[DEBUG]	Validating DaisyChainPowerCables
2021-12-26 06:43:56:410	[DEBUG]	Validating SML
2021-12-26 06:43:56:411	[DEBUG]	Validating NoFog
2021-12-26 06:43:56:411	[DEBUG]	Validating SML
2021-12-26 06:43:56:411	[DEBUG]	Validating FicsitFarming
2021-12-26 06:43:56:411	[DEBUG]	Validating ModularUI
2021-12-26 06:43:56:411	[DEBUG]	Validating RefinedRDLib
2021-12-26 06:43:56:411	[DEBUG]	Validating SML
2021-12-26 06:43:56:413	[DEBUG]	Validating MAMTips
2021-12-26 06:43:56:413	[DEBUG]	Validating SML
2021-12-26 06:48:58:721	[DEBUG]	Validating MiniMap
2021-12-26 06:48:58:722	[DEBUG]	Validating SML
2021-12-26 06:48:58:722	[DEBUG]	Validating FactoryGame
2021-12-26 06:48:58:722	[DEBUG]	Validating Additional_300_Inventory_Slots
2021-12-26 06:48:58:722	[DEBUG]	Validating SML
2021-12-26 06:48:58:722	[DEBUG]	Validating MK22k20
2021-12-26 06:48:58:722	[DEBUG]	Validating SML
2021-12-26 06:48:58:723	[DEBUG]	Validating RefinedPower
2021-12-26 06:48:58:723	[DEBUG]	Validating ModularUI
2021-12-26 06:48:58:723	[DEBUG]	Validating SML
2021-12-26 06:48:58:723	[DEBUG]	Validating RefinedRDLib
2021-12-26 06:48:58:723	[DEBUG]	Validating SML
2021-12-26 06:48:58:723	[DEBUG]	Validating SML
2021-12-26 06:48:58:723	[DEBUG]	Validating SmartFoundations
2021-12-26 06:48:58:723	[DEBUG]	Validating SML
2021-12-26 06:48:58:723	[DEBUG]	Validating MoreMilestones
2021-12-26 06:48:58:724	[DEBUG]	Validating SML
2021-12-26 06:48:58:724	[DEBUG]	Validating OtherComp3
2021-12-26 06:48:58:724	[DEBUG]	Validating SML
2021-12-26 06:48:58:724	[DEBUG]	Validating ComplementMoreMilestone
2021-12-26 06:48:58:724	[DEBUG]	Validating SML
2021-12-26 06:48:58:725	[DEBUG]	Validating FloorHole
2021-12-26 06:48:58:725	[DEBUG]	Validating SML
2021-12-26 06:48:58:725	[DEBUG]	Validating StorageTeleporter
2021-12-26 06:48:58:725	[DEBUG]	Validating SML
2021-12-26 06:48:58:725	[DEBUG]	Validating UtilityMod
2021-12-26 06:48:58:725	[DEBUG]	Validating SML
2021-12-26 06:48:58:725	[DEBUG]	Validating LinearMotion
2021-12-26 06:48:58:726	[DEBUG]	Validating SML
2021-12-26 06:48:58:726	[DEBUG]	Validating DaisyChainPowerCables
2021-12-26 06:48:58:726	[DEBUG]	Validating SML
2021-12-26 06:48:58:726	[DEBUG]	Validating NoFog
2021-12-26 06:48:58:727	[DEBUG]	Validating SML
2021-12-26 06:48:58:727	[DEBUG]	Validating FicsitFarming
2021-12-26 06:48:58:727	[DEBUG]	Validating ModularUI
2021-12-26 06:48:58:727	[DEBUG]	Validating RefinedRDLib
2021-12-26 06:48:58:727	[DEBUG]	Validating SML
2021-12-26 06:48:58:727	[DEBUG]	Validating MAMTips
2021-12-26 06:48:58:728	[DEBUG]	Validating SML
2021-12-26 06:51:35:281	[INFO]	Installing SmallRefinery
2021-12-26 06:51:35:460	[DEBUG]	install: [SmallRefinery], uninstall: [], enable: [], disable: [], update: []
2021-12-26 06:51:35:651	[DEBUG]	Validating SML
2021-12-26 06:51:35:651	[DEBUG]	Validating FactoryGame
2021-12-26 06:51:35:651	[DEBUG]	Validating ModularUI
2021-12-26 06:51:35:651	[DEBUG]	Validating RefinedRDLib
2021-12-26 06:51:35:651	[DEBUG]	Validating OtherComp3
2021-12-26 06:51:35:651	[DEBUG]	Validating ComplementMoreMilestone
2021-12-26 06:51:35:651	[DEBUG]	Validating MiniMap
2021-12-26 06:51:35:651	[DEBUG]	Validating Additional_300_Inventory_Slots
2021-12-26 06:51:35:651	[DEBUG]	Validating MK22k20
2021-12-26 06:51:35:651	[DEBUG]	Validating RefinedPower
2021-12-26 06:51:35:651	[DEBUG]	Validating SmartFoundations
2021-12-26 06:51:35:651	[DEBUG]	Validating MoreMilestones
2021-12-26 06:51:35:652	[DEBUG]	Validating FloorHole
2021-12-26 06:51:35:652	[DEBUG]	Validating StorageTeleporter
2021-12-26 06:51:35:652	[DEBUG]	Validating UtilityMod
2021-12-26 06:51:35:652	[DEBUG]	Validating LinearMotion
2021-12-26 06:51:35:652	[DEBUG]	Validating DaisyChainPowerCables
2021-12-26 06:51:35:652	[DEBUG]	Validating NoFog
2021-12-26 06:51:35:652	[DEBUG]	Validating FicsitFarming
2021-12-26 06:51:35:652	[DEBUG]	Validating MAMTips
2021-12-26 06:51:35:652	[DEBUG]	Validating SmallRefinery
2021-12-26 06:51:35:836	[DEBUG]	Validating SML
2021-12-26 06:51:35:836	[DEBUG]	Items: {"MiniMap":"1.0.11","SML":"3.3.0","Additional_300_Inventory_Slots":"5.0.3","MK22k20":"5.1.5","RefinedPower":"3.0.6","ModularUI":"2.0.7","RefinedRDLib":"1.0.4","SmartFoundations":"17.0.11","MoreMilestones":"1.0.20","OtherComp3":"1.0.2","ComplementMoreMilestone":"1.0.3","FloorHole":"2.0.10","StorageTeleporter":"1.0.4","UtilityMod":"0.5.3","DaisyChainPowerCables":"2.0.2","NoFog":"2.0.0","LinearMotion":"2.0.13","FicsitFarming":"4.0.1","MAMTips":"0.4.1","SmallRefinery":"1.0.0"}
2021-12-26 06:51:35:844	[DEBUG]	Mismatches: {"install":{"SmallRefinery":"1.0.0"},"uninstall":[]}
2021-12-26 06:51:35:846	[DEBUG]	Copying SmallRefinery@1.0.0 to Satisfactory install
2021-12-26 06:51:35:846	[DEBUG]	SmallRefinery@1.0.0 is not downloaded. Downloading now.
2021-12-26 06:54:00:904	[DEBUG]	Validating MiniMap
2021-12-26 06:54:00:904	[DEBUG]	Validating SML
2021-12-26 06:54:00:905	[DEBUG]	Validating FactoryGame
2021-12-26 06:54:00:905	[DEBUG]	Validating Additional_300_Inventory_Slots
2021-12-26 06:54:00:905	[DEBUG]	Validating SML
2021-12-26 06:54:00:905	[DEBUG]	Validating MK22k20
2021-12-26 06:54:00:905	[DEBUG]	Validating SML
2021-12-26 06:54:00:905	[DEBUG]	Validating RefinedPower
2021-12-26 06:54:00:906	[DEBUG]	Validating ModularUI
2021-12-26 06:54:00:906	[DEBUG]	Validating SML
2021-12-26 06:54:00:906	[DEBUG]	Validating RefinedRDLib
2021-12-26 06:54:00:906	[DEBUG]	Validating SML
2021-12-26 06:54:00:906	[DEBUG]	Validating SML
2021-12-26 06:54:00:906	[DEBUG]	Validating SmartFoundations
2021-12-26 06:54:00:907	[DEBUG]	Validating SML
2021-12-26 06:54:00:907	[DEBUG]	Validating MoreMilestones
2021-12-26 06:54:00:908	[DEBUG]	Validating SML
2021-12-26 06:54:00:908	[DEBUG]	Validating OtherComp3
2021-12-26 06:54:00:908	[DEBUG]	Validating SML
2021-12-26 06:54:00:908	[DEBUG]	Validating ComplementMoreMilestone
2021-12-26 06:54:00:908	[DEBUG]	Validating SML
2021-12-26 06:54:00:908	[DEBUG]	Validating FloorHole
2021-12-26 06:54:00:909	[DEBUG]	Validating SML
2021-12-26 06:54:00:909	[DEBUG]	Validating StorageTeleporter
2021-12-26 06:54:00:910	[DEBUG]	Validating SML
2021-12-26 06:54:00:910	[DEBUG]	Validating UtilityMod
2021-12-26 06:54:00:910	[DEBUG]	Validating SML
2021-12-26 06:54:00:911	[DEBUG]	Validating LinearMotion
2021-12-26 06:54:00:911	[DEBUG]	Validating SML
2021-12-26 06:54:00:911	[DEBUG]	Validating DaisyChainPowerCables
2021-12-26 06:54:00:911	[DEBUG]	Validating SML
2021-12-26 06:54:00:911	[DEBUG]	Validating NoFog
2021-12-26 06:54:00:911	[DEBUG]	Validating SML
2021-12-26 06:54:00:911	[DEBUG]	Validating FicsitFarming
2021-12-26 06:54:00:912	[DEBUG]	Validating ModularUI
2021-12-26 06:54:00:912	[DEBUG]	Validating RefinedRDLib
2021-12-26 06:54:00:912	[DEBUG]	Validating SML
2021-12-26 06:54:00:912	[DEBUG]	Validating MAMTips
2021-12-26 06:54:00:912	[DEBUG]	Validating SML
2021-12-26 06:54:00:912	[DEBUG]	Validating SmallRefinery
2021-12-26 06:54:00:912	[DEBUG]	Validating SML
2021-12-26 06:54:53:526	[INFO]	Disabling OtherComp3
2021-12-26 06:54:53:732	[DEBUG]	install: [], uninstall: [], enable: [], disable: [OtherComp3], update: []
2021-12-26 06:54:53:737	[DEBUG]	Validating SML
2021-12-26 06:54:53:737	[DEBUG]	Validating FactoryGame
2021-12-26 06:54:53:737	[DEBUG]	Validating ModularUI
2021-12-26 06:54:53:737	[DEBUG]	Validating RefinedRDLib
2021-12-26 06:54:53:737	[DEBUG]	Validating OtherComp3
2021-12-26 06:54:53:737	[DEBUG]	Validating ComplementMoreMilestone
2021-12-26 06:54:53:737	[DEBUG]	Validating MiniMap
2021-12-26 06:54:53:737	[DEBUG]	Validating Additional_300_Inventory_Slots
2021-12-26 06:54:53:737	[DEBUG]	Validating MK22k20
2021-12-26 06:54:53:737	[DEBUG]	Validating RefinedPower
2021-12-26 06:54:53:737	[DEBUG]	Validating SmartFoundations
2021-12-26 06:54:53:737	[DEBUG]	Validating MoreMilestones
2021-12-26 06:54:53:737	[DEBUG]	Validating FloorHole
2021-12-26 06:54:53:737	[DEBUG]	Validating StorageTeleporter
2021-12-26 06:54:53:738	[DEBUG]	Validating UtilityMod
2021-12-26 06:54:53:738	[DEBUG]	Validating LinearMotion
2021-12-26 06:54:53:738	[DEBUG]	Validating DaisyChainPowerCables
2021-12-26 06:54:53:738	[DEBUG]	Validating NoFog
2021-12-26 06:54:53:738	[DEBUG]	Validating FicsitFarming
2021-12-26 06:54:53:738	[DEBUG]	Validating MAMTips
2021-12-26 06:54:53:738	[DEBUG]	Validating SmallRefinery
2021-12-26 06:54:53:738	[DEBUG]	Items: {"MiniMap":"1.0.11","SML":"3.3.0","Additional_300_Inventory_Slots":"5.0.3","MK22k20":"5.1.5","RefinedPower":"3.0.6","ModularUI":"2.0.7","RefinedRDLib":"1.0.4","SmartFoundations":"17.0.11","MoreMilestones":"1.0.20","OtherComp3":"1.0.2","ComplementMoreMilestone":"1.0.3","FloorHole":"2.0.10","StorageTeleporter":"1.0.4","UtilityMod":"0.5.3","DaisyChainPowerCables":"2.0.2","NoFog":"2.0.0","LinearMotion":"2.0.13","FicsitFarming":"4.0.1","MAMTips":"0.4.1","SmallRefinery":"1.0.0"}
2021-12-26 06:54:53:746	[DEBUG]	Mismatches: {"install":{},"uninstall":[]}
2021-12-26 06:54:58:006	[INFO]	Disabling OtherComp3
2021-12-26 06:54:58:204	[DEBUG]	install: [], uninstall: [], enable: [], disable: [OtherComp3], update: []
2021-12-26 06:54:58:208	[DEBUG]	Validating SML
2021-12-26 06:54:58:208	[DEBUG]	Validating FactoryGame
2021-12-26 06:54:58:208	[DEBUG]	Validating ModularUI
2021-12-26 06:54:58:208	[DEBUG]	Validating RefinedRDLib
2021-12-26 06:54:58:208	[DEBUG]	Validating OtherComp3
2021-12-26 06:54:58:208	[DEBUG]	Validating ComplementMoreMilestone
2021-12-26 06:54:58:208	[DEBUG]	Validating MiniMap
2021-12-26 06:54:58:208	[DEBUG]	Validating Additional_300_Inventory_Slots
2021-12-26 06:54:58:208	[DEBUG]	Validating MK22k20
2021-12-26 06:54:58:208	[DEBUG]	Validating RefinedPower
2021-12-26 06:54:58:208	[DEBUG]	Validating SmartFoundations
2021-12-26 06:54:58:208	[DEBUG]	Validating MoreMilestones
2021-12-26 06:54:58:208	[DEBUG]	Validating FloorHole
2021-12-26 06:54:58:208	[DEBUG]	Validating StorageTeleporter
2021-12-26 06:54:58:208	[DEBUG]	Validating UtilityMod
2021-12-26 06:54:58:208	[DEBUG]	Validating LinearMotion
2021-12-26 06:54:58:208	[DEBUG]	Validating DaisyChainPowerCables
2021-12-26 06:54:58:208	[DEBUG]	Validating NoFog
2021-12-26 06:54:58:208	[DEBUG]	Validating FicsitFarming
2021-12-26 06:54:58:208	[DEBUG]	Validating MAMTips
2021-12-26 06:54:58:208	[DEBUG]	Validating SmallRefinery
2021-12-26 06:54:58:209	[DEBUG]	Items: {"MiniMap":"1.0.11","SML":"3.3.0","Additional_300_Inventory_Slots":"5.0.3","MK22k20":"5.1.5","RefinedPower":"3.0.6","ModularUI":"2.0.7","RefinedRDLib":"1.0.4","SmartFoundations":"17.0.11","MoreMilestones":"1.0.20","OtherComp3":"1.0.2","ComplementMoreMilestone":"1.0.3","FloorHole":"2.0.10","StorageTeleporter":"1.0.4","UtilityMod":"0.5.3","DaisyChainPowerCables":"2.0.2","NoFog":"2.0.0","LinearMotion":"2.0.13","FicsitFarming":"4.0.1","MAMTips":"0.4.1","SmallRefinery":"1.0.0"}
2021-12-26 06:54:58:213	[DEBUG]	Mismatches: {"install":{},"uninstall":[]}
2021-12-26 06:55:00:238	[INFO]	Disabling OtherComp3
2021-12-26 06:55:00:443	[DEBUG]	install: [], uninstall: [], enable: [], disable: [OtherComp3], update: []
2021-12-26 06:55:00:445	[DEBUG]	Validating SML
2021-12-26 06:55:00:446	[DEBUG]	Validating FactoryGame
2021-12-26 06:55:00:446	[DEBUG]	Validating ModularUI
2021-12-26 06:55:00:446	[DEBUG]	Validating RefinedRDLib
2021-12-26 06:55:00:446	[DEBUG]	Validating OtherComp3
2021-12-26 06:55:00:446	[DEBUG]	Validating ComplementMoreMilestone
2021-12-26 06:55:00:446	[DEBUG]	Validating MiniMap
2021-12-26 06:55:00:446	[DEBUG]	Validating Additional_300_Inventory_Slots
2021-12-26 06:55:00:446	[DEBUG]	Validating MK22k20
2021-12-26 06:55:00:446	[DEBUG]	Validating RefinedPower
2021-12-26 06:55:00:446	[DEBUG]	Validating SmartFoundations
2021-12-26 06:55:00:446	[DEBUG]	Validating MoreMilestones
2021-12-26 06:55:00:446	[DEBUG]	Validating FloorHole
2021-12-26 06:55:00:446	[DEBUG]	Validating StorageTeleporter
2021-12-26 06:55:00:446	[DEBUG]	Validating UtilityMod
2021-12-26 06:55:00:446	[DEBUG]	Validating LinearMotion
2021-12-26 06:55:00:446	[DEBUG]	Validating DaisyChainPowerCables
2021-12-26 06:55:00:446	[DEBUG]	Validating NoFog
2021-12-26 06:55:00:446	[DEBUG]	Validating FicsitFarming
2021-12-26 06:55:00:446	[DEBUG]	Validating MAMTips
2021-12-26 06:55:00:446	[DEBUG]	Validating SmallRefinery
2021-12-26 06:55:00:446	[DEBUG]	Items: {"MiniMap":"1.0.11","SML":"3.3.0","Additional_300_Inventory_Slots":"5.0.3","MK22k20":"5.1.5","RefinedPower":"3.0.6","ModularUI":"2.0.7","RefinedRDLib":"1.0.4","SmartFoundations":"17.0.11","MoreMilestones":"1.0.20","OtherComp3":"1.0.2","ComplementMoreMilestone":"1.0.3","FloorHole":"2.0.10","StorageTeleporter":"1.0.4","UtilityMod":"0.5.3","DaisyChainPowerCables":"2.0.2","NoFog":"2.0.0","LinearMotion":"2.0.13","FicsitFarming":"4.0.1","MAMTips":"0.4.1","SmallRefinery":"1.0.0"}
2021-12-26 06:55:00:450	[DEBUG]	Mismatches: {"install":{},"uninstall":[]}
2021-12-26 06:55:01:711	[INFO]	Disabling OtherComp3
2021-12-26 06:55:01:907	[DEBUG]	install: [], uninstall: [], enable: [], disable: [OtherComp3], update: []
2021-12-26 06:55:01:909	[DEBUG]	Validating SML
2021-12-26 06:55:01:909	[DEBUG]	Validating FactoryGame
2021-12-26 06:55:01:909	[DEBUG]	Validating ModularUI
2021-12-26 06:55:01:909	[DEBUG]	Validating RefinedRDLib
2021-12-26 06:55:01:909	[DEBUG]	Validating OtherComp3
2021-12-26 06:55:01:909	[DEBUG]	Validating ComplementMoreMilestone
2021-12-26 06:55:01:909	[DEBUG]	Validating MiniMap
2021-12-26 06:55:01:909	[DEBUG]	Validating Additional_300_Inventory_Slots
2021-12-26 06:55:01:909	[DEBUG]	Validating MK22k20
2021-12-26 06:55:01:909	[DEBUG]	Validating RefinedPower
2021-12-26 06:55:01:909	[DEBUG]	Validating SmartFoundations
2021-12-26 06:55:01:909	[DEBUG]	Validating MoreMilestones
2021-12-26 06:55:01:909	[DEBUG]	Validating FloorHole
2021-12-26 06:55:01:909	[DEBUG]	Validating StorageTeleporter
2021-12-26 06:55:01:909	[DEBUG]	Validating UtilityMod
2021-12-26 06:55:01:909	[DEBUG]	Validating LinearMotion
2021-12-26 06:55:01:909	[DEBUG]	Validating DaisyChainPowerCables
2021-12-26 06:55:01:909	[DEBUG]	Validating NoFog
2021-12-26 06:55:01:909	[DEBUG]	Validating FicsitFarming
2021-12-26 06:55:01:909	[DEBUG]	Validating MAMTips
2021-12-26 06:55:01:909	[DEBUG]	Validating SmallRefinery
2021-12-26 06:55:01:910	[DEBUG]	Items: {"MiniMap":"1.0.11","SML":"3.3.0","Additional_300_Inventory_Slots":"5.0.3","MK22k20":"5.1.5","RefinedPower":"3.0.6","ModularUI":"2.0.7","RefinedRDLib":"1.0.4","SmartFoundations":"17.0.11","MoreMilestones":"1.0.20","OtherComp3":"1.0.2","ComplementMoreMilestone":"1.0.3","FloorHole":"2.0.10","StorageTeleporter":"1.0.4","UtilityMod":"0.5.3","DaisyChainPowerCables":"2.0.2","NoFog":"2.0.0","LinearMotion":"2.0.13","FicsitFarming":"4.0.1","MAMTips":"0.4.1","SmallRefinery":"1.0.0"}
2021-12-26 06:55:01:913	[DEBUG]	Mismatches: {"install":{},"uninstall":[]}
2021-12-26 06:55:07:703	[INFO]	Disabling ComplementMoreMilestone
2021-12-26 06:55:07:897	[DEBUG]	install: [], uninstall: [], enable: [], disable: [ComplementMoreMilestone], update: []
2021-12-26 06:55:07:900	[DEBUG]	Validating SML
2021-12-26 06:55:07:900	[DEBUG]	Validating FactoryGame
2021-12-26 06:55:07:900	[DEBUG]	Validating ModularUI
2021-12-26 06:55:07:900	[DEBUG]	Validating RefinedRDLib
2021-12-26 06:55:07:900	[DEBUG]	Validating OtherComp3
2021-12-26 06:55:07:900	[DEBUG]	Validating ComplementMoreMilestone
2021-12-26 06:55:07:900	[DEBUG]	Validating MiniMap
2021-12-26 06:55:07:900	[DEBUG]	Validating Additional_300_Inventory_Slots
2021-12-26 06:55:07:900	[DEBUG]	Validating MK22k20
2021-12-26 06:55:07:900	[DEBUG]	Validating RefinedPower
2021-12-26 06:55:07:900	[DEBUG]	Validating SmartFoundations
2021-12-26 06:55:07:900	[DEBUG]	Validating MoreMilestones
2021-12-26 06:55:07:900	[DEBUG]	Validating FloorHole
2021-12-26 06:55:07:900	[DEBUG]	Validating StorageTeleporter
2021-12-26 06:55:07:900	[DEBUG]	Validating UtilityMod
2021-12-26 06:55:07:900	[DEBUG]	Validating LinearMotion
2021-12-26 06:55:07:900	[DEBUG]	Validating DaisyChainPowerCables
2021-12-26 06:55:07:900	[DEBUG]	Validating NoFog
2021-12-26 06:55:07:900	[DEBUG]	Validating FicsitFarming
2021-12-26 06:55:07:900	[DEBUG]	Validating MAMTips
2021-12-26 06:55:07:900	[DEBUG]	Validating SmallRefinery
2021-12-26 06:55:07:901	[DEBUG]	Items: {"MiniMap":"1.0.11","SML":"3.3.0","Additional_300_Inventory_Slots":"5.0.3","MK22k20":"5.1.5","RefinedPower":"3.0.6","ModularUI":"2.0.7","RefinedRDLib":"1.0.4","SmartFoundations":"17.0.11","MoreMilestones":"1.0.20","OtherComp3":"1.0.2","ComplementMoreMilestone":"1.0.3","FloorHole":"2.0.10","StorageTeleporter":"1.0.4","UtilityMod":"0.5.3","DaisyChainPowerCables":"2.0.2","NoFog":"2.0.0","LinearMotion":"2.0.13","FicsitFarming":"4.0.1","MAMTips":"0.4.1","SmallRefinery":"1.0.0"}
2021-12-26 06:55:07:905	[DEBUG]	Mismatches: {"install":{},"uninstall":[]}
2021-12-26 06:55:18:706	[INFO]	Disabling ComplementMoreMilestone
2021-12-26 06:55:18:905	[DEBUG]	install: [], uninstall: [], enable: [], disable: [ComplementMoreMilestone], update: []
2021-12-26 06:55:18:907	[DEBUG]	Validating SML
2021-12-26 06:55:18:909	[DEBUG]	Validating FactoryGame
2021-12-26 06:55:18:909	[DEBUG]	Validating ModularUI
2021-12-26 06:55:18:909	[DEBUG]	Validating RefinedRDLib
2021-12-26 06:55:18:909	[DEBUG]	Validating OtherComp3
2021-12-26 06:55:18:909	[DEBUG]	Validating ComplementMoreMilestone
2021-12-26 06:55:18:909	[DEBUG]	Validating MiniMap
2021-12-26 06:55:18:909	[DEBUG]	Validating Additional_300_Inventory_Slots
2021-12-26 06:55:18:909	[DEBUG]	Validating MK22k20
2021-12-26 06:55:18:909	[DEBUG]	Validating RefinedPower
2021-12-26 06:55:18:909	[DEBUG]	Validating SmartFoundations
2021-12-26 06:55:18:909	[DEBUG]	Validating MoreMilestones
2021-12-26 06:55:18:909	[DEBUG]	Validating FloorHole
2021-12-26 06:55:18:909	[DEBUG]	Validating StorageTeleporter
2021-12-26 06:55:18:909	[DEBUG]	Validating UtilityMod
2021-12-26 06:55:18:909	[DEBUG]	Validating LinearMotion
2021-12-26 06:55:18:909	[DEBUG]	Validating DaisyChainPowerCables
2021-12-26 06:55:18:909	[DEBUG]	Validating NoFog
2021-12-26 06:55:18:909	[DEBUG]	Validating FicsitFarming
2021-12-26 06:55:18:909	[DEBUG]	Validating MAMTips
2021-12-26 06:55:18:909	[DEBUG]	Validating SmallRefinery
2021-12-26 06:55:18:910	[DEBUG]	Items: {"MiniMap":"1.0.11","SML":"3.3.0","Additional_300_Inventory_Slots":"5.0.3","MK22k20":"5.1.5","RefinedPower":"3.0.6","ModularUI":"2.0.7","RefinedRDLib":"1.0.4","SmartFoundations":"17.0.11","MoreMilestones":"1.0.20","OtherComp3":"1.0.2","ComplementMoreMilestone":"1.0.3","FloorHole":"2.0.10","StorageTeleporter":"1.0.4","UtilityMod":"0.5.3","DaisyChainPowerCables":"2.0.2","NoFog":"2.0.0","LinearMotion":"2.0.13","FicsitFarming":"4.0.1","MAMTips":"0.4.1","SmallRefinery":"1.0.0"}
2021-12-26 06:55:18:914	[DEBUG]	Mismatches: {"install":{},"uninstall":[]}
2021-12-26 06:55:19:705	[INFO]	Disabling ComplementMoreMilestone
2021-12-26 06:55:19:904	[DEBUG]	install: [], uninstall: [], enable: [], disable: [ComplementMoreMilestone], update: []
2021-12-26 06:55:19:906	[DEBUG]	Validating SML
2021-12-26 06:55:19:907	[DEBUG]	Validating FactoryGame
2021-12-26 06:55:19:907	[DEBUG]	Validating ModularUI
2021-12-26 06:55:19:907	[DEBUG]	Validating RefinedRDLib
2021-12-26 06:55:19:907	[DEBUG]	Validating OtherComp3
2021-12-26 06:55:19:907	[DEBUG]	Validating ComplementMoreMilestone
2021-12-26 06:55:19:907	[DEBUG]	Validating MiniMap
2021-12-26 06:55:19:907	[DEBUG]	Validating Additional_300_Inventory_Slots
2021-12-26 06:55:19:907	[DEBUG]	Validating MK22k20
2021-12-26 06:55:19:907	[DEBUG]	Validating RefinedPower
2021-12-26 06:55:19:907	[DEBUG]	Validating SmartFoundations
2021-12-26 06:55:19:907	[DEBUG]	Validating MoreMilestones
2021-12-26 06:55:19:907	[DEBUG]	Validating FloorHole
2021-12-26 06:55:19:907	[DEBUG]	Validating StorageTeleporter
2021-12-26 06:55:19:907	[DEBUG]	Validating UtilityMod
2021-12-26 06:55:19:907	[DEBUG]	Validating LinearMotion
2021-12-26 06:55:19:907	[DEBUG]	Validating DaisyChainPowerCables
2021-12-26 06:55:19:907	[DEBUG]	Validating NoFog
2021-12-26 06:55:19:907	[DEBUG]	Validating FicsitFarming
2021-12-26 06:55:19:907	[DEBUG]	Validating MAMTips
2021-12-26 06:55:19:907	[DEBUG]	Validating SmallRefinery
2021-12-26 06:55:19:907	[DEBUG]	Items: {"MiniMap":"1.0.11","SML":"3.3.0","Additional_300_Inventory_Slots":"5.0.3","MK22k20":"5.1.5","RefinedPower":"3.0.6","ModularUI":"2.0.7","RefinedRDLib":"1.0.4","SmartFoundations":"17.0.11","MoreMilestones":"1.0.20","OtherComp3":"1.0.2","ComplementMoreMilestone":"1.0.3","FloorHole":"2.0.10","StorageTeleporter":"1.0.4","UtilityMod":"0.5.3","DaisyChainPowerCables":"2.0.2","NoFog":"2.0.0","LinearMotion":"2.0.13","FicsitFarming":"4.0.1","MAMTips":"0.4.1","SmallRefinery":"1.0.0"}
2021-12-26 06:55:19:911	[DEBUG]	Mismatches: {"install":{},"uninstall":[]}
2021-12-26 06:56:11:742	[INFO]	Installing ArmorModules
2021-12-26 06:56:11:930	[DEBUG]	install: [ArmorModules], uninstall: [], enable: [], disable: [], update: []
2021-12-26 06:56:12:118	[DEBUG]	Validating SML
2021-12-26 06:56:12:118	[DEBUG]	Validating FactoryGame
2021-12-26 06:56:12:118	[DEBUG]	Validating ModularUI
2021-12-26 06:56:12:118	[DEBUG]	Validating RefinedRDLib
2021-12-26 06:56:12:118	[DEBUG]	Validating OtherComp3
2021-12-26 06:56:12:118	[DEBUG]	Validating ComplementMoreMilestone
2021-12-26 06:56:12:118	[DEBUG]	Validating MiniMap
2021-12-26 06:56:12:118	[DEBUG]	Validating Additional_300_Inventory_Slots
2021-12-26 06:56:12:118	[DEBUG]	Validating MK22k20
2021-12-26 06:56:12:118	[DEBUG]	Validating RefinedPower
2021-12-26 06:56:12:118	[DEBUG]	Validating SmartFoundations
2021-12-26 06:56:12:118	[DEBUG]	Validating MoreMilestones
2021-12-26 06:56:12:118	[DEBUG]	Validating FloorHole
2021-12-26 06:56:12:118	[DEBUG]	Validating StorageTeleporter
2021-12-26 06:56:12:118	[DEBUG]	Validating UtilityMod
2021-12-26 06:56:12:118	[DEBUG]	Validating LinearMotion
2021-12-26 06:56:12:118	[DEBUG]	Validating DaisyChainPowerCables
2021-12-26 06:56:12:118	[DEBUG]	Validating NoFog
2021-12-26 06:56:12:118	[DEBUG]	Validating FicsitFarming
2021-12-26 06:56:12:118	[DEBUG]	Validating MAMTips
2021-12-26 06:56:12:118	[DEBUG]	Validating SmallRefinery
2021-12-26 06:56:12:118	[DEBUG]	Validating ArmorModules
2021-12-26 06:56:12:308	[DEBUG]	Validating MAMTips
2021-12-26 06:56:12:309	[DEBUG]	Validating PowerSuit
2021-12-26 06:56:12:673	[DEBUG]	Validating SML
2021-12-26 06:56:12:674	[DEBUG]	Validating SML
2021-12-26 06:56:12:674	[DEBUG]	Items: {"MiniMap":"1.0.11","SML":"3.3.0","Additional_300_Inventory_Slots":"5.0.3","MK22k20":"5.1.5","RefinedPower":"3.0.6","ModularUI":"2.0.7","RefinedRDLib":"1.0.4","SmartFoundations":"17.0.11","MoreMilestones":"1.0.20","OtherComp3":"1.0.2","ComplementMoreMilestone":"1.0.3","FloorHole":"2.0.10","StorageTeleporter":"1.0.4","UtilityMod":"0.5.3","DaisyChainPowerCables":"2.0.2","NoFog":"2.0.0","LinearMotion":"2.0.13","FicsitFarming":"4.0.1","MAMTips":"0.4.1","SmallRefinery":"1.0.0","ArmorModules":"3.5.1","PowerSuit":"0.8.1"}
2021-12-26 06:56:12:680	[DEBUG]	Mismatches: {"install":{"ArmorModules":"3.5.1","PowerSuit":"0.8.1"},"uninstall":[]}
2021-12-26 06:56:12:683	[DEBUG]	Copying ArmorModules@3.5.1 to Satisfactory install
2021-12-26 06:56:12:683	[DEBUG]	Copying PowerSuit@0.8.1 to Satisfactory install
2021-12-26 06:56:12:683	[DEBUG]	ArmorModules@3.5.1 is not downloaded. Downloading now.
2021-12-26 06:56:12:683	[DEBUG]	PowerSuit@0.8.1 is not downloaded. Downloading now.
2021-12-26 06:56:49:110	[INFO]	Disabling OtherComp3
2021-12-26 06:56:49:309	[DEBUG]	install: [], uninstall: [], enable: [], disable: [OtherComp3], update: []
2021-12-26 06:56:49:313	[DEBUG]	Validating SML
2021-12-26 06:56:49:313	[DEBUG]	Validating FactoryGame
2021-12-26 06:56:49:314	[DEBUG]	Validating ModularUI
2021-12-26 06:56:49:314	[DEBUG]	Validating RefinedRDLib
2021-12-26 06:56:49:314	[DEBUG]	Validating OtherComp3
2021-12-26 06:56:49:314	[DEBUG]	Validating ComplementMoreMilestone
2021-12-26 06:56:49:314	[DEBUG]	Validating MAMTips
2021-12-26 06:56:49:314	[DEBUG]	Validating PowerSuit
2021-12-26 06:56:49:314	[DEBUG]	Validating MiniMap
2021-12-26 06:56:49:314	[DEBUG]	Validating Additional_300_Inventory_Slots
2021-12-26 06:56:49:314	[DEBUG]	Validating MK22k20
2021-12-26 06:56:49:314	[DEBUG]	Validating RefinedPower
2021-12-26 06:56:49:314	[DEBUG]	Validating SmartFoundations
2021-12-26 06:56:49:314	[DEBUG]	Validating MoreMilestones
2021-12-26 06:56:49:314	[DEBUG]	Validating FloorHole
2021-12-26 06:56:49:314	[DEBUG]	Validating StorageTeleporter
2021-12-26 06:56:49:314	[DEBUG]	Validating UtilityMod
2021-12-26 06:56:49:314	[DEBUG]	Validating LinearMotion
2021-12-26 06:56:49:314	[DEBUG]	Validating DaisyChainPowerCables
2021-12-26 06:56:49:314	[DEBUG]	Validating NoFog
2021-12-26 06:56:49:314	[DEBUG]	Validating FicsitFarming
2021-12-26 06:56:49:314	[DEBUG]	Validating SmallRefinery
2021-12-26 06:56:49:314	[DEBUG]	Validating ArmorModules
2021-12-26 06:56:49:315	[DEBUG]	Items: {"MiniMap":"1.0.11","SML":"3.3.0","Additional_300_Inventory_Slots":"5.0.3","MK22k20":"5.1.5","RefinedPower":"3.0.6","ModularUI":"2.0.7","RefinedRDLib":"1.0.4","SmartFoundations":"17.0.11","MoreMilestones":"1.0.20","OtherComp3":"1.0.2","ComplementMoreMilestone":"1.0.3","FloorHole":"2.0.10","StorageTeleporter":"1.0.4","UtilityMod":"0.5.3","DaisyChainPowerCables":"2.0.2","NoFog":"2.0.0","LinearMotion":"2.0.13","FicsitFarming":"4.0.1","MAMTips":"0.4.1","SmallRefinery":"1.0.0","ArmorModules":"3.5.1","PowerSuit":"0.8.1"}
2021-12-26 06:56:49:326	[DEBUG]	Mismatches: {"install":{},"uninstall":[]}
2021-12-26 06:56:56:622	[INFO]	Disabling ComplementMoreMilestone
2021-12-26 06:56:56:821	[DEBUG]	install: [], uninstall: [], enable: [], disable: [ComplementMoreMilestone], update: []
2021-12-26 06:56:56:823	[DEBUG]	Validating SML
2021-12-26 06:56:56:823	[DEBUG]	Validating FactoryGame
2021-12-26 06:56:56:823	[DEBUG]	Validating ModularUI
2021-12-26 06:56:56:823	[DEBUG]	Validating RefinedRDLib
2021-12-26 06:56:56:823	[DEBUG]	Validating OtherComp3
2021-12-26 06:56:56:823	[DEBUG]	Validating ComplementMoreMilestone
2021-12-26 06:56:56:823	[DEBUG]	Validating MAMTips
2021-12-26 06:56:56:824	[DEBUG]	Validating PowerSuit
2021-12-26 06:56:56:824	[DEBUG]	Validating MiniMap
2021-12-26 06:56:56:824	[DEBUG]	Validating Additional_300_Inventory_Slots
2021-12-26 06:56:56:824	[DEBUG]	Validating MK22k20
2021-12-26 06:56:56:824	[DEBUG]	Validating RefinedPower
2021-12-26 06:56:56:824	[DEBUG]	Validating SmartFoundations
2021-12-26 06:56:56:824	[DEBUG]	Validating MoreMilestones
2021-12-26 06:56:56:824	[DEBUG]	Validating FloorHole
2021-12-26 06:56:56:824	[DEBUG]	Validating StorageTeleporter
2021-12-26 06:56:56:824	[DEBUG]	Validating UtilityMod
2021-12-26 06:56:56:824	[DEBUG]	Validating LinearMotion
2021-12-26 06:56:56:824	[DEBUG]	Validating DaisyChainPowerCables
2021-12-26 06:56:56:824	[DEBUG]	Validating NoFog
2021-12-26 06:56:56:824	[DEBUG]	Validating FicsitFarming
2021-12-26 06:56:56:824	[DEBUG]	Validating SmallRefinery
2021-12-26 06:56:56:824	[DEBUG]	Validating ArmorModules
2021-12-26 06:56:56:824	[DEBUG]	Items: {"MiniMap":"1.0.11","SML":"3.3.0","Additional_300_Inventory_Slots":"5.0.3","MK22k20":"5.1.5","RefinedPower":"3.0.6","ModularUI":"2.0.7","RefinedRDLib":"1.0.4","SmartFoundations":"17.0.11","MoreMilestones":"1.0.20","OtherComp3":"1.0.2","ComplementMoreMilestone":"1.0.3","FloorHole":"2.0.10","StorageTeleporter":"1.0.4","UtilityMod":"0.5.3","DaisyChainPowerCables":"2.0.2","NoFog":"2.0.0","LinearMotion":"2.0.13","FicsitFarming":"4.0.1","MAMTips":"0.4.1","SmallRefinery":"1.0.0","ArmorModules":"3.5.1","PowerSuit":"0.8.1"}
2021-12-26 06:56:56:828	[DEBUG]	Mismatches: {"install":{},"uninstall":[]}
2021-12-26 06:58:52:259	[INFO]	Installing CompatibilityLava
2021-12-26 06:58:52:428	[DEBUG]	install: [CompatibilityLava], uninstall: [], enable: [], disable: [], update: []
2021-12-26 06:58:52:613	[DEBUG]	Validating SML
2021-12-26 06:58:52:613	[DEBUG]	Validating FactoryGame
2021-12-26 06:58:52:614	[DEBUG]	Validating ModularUI
2021-12-26 06:58:52:614	[DEBUG]	Validating RefinedRDLib
2021-12-26 06:58:52:614	[DEBUG]	Validating OtherComp3
2021-12-26 06:58:52:614	[DEBUG]	Validating ComplementMoreMilestone
2021-12-26 06:58:52:614	[DEBUG]	Validating MAMTips
2021-12-26 06:58:52:614	[DEBUG]	Validating PowerSuit
2021-12-26 06:58:52:614	[DEBUG]	Validating MiniMap
2021-12-26 06:58:52:614	[DEBUG]	Validating Additional_300_Inventory_Slots
2021-12-26 06:58:52:614	[DEBUG]	Validating MK22k20
2021-12-26 06:58:52:614	[DEBUG]	Validating RefinedPower
2021-12-26 06:58:52:614	[DEBUG]	Validating SmartFoundations
2021-12-26 06:58:52:614	[DEBUG]	Validating MoreMilestones
2021-12-26 06:58:52:614	[DEBUG]	Validating FloorHole
2021-12-26 06:58:52:614	[DEBUG]	Validating StorageTeleporter
2021-12-26 06:58:52:614	[DEBUG]	Validating UtilityMod
2021-12-26 06:58:52:614	[DEBUG]	Validating LinearMotion
2021-12-26 06:58:52:614	[DEBUG]	Validating DaisyChainPowerCables
2021-12-26 06:58:52:614	[DEBUG]	Validating NoFog
2021-12-26 06:58:52:614	[DEBUG]	Validating FicsitFarming
2021-12-26 06:58:52:614	[DEBUG]	Validating SmallRefinery
2021-12-26 06:58:52:614	[DEBUG]	Validating ArmorModules
2021-12-26 06:58:52:614	[DEBUG]	Validating CompatibilityLava
2021-12-26 06:58:52:795	[DEBUG]	Validating TheFloorIsLava
2021-12-26 06:58:53:499	[DEBUG]	Validating SML
2021-12-26 06:58:53:500	[DEBUG]	Validating SML
2021-12-26 06:58:53:500	[DEBUG]	Validating MoreMilestones
2021-12-26 06:58:53:501	[DEBUG]	Items: {"MiniMap":"1.0.11","SML":"3.3.0","Additional_300_Inventory_Slots":"5.0.3","MK22k20":"5.1.5","RefinedPower":"3.0.6","ModularUI":"2.0.7","RefinedRDLib":"1.0.4","SmartFoundations":"17.0.11","MoreMilestones":"1.0.20","OtherComp3":"1.0.2","ComplementMoreMilestone":"1.0.3","FloorHole":"2.0.10","StorageTeleporter":"1.0.4","UtilityMod":"0.5.3","DaisyChainPowerCables":"2.0.2","NoFog":"2.0.0","LinearMotion":"2.0.13","FicsitFarming":"4.0.1","MAMTips":"0.4.1","SmallRefinery":"1.0.0","ArmorModules":"3.5.1","PowerSuit":"0.8.1","CompatibilityLava":"1.0.1","TheFloorIsLava":"1.0.5"}
2021-12-26 06:58:53:506	[DEBUG]	Mismatches: {"install":{"CompatibilityLava":"1.0.1","TheFloorIsLava":"1.0.5"},"uninstall":[]}
2021-12-26 06:58:53:508	[DEBUG]	Copying CompatibilityLava@1.0.1 to Satisfactory install
2021-12-26 06:58:53:509	[DEBUG]	Copying TheFloorIsLava@1.0.5 to Satisfactory install
2021-12-26 06:58:53:509	[DEBUG]	CompatibilityLava@1.0.1 is not downloaded. Downloading now.
2021-12-26 06:58:53:509	[DEBUG]	TheFloorIsLava@1.0.5 is not downloaded. Downloading now.
2021-12-26 06:58:58:812	[INFO]	Installing CompatibilitySpaceBlock
2021-12-26 06:58:58:967	[DEBUG]	install: [CompatibilitySpaceBlock], uninstall: [], enable: [], disable: [], update: []
2021-12-26 06:58:59:490	[DEBUG]	Validating SML
2021-12-26 06:58:59:490	[DEBUG]	Validating FactoryGame
2021-12-26 06:58:59:491	[DEBUG]	Validating ModularUI
2021-12-26 06:58:59:491	[DEBUG]	Validating RefinedRDLib
2021-12-26 06:58:59:491	[DEBUG]	Validating OtherComp3
2021-12-26 06:58:59:491	[DEBUG]	Validating ComplementMoreMilestone
2021-12-26 06:58:59:491	[DEBUG]	Validating MAMTips
2021-12-26 06:58:59:491	[DEBUG]	Validating PowerSuit
2021-12-26 06:58:59:491	[DEBUG]	Validating TheFloorIsLava
2021-12-26 06:58:59:491	[DEBUG]	Validating MoreMilestones
2021-12-26 06:58:59:491	[DEBUG]	Validating MiniMap
2021-12-26 06:58:59:491	[DEBUG]	Validating Additional_300_Inventory_Slots
2021-12-26 06:58:59:491	[DEBUG]	Validating MK22k20
2021-12-26 06:58:59:491	[DEBUG]	Validating RefinedPower
2021-12-26 06:58:59:492	[DEBUG]	Validating SmartFoundations
2021-12-26 06:58:59:492	[DEBUG]	Validating FloorHole
2021-12-26 06:58:59:492	[DEBUG]	Validating StorageTeleporter
2021-12-26 06:58:59:492	[DEBUG]	Validating UtilityMod
2021-12-26 06:58:59:492	[DEBUG]	Validating LinearMotion
2021-12-26 06:58:59:492	[DEBUG]	Validating DaisyChainPowerCables
2021-12-26 06:58:59:492	[DEBUG]	Validating NoFog
2021-12-26 06:58:59:492	[DEBUG]	Validating FicsitFarming
2021-12-26 06:58:59:492	[DEBUG]	Validating SmallRefinery
2021-12-26 06:58:59:492	[DEBUG]	Validating ArmorModules
2021-12-26 06:58:59:492	[DEBUG]	Validating CompatibilityLava
2021-12-26 06:58:59:492	[DEBUG]	Validating CompatibilitySpaceBlock
2021-12-26 06:58:59:704	[DEBUG]	Validating SML
2021-12-26 06:58:59:704	[DEBUG]	Validating MoreMilestones
2021-12-26 06:58:59:704	[DEBUG]	Validating SpaceBlock
2021-12-26 06:59:00:068	[DEBUG]	Validating SML
2021-12-26 06:59:00:068	[DEBUG]	Items: {"MiniMap":"1.0.11","SML":"3.3.0","Additional_300_Inventory_Slots":"5.0.3","MK22k20":"5.1.5","RefinedPower":"3.0.6","ModularUI":"2.0.7","RefinedRDLib":"1.0.4","SmartFoundations":"17.0.11","MoreMilestones":"1.0.20","OtherComp3":"1.0.2","ComplementMoreMilestone":"1.0.3","FloorHole":"2.0.10","StorageTeleporter":"1.0.4","UtilityMod":"0.5.3","DaisyChainPowerCables":"2.0.2","NoFog":"2.0.0","LinearMotion":"2.0.13","FicsitFarming":"4.0.1","MAMTips":"0.4.1","SmallRefinery":"1.0.0","ArmorModules":"3.5.1","PowerSuit":"0.8.1","CompatibilityLava":"1.0.1","TheFloorIsLava":"1.0.5","CompatibilitySpaceBlock":"1.0.5","SpaceBlock":"1.0.6"}
2021-12-26 06:59:00:079	[DEBUG]	Mismatches: {"install":{"CompatibilitySpaceBlock":"1.0.5","SpaceBlock":"1.0.6"},"uninstall":[]}
2021-12-26 06:59:00:082	[DEBUG]	Copying CompatibilitySpaceBlock@1.0.5 to Satisfactory install
2021-12-26 06:59:00:082	[DEBUG]	Copying SpaceBlock@1.0.6 to Satisfactory install
2021-12-26 06:59:00:083	[DEBUG]	CompatibilitySpaceBlock@1.0.5 is not downloaded. Downloading now.
2021-12-26 06:59:00:083	[DEBUG]	SpaceBlock@1.0.6 is not downloaded. Downloading now.
2021-12-26 06:59:05:896	[DEBUG]	Validating MiniMap
2021-12-26 06:59:05:897	[DEBUG]	Validating SML
2021-12-26 06:59:05:897	[DEBUG]	Validating FactoryGame
2021-12-26 06:59:05:897	[DEBUG]	Validating Additional_300_Inventory_Slots
2021-12-26 06:59:05:897	[DEBUG]	Validating SML
2021-12-26 06:59:05:897	[DEBUG]	Validating MK22k20
2021-12-26 06:59:05:898	[DEBUG]	Validating SML
2021-12-26 06:59:05:898	[DEBUG]	Validating RefinedPower
2021-12-26 06:59:05:899	[DEBUG]	Validating ModularUI
2021-12-26 06:59:05:899	[DEBUG]	Validating SML
2021-12-26 06:59:05:899	[DEBUG]	Validating RefinedRDLib
2021-12-26 06:59:05:899	[DEBUG]	Validating SML
2021-12-26 06:59:05:899	[DEBUG]	Validating SML
2021-12-26 06:59:05:899	[DEBUG]	Validating SmartFoundations
2021-12-26 06:59:05:899	[DEBUG]	Validating SML
2021-12-26 06:59:05:900	[DEBUG]	Validating MoreMilestones
2021-12-26 06:59:05:900	[DEBUG]	Validating SML
2021-12-26 06:59:05:900	[DEBUG]	Validating OtherComp3
2021-12-26 06:59:05:900	[DEBUG]	Validating SML
2021-12-26 06:59:05:901	[DEBUG]	Validating ComplementMoreMilestone
2021-12-26 06:59:05:901	[DEBUG]	Validating SML
2021-12-26 06:59:05:901	[DEBUG]	Validating FloorHole
2021-12-26 06:59:05:901	[DEBUG]	Validating SML
2021-12-26 06:59:05:902	[DEBUG]	Validating StorageTeleporter
2021-12-26 06:59:05:903	[DEBUG]	Validating SML
2021-12-26 06:59:05:903	[DEBUG]	Validating UtilityMod
2021-12-26 06:59:05:903	[DEBUG]	Validating SML
2021-12-26 06:59:05:903	[DEBUG]	Validating LinearMotion
2021-12-26 06:59:05:903	[DEBUG]	Validating SML
2021-12-26 06:59:05:903	[DEBUG]	Validating DaisyChainPowerCables
2021-12-26 06:59:05:904	[DEBUG]	Validating SML
2021-12-26 06:59:05:904	[DEBUG]	Validating NoFog
2021-12-26 06:59:05:904	[DEBUG]	Validating SML
2021-12-26 06:59:05:904	[DEBUG]	Validating FicsitFarming
2021-12-26 06:59:05:904	[DEBUG]	Validating ModularUI
2021-12-26 06:59:05:904	[DEBUG]	Validating RefinedRDLib
2021-12-26 06:59:05:904	[DEBUG]	Validating SML
2021-12-26 06:59:05:905	[DEBUG]	Validating MAMTips
2021-12-26 06:59:05:905	[DEBUG]	Validating SML
2021-12-26 06:59:05:905	[DEBUG]	Validating SmallRefinery
2021-12-26 06:59:05:905	[DEBUG]	Validating SML
2021-12-26 06:59:05:905	[DEBUG]	Validating ArmorModules
2021-12-26 06:59:05:906	[DEBUG]	Validating MAMTips
2021-12-26 06:59:05:906	[DEBUG]	Validating PowerSuit
2021-12-26 06:59:05:906	[DEBUG]	Validating SML
2021-12-26 06:59:05:906	[DEBUG]	Validating SML
2021-12-26 06:59:05:906	[DEBUG]	Validating CompatibilityLava
2021-12-26 06:59:05:906	[DEBUG]	Validating TheFloorIsLava
2021-12-26 06:59:05:907	[DEBUG]	Validating SML
2021-12-26 06:59:05:907	[DEBUG]	Validating SML
2021-12-26 06:59:05:907	[DEBUG]	Validating MoreMilestones
2021-12-26 06:59:05:907	[DEBUG]	Validating CompatibilitySpaceBlock
2021-12-26 06:59:05:907	[DEBUG]	Validating SML
2021-12-26 06:59:05:908	[DEBUG]	Validating MoreMilestones
2021-12-26 06:59:05:908	[DEBUG]	Validating SpaceBlock
2021-12-26 06:59:05:909	[DEBUG]	Validating SML
2021-12-26 07:02:11:855	[INFO]	Installing MicroManage
2021-12-26 07:02:12:027	[DEBUG]	install: [MicroManage], uninstall: [], enable: [], disable: [], update: []
2021-12-26 07:02:12:217	[DEBUG]	Validating SML
2021-12-26 07:02:12:218	[DEBUG]	Validating FactoryGame
2021-12-26 07:02:12:218	[DEBUG]	Validating ModularUI
2021-12-26 07:02:12:218	[DEBUG]	Validating RefinedRDLib
2021-12-26 07:02:12:218	[DEBUG]	Validating OtherComp3
2021-12-26 07:02:12:218	[DEBUG]	Validating ComplementMoreMilestone
2021-12-26 07:02:12:218	[DEBUG]	Validating MAMTips
2021-12-26 07:02:12:218	[DEBUG]	Validating PowerSuit
2021-12-26 07:02:12:218	[DEBUG]	Validating TheFloorIsLava
2021-12-26 07:02:12:218	[DEBUG]	Validating MoreMilestones
2021-12-26 07:02:12:218	[DEBUG]	Validating SpaceBlock
2021-12-26 07:02:12:218	[DEBUG]	Validating MiniMap
2021-12-26 07:02:12:218	[DEBUG]	Validating Additional_300_Inventory_Slots
2021-12-26 07:02:12:218	[DEBUG]	Validating MK22k20
2021-12-26 07:02:12:218	[DEBUG]	Validating RefinedPower
2021-12-26 07:02:12:218	[DEBUG]	Validating SmartFoundations
2021-12-26 07:02:12:218	[DEBUG]	Validating FloorHole
2021-12-26 07:02:12:218	[DEBUG]	Validating StorageTeleporter
2021-12-26 07:02:12:218	[DEBUG]	Validating UtilityMod
2021-12-26 07:02:12:218	[DEBUG]	Validating LinearMotion
2021-12-26 07:02:12:218	[DEBUG]	Validating DaisyChainPowerCables
2021-12-26 07:02:12:218	[DEBUG]	Validating NoFog
2021-12-26 07:02:12:218	[DEBUG]	Validating FicsitFarming
2021-12-26 07:02:12:218	[DEBUG]	Validating SmallRefinery
2021-12-26 07:02:12:218	[DEBUG]	Validating ArmorModules
2021-12-26 07:02:12:218	[DEBUG]	Validating CompatibilityLava
2021-12-26 07:02:12:218	[DEBUG]	Validating CompatibilitySpaceBlock
2021-12-26 07:02:12:218	[DEBUG]	Validating MicroManage
2021-12-26 07:02:12:738	[DEBUG]	Validating SML
2021-12-26 07:02:12:739	[DEBUG]	Items: {"MiniMap":"1.0.11","SML":"3.3.0","Additional_300_Inventory_Slots":"5.0.3","MK22k20":"5.1.5","RefinedPower":"3.0.6","ModularUI":"2.0.7","RefinedRDLib":"1.0.4","SmartFoundations":"17.0.11","MoreMilestones":"1.0.20","OtherComp3":"1.0.2","ComplementMoreMilestone":"1.0.3","FloorHole":"2.0.10","StorageTeleporter":"1.0.4","UtilityMod":"0.5.3","DaisyChainPowerCables":"2.0.2","NoFog":"2.0.0","LinearMotion":"2.0.13","FicsitFarming":"4.0.1","MAMTips":"0.4.1","SmallRefinery":"1.0.0","ArmorModules":"3.5.1","PowerSuit":"0.8.1","CompatibilityLava":"1.0.1","TheFloorIsLava":"1.0.5","CompatibilitySpaceBlock":"1.0.5","SpaceBlock":"1.0.6","MicroManage":"0.9.11"}
2021-12-26 07:02:12:753	[DEBUG]	Mismatches: {"install":{"MicroManage":"0.9.11"},"uninstall":[]}
2021-12-26 07:02:12:756	[DEBUG]	Copying MicroManage@0.9.11 to Satisfactory install
2021-12-26 07:02:12:756	[DEBUG]	MicroManage@0.9.11 is not downloaded. Downloading now.
2021-12-26 07:03:32:057	[INFO]	Installing Dispenser
2021-12-26 07:03:32:225	[DEBUG]	install: [Dispenser], uninstall: [], enable: [], disable: [], update: []
2021-12-26 07:03:32:743	[DEBUG]	Validating SML
2021-12-26 07:03:32:743	[DEBUG]	Validating FactoryGame
2021-12-26 07:03:32:744	[DEBUG]	Validating ModularUI
2021-12-26 07:03:32:744	[DEBUG]	Validating RefinedRDLib
2021-12-26 07:03:32:744	[DEBUG]	Validating OtherComp3
2021-12-26 07:03:32:744	[DEBUG]	Validating ComplementMoreMilestone
2021-12-26 07:03:32:744	[DEBUG]	Validating MAMTips
2021-12-26 07:03:32:744	[DEBUG]	Validating PowerSuit
2021-12-26 07:03:32:744	[DEBUG]	Validating TheFloorIsLava
2021-12-26 07:03:32:744	[DEBUG]	Validating MoreMilestones
2021-12-26 07:03:32:745	[DEBUG]	Validating SpaceBlock
2021-12-26 07:03:32:745	[DEBUG]	Validating MiniMap
2021-12-26 07:03:32:745	[DEBUG]	Validating Additional_300_Inventory_Slots
2021-12-26 07:03:32:745	[DEBUG]	Validating MK22k20
2021-12-26 07:03:32:745	[DEBUG]	Validating RefinedPower
2021-12-26 07:03:32:745	[DEBUG]	Validating SmartFoundations
2021-12-26 07:03:32:745	[DEBUG]	Validating FloorHole
2021-12-26 07:03:32:745	[DEBUG]	Validating StorageTeleporter
2021-12-26 07:03:32:745	[DEBUG]	Validating UtilityMod
2021-12-26 07:03:32:745	[DEBUG]	Validating LinearMotion
2021-12-26 07:03:32:745	[DEBUG]	Validating DaisyChainPowerCables
2021-12-26 07:03:32:745	[DEBUG]	Validating NoFog
2021-12-26 07:03:32:745	[DEBUG]	Validating FicsitFarming
2021-12-26 07:03:32:745	[DEBUG]	Validating SmallRefinery
2021-12-26 07:03:32:745	[DEBUG]	Validating ArmorModules
2021-12-26 07:03:32:745	[DEBUG]	Validating CompatibilityLava
2021-12-26 07:03:32:745	[DEBUG]	Validating CompatibilitySpaceBlock
2021-12-26 07:03:32:745	[DEBUG]	Validating MicroManage
2021-12-26 07:03:32:745	[DEBUG]	Validating Dispenser
2021-12-26 07:03:33:265	[DEBUG]	Validating SML
2021-12-26 07:03:33:265	[DEBUG]	Validating avMallLib
2021-12-26 07:03:34:303	[DEBUG]	Validating SML
2021-12-26 07:03:34:304	[DEBUG]	Items: {"MiniMap":"1.0.11","SML":"3.3.0","Additional_300_Inventory_Slots":"5.0.3","MK22k20":"5.1.5","RefinedPower":"3.0.6","ModularUI":"2.0.7","RefinedRDLib":"1.0.4","SmartFoundations":"17.0.11","MoreMilestones":"1.0.20","OtherComp3":"1.0.2","ComplementMoreMilestone":"1.0.3","FloorHole":"2.0.10","StorageTeleporter":"1.0.4","UtilityMod":"0.5.3","DaisyChainPowerCables":"2.0.2","NoFog":"2.0.0","LinearMotion":"2.0.13","FicsitFarming":"4.0.1","MAMTips":"0.4.1","SmallRefinery":"1.0.0","ArmorModules":"3.5.1","PowerSuit":"0.8.1","CompatibilityLava":"1.0.1","TheFloorIsLava":"1.0.5","CompatibilitySpaceBlock":"1.0.5","SpaceBlock":"1.0.6","MicroManage":"0.9.11","Dispenser":"3.3.2","avMallLib":"2.2.1"}
2021-12-26 07:03:34:314	[DEBUG]	Mismatches: {"install":{"Dispenser":"3.3.2","avMallLib":"2.2.1"},"uninstall":[]}
2021-12-26 07:03:34:318	[DEBUG]	Copying Dispenser@3.3.2 to Satisfactory install
2021-12-26 07:03:34:318	[DEBUG]	Copying avMallLib@2.2.1 to Satisfactory install
2021-12-26 07:03:34:318	[DEBUG]	Dispenser@3.3.2 is not downloaded. Downloading now.
2021-12-26 07:03:34:319	[DEBUG]	avMallLib@2.2.1 is not downloaded. Downloading now.
2021-12-26 07:03:39:002	[INFO]	Installing EfficiencyCheckerMod
2021-12-26 07:03:39:165	[DEBUG]	install: [EfficiencyCheckerMod], uninstall: [], enable: [], disable: [], update: []
2021-12-26 07:03:39:353	[DEBUG]	Validating SML
2021-12-26 07:03:39:353	[DEBUG]	Validating FactoryGame
2021-12-26 07:03:39:354	[DEBUG]	Validating ModularUI
2021-12-26 07:03:39:354	[DEBUG]	Validating RefinedRDLib
2021-12-26 07:03:39:354	[DEBUG]	Validating OtherComp3
2021-12-26 07:03:39:354	[DEBUG]	Validating ComplementMoreMilestone
2021-12-26 07:03:39:354	[DEBUG]	Validating MAMTips
2021-12-26 07:03:39:354	[DEBUG]	Validating PowerSuit
2021-12-26 07:03:39:354	[DEBUG]	Validating TheFloorIsLava
2021-12-26 07:03:39:354	[DEBUG]	Validating MoreMilestones
2021-12-26 07:03:39:354	[DEBUG]	Validating SpaceBlock
2021-12-26 07:03:39:354	[DEBUG]	Validating avMallLib
2021-12-26 07:03:39:354	[DEBUG]	Validating MiniMap
2021-12-26 07:03:39:354	[DEBUG]	Validating Additional_300_Inventory_Slots
2021-12-26 07:03:39:354	[DEBUG]	Validating MK22k20
2021-12-26 07:03:39:354	[DEBUG]	Validating RefinedPower
2021-12-26 07:03:39:354	[DEBUG]	Validating SmartFoundations
2021-12-26 07:03:39:354	[DEBUG]	Validating FloorHole
2021-12-26 07:03:39:354	[DEBUG]	Validating StorageTeleporter
2021-12-26 07:03:39:354	[DEBUG]	Validating UtilityMod
2021-12-26 07:03:39:354	[DEBUG]	Validating LinearMotion
2021-12-26 07:03:39:354	[DEBUG]	Validating DaisyChainPowerCables
2021-12-26 07:03:39:354	[DEBUG]	Validating NoFog
2021-12-26 07:03:39:354	[DEBUG]	Validating FicsitFarming
2021-12-26 07:03:39:354	[DEBUG]	Validating SmallRefinery
2021-12-26 07:03:39:354	[DEBUG]	Validating ArmorModules
2021-12-26 07:03:39:354	[DEBUG]	Validating CompatibilityLava
2021-12-26 07:03:39:354	[DEBUG]	Validating CompatibilitySpaceBlock
2021-12-26 07:03:39:354	[DEBUG]	Validating MicroManage
2021-12-26 07:03:39:354	[DEBUG]	Validating Dispenser
2021-12-26 07:03:39:354	[DEBUG]	Validating EfficiencyCheckerMod
2021-12-26 07:03:39:873	[DEBUG]	Validating MarcioCommonLibs
2021-12-26 07:03:40:234	[DEBUG]	Validating SML
2021-12-26 07:03:40:234	[DEBUG]	Validating SML
2021-12-26 07:03:40:237	[DEBUG]	Items: {"MiniMap":"1.0.11","SML":"3.3.0","Additional_300_Inventory_Slots":"5.0.3","MK22k20":"5.1.5","RefinedPower":"3.0.6","ModularUI":"2.0.7","RefinedRDLib":"1.0.4","SmartFoundations":"17.0.11","MoreMilestones":"1.0.20","OtherComp3":"1.0.2","ComplementMoreMilestone":"1.0.3","FloorHole":"2.0.10","StorageTeleporter":"1.0.4","UtilityMod":"0.5.3","DaisyChainPowerCables":"2.0.2","NoFog":"2.0.0","LinearMotion":"2.0.13","FicsitFarming":"4.0.1","MAMTips":"0.4.1","SmallRefinery":"1.0.0","ArmorModules":"3.5.1","PowerSuit":"0.8.1","CompatibilityLava":"1.0.1","TheFloorIsLava":"1.0.5","CompatibilitySpaceBlock":"1.0.5","SpaceBlock":"1.0.6","MicroManage":"0.9.11","Dispenser":"3.3.2","avMallLib":"2.2.1","EfficiencyCheckerMod":"2.1.3","MarcioCommonLibs":"1.1.0"}
2021-12-26 07:03:40:248	[DEBUG]	Mismatches: {"install":{"EfficiencyCheckerMod":"2.1.3","MarcioCommonLibs":"1.1.0"},"uninstall":[]}
2021-12-26 07:03:40:252	[DEBUG]	Copying EfficiencyCheckerMod@2.1.3 to Satisfactory install
2021-12-26 07:03:40:252	[DEBUG]	Copying MarcioCommonLibs@1.1.0 to Satisfactory install
2021-12-26 07:03:40:252	[DEBUG]	EfficiencyCheckerMod@2.1.3 is not downloaded. Downloading now.
2021-12-26 07:03:40:252	[DEBUG]	MarcioCommonLibs@1.1.0 is not downloaded. Downloading now.
2021-12-26 07:04:08:129	[DEBUG]	Validating MiniMap
2021-12-26 07:04:08:130	[DEBUG]	Validating SML
2021-12-26 07:04:08:130	[DEBUG]	Validating FactoryGame
2021-12-26 07:04:08:130	[DEBUG]	Validating Additional_300_Inventory_Slots
2021-12-26 07:04:08:130	[DEBUG]	Validating SML
2021-12-26 07:04:08:130	[DEBUG]	Validating MK22k20
2021-12-26 07:04:08:130	[DEBUG]	Validating SML
2021-12-26 07:04:08:130	[DEBUG]	Validating RefinedPower
2021-12-26 07:04:08:130	[DEBUG]	Validating ModularUI
2021-12-26 07:04:08:131	[DEBUG]	Validating SML
2021-12-26 07:04:08:131	[DEBUG]	Validating RefinedRDLib
2021-12-26 07:04:08:131	[DEBUG]	Validating SML
2021-12-26 07:04:08:131	[DEBUG]	Validating SML
2021-12-26 07:04:08:131	[DEBUG]	Validating SmartFoundations
2021-12-26 07:04:08:132	[DEBUG]	Validating SML
2021-12-26 07:04:08:132	[DEBUG]	Validating MoreMilestones
2021-12-26 07:04:08:132	[DEBUG]	Validating SML
2021-12-26 07:04:08:132	[DEBUG]	Validating OtherComp3
2021-12-26 07:04:08:132	[DEBUG]	Validating SML
2021-12-26 07:04:08:132	[DEBUG]	Validating ComplementMoreMilestone
2021-12-26 07:04:08:132	[DEBUG]	Validating SML
2021-12-26 07:04:08:133	[DEBUG]	Validating FloorHole
2021-12-26 07:04:08:133	[DEBUG]	Validating SML
2021-12-26 07:04:08:133	[DEBUG]	Validating StorageTeleporter
2021-12-26 07:04:08:134	[DEBUG]	Validating SML
2021-12-26 07:04:08:134	[DEBUG]	Validating UtilityMod
2021-12-26 07:04:08:134	[DEBUG]	Validating SML
2021-12-26 07:04:08:134	[DEBUG]	Validating LinearMotion
2021-12-26 07:04:08:135	[DEBUG]	Validating SML
2021-12-26 07:04:08:135	[DEBUG]	Validating DaisyChainPowerCables
2021-12-26 07:04:08:135	[DEBUG]	Validating SML
2021-12-26 07:04:08:135	[DEBUG]	Validating NoFog
2021-12-26 07:04:08:135	[DEBUG]	Validating SML
2021-12-26 07:04:08:135	[DEBUG]	Validating FicsitFarming
2021-12-26 07:04:08:136	[DEBUG]	Validating ModularUI
2021-12-26 07:04:08:136	[DEBUG]	Validating RefinedRDLib
2021-12-26 07:04:08:136	[DEBUG]	Validating SML
2021-12-26 07:04:08:136	[DEBUG]	Validating MAMTips
2021-12-26 07:04:08:137	[DEBUG]	Validating SML
2021-12-26 07:04:08:137	[DEBUG]	Validating SmallRefinery
2021-12-26 07:04:08:137	[DEBUG]	Validating SML
2021-12-26 07:04:08:137	[DEBUG]	Validating ArmorModules
2021-12-26 07:04:08:137	[DEBUG]	Validating MAMTips
2021-12-26 07:04:08:137	[DEBUG]	Validating PowerSuit
2021-12-26 07:04:08:137	[DEBUG]	Validating SML
2021-12-26 07:04:08:138	[DEBUG]	Validating SML
2021-12-26 07:04:08:138	[DEBUG]	Validating CompatibilityLava
2021-12-26 07:04:08:138	[DEBUG]	Validating TheFloorIsLava
2021-12-26 07:04:08:138	[DEBUG]	Validating SML
2021-12-26 07:04:08:139	[DEBUG]	Validating SML
2021-12-26 07:04:08:139	[DEBUG]	Validating MoreMilestones
2021-12-26 07:04:08:139	[DEBUG]	Validating CompatibilitySpaceBlock
2021-12-26 07:04:08:139	[DEBUG]	Validating SML
2021-12-26 07:04:08:139	[DEBUG]	Validating MoreMilestones
2021-12-26 07:04:08:139	[DEBUG]	Validating SpaceBlock
2021-12-26 07:04:08:140	[DEBUG]	Validating SML
2021-12-26 07:04:08:140	[DEBUG]	Validating MicroManage
2021-12-26 07:04:08:141	[DEBUG]	Validating SML
2021-12-26 07:04:08:142	[DEBUG]	Validating Dispenser
2021-12-26 07:04:08:143	[DEBUG]	Validating SML
2021-12-26 07:04:08:143	[DEBUG]	Validating avMallLib
2021-12-26 07:04:08:143	[DEBUG]	Validating SML
2021-12-26 07:04:08:143	[DEBUG]	Validating EfficiencyCheckerMod
2021-12-26 07:04:08:144	[DEBUG]	Validating MarcioCommonLibs
2021-12-26 07:04:08:144	[DEBUG]	Validating SML
2021-12-26 07:04:08:144	[DEBUG]	Validating SML
2021-12-26 07:06:56:160	[INFO]	Installing TenTimesAwesomePoints
2021-12-26 07:06:56:326	[DEBUG]	install: [TenTimesAwesomePoints], uninstall: [], enable: [], disable: [], update: []
2021-12-26 07:06:56:849	[DEBUG]	Validating SML
2021-12-26 07:06:56:850	[DEBUG]	Validating FactoryGame
2021-12-26 07:06:56:850	[DEBUG]	Validating ModularUI
2021-12-26 07:06:56:850	[DEBUG]	Validating RefinedRDLib
2021-12-26 07:06:56:850	[DEBUG]	Validating OtherComp3
2021-12-26 07:06:56:850	[DEBUG]	Validating ComplementMoreMilestone
2021-12-26 07:06:56:850	[DEBUG]	Validating MAMTips
2021-12-26 07:06:56:850	[DEBUG]	Validating PowerSuit
2021-12-26 07:06:56:850	[DEBUG]	Validating TheFloorIsLava
2021-12-26 07:06:56:850	[DEBUG]	Validating MoreMilestones
2021-12-26 07:06:56:850	[DEBUG]	Validating SpaceBlock
2021-12-26 07:06:56:850	[DEBUG]	Validating avMallLib
2021-12-26 07:06:56:850	[DEBUG]	Validating MarcioCommonLibs
2021-12-26 07:06:56:850	[DEBUG]	Validating MiniMap
2021-12-26 07:06:56:851	[DEBUG]	Validating Additional_300_Inventory_Slots
2021-12-26 07:06:56:851	[DEBUG]	Validating MK22k20
2021-12-26 07:06:56:851	[DEBUG]	Validating RefinedPower
2021-12-26 07:06:56:851	[DEBUG]	Validating SmartFoundations
2021-12-26 07:06:56:851	[DEBUG]	Validating FloorHole
2021-12-26 07:06:56:851	[DEBUG]	Validating StorageTeleporter
2021-12-26 07:06:56:851	[DEBUG]	Validating UtilityMod
2021-12-26 07:06:56:851	[DEBUG]	Validating LinearMotion
2021-12-26 07:06:56:851	[DEBUG]	Validating DaisyChainPowerCables
2021-12-26 07:06:56:851	[DEBUG]	Validating NoFog
2021-12-26 07:06:56:851	[DEBUG]	Validating FicsitFarming
2021-12-26 07:06:56:851	[DEBUG]	Validating SmallRefinery
2021-12-26 07:06:56:851	[DEBUG]	Validating ArmorModules
2021-12-26 07:06:56:851	[DEBUG]	Validating CompatibilityLava
2021-12-26 07:06:56:851	[DEBUG]	Validating CompatibilitySpaceBlock
2021-12-26 07:06:56:851	[DEBUG]	Validating MicroManage
2021-12-26 07:06:56:851	[DEBUG]	Validating Dispenser
2021-12-26 07:06:56:851	[DEBUG]	Validating EfficiencyCheckerMod
2021-12-26 07:06:56:851	[DEBUG]	Validating TenTimesAwesomePoints
2021-12-26 07:06:57:028	[DEBUG]	Validating SML
2021-12-26 07:06:57:029	[DEBUG]	Items: {"MiniMap":"1.0.11","SML":"3.3.0","Additional_300_Inventory_Slots":"5.0.3","MK22k20":"5.1.5","RefinedPower":"3.0.6","ModularUI":"2.0.7","RefinedRDLib":"1.0.4","SmartFoundations":"17.0.11","MoreMilestones":"1.0.20","OtherComp3":"1.0.2","ComplementMoreMilestone":"1.0.3","FloorHole":"2.0.10","StorageTeleporter":"1.0.4","UtilityMod":"0.5.3","DaisyChainPowerCables":"2.0.2","NoFog":"2.0.0","LinearMotion":"2.0.13","FicsitFarming":"4.0.1","MAMTips":"0.4.1","SmallRefinery":"1.0.0","ArmorModules":"3.5.1","PowerSuit":"0.8.1","CompatibilityLava":"1.0.1","TheFloorIsLava":"1.0.5","CompatibilitySpaceBlock":"1.0.5","SpaceBlock":"1.0.6","MicroManage":"0.9.11","Dispenser":"3.3.2","avMallLib":"2.2.1","EfficiencyCheckerMod":"2.1.3","MarcioCommonLibs":"1.1.0","TenTimesAwesomePoints":"1.0.1"}
2021-12-26 07:06:57:041	[DEBUG]	Mismatches: {"install":{"TenTimesAwesomePoints":"1.0.1"},"uninstall":[]}
2021-12-26 07:06:57:045	[DEBUG]	Copying TenTimesAwesomePoints@1.0.1 to Satisfactory install
2021-12-26 07:06:57:046	[DEBUG]	TenTimesAwesomePoints@1.0.1 is not downloaded. Downloading now.
2021-12-26 07:09:36:487	[DEBUG]	Validating MiniMap
2021-12-26 07:09:36:488	[DEBUG]	Validating SML
2021-12-26 07:09:36:488	[DEBUG]	Validating FactoryGame
2021-12-26 07:09:36:488	[DEBUG]	Validating Additional_300_Inventory_Slots
2021-12-26 07:09:36:488	[DEBUG]	Validating SML
2021-12-26 07:09:36:488	[DEBUG]	Validating MK22k20
2021-12-26 07:09:36:489	[DEBUG]	Validating SML
2021-12-26 07:09:36:489	[DEBUG]	Validating RefinedPower
2021-12-26 07:09:36:491	[DEBUG]	Validating ModularUI
2021-12-26 07:09:36:491	[DEBUG]	Validating SML
2021-12-26 07:09:36:491	[DEBUG]	Validating RefinedRDLib
2021-12-26 07:09:36:491	[DEBUG]	Validating SML
2021-12-26 07:09:36:491	[DEBUG]	Validating SML
2021-12-26 07:09:36:491	[DEBUG]	Validating SmartFoundations
2021-12-26 07:09:36:492	[DEBUG]	Validating SML
2021-12-26 07:09:36:492	[DEBUG]	Validating MoreMilestones
2021-12-26 07:09:36:494	[DEBUG]	Validating SML
2021-12-26 07:09:36:494	[DEBUG]	Validating OtherComp3
2021-12-26 07:09:36:494	[DEBUG]	Validating SML
2021-12-26 07:09:36:494	[DEBUG]	Validating ComplementMoreMilestone
2021-12-26 07:09:36:494	[DEBUG]	Validating SML
2021-12-26 07:09:36:494	[DEBUG]	Validating FloorHole
2021-12-26 07:09:36:496	[DEBUG]	Validating SML
2021-12-26 07:09:36:496	[DEBUG]	Validating StorageTeleporter
2021-12-26 07:09:36:499	[DEBUG]	Validating SML
2021-12-26 07:09:36:500	[DEBUG]	Validating UtilityMod
2021-12-26 07:09:36:500	[DEBUG]	Validating SML
2021-12-26 07:09:36:500	[DEBUG]	Validating LinearMotion
2021-12-26 07:09:36:501	[DEBUG]	Validating SML
2021-12-26 07:09:36:501	[DEBUG]	Validating DaisyChainPowerCables
2021-12-26 07:09:36:501	[DEBUG]	Validating SML
2021-12-26 07:09:36:501	[DEBUG]	Validating NoFog
2021-12-26 07:09:36:502	[DEBUG]	Validating SML
2021-12-26 07:09:36:502	[DEBUG]	Validating FicsitFarming
2021-12-26 07:09:36:502	[DEBUG]	Validating ModularUI
2021-12-26 07:09:36:502	[DEBUG]	Validating RefinedRDLib
2021-12-26 07:09:36:502	[DEBUG]	Validating SML
2021-12-26 07:09:36:502	[DEBUG]	Validating MAMTips
2021-12-26 07:09:36:503	[DEBUG]	Validating SML
2021-12-26 07:09:36:503	[DEBUG]	Validating SmallRefinery
2021-12-26 07:09:36:503	[DEBUG]	Validating SML
2021-12-26 07:09:36:503	[DEBUG]	Validating ArmorModules
2021-12-26 07:09:36:504	[DEBUG]	Validating MAMTips
2021-12-26 07:09:36:504	[DEBUG]	Validating PowerSuit
2021-12-26 07:09:36:504	[DEBUG]	Validating SML
2021-12-26 07:09:36:505	[DEBUG]	Validating SML
2021-12-26 07:09:36:505	[DEBUG]	Validating CompatibilityLava
2021-12-26 07:09:36:506	[DEBUG]	Validating TheFloorIsLava
2021-12-26 07:09:36:506	[DEBUG]	Validating SML
2021-12-26 07:09:36:506	[DEBUG]	Validating SML
2021-12-26 07:09:36:506	[DEBUG]	Validating MoreMilestones
2021-12-26 07:09:36:506	[DEBUG]	Validating CompatibilitySpaceBlock
2021-12-26 07:09:36:507	[DEBUG]	Validating SML
2021-12-26 07:09:36:507	[DEBUG]	Validating MoreMilestones
2021-12-26 07:09:36:507	[DEBUG]	Validating SpaceBlock
2021-12-26 07:09:36:507	[DEBUG]	Validating SML
2021-12-26 07:09:36:508	[DEBUG]	Validating MicroManage
2021-12-26 07:09:36:508	[DEBUG]	Validating SML
2021-12-26 07:09:36:508	[DEBUG]	Validating Dispenser
2021-12-26 07:09:36:509	[DEBUG]	Validating SML
2021-12-26 07:09:36:509	[DEBUG]	Validating avMallLib
2021-12-26 07:09:36:509	[DEBUG]	Validating SML
2021-12-26 07:09:36:510	[DEBUG]	Validating EfficiencyCheckerMod
2021-12-26 07:09:36:511	[DEBUG]	Validating SML
2021-12-26 07:09:36:512	[DEBUG]	Validating MarcioCommonLibs
2021-12-26 07:09:36:512	[DEBUG]	Validating SML
2021-12-26 07:09:36:512	[DEBUG]	Validating TenTimesAwesomePoints
2021-12-26 07:09:36:513	[DEBUG]	Validating SML
2021-12-26 07:14:07:334	[INFO]	Installing ArmorModules__Modpack_All
2021-12-26 07:14:07:481	[DEBUG]	install: [ArmorModules__Modpack_All], uninstall: [], enable: [], disable: [], update: []
2021-12-26 07:14:07:674	[DEBUG]	Validating SML
2021-12-26 07:14:07:675	[DEBUG]	Validating FactoryGame
2021-12-26 07:14:07:675	[DEBUG]	Validating ModularUI
2021-12-26 07:14:07:675	[DEBUG]	Validating RefinedRDLib
2021-12-26 07:14:07:675	[DEBUG]	Validating OtherComp3
2021-12-26 07:14:07:675	[DEBUG]	Validating ComplementMoreMilestone
2021-12-26 07:14:07:675	[DEBUG]	Validating MAMTips
2021-12-26 07:14:07:675	[DEBUG]	Validating PowerSuit
2021-12-26 07:14:07:675	[DEBUG]	Validating TheFloorIsLava
2021-12-26 07:14:07:675	[DEBUG]	Validating MoreMilestones
2021-12-26 07:14:07:675	[DEBUG]	Validating SpaceBlock
2021-12-26 07:14:07:675	[DEBUG]	Validating avMallLib
2021-12-26 07:14:07:675	[DEBUG]	Validating MarcioCommonLibs
2021-12-26 07:14:07:677	[DEBUG]	Validating MiniMap
2021-12-26 07:14:07:677	[DEBUG]	Validating Additional_300_Inventory_Slots
2021-12-26 07:14:07:677	[DEBUG]	Validating MK22k20
2021-12-26 07:14:07:677	[DEBUG]	Validating RefinedPower
2021-12-26 07:14:07:677	[DEBUG]	Validating SmartFoundations
2021-12-26 07:14:07:677	[DEBUG]	Validating FloorHole
2021-12-26 07:14:07:677	[DEBUG]	Validating StorageTeleporter
2021-12-26 07:14:07:677	[DEBUG]	Validating UtilityMod
2021-12-26 07:14:07:677	[DEBUG]	Validating LinearMotion
2021-12-26 07:14:07:677	[DEBUG]	Validating DaisyChainPowerCables
2021-12-26 07:14:07:677	[DEBUG]	Validating NoFog
2021-12-26 07:14:07:677	[DEBUG]	Validating FicsitFarming
2021-12-26 07:14:07:677	[DEBUG]	Validating SmallRefinery
2021-12-26 07:14:07:677	[DEBUG]	Validating ArmorModules
2021-12-26 07:14:07:677	[DEBUG]	Validating CompatibilityLava
2021-12-26 07:14:07:677	[DEBUG]	Validating CompatibilitySpaceBlock
2021-12-26 07:14:07:677	[DEBUG]	Validating MicroManage
2021-12-26 07:14:07:677	[DEBUG]	Validating Dispenser
2021-12-26 07:14:07:677	[DEBUG]	Validating EfficiencyCheckerMod
2021-12-26 07:14:07:677	[DEBUG]	Validating TenTimesAwesomePoints
2021-12-26 07:14:07:677	[DEBUG]	Validating ArmorModules__Modpack_All
2021-12-26 07:14:07:860	[DEBUG]	Validating ArmorModules_Special
2021-12-26 07:14:08:560	[DEBUG]	Validating ArmorModules
2021-12-26 07:14:08:560	[DEBUG]	Validating SML
2021-12-26 07:14:08:561	[DEBUG]	Validating ArmorModules
2021-12-26 07:14:08:561	[DEBUG]	Validating ArmorModules_Defense
2021-12-26 07:14:08:921	[DEBUG]	Validating ArmorModules
2021-12-26 07:14:08:922	[DEBUG]	Validating SML
2021-12-26 07:14:08:922	[DEBUG]	Validating ArmorModules_SuitRegulation
2021-12-26 07:14:09:292	[DEBUG]	Validating ArmorModules
2021-12-26 07:14:09:292	[DEBUG]	Validating SML
2021-12-26 07:14:09:293	[DEBUG]	Validating ArmorModules_Mobility
2021-12-26 07:14:09:998	[DEBUG]	Validating ArmorModules
2021-12-26 07:14:09:998	[DEBUG]	Validating SML
2021-12-26 07:14:09:998	[DEBUG]	Validating MAMTips
2021-12-26 07:14:09:998	[DEBUG]	Validating ArmorModules_Flight
2021-12-26 07:14:10:356	[DEBUG]	Validating ArmorModules
2021-12-26 07:14:10:356	[DEBUG]	Validating SML
2021-12-26 07:14:10:357	[DEBUG]	Validating SML
2021-12-26 07:14:10:358	[DEBUG]	Validating ArmorModules_PowerGeneration
2021-12-26 07:14:10:722	[DEBUG]	Validating SML
2021-12-26 07:14:10:722	[DEBUG]	Validating ArmorModules
2021-12-26 07:14:10:723	[DEBUG]	Items: {"MiniMap":"1.0.11","SML":"3.3.0","Additional_300_Inventory_Slots":"5.0.3","MK22k20":"5.1.5","RefinedPower":"3.0.6","ModularUI":"2.0.7","RefinedRDLib":"1.0.4","SmartFoundations":"17.0.11","MoreMilestones":"1.0.20","OtherComp3":"1.0.2","ComplementMoreMilestone":"1.0.3","FloorHole":"2.0.10","StorageTeleporter":"1.0.4","UtilityMod":"0.5.3","DaisyChainPowerCables":"2.0.2","NoFog":"2.0.0","LinearMotion":"2.0.13","FicsitFarming":"4.0.1","MAMTips":"0.4.1","SmallRefinery":"1.0.0","ArmorModules":"3.5.1","PowerSuit":"0.8.1","CompatibilityLava":"1.0.1","TheFloorIsLava":"1.0.5","CompatibilitySpaceBlock":"1.0.5","SpaceBlock":"1.0.6","MicroManage":"0.9.11","Dispenser":"3.3.2","avMallLib":"2.2.1","EfficiencyCheckerMod":"2.1.3","MarcioCommonLibs":"1.1.0","TenTimesAwesomePoints":"1.0.1","ArmorModules__Modpack_All":"1.5.1","ArmorModules_Special":"1.5.0","ArmorModules_Defense":"1.5.0","ArmorModules_SuitRegulation":"1.5.0","ArmorModules_Mobility":"1.5.0","ArmorModules_Flight":"1.5.0","ArmorModules_PowerGeneration":"1.5.0"}
2021-12-26 07:14:10:730	[DEBUG]	Mismatches: {"install":{"ArmorModules__Modpack_All":"1.5.1","ArmorModules_Special":"1.5.0","ArmorModules_Defense":"1.5.0","ArmorModules_SuitRegulation":"1.5.0","ArmorModules_Mobility":"1.5.0","ArmorModules_Flight":"1.5.0","ArmorModules_PowerGeneration":"1.5.0"},"uninstall":[]}
2021-12-26 07:14:10:733	[DEBUG]	Copying ArmorModules__Modpack_All@1.5.1 to Satisfactory install
2021-12-26 07:14:10:734	[DEBUG]	Copying ArmorModules_Special@1.5.0 to Satisfactory install
2021-12-26 07:14:10:734	[DEBUG]	Copying ArmorModules_Defense@1.5.0 to Satisfactory install
2021-12-26 07:14:10:734	[DEBUG]	Copying ArmorModules_SuitRegulation@1.5.0 to Satisfactory install
2021-12-26 07:14:10:734	[DEBUG]	Copying ArmorModules_Mobility@1.5.0 to Satisfactory install
2021-12-26 07:14:10:734	[DEBUG]	Copying ArmorModules_Flight@1.5.0 to Satisfactory install
2021-12-26 07:14:10:734	[DEBUG]	Copying ArmorModules_PowerGeneration@1.5.0 to Satisfactory install
2021-12-26 07:14:10:734	[DEBUG]	ArmorModules__Modpack_All@1.5.1 is not downloaded. Downloading now.
2021-12-26 07:14:10:734	[DEBUG]	ArmorModules_Special@1.5.0 is not downloaded. Downloading now.
2021-12-26 07:14:10:734	[DEBUG]	ArmorModules_Defense@1.5.0 is not downloaded. Downloading now.
2021-12-26 07:14:10:736	[DEBUG]	ArmorModules_SuitRegulation@1.5.0 is not downloaded. Downloading now.
2021-12-26 07:14:10:736	[DEBUG]	ArmorModules_Mobility@1.5.0 is not downloaded. Downloading now.
2021-12-26 07:14:10:736	[DEBUG]	ArmorModules_Flight@1.5.0 is not downloaded. Downloading now.
2021-12-26 07:14:10:736	[DEBUG]	ArmorModules_PowerGeneration@1.5.0 is not downloaded. Downloading now.
2021-12-26 07:14:38:455	[DEBUG]	Validating MiniMap
2021-12-26 07:14:38:455	[DEBUG]	Validating SML
2021-12-26 07:14:38:455	[DEBUG]	Validating FactoryGame
2021-12-26 07:14:38:455	[DEBUG]	Validating Additional_300_Inventory_Slots
2021-12-26 07:14:38:456	[DEBUG]	Validating SML
2021-12-26 07:14:38:456	[DEBUG]	Validating MK22k20
2021-12-26 07:14:38:456	[DEBUG]	Validating SML
2021-12-26 07:14:38:457	[DEBUG]	Validating RefinedPower
2021-12-26 07:14:38:458	[DEBUG]	Validating ModularUI
2021-12-26 07:14:38:458	[DEBUG]	Validating SML
2021-12-26 07:14:38:458	[DEBUG]	Validating RefinedRDLib
2021-12-26 07:14:38:458	[DEBUG]	Validating SML
2021-12-26 07:14:38:458	[DEBUG]	Validating SML
2021-12-26 07:14:38:458	[DEBUG]	Validating SmartFoundations
2021-12-26 07:14:38:459	[DEBUG]	Validating SML
2021-12-26 07:14:38:459	[DEBUG]	Validating MoreMilestones
2021-12-26 07:14:38:459	[DEBUG]	Validating SML
2021-12-26 07:14:38:459	[DEBUG]	Validating OtherComp3
2021-12-26 07:14:38:460	[DEBUG]	Validating SML
2021-12-26 07:14:38:460	[DEBUG]	Validating ComplementMoreMilestone
2021-12-26 07:14:38:460	[DEBUG]	Validating SML
2021-12-26 07:14:38:460	[DEBUG]	Validating FloorHole
2021-12-26 07:14:38:460	[DEBUG]	Validating SML
2021-12-26 07:14:38:461	[DEBUG]	Validating StorageTeleporter
2021-12-26 07:14:38:461	[DEBUG]	Validating SML
2021-12-26 07:14:38:461	[DEBUG]	Validating UtilityMod
2021-12-26 07:14:38:461	[DEBUG]	Validating SML
2021-12-26 07:14:38:462	[DEBUG]	Validating LinearMotion
2021-12-26 07:14:38:462	[DEBUG]	Validating SML
2021-12-26 07:14:38:462	[DEBUG]	Validating DaisyChainPowerCables
2021-12-26 07:14:38:462	[DEBUG]	Validating SML
2021-12-26 07:14:38:462	[DEBUG]	Validating NoFog
2021-12-26 07:14:38:463	[DEBUG]	Validating SML
2021-12-26 07:14:38:463	[DEBUG]	Validating FicsitFarming
2021-12-26 07:14:38:463	[DEBUG]	Validating ModularUI
2021-12-26 07:14:38:463	[DEBUG]	Validating RefinedRDLib
2021-12-26 07:14:38:463	[DEBUG]	Validating SML
2021-12-26 07:14:38:463	[DEBUG]	Validating MAMTips
2021-12-26 07:14:38:464	[DEBUG]	Validating SML
2021-12-26 07:14:38:464	[DEBUG]	Validating SmallRefinery
2021-12-26 07:14:38:464	[DEBUG]	Validating SML
2021-12-26 07:14:38:464	[DEBUG]	Validating ArmorModules
2021-12-26 07:14:38:464	[DEBUG]	Validating MAMTips
2021-12-26 07:14:38:464	[DEBUG]	Validating PowerSuit
2021-12-26 07:14:38:465	[DEBUG]	Validating SML
2021-12-26 07:14:38:465	[DEBUG]	Validating SML
2021-12-26 07:14:38:465	[DEBUG]	Validating CompatibilityLava
2021-12-26 07:14:38:465	[DEBUG]	Validating TheFloorIsLava
2021-12-26 07:14:38:465	[DEBUG]	Validating SML
2021-12-26 07:14:38:466	[DEBUG]	Validating SML
2021-12-26 07:14:38:466	[DEBUG]	Validating MoreMilestones
2021-12-26 07:14:38:466	[DEBUG]	Validating CompatibilitySpaceBlock
2021-12-26 07:14:38:466	[DEBUG]	Validating SML
2021-12-26 07:14:38:466	[DEBUG]	Validating MoreMilestones
2021-12-26 07:14:38:466	[DEBUG]	Validating SpaceBlock
2021-12-26 07:14:38:466	[DEBUG]	Validating SML
2021-12-26 07:14:38:467	[DEBUG]	Validating MicroManage
2021-12-26 07:14:38:467	[DEBUG]	Validating SML
2021-12-26 07:14:38:467	[DEBUG]	Validating Dispenser
2021-12-26 07:14:38:467	[DEBUG]	Validating SML
2021-12-26 07:14:38:468	[DEBUG]	Validating avMallLib
2021-12-26 07:14:38:468	[DEBUG]	Validating SML
2021-12-26 07:14:38:468	[DEBUG]	Validating EfficiencyCheckerMod
2021-12-26 07:14:38:469	[DEBUG]	Validating SML
2021-12-26 07:14:38:469	[DEBUG]	Validating MarcioCommonLibs
2021-12-26 07:14:38:469	[DEBUG]	Validating SML
2021-12-26 07:14:38:469	[DEBUG]	Validating TenTimesAwesomePoints
2021-12-26 07:14:38:470	[DEBUG]	Validating SML
2021-12-26 07:14:38:470	[DEBUG]	Validating ArmorModules__Modpack_All
2021-12-26 07:14:38:470	[DEBUG]	Validating ArmorModules_Special
2021-12-26 07:14:38:471	[DEBUG]	Validating ArmorModules
2021-12-26 07:14:38:471	[DEBUG]	Validating SML
2021-12-26 07:14:38:471	[DEBUG]	Validating ArmorModules
2021-12-26 07:14:38:471	[DEBUG]	Validating ArmorModules_Defense
2021-12-26 07:14:38:471	[DEBUG]	Validating ArmorModules
2021-12-26 07:14:38:471	[DEBUG]	Validating SML
2021-12-26 07:14:38:472	[DEBUG]	Validating ArmorModules_SuitRegulation
2021-12-26 07:14:38:472	[DEBUG]	Validating ArmorModules
2021-12-26 07:14:38:472	[DEBUG]	Validating SML
2021-12-26 07:14:38:472	[DEBUG]	Validating ArmorModules_Mobility
2021-12-26 07:14:38:473	[DEBUG]	Validating ArmorModules
2021-12-26 07:14:38:473	[DEBUG]	Validating SML
2021-12-26 07:14:38:473	[DEBUG]	Validating MAMTips
2021-12-26 07:14:38:473	[DEBUG]	Validating ArmorModules_Flight
2021-12-26 07:14:38:474	[DEBUG]	Validating SML
2021-12-26 07:14:38:475	[DEBUG]	Validating ArmorModules
2021-12-26 07:14:38:475	[DEBUG]	Validating SML
2021-12-26 07:14:38:476	[DEBUG]	Validating ArmorModules_PowerGeneration
2021-12-26 07:14:38:477	[DEBUG]	Validating ArmorModules
2021-12-26 07:14:38:477	[DEBUG]	Validating SML
