2022-05-30 00:10:11:427	[DEBUG]	Loading mod cache
2022-05-30 00:10:11:910	[DEBUG]	Loading mod cache
2022-05-30 00:10:11:978	[DEBUG]	Epic Games Launcher is not installed
2022-05-30 00:10:12:480	[DEBUG]	Setting profile to Dee Covan
2022-05-30 00:10:12:632	[DEBUG]	install: [], uninstall: [], enable: [], disable: [], update: []
2022-05-30 00:10:14:594	[DEBUG]	Validating FicsitFarming
2022-05-30 00:10:14:594	[DEBUG]	Validating AB_FluidExtras
2022-05-30 00:10:14:594	[DEBUG]	Validating SML
2022-05-30 00:10:14:594	[DEBUG]	Validating KLib
2022-05-30 00:10:14:595	[DEBUG]	Validating RefinedPower
2022-05-30 00:10:14:595	[DEBUG]	Validating RefinedRDLib
2022-05-30 00:10:14:595	[DEBUG]	Validating ModularUI
2022-05-30 00:10:14:595	[DEBUG]	Validating FactoryGame
2022-05-30 00:10:14:595	[DEBUG]	Validating KPrivateCodeLib
2022-05-30 00:10:14:595	[DEBUG]	Validating KBFL
2022-05-30 00:10:14:595	[DEBUG]	Validating KUI
2022-05-30 00:10:14:595	[DEBUG]	Validating SatisfactoryPlus
2022-05-30 00:10:14:595	[DEBUG]	Validating FasterManualCrafting
2022-05-30 00:10:14:595	[DEBUG]	Validating KLevelUp
2022-05-30 00:10:14:595	[DEBUG]	Validating ContainerScreen
2022-05-30 00:10:14:595	[DEBUG]	Validating UtilityMod
2022-05-30 00:10:14:595	[DEBUG]	Validating SmartFoundations
2022-05-30 00:10:14:595	[DEBUG]	Validating TFIT
2022-05-30 00:10:14:595	[DEBUG]	Validating DoubleJump
2022-05-30 00:10:14:595	[DEBUG]	Validating InventorySpace2
2022-05-30 00:10:14:595	[DEBUG]	Validating EarlyHover
2022-05-30 00:10:14:595	[DEBUG]	Validating FlashlightSettings
2022-05-30 00:10:14:595	[DEBUG]	Validating LoadBalancers
2022-05-30 00:10:14:595	[DEBUG]	Validating SatisfactoryHelper
2022-05-30 00:10:14:595	[DEBUG]	Validating PersonalDrones
2022-05-30 00:10:14:596	[DEBUG]	Items: {"SatisfactoryPlus":"0.7.1","FicsitFarming":"4.0.3","SML":"3.3.1","ModularUI":"2.0.8","RefinedRDLib":"1.0.7","AB_FluidExtras":"0.7.1","KLib":"1.10.0","KPrivateCodeLib":"1.2.1","KBFL":"1.12.5","KUI":"1.4.0","RefinedPower":"3.0.9","FasterManualCrafting":"1.1.1","KLevelUp":"1.2.5","ContainerScreen":"1.0.11","UtilityMod":"0.5.4","SmartFoundations":"17.0.11","TFIT":"1.0.5","DoubleJump":"1.0.1","InventorySpace2":"2.0.1","EarlyHover":"1.0.3","FlashlightSettings":"1.0.1","LoadBalancers":"1.5.1","SatisfactoryHelper":"2.0.3","PersonalDrones":"1.0.11"}
2022-05-30 00:10:14:628	[DEBUG]	Mismatches: {"install":{},"uninstall":[]}
2022-05-30 00:10:16:402	[DEBUG]	Validating SatisfactoryPlus
2022-05-30 00:10:16:407	[DEBUG]	Validating FicsitFarming
2022-05-30 00:10:16:408	[DEBUG]	Validating SML
2022-05-30 00:10:16:409	[DEBUG]	Validating FactoryGame
2022-05-30 00:10:16:409	[DEBUG]	Validating ModularUI
2022-05-30 00:10:16:595	[DEBUG]	Validating SML
2022-05-30 00:10:16:595	[DEBUG]	Validating RefinedRDLib
2022-05-30 00:10:16:789	[DEBUG]	Validating SML
2022-05-30 00:10:16:789	[DEBUG]	Validating AB_FluidExtras
2022-05-30 00:10:16:790	[DEBUG]	Validating SML
2022-05-30 00:10:16:790	[DEBUG]	Validating SML
2022-05-30 00:10:16:790	[DEBUG]	Validating KLib
2022-05-30 00:10:17:053	[DEBUG]	Validating KPrivateCodeLib
2022-05-30 00:10:17:299	[DEBUG]	Validating KBFL
2022-05-30 00:10:17:488	[DEBUG]	Validating SML
2022-05-30 00:10:17:488	[DEBUG]	Validating KUI
2022-05-30 00:10:17:489	[DEBUG]	Validating SML
2022-05-30 00:10:17:489	[DEBUG]	Validating SML
2022-05-30 00:10:17:490	[DEBUG]	Validating SML
2022-05-30 00:10:17:490	[DEBUG]	Validating RefinedPower
2022-05-30 00:10:17:494	[DEBUG]	Validating ModularUI
2022-05-30 00:10:17:494	[DEBUG]	Validating RefinedRDLib
2022-05-30 00:10:17:494	[DEBUG]	Validating SML
2022-05-30 00:10:17:494	[DEBUG]	Validating RefinedRDLib
2022-05-30 00:10:17:494	[DEBUG]	Validating ModularUI
2022-05-30 00:10:17:494	[DEBUG]	Validating FasterManualCrafting
2022-05-30 00:10:17:494	[DEBUG]	Validating SML
2022-05-30 00:10:17:495	[DEBUG]	Validating KLevelUp
2022-05-30 00:10:17:495	[DEBUG]	Validating SML
2022-05-30 00:10:17:496	[DEBUG]	Validating KPrivateCodeLib
2022-05-30 00:10:17:496	[DEBUG]	Validating ContainerScreen
2022-05-30 00:10:17:497	[DEBUG]	Validating SML
2022-05-30 00:10:17:497	[DEBUG]	Validating UtilityMod
2022-05-30 00:10:17:498	[DEBUG]	Validating SML
2022-05-30 00:10:17:498	[DEBUG]	Validating SmartFoundations
2022-05-30 00:10:17:500	[DEBUG]	Validating SML
2022-05-30 00:10:17:501	[DEBUG]	Validating TFIT
2022-05-30 00:10:17:502	[DEBUG]	Validating SML
2022-05-30 00:10:17:502	[DEBUG]	Validating DoubleJump
2022-05-30 00:10:17:503	[DEBUG]	Validating SML
2022-05-30 00:10:17:503	[DEBUG]	Validating InventorySpace2
2022-05-30 00:10:17:503	[DEBUG]	Validating SML
2022-05-30 00:10:17:504	[DEBUG]	Validating EarlyHover
2022-05-30 00:10:17:504	[DEBUG]	Validating SML
2022-05-30 00:10:17:504	[DEBUG]	Validating FlashlightSettings
2022-05-30 00:10:17:505	[DEBUG]	Validating SML
2022-05-30 00:10:17:505	[DEBUG]	Validating LoadBalancers
2022-05-30 00:10:17:507	[DEBUG]	Validating SML
2022-05-30 00:10:17:507	[DEBUG]	Validating SatisfactoryHelper
2022-05-30 00:10:17:508	[DEBUG]	Validating SML
2022-05-30 00:10:17:508	[DEBUG]	Validating PersonalDrones
2022-05-30 00:10:17:509	[DEBUG]	Validating SML
2022-05-30 00:11:37:198	[INFO]	Installing DumbPrints
2022-05-30 00:11:37:380	[DEBUG]	install: [DumbPrints], uninstall: [], enable: [], disable: [], update: []
2022-05-30 00:11:37:598	[DEBUG]	Validating FicsitFarming
2022-05-30 00:11:37:598	[DEBUG]	Validating AB_FluidExtras
2022-05-30 00:11:37:598	[DEBUG]	Validating SML
2022-05-30 00:11:37:598	[DEBUG]	Validating KLib
2022-05-30 00:11:37:598	[DEBUG]	Validating RefinedPower
2022-05-30 00:11:37:598	[DEBUG]	Validating RefinedRDLib
2022-05-30 00:11:37:598	[DEBUG]	Validating ModularUI
2022-05-30 00:11:37:598	[DEBUG]	Validating FactoryGame
2022-05-30 00:11:37:598	[DEBUG]	Validating KPrivateCodeLib
2022-05-30 00:11:37:599	[DEBUG]	Validating KBFL
2022-05-30 00:11:37:599	[DEBUG]	Validating KUI
2022-05-30 00:11:37:599	[DEBUG]	Validating SatisfactoryPlus
2022-05-30 00:11:37:599	[DEBUG]	Validating FasterManualCrafting
2022-05-30 00:11:37:599	[DEBUG]	Validating KLevelUp
2022-05-30 00:11:37:599	[DEBUG]	Validating ContainerScreen
2022-05-30 00:11:37:599	[DEBUG]	Validating UtilityMod
2022-05-30 00:11:37:599	[DEBUG]	Validating SmartFoundations
2022-05-30 00:11:37:599	[DEBUG]	Validating TFIT
2022-05-30 00:11:37:599	[DEBUG]	Validating DoubleJump
2022-05-30 00:11:37:599	[DEBUG]	Validating InventorySpace2
2022-05-30 00:11:37:599	[DEBUG]	Validating EarlyHover
2022-05-30 00:11:37:599	[DEBUG]	Validating FlashlightSettings
2022-05-30 00:11:37:599	[DEBUG]	Validating LoadBalancers
2022-05-30 00:11:37:599	[DEBUG]	Validating SatisfactoryHelper
2022-05-30 00:11:37:599	[DEBUG]	Validating PersonalDrones
2022-05-30 00:11:37:599	[DEBUG]	Validating DumbPrints
2022-05-30 00:11:37:819	[DEBUG]	Validating SML
2022-05-30 00:11:37:819	[DEBUG]	Items: {"SatisfactoryPlus":"0.7.1","FicsitFarming":"4.0.3","SML":"3.3.1","ModularUI":"2.0.8","RefinedRDLib":"1.0.7","AB_FluidExtras":"0.7.1","KLib":"1.10.0","KPrivateCodeLib":"1.2.1","KBFL":"1.12.5","KUI":"1.4.0","RefinedPower":"3.0.9","FasterManualCrafting":"1.1.1","KLevelUp":"1.2.5","ContainerScreen":"1.0.11","UtilityMod":"0.5.4","SmartFoundations":"17.0.11","TFIT":"1.0.5","DoubleJump":"1.0.1","InventorySpace2":"2.0.1","EarlyHover":"1.0.3","FlashlightSettings":"1.0.1","LoadBalancers":"1.5.1","SatisfactoryHelper":"2.0.3","PersonalDrones":"1.0.11","DumbPrints":"0.0.4"}
2022-05-30 00:11:37:826	[DEBUG]	Mismatches: {"install":{"DumbPrints":"0.0.4"},"uninstall":[]}
2022-05-30 00:11:37:830	[DEBUG]	Copying DumbPrints@0.0.4 to Satisfactory install
2022-05-30 00:11:37:832	[DEBUG]	DumbPrints@0.0.4 is not downloaded. Downloading now.
2022-05-30 00:13:00:609	[WARN]	isRunning timed out, using fallback method.
2022-05-30 00:15:18:809	[DEBUG]	Validating SatisfactoryPlus
2022-05-30 00:15:18:811	[DEBUG]	Validating AB_FluidExtras
2022-05-30 00:15:18:811	[DEBUG]	Validating SML
2022-05-30 00:15:18:811	[DEBUG]	Validating FactoryGame
2022-05-30 00:15:18:811	[DEBUG]	Validating FicsitFarming
2022-05-30 00:15:18:812	[DEBUG]	Validating SML
2022-05-30 00:15:18:812	[DEBUG]	Validating ModularUI
2022-05-30 00:15:18:812	[DEBUG]	Validating SML
2022-05-30 00:15:18:812	[DEBUG]	Validating RefinedRDLib
2022-05-30 00:15:18:813	[DEBUG]	Validating SML
2022-05-30 00:15:18:813	[DEBUG]	Validating KLib
2022-05-30 00:15:18:813	[DEBUG]	Validating KPrivateCodeLib
2022-05-30 00:15:18:813	[DEBUG]	Validating KBFL
2022-05-30 00:15:18:814	[DEBUG]	Validating SML
2022-05-30 00:15:18:814	[DEBUG]	Validating KUI
2022-05-30 00:15:18:814	[DEBUG]	Validating SML
2022-05-30 00:15:18:815	[DEBUG]	Validating SML
2022-05-30 00:15:18:815	[DEBUG]	Validating SML
2022-05-30 00:15:18:815	[DEBUG]	Validating ModularUI
2022-05-30 00:15:18:815	[DEBUG]	Validating RefinedPower
2022-05-30 00:15:18:816	[DEBUG]	Validating ModularUI
2022-05-30 00:15:18:816	[DEBUG]	Validating RefinedRDLib
2022-05-30 00:15:18:816	[DEBUG]	Validating SML
2022-05-30 00:15:18:816	[DEBUG]	Validating RefinedRDLib
2022-05-30 00:15:18:816	[DEBUG]	Validating SML
2022-05-30 00:15:18:816	[DEBUG]	Validating FasterManualCrafting
2022-05-30 00:15:18:816	[DEBUG]	Validating SML
2022-05-30 00:15:18:817	[DEBUG]	Validating KLevelUp
2022-05-30 00:15:18:817	[DEBUG]	Validating SML
2022-05-30 00:15:18:817	[DEBUG]	Validating KPrivateCodeLib
2022-05-30 00:15:18:817	[DEBUG]	Validating ContainerScreen
2022-05-30 00:15:18:817	[DEBUG]	Validating SML
2022-05-30 00:15:18:817	[DEBUG]	Validating UtilityMod
2022-05-30 00:15:18:818	[DEBUG]	Validating SML
2022-05-30 00:15:18:818	[DEBUG]	Validating SmartFoundations
2022-05-30 00:15:18:819	[DEBUG]	Validating SML
2022-05-30 00:15:18:819	[DEBUG]	Validating TFIT
2022-05-30 00:15:18:819	[DEBUG]	Validating SML
2022-05-30 00:15:18:820	[DEBUG]	Validating DoubleJump
2022-05-30 00:15:18:820	[DEBUG]	Validating SML
2022-05-30 00:15:18:820	[DEBUG]	Validating InventorySpace2
2022-05-30 00:15:18:820	[DEBUG]	Validating SML
2022-05-30 00:15:18:820	[DEBUG]	Validating EarlyHover
2022-05-30 00:15:18:820	[DEBUG]	Validating SML
2022-05-30 00:15:18:821	[DEBUG]	Validating FlashlightSettings
2022-05-30 00:15:18:821	[DEBUG]	Validating SML
2022-05-30 00:15:18:821	[DEBUG]	Validating LoadBalancers
2022-05-30 00:15:18:821	[DEBUG]	Validating SML
2022-05-30 00:15:18:821	[DEBUG]	Validating SatisfactoryHelper
2022-05-30 00:15:18:822	[DEBUG]	Validating SML
2022-05-30 00:15:18:822	[DEBUG]	Validating PersonalDrones
2022-05-30 00:15:18:822	[DEBUG]	Validating SML
2022-05-30 00:15:18:822	[DEBUG]	Validating DumbPrints
2022-05-30 00:15:18:822	[DEBUG]	Validating SML
2022-05-30 00:20:20:269	[DEBUG]	Validating SatisfactoryPlus
2022-05-30 00:20:20:269	[DEBUG]	Validating AB_FluidExtras
2022-05-30 00:20:20:270	[DEBUG]	Validating SML
2022-05-30 00:20:20:270	[DEBUG]	Validating FactoryGame
2022-05-30 00:20:20:270	[DEBUG]	Validating FicsitFarming
2022-05-30 00:20:20:271	[DEBUG]	Validating SML
2022-05-30 00:20:20:271	[DEBUG]	Validating ModularUI
2022-05-30 00:20:20:271	[DEBUG]	Validating SML
2022-05-30 00:20:20:271	[DEBUG]	Validating RefinedRDLib
2022-05-30 00:20:20:272	[DEBUG]	Validating SML
2022-05-30 00:20:20:272	[DEBUG]	Validating KLib
2022-05-30 00:20:20:272	[DEBUG]	Validating KPrivateCodeLib
2022-05-30 00:20:20:272	[DEBUG]	Validating KBFL
2022-05-30 00:20:20:273	[DEBUG]	Validating SML
2022-05-30 00:20:20:274	[DEBUG]	Validating KUI
2022-05-30 00:20:20:274	[DEBUG]	Validating SML
2022-05-30 00:20:20:274	[DEBUG]	Validating SML
2022-05-30 00:20:20:274	[DEBUG]	Validating SML
2022-05-30 00:20:20:275	[DEBUG]	Validating ModularUI
2022-05-30 00:20:20:275	[DEBUG]	Validating RefinedPower
2022-05-30 00:20:20:276	[DEBUG]	Validating ModularUI
2022-05-30 00:20:20:276	[DEBUG]	Validating RefinedRDLib
2022-05-30 00:20:20:276	[DEBUG]	Validating SML
2022-05-30 00:20:20:278	[DEBUG]	Validating RefinedRDLib
2022-05-30 00:20:20:280	[DEBUG]	Validating SML
2022-05-30 00:20:20:280	[DEBUG]	Validating FasterManualCrafting
2022-05-30 00:20:20:280	[DEBUG]	Validating SML
2022-05-30 00:20:20:280	[DEBUG]	Validating KLevelUp
2022-05-30 00:20:20:280	[DEBUG]	Validating SML
2022-05-30 00:20:20:280	[DEBUG]	Validating KPrivateCodeLib
2022-05-30 00:20:20:281	[DEBUG]	Validating ContainerScreen
2022-05-30 00:20:20:281	[DEBUG]	Validating SML
2022-05-30 00:20:20:281	[DEBUG]	Validating UtilityMod
2022-05-30 00:20:20:281	[DEBUG]	Validating SML
2022-05-30 00:20:20:281	[DEBUG]	Validating SmartFoundations
2022-05-30 00:20:20:282	[DEBUG]	Validating SML
2022-05-30 00:20:20:282	[DEBUG]	Validating TFIT
2022-05-30 00:20:20:282	[DEBUG]	Validating SML
2022-05-30 00:20:20:282	[DEBUG]	Validating DoubleJump
2022-05-30 00:20:20:282	[DEBUG]	Validating SML
2022-05-30 00:20:20:283	[DEBUG]	Validating InventorySpace2
2022-05-30 00:20:20:283	[DEBUG]	Validating SML
2022-05-30 00:20:20:283	[DEBUG]	Validating EarlyHover
2022-05-30 00:20:20:283	[DEBUG]	Validating SML
2022-05-30 00:20:20:283	[DEBUG]	Validating FlashlightSettings
2022-05-30 00:20:20:283	[DEBUG]	Validating SML
2022-05-30 00:20:20:283	[DEBUG]	Validating LoadBalancers
2022-05-30 00:20:20:285	[DEBUG]	Validating SML
2022-05-30 00:20:20:285	[DEBUG]	Validating SatisfactoryHelper
2022-05-30 00:20:20:285	[DEBUG]	Validating SML
2022-05-30 00:20:20:285	[DEBUG]	Validating PersonalDrones
2022-05-30 00:20:20:287	[DEBUG]	Validating SML
2022-05-30 00:20:20:287	[DEBUG]	Validating DumbPrints
2022-05-30 00:20:20:287	[DEBUG]	Validating SML
2022-05-30 00:25:21:194	[DEBUG]	Validating SatisfactoryPlus
2022-05-30 00:25:21:195	[DEBUG]	Validating AB_FluidExtras
2022-05-30 00:25:21:195	[DEBUG]	Validating SML
2022-05-30 00:25:21:195	[DEBUG]	Validating FactoryGame
2022-05-30 00:25:21:195	[DEBUG]	Validating FicsitFarming
2022-05-30 00:25:21:195	[DEBUG]	Validating SML
2022-05-30 00:25:21:195	[DEBUG]	Validating ModularUI
2022-05-30 00:25:21:195	[DEBUG]	Validating SML
2022-05-30 00:25:21:195	[DEBUG]	Validating RefinedRDLib
2022-05-30 00:25:21:195	[DEBUG]	Validating SML
2022-05-30 00:25:21:195	[DEBUG]	Validating KLib
2022-05-30 00:25:21:196	[DEBUG]	Validating KPrivateCodeLib
2022-05-30 00:25:21:196	[DEBUG]	Validating KBFL
2022-05-30 00:25:21:200	[DEBUG]	Validating SML
2022-05-30 00:25:21:200	[DEBUG]	Validating KUI
2022-05-30 00:25:21:201	[DEBUG]	Validating SML
2022-05-30 00:25:21:201	[DEBUG]	Validating SML
2022-05-30 00:25:21:201	[DEBUG]	Validating SML
2022-05-30 00:25:21:201	[DEBUG]	Validating ModularUI
2022-05-30 00:25:21:201	[DEBUG]	Validating RefinedPower
2022-05-30 00:25:21:203	[DEBUG]	Validating ModularUI
2022-05-30 00:25:21:203	[DEBUG]	Validating RefinedRDLib
2022-05-30 00:25:21:203	[DEBUG]	Validating SML
2022-05-30 00:25:21:203	[DEBUG]	Validating RefinedRDLib
2022-05-30 00:25:21:203	[DEBUG]	Validating SML
2022-05-30 00:25:21:203	[DEBUG]	Validating FasterManualCrafting
2022-05-30 00:25:21:204	[DEBUG]	Validating SML
2022-05-30 00:25:21:205	[DEBUG]	Validating KLevelUp
2022-05-30 00:25:21:205	[DEBUG]	Validating SML
2022-05-30 00:25:21:205	[DEBUG]	Validating KPrivateCodeLib
2022-05-30 00:25:21:205	[DEBUG]	Validating ContainerScreen
2022-05-30 00:25:21:206	[DEBUG]	Validating SML
2022-05-30 00:25:21:207	[DEBUG]	Validating UtilityMod
2022-05-30 00:25:21:208	[DEBUG]	Validating SML
2022-05-30 00:25:21:208	[DEBUG]	Validating SmartFoundations
2022-05-30 00:25:21:208	[DEBUG]	Validating SML
2022-05-30 00:25:21:209	[DEBUG]	Validating TFIT
2022-05-30 00:25:21:209	[DEBUG]	Validating SML
2022-05-30 00:25:21:209	[DEBUG]	Validating DoubleJump
2022-05-30 00:25:21:209	[DEBUG]	Validating SML
2022-05-30 00:25:21:209	[DEBUG]	Validating InventorySpace2
2022-05-30 00:25:21:210	[DEBUG]	Validating SML
2022-05-30 00:25:21:210	[DEBUG]	Validating EarlyHover
2022-05-30 00:25:21:210	[DEBUG]	Validating SML
2022-05-30 00:25:21:212	[DEBUG]	Validating FlashlightSettings
2022-05-30 00:25:21:212	[DEBUG]	Validating SML
2022-05-30 00:25:21:212	[DEBUG]	Validating LoadBalancers
2022-05-30 00:25:21:213	[DEBUG]	Validating SML
2022-05-30 00:25:21:213	[DEBUG]	Validating SatisfactoryHelper
2022-05-30 00:25:21:213	[DEBUG]	Validating SML
2022-05-30 00:25:21:213	[DEBUG]	Validating PersonalDrones
2022-05-30 00:25:21:213	[DEBUG]	Validating SML
2022-05-30 00:25:21:213	[DEBUG]	Validating DumbPrints
2022-05-30 00:25:21:213	[DEBUG]	Validating SML
2022-05-30 00:30:22:216	[DEBUG]	Validating SatisfactoryPlus
2022-05-30 00:30:22:217	[DEBUG]	Validating AB_FluidExtras
2022-05-30 00:30:22:218	[DEBUG]	Validating SML
2022-05-30 00:30:22:218	[DEBUG]	Validating FactoryGame
2022-05-30 00:30:22:218	[DEBUG]	Validating FicsitFarming
2022-05-30 00:30:22:219	[DEBUG]	Validating SML
2022-05-30 00:30:22:219	[DEBUG]	Validating ModularUI
2022-05-30 00:30:22:219	[DEBUG]	Validating SML
2022-05-30 00:30:22:219	[DEBUG]	Validating RefinedRDLib
2022-05-30 00:30:22:219	[DEBUG]	Validating SML
2022-05-30 00:30:22:219	[DEBUG]	Validating KLib
2022-05-30 00:30:22:219	[DEBUG]	Validating KPrivateCodeLib
2022-05-30 00:30:22:220	[DEBUG]	Validating KBFL
2022-05-30 00:30:22:220	[DEBUG]	Validating SML
2022-05-30 00:30:22:220	[DEBUG]	Validating KUI
2022-05-30 00:30:22:221	[DEBUG]	Validating SML
2022-05-30 00:30:22:221	[DEBUG]	Validating SML
2022-05-30 00:30:22:221	[DEBUG]	Validating SML
2022-05-30 00:30:22:221	[DEBUG]	Validating ModularUI
2022-05-30 00:30:22:221	[DEBUG]	Validating RefinedPower
2022-05-30 00:30:22:222	[DEBUG]	Validating ModularUI
2022-05-30 00:30:22:222	[DEBUG]	Validating RefinedRDLib
2022-05-30 00:30:22:222	[DEBUG]	Validating SML
2022-05-30 00:30:22:222	[DEBUG]	Validating RefinedRDLib
2022-05-30 00:30:22:223	[DEBUG]	Validating SML
2022-05-30 00:30:22:223	[DEBUG]	Validating FasterManualCrafting
2022-05-30 00:30:22:223	[DEBUG]	Validating SML
2022-05-30 00:30:22:223	[DEBUG]	Validating KLevelUp
2022-05-30 00:30:22:223	[DEBUG]	Validating SML
2022-05-30 00:30:22:223	[DEBUG]	Validating KPrivateCodeLib
2022-05-30 00:30:22:223	[DEBUG]	Validating ContainerScreen
2022-05-30 00:30:22:223	[DEBUG]	Validating SML
2022-05-30 00:30:22:223	[DEBUG]	Validating UtilityMod
2022-05-30 00:30:22:224	[DEBUG]	Validating SML
2022-05-30 00:30:22:224	[DEBUG]	Validating SmartFoundations
2022-05-30 00:30:22:225	[DEBUG]	Validating SML
2022-05-30 00:30:22:225	[DEBUG]	Validating TFIT
2022-05-30 00:30:22:225	[DEBUG]	Validating SML
2022-05-30 00:30:22:226	[DEBUG]	Validating DoubleJump
2022-05-30 00:30:22:226	[DEBUG]	Validating SML
2022-05-30 00:30:22:226	[DEBUG]	Validating InventorySpace2
2022-05-30 00:30:22:226	[DEBUG]	Validating SML
2022-05-30 00:30:22:227	[DEBUG]	Validating EarlyHover
2022-05-30 00:30:22:227	[DEBUG]	Validating SML
2022-05-30 00:30:22:227	[DEBUG]	Validating FlashlightSettings
2022-05-30 00:30:22:228	[DEBUG]	Validating SML
2022-05-30 00:30:22:229	[DEBUG]	Validating LoadBalancers
2022-05-30 00:30:22:229	[DEBUG]	Validating SML
2022-05-30 00:30:22:229	[DEBUG]	Validating SatisfactoryHelper
2022-05-30 00:30:22:229	[DEBUG]	Validating SML
2022-05-30 00:30:22:230	[DEBUG]	Validating PersonalDrones
2022-05-30 00:30:22:230	[DEBUG]	Validating SML
2022-05-30 00:30:22:230	[DEBUG]	Validating DumbPrints
2022-05-30 00:30:22:230	[DEBUG]	Validating SML
2022-05-30 00:35:23:723	[DEBUG]	Validating SatisfactoryPlus
2022-05-30 00:35:23:724	[DEBUG]	Validating AB_FluidExtras
2022-05-30 00:35:23:724	[DEBUG]	Validating SML
2022-05-30 00:35:23:725	[DEBUG]	Validating FactoryGame
2022-05-30 00:35:23:725	[DEBUG]	Validating FicsitFarming
2022-05-30 00:35:23:725	[DEBUG]	Validating SML
2022-05-30 00:35:23:725	[DEBUG]	Validating ModularUI
2022-05-30 00:35:23:725	[DEBUG]	Validating SML
2022-05-30 00:35:23:725	[DEBUG]	Validating RefinedRDLib
2022-05-30 00:35:23:726	[DEBUG]	Validating SML
2022-05-30 00:35:23:726	[DEBUG]	Validating KLib
2022-05-30 00:35:23:726	[DEBUG]	Validating KPrivateCodeLib
2022-05-30 00:35:23:726	[DEBUG]	Validating KBFL
2022-05-30 00:35:23:729	[DEBUG]	Validating SML
2022-05-30 00:35:23:730	[DEBUG]	Validating KUI
2022-05-30 00:35:23:730	[DEBUG]	Validating SML
2022-05-30 00:35:23:730	[DEBUG]	Validating SML
2022-05-30 00:35:23:731	[DEBUG]	Validating SML
2022-05-30 00:35:23:731	[DEBUG]	Validating ModularUI
2022-05-30 00:35:23:731	[DEBUG]	Validating RefinedPower
2022-05-30 00:35:23:731	[DEBUG]	Validating ModularUI
2022-05-30 00:35:23:731	[DEBUG]	Validating RefinedRDLib
2022-05-30 00:35:23:731	[DEBUG]	Validating SML
2022-05-30 00:35:23:731	[DEBUG]	Validating RefinedRDLib
2022-05-30 00:35:23:731	[DEBUG]	Validating SML
2022-05-30 00:35:23:732	[DEBUG]	Validating FasterManualCrafting
2022-05-30 00:35:23:732	[DEBUG]	Validating SML
2022-05-30 00:35:23:732	[DEBUG]	Validating KLevelUp
2022-05-30 00:35:23:732	[DEBUG]	Validating SML
2022-05-30 00:35:23:732	[DEBUG]	Validating KPrivateCodeLib
2022-05-30 00:35:23:732	[DEBUG]	Validating ContainerScreen
2022-05-30 00:35:23:733	[DEBUG]	Validating SML
2022-05-30 00:35:23:733	[DEBUG]	Validating UtilityMod
2022-05-30 00:35:23:734	[DEBUG]	Validating SML
2022-05-30 00:35:23:734	[DEBUG]	Validating SmartFoundations
2022-05-30 00:35:23:734	[DEBUG]	Validating SML
2022-05-30 00:35:23:735	[DEBUG]	Validating TFIT
2022-05-30 00:35:23:735	[DEBUG]	Validating SML
2022-05-30 00:35:23:735	[DEBUG]	Validating DoubleJump
2022-05-30 00:35:23:735	[DEBUG]	Validating SML
2022-05-30 00:35:23:735	[DEBUG]	Validating InventorySpace2
2022-05-30 00:35:23:735	[DEBUG]	Validating SML
2022-05-30 00:35:23:735	[DEBUG]	Validating EarlyHover
2022-05-30 00:35:23:736	[DEBUG]	Validating SML
2022-05-30 00:35:23:736	[DEBUG]	Validating FlashlightSettings
2022-05-30 00:35:23:736	[DEBUG]	Validating SML
2022-05-30 00:35:23:736	[DEBUG]	Validating LoadBalancers
2022-05-30 00:35:23:736	[DEBUG]	Validating SML
2022-05-30 00:35:23:737	[DEBUG]	Validating SatisfactoryHelper
2022-05-30 00:35:23:737	[DEBUG]	Validating SML
2022-05-30 00:35:23:737	[DEBUG]	Validating PersonalDrones
2022-05-30 00:35:23:738	[DEBUG]	Validating SML
2022-05-30 00:35:23:738	[DEBUG]	Validating DumbPrints
2022-05-30 00:35:23:738	[DEBUG]	Validating SML
2022-05-30 00:40:25:197	[DEBUG]	Validating SatisfactoryPlus
2022-05-30 00:40:25:198	[DEBUG]	Validating FicsitFarming
2022-05-30 00:40:25:198	[DEBUG]	Validating SML
2022-05-30 00:40:25:199	[DEBUG]	Validating FactoryGame
2022-05-30 00:40:25:199	[DEBUG]	Validating ModularUI
2022-05-30 00:40:25:199	[DEBUG]	Validating SML
2022-05-30 00:40:25:199	[DEBUG]	Validating RefinedRDLib
2022-05-30 00:40:25:199	[DEBUG]	Validating SML
2022-05-30 00:40:25:199	[DEBUG]	Validating AB_FluidExtras
2022-05-30 00:40:25:200	[DEBUG]	Validating SML
2022-05-30 00:40:25:200	[DEBUG]	Validating SML
2022-05-30 00:40:25:200	[DEBUG]	Validating KLib
2022-05-30 00:40:25:200	[DEBUG]	Validating KPrivateCodeLib
2022-05-30 00:40:25:201	[DEBUG]	Validating KBFL
2022-05-30 00:40:25:202	[DEBUG]	Validating SML
2022-05-30 00:40:25:202	[DEBUG]	Validating KUI
2022-05-30 00:40:25:203	[DEBUG]	Validating SML
2022-05-30 00:40:25:203	[DEBUG]	Validating SML
2022-05-30 00:40:25:203	[DEBUG]	Validating SML
2022-05-30 00:40:25:203	[DEBUG]	Validating RefinedPower
2022-05-30 00:40:25:205	[DEBUG]	Validating ModularUI
2022-05-30 00:40:25:205	[DEBUG]	Validating RefinedRDLib
2022-05-30 00:40:25:205	[DEBUG]	Validating SML
2022-05-30 00:40:25:205	[DEBUG]	Validating RefinedRDLib
2022-05-30 00:40:25:205	[DEBUG]	Validating ModularUI
2022-05-30 00:40:25:205	[DEBUG]	Validating FasterManualCrafting
2022-05-30 00:40:25:206	[DEBUG]	Validating SML
2022-05-30 00:40:25:206	[DEBUG]	Validating KLevelUp
2022-05-30 00:40:25:206	[DEBUG]	Validating SML
2022-05-30 00:40:25:207	[DEBUG]	Validating KPrivateCodeLib
2022-05-30 00:40:25:207	[DEBUG]	Validating ContainerScreen
2022-05-30 00:40:25:207	[DEBUG]	Validating SML
2022-05-30 00:40:25:207	[DEBUG]	Validating UtilityMod
2022-05-30 00:40:25:207	[DEBUG]	Validating SML
2022-05-30 00:40:25:209	[DEBUG]	Validating SmartFoundations
2022-05-30 00:40:25:210	[DEBUG]	Validating SML
2022-05-30 00:40:25:210	[DEBUG]	Validating TFIT
2022-05-30 00:40:25:210	[DEBUG]	Validating SML
2022-05-30 00:40:25:211	[DEBUG]	Validating DoubleJump
2022-05-30 00:40:25:211	[DEBUG]	Validating SML
2022-05-30 00:40:25:211	[DEBUG]	Validating InventorySpace2
2022-05-30 00:40:25:211	[DEBUG]	Validating SML
2022-05-30 00:40:25:211	[DEBUG]	Validating EarlyHover
2022-05-30 00:40:25:211	[DEBUG]	Validating SML
2022-05-30 00:40:25:211	[DEBUG]	Validating FlashlightSettings
2022-05-30 00:40:25:212	[DEBUG]	Validating SML
2022-05-30 00:40:25:212	[DEBUG]	Validating LoadBalancers
2022-05-30 00:40:25:212	[DEBUG]	Validating SML
2022-05-30 00:40:25:212	[DEBUG]	Validating SatisfactoryHelper
2022-05-30 00:40:25:212	[DEBUG]	Validating SML
2022-05-30 00:40:25:213	[DEBUG]	Validating PersonalDrones
2022-05-30 00:40:25:213	[DEBUG]	Validating SML
2022-05-30 00:40:25:213	[DEBUG]	Validating DumbPrints
2022-05-30 00:40:25:213	[DEBUG]	Validating SML
