2022-06-17 05:51:51:343	[DEBUG]	Loading mod cache
2022-06-17 05:51:52:160	[DEBUG]	Loading mod cache
2022-06-17 05:51:52:227	[DEBUG]	Epic Games Launcher is not installed
2022-06-17 05:51:52:502	[DEBUG]	Setting profile to Experimental 6
2022-06-17 05:51:52:670	[DEBUG]	install: [], uninstall: [], enable: [], disable: [], update: []
2022-06-17 05:51:54:563	[DEBUG]	Validating SML
2022-06-17 05:51:54:563	[DEBUG]	Validating FactoryGame
2022-06-17 05:51:54:563	[DEBUG]	Validating UtilityMod
2022-06-17 05:51:54:563	[DEBUG]	Validating InventorySpace2
2022-06-17 05:51:54:564	[DEBUG]	Items: {"UtilityMod":"0.5.4","SML":"3.3.1","InventorySpace2":"2.0.1"}
2022-06-17 05:51:54:570	[DEBUG]	Mismatches: {"install":{},"uninstall":[]}
2022-06-17 05:51:56:335	[DEBUG]	Validating UtilityMod
2022-06-17 05:51:56:336	[DEBUG]	Validating SML
2022-06-17 05:51:56:337	[DEBUG]	Validating FactoryGame
2022-06-17 05:51:56:337	[DEBUG]	Validating InventorySpace2
2022-06-17 05:51:56:337	[DEBUG]	Validating SML
2022-06-17 12:36:40:337	[DEBUG]	Loading mod cache
2022-06-17 12:36:40:825	[DEBUG]	Loading mod cache
2022-06-17 12:36:40:894	[DEBUG]	Epic Games Launcher is not installed
2022-06-17 12:36:41:201	[DEBUG]	Setting profile to Experimental 6
2022-06-17 12:36:41:366	[DEBUG]	install: [], uninstall: [], enable: [], disable: [], update: []
2022-06-17 12:36:42:351	[DEBUG]	Validating SML
2022-06-17 12:36:42:351	[DEBUG]	Validating FactoryGame
2022-06-17 12:36:42:351	[DEBUG]	Validating UtilityMod
2022-06-17 12:36:42:351	[DEBUG]	Validating InventorySpace2
2022-06-17 12:36:42:352	[DEBUG]	Items: {"UtilityMod":"0.5.4","SML":"3.3.1","InventorySpace2":"2.0.1"}
2022-06-17 12:36:42:357	[DEBUG]	Mismatches: {"install":{},"uninstall":[]}
2022-06-17 12:36:44:234	[DEBUG]	Validating UtilityMod
2022-06-17 12:36:44:236	[DEBUG]	Validating SML
2022-06-17 12:36:44:237	[DEBUG]	Validating FactoryGame
2022-06-17 12:36:44:237	[DEBUG]	Validating InventorySpace2
2022-06-17 12:36:44:238	[DEBUG]	Validating SML
2022-06-17 12:36:53:036	[DEBUG]	Validating UtilityMod
2022-06-17 12:36:53:036	[DEBUG]	Validating SML
2022-06-17 12:36:53:036	[DEBUG]	Validating FactoryGame
2022-06-17 12:36:53:036	[DEBUG]	Validating InventorySpace2
2022-06-17 12:36:53:037	[DEBUG]	Validating SML
