2022-04-13 01:35:32:931	[DEBUG]	Loading mod cache
2022-04-13 01:35:33:482	[DEBUG]	Loading mod cache
2022-04-13 01:35:33:526	[DEBUG]	Epic Games Launcher is not installed
2022-04-13 01:35:33:850	[DEBUG]	Setting profile to dcheva.test
2022-04-13 01:35:34:017	[DEBUG]	install: [], uninstall: [], enable: [], disable: [], update: []
2022-04-13 01:35:35:680	[DEBUG]	Validating SML
2022-04-13 01:35:35:681	[DEBUG]	Validating FactoryGame
2022-04-13 01:35:35:681	[DEBUG]	Validating KPrivateCodeLib
2022-04-13 01:35:35:682	[DEBUG]	Validating KBFL
2022-04-13 01:35:35:682	[DEBUG]	Validating KUI
2022-04-13 01:35:35:682	[DEBUG]	Validating Inserter
2022-04-13 01:35:35:682	[DEBUG]	Validating ModularUI
2022-04-13 01:35:35:682	[DEBUG]	Validating RefinedRDLib
2022-04-13 01:35:35:682	[DEBUG]	Validating MarcioCommonLibs
2022-04-13 01:35:35:682	[DEBUG]	Validating FasterManualCrafting
2022-04-13 01:35:35:682	[DEBUG]	Validating ContainerScreen
2022-04-13 01:35:35:682	[DEBUG]	Validating SmartFoundations
2022-04-13 01:35:35:682	[DEBUG]	Validating UtilityMod
2022-04-13 01:35:35:682	[DEBUG]	Validating KLevelUp
2022-04-13 01:35:35:682	[DEBUG]	Validating StackOverload
2022-04-13 01:35:35:682	[DEBUG]	Validating NukeTheWhales
2022-04-13 01:35:35:682	[DEBUG]	Validating RandomStart
2022-04-13 01:35:35:682	[DEBUG]	Validating MAMTips
2022-04-13 01:35:35:682	[DEBUG]	Validating SS_Mod
2022-04-13 01:35:35:682	[DEBUG]	Validating LoadBalancers
2022-04-13 01:35:35:682	[DEBUG]	Validating CheapTrains
2022-04-13 01:35:35:682	[DEBUG]	Validating PersonalDrones
2022-04-13 01:35:35:682	[DEBUG]	Validating NoNewLabel
2022-04-13 01:35:35:682	[DEBUG]	Validating InserterPlus
2022-04-13 01:35:35:682	[DEBUG]	Validating ShowEnemiesHealth
2022-04-13 01:35:35:682	[DEBUG]	Validating BetterRadar
2022-04-13 01:35:35:682	[DEBUG]	Validating MiniMap
2022-04-13 01:35:35:682	[DEBUG]	Validating EarlyMap
2022-04-13 01:35:35:682	[DEBUG]	Validating GridRuler
2022-04-13 01:35:35:682	[DEBUG]	Validating RefinedPower
2022-04-13 01:35:35:683	[DEBUG]	Validating PowerSuit
2022-04-13 01:35:35:683	[DEBUG]	Validating MK22k20
2022-04-13 01:35:35:683	[DEBUG]	Validating EfficiencyCheckerMod
2022-04-13 01:35:35:683	[DEBUG]	Validating minerplus
2022-04-13 01:35:35:683	[DEBUG]	Validating LinearMotion
2022-04-13 01:35:35:683	[DEBUG]	Validating FicsitFarming
2022-04-13 01:35:35:683	[DEBUG]	Validating FloorHole
2022-04-13 01:35:35:683	[DEBUG]	Validating MicroManage
2022-04-13 01:35:35:683	[DEBUG]	Validating DaisyChainPowerCables
2022-04-13 01:35:35:684	[DEBUG]	Items: {"FasterManualCrafting":"1.1.0","SML":"3.3.0","ContainerScreen":"1.0.11","SmartFoundations":"17.0.11","UtilityMod":"0.5.4","KLevelUp":"1.2.5","KPrivateCodeLib":"1.0.13","KBFL":"1.11.3","KUI":"1.3.1","StackOverload":"2.0.5","NukeTheWhales":"1.0.0","RandomStart":"1.0.0","MAMTips":"0.5.0","SS_Mod":"1.1.5","LoadBalancers":"1.3.1","PersonalDrones":"1.0.11","NoNewLabel":"1.0.0","InserterPlus":"0.4.0","Inserter":"0.4.0","ShowEnemiesHealth":"1.0.2","BetterRadar":"0.1.0","MiniMap":"1.0.11","EarlyMap":"1.0.2","GridRuler":"2.0.3","RefinedPower":"3.0.9","ModularUI":"2.0.8","RefinedRDLib":"1.0.7","PowerSuit":"0.8.4","MK22k20":"5.1.5","EfficiencyCheckerMod":"2.1.4","MarcioCommonLibs":"1.1.1","minerplus":"3.2.13","LinearMotion":"2.0.16","CheapTrains":"3.1.1","FicsitFarming":"4.0.3","FloorHole":"2.0.11","MicroManage":"0.9.11","DaisyChainPowerCables":"2.0.2"}
2022-04-13 01:35:35:729	[DEBUG]	Mismatches: {"install":{},"uninstall":[]}
2022-04-13 01:35:38:513	[DEBUG]	Validating FasterManualCrafting
2022-04-13 01:35:38:514	[DEBUG]	Validating SML
2022-04-13 01:35:38:515	[DEBUG]	Validating FactoryGame
2022-04-13 01:35:38:515	[DEBUG]	Validating ContainerScreen
2022-04-13 01:35:38:516	[DEBUG]	Validating SML
2022-04-13 01:35:38:516	[DEBUG]	Validating SmartFoundations
2022-04-13 01:35:38:518	[DEBUG]	Validating SML
2022-04-13 01:35:38:518	[DEBUG]	Validating UtilityMod
2022-04-13 01:35:38:519	[DEBUG]	Validating SML
2022-04-13 01:35:38:519	[DEBUG]	Validating KLevelUp
2022-04-13 01:35:38:520	[DEBUG]	Validating SML
2022-04-13 01:35:38:520	[DEBUG]	Validating KPrivateCodeLib
2022-04-13 01:35:38:708	[DEBUG]	Validating KBFL
2022-04-13 01:35:38:713	[DEBUG]	Validating SML
2022-04-13 01:35:38:714	[DEBUG]	Validating KUI
2022-04-13 01:35:38:715	[DEBUG]	Validating SML
2022-04-13 01:35:38:715	[DEBUG]	Validating SML
2022-04-13 01:35:38:715	[DEBUG]	Validating StackOverload
2022-04-13 01:35:38:716	[DEBUG]	Validating SML
2022-04-13 01:35:38:717	[DEBUG]	Validating NukeTheWhales
2022-04-13 01:35:38:717	[DEBUG]	Validating SML
2022-04-13 01:35:38:717	[DEBUG]	Validating RandomStart
2022-04-13 01:35:38:717	[DEBUG]	Validating SML
2022-04-13 01:35:38:717	[DEBUG]	Validating MAMTips
2022-04-13 01:35:38:718	[DEBUG]	Validating SML
2022-04-13 01:35:38:718	[DEBUG]	Validating SS_Mod
2022-04-13 01:35:38:720	[DEBUG]	Validating SML
2022-04-13 01:35:38:720	[DEBUG]	Validating LoadBalancers
2022-04-13 01:35:38:904	[DEBUG]	Validating SML
2022-04-13 01:35:38:904	[DEBUG]	Validating CheapTrains
2022-04-13 01:35:38:905	[DEBUG]	Validating SML
2022-04-13 01:35:38:905	[DEBUG]	Validating PersonalDrones
2022-04-13 01:35:38:906	[DEBUG]	Validating SML
2022-04-13 01:35:38:907	[DEBUG]	Validating NoNewLabel
2022-04-13 01:35:38:907	[DEBUG]	Validating SML
2022-04-13 01:35:38:907	[DEBUG]	Validating InserterPlus
2022-04-13 01:35:38:908	[DEBUG]	Validating Inserter
2022-04-13 01:35:38:908	[DEBUG]	Validating SML
2022-04-13 01:35:38:909	[DEBUG]	Validating SML
2022-04-13 01:35:38:909	[DEBUG]	Validating ShowEnemiesHealth
2022-04-13 01:35:38:909	[DEBUG]	Validating SML
2022-04-13 01:35:38:910	[DEBUG]	Validating BetterRadar
2022-04-13 01:35:38:910	[DEBUG]	Validating SML
2022-04-13 01:35:38:910	[DEBUG]	Validating MiniMap
2022-04-13 01:35:38:911	[DEBUG]	Validating SML
2022-04-13 01:35:38:911	[DEBUG]	Validating EarlyMap
2022-04-13 01:35:38:912	[DEBUG]	Validating SML
2022-04-13 01:35:38:912	[DEBUG]	Validating GridRuler
2022-04-13 01:35:38:912	[DEBUG]	Validating SML
2022-04-13 01:35:38:913	[DEBUG]	Validating RefinedPower
2022-04-13 01:35:38:919	[DEBUG]	Validating ModularUI
2022-04-13 01:35:39:103	[DEBUG]	Validating SML
2022-04-13 01:35:39:103	[DEBUG]	Validating RefinedRDLib
2022-04-13 01:35:39:289	[DEBUG]	Validating SML
2022-04-13 01:35:39:289	[DEBUG]	Validating SML
2022-04-13 01:35:39:290	[DEBUG]	Validating PowerSuit
2022-04-13 01:35:39:291	[DEBUG]	Validating SML
2022-04-13 01:35:39:292	[DEBUG]	Validating MK22k20
2022-04-13 01:35:39:295	[DEBUG]	Validating SML
2022-04-13 01:35:39:295	[DEBUG]	Validating EfficiencyCheckerMod
2022-04-13 01:35:39:299	[DEBUG]	Validating MarcioCommonLibs
2022-04-13 01:35:39:483	[DEBUG]	Validating SML
2022-04-13 01:35:39:483	[DEBUG]	Validating SML
2022-04-13 01:35:39:484	[DEBUG]	Validating minerplus
2022-04-13 01:35:39:485	[DEBUG]	Validating SML
2022-04-13 01:35:39:485	[DEBUG]	Validating LinearMotion
2022-04-13 01:35:39:487	[DEBUG]	Validating SML
2022-04-13 01:35:39:487	[DEBUG]	Validating FicsitFarming
2022-04-13 01:35:39:489	[DEBUG]	Validating SML
2022-04-13 01:35:39:490	[DEBUG]	Validating ModularUI
2022-04-13 01:35:39:490	[DEBUG]	Validating RefinedRDLib
2022-04-13 01:35:39:490	[DEBUG]	Validating FloorHole
2022-04-13 01:35:39:492	[DEBUG]	Validating SML
2022-04-13 01:35:39:492	[DEBUG]	Validating MicroManage
2022-04-13 01:35:39:494	[DEBUG]	Validating SML
2022-04-13 01:35:39:494	[DEBUG]	Validating DaisyChainPowerCables
2022-04-13 01:35:39:495	[DEBUG]	Validating SML
2022-04-13 01:35:58:175	[INFO]	Installing AutoShards
2022-04-13 01:35:58:391	[DEBUG]	install: [AutoShards], uninstall: [], enable: [], disable: [], update: []
2022-04-13 01:35:58:586	[DEBUG]	Validating SML
2022-04-13 01:35:58:586	[DEBUG]	Validating FactoryGame
2022-04-13 01:35:58:587	[DEBUG]	Validating KPrivateCodeLib
2022-04-13 01:35:58:587	[DEBUG]	Validating KBFL
2022-04-13 01:35:58:587	[DEBUG]	Validating KUI
2022-04-13 01:35:58:587	[DEBUG]	Validating Inserter
2022-04-13 01:35:58:587	[DEBUG]	Validating ModularUI
2022-04-13 01:35:58:587	[DEBUG]	Validating RefinedRDLib
2022-04-13 01:35:58:587	[DEBUG]	Validating MarcioCommonLibs
2022-04-13 01:35:58:587	[DEBUG]	Validating FasterManualCrafting
2022-04-13 01:35:58:587	[DEBUG]	Validating ContainerScreen
2022-04-13 01:35:58:587	[DEBUG]	Validating SmartFoundations
2022-04-13 01:35:58:587	[DEBUG]	Validating UtilityMod
2022-04-13 01:35:58:587	[DEBUG]	Validating KLevelUp
2022-04-13 01:35:58:587	[DEBUG]	Validating StackOverload
2022-04-13 01:35:58:587	[DEBUG]	Validating NukeTheWhales
2022-04-13 01:35:58:587	[DEBUG]	Validating RandomStart
2022-04-13 01:35:58:587	[DEBUG]	Validating MAMTips
2022-04-13 01:35:58:587	[DEBUG]	Validating SS_Mod
2022-04-13 01:35:58:587	[DEBUG]	Validating LoadBalancers
2022-04-13 01:35:58:587	[DEBUG]	Validating CheapTrains
2022-04-13 01:35:58:587	[DEBUG]	Validating PersonalDrones
2022-04-13 01:35:58:587	[DEBUG]	Validating NoNewLabel
2022-04-13 01:35:58:587	[DEBUG]	Validating InserterPlus
2022-04-13 01:35:58:587	[DEBUG]	Validating ShowEnemiesHealth
2022-04-13 01:35:58:587	[DEBUG]	Validating BetterRadar
2022-04-13 01:35:58:587	[DEBUG]	Validating MiniMap
2022-04-13 01:35:58:587	[DEBUG]	Validating EarlyMap
2022-04-13 01:35:58:587	[DEBUG]	Validating GridRuler
2022-04-13 01:35:58:587	[DEBUG]	Validating RefinedPower
2022-04-13 01:35:58:587	[DEBUG]	Validating PowerSuit
2022-04-13 01:35:58:587	[DEBUG]	Validating MK22k20
2022-04-13 01:35:58:587	[DEBUG]	Validating EfficiencyCheckerMod
2022-04-13 01:35:58:587	[DEBUG]	Validating minerplus
2022-04-13 01:35:58:587	[DEBUG]	Validating LinearMotion
2022-04-13 01:35:58:587	[DEBUG]	Validating FicsitFarming
2022-04-13 01:35:58:587	[DEBUG]	Validating FloorHole
2022-04-13 01:35:58:587	[DEBUG]	Validating MicroManage
2022-04-13 01:35:58:587	[DEBUG]	Validating DaisyChainPowerCables
2022-04-13 01:35:58:587	[DEBUG]	Validating AutoShards
2022-04-13 01:35:58:774	[DEBUG]	Validating SML
2022-04-13 01:35:58:777	[DEBUG]	Items: {"FasterManualCrafting":"1.1.0","SML":"3.3.0","ContainerScreen":"1.0.11","SmartFoundations":"17.0.11","UtilityMod":"0.5.4","KLevelUp":"1.2.5","KPrivateCodeLib":"1.0.13","KBFL":"1.11.3","KUI":"1.3.1","StackOverload":"2.0.5","NukeTheWhales":"1.0.0","RandomStart":"1.0.0","MAMTips":"0.5.0","SS_Mod":"1.1.5","LoadBalancers":"1.3.1","PersonalDrones":"1.0.11","NoNewLabel":"1.0.0","InserterPlus":"0.4.0","Inserter":"0.4.0","ShowEnemiesHealth":"1.0.2","BetterRadar":"0.1.0","MiniMap":"1.0.11","EarlyMap":"1.0.2","GridRuler":"2.0.3","RefinedPower":"3.0.9","ModularUI":"2.0.8","RefinedRDLib":"1.0.7","PowerSuit":"0.8.4","MK22k20":"5.1.5","EfficiencyCheckerMod":"2.1.4","MarcioCommonLibs":"1.1.1","minerplus":"3.2.13","LinearMotion":"2.0.16","CheapTrains":"3.1.1","FicsitFarming":"4.0.3","FloorHole":"2.0.11","MicroManage":"0.9.11","DaisyChainPowerCables":"2.0.2","AutoShards":"0.1.0"}
2022-04-13 01:35:58:785	[DEBUG]	Mismatches: {"install":{"AutoShards":"0.1.0"},"uninstall":[]}
2022-04-13 01:35:58:790	[DEBUG]	Copying AutoShards@0.1.0 to Satisfactory install
2022-04-13 01:35:58:791	[DEBUG]	AutoShards@0.1.0 is not downloaded. Downloading now.
2022-04-13 01:38:31:057	[INFO]	Uninstalling RandomStart
2022-04-13 01:38:31:286	[DEBUG]	install: [], uninstall: [RandomStart], enable: [], disable: [], update: []
2022-04-13 01:38:31:291	[DEBUG]	Validating SML
2022-04-13 01:38:31:292	[DEBUG]	Validating FactoryGame
2022-04-13 01:38:31:292	[DEBUG]	Validating KPrivateCodeLib
2022-04-13 01:38:31:292	[DEBUG]	Validating KBFL
2022-04-13 01:38:31:292	[DEBUG]	Validating KUI
2022-04-13 01:38:31:292	[DEBUG]	Validating Inserter
2022-04-13 01:38:31:292	[DEBUG]	Validating ModularUI
2022-04-13 01:38:31:292	[DEBUG]	Validating RefinedRDLib
2022-04-13 01:38:31:292	[DEBUG]	Validating MarcioCommonLibs
2022-04-13 01:38:31:292	[DEBUG]	Validating FasterManualCrafting
2022-04-13 01:38:31:292	[DEBUG]	Validating ContainerScreen
2022-04-13 01:38:31:292	[DEBUG]	Validating SmartFoundations
2022-04-13 01:38:31:293	[DEBUG]	Validating UtilityMod
2022-04-13 01:38:31:293	[DEBUG]	Validating KLevelUp
2022-04-13 01:38:31:293	[DEBUG]	Validating StackOverload
2022-04-13 01:38:31:293	[DEBUG]	Validating NukeTheWhales
2022-04-13 01:38:31:293	[DEBUG]	Validating MAMTips
2022-04-13 01:38:31:293	[DEBUG]	Validating SS_Mod
2022-04-13 01:38:31:293	[DEBUG]	Validating LoadBalancers
2022-04-13 01:38:31:293	[DEBUG]	Validating CheapTrains
2022-04-13 01:38:31:293	[DEBUG]	Validating PersonalDrones
2022-04-13 01:38:31:293	[DEBUG]	Validating NoNewLabel
2022-04-13 01:38:31:293	[DEBUG]	Validating InserterPlus
2022-04-13 01:38:31:293	[DEBUG]	Validating ShowEnemiesHealth
2022-04-13 01:38:31:293	[DEBUG]	Validating BetterRadar
2022-04-13 01:38:31:293	[DEBUG]	Validating MiniMap
2022-04-13 01:38:31:293	[DEBUG]	Validating EarlyMap
2022-04-13 01:38:31:293	[DEBUG]	Validating GridRuler
2022-04-13 01:38:31:293	[DEBUG]	Validating RefinedPower
2022-04-13 01:38:31:293	[DEBUG]	Validating PowerSuit
2022-04-13 01:38:31:293	[DEBUG]	Validating MK22k20
2022-04-13 01:38:31:293	[DEBUG]	Validating EfficiencyCheckerMod
2022-04-13 01:38:31:293	[DEBUG]	Validating minerplus
2022-04-13 01:38:31:293	[DEBUG]	Validating LinearMotion
2022-04-13 01:38:31:293	[DEBUG]	Validating FicsitFarming
2022-04-13 01:38:31:293	[DEBUG]	Validating FloorHole
2022-04-13 01:38:31:293	[DEBUG]	Validating MicroManage
2022-04-13 01:38:31:293	[DEBUG]	Validating DaisyChainPowerCables
2022-04-13 01:38:31:293	[DEBUG]	Validating AutoShards
2022-04-13 01:38:31:294	[DEBUG]	Items: {"FasterManualCrafting":"1.1.0","SML":"3.3.0","ContainerScreen":"1.0.11","SmartFoundations":"17.0.11","UtilityMod":"0.5.4","KLevelUp":"1.2.5","KPrivateCodeLib":"1.0.13","KBFL":"1.11.3","KUI":"1.3.1","StackOverload":"2.0.5","NukeTheWhales":"1.0.0","MAMTips":"0.5.0","SS_Mod":"1.1.5","LoadBalancers":"1.3.1","PersonalDrones":"1.0.11","NoNewLabel":"1.0.0","InserterPlus":"0.4.0","Inserter":"0.4.0","ShowEnemiesHealth":"1.0.2","BetterRadar":"0.1.0","MiniMap":"1.0.11","EarlyMap":"1.0.2","GridRuler":"2.0.3","RefinedPower":"3.0.9","ModularUI":"2.0.8","RefinedRDLib":"1.0.7","PowerSuit":"0.8.4","MK22k20":"5.1.5","EfficiencyCheckerMod":"2.1.4","MarcioCommonLibs":"1.1.1","minerplus":"3.2.13","LinearMotion":"2.0.16","CheapTrains":"3.1.1","FicsitFarming":"4.0.3","FloorHole":"2.0.11","MicroManage":"0.9.11","DaisyChainPowerCables":"2.0.2","AutoShards":"0.1.0"}
2022-04-13 01:38:31:302	[DEBUG]	Mismatches: {"install":{},"uninstall":["RandomStart"]}
2022-04-13 01:38:31:302	[DEBUG]	Removing RandomStart from Satisfactory install
2022-04-13 01:39:07:853	[INFO]	Uninstalling AutoShards
2022-04-13 01:39:08:071	[DEBUG]	install: [], uninstall: [AutoShards], enable: [], disable: [], update: []
2022-04-13 01:39:08:075	[DEBUG]	Validating SML
2022-04-13 01:39:08:075	[DEBUG]	Validating FactoryGame
2022-04-13 01:39:08:076	[DEBUG]	Validating KPrivateCodeLib
2022-04-13 01:39:08:076	[DEBUG]	Validating KBFL
2022-04-13 01:39:08:076	[DEBUG]	Validating KUI
2022-04-13 01:39:08:076	[DEBUG]	Validating Inserter
2022-04-13 01:39:08:076	[DEBUG]	Validating ModularUI
2022-04-13 01:39:08:076	[DEBUG]	Validating RefinedRDLib
2022-04-13 01:39:08:076	[DEBUG]	Validating MarcioCommonLibs
2022-04-13 01:39:08:076	[DEBUG]	Validating FasterManualCrafting
2022-04-13 01:39:08:076	[DEBUG]	Validating ContainerScreen
2022-04-13 01:39:08:076	[DEBUG]	Validating SmartFoundations
2022-04-13 01:39:08:076	[DEBUG]	Validating UtilityMod
2022-04-13 01:39:08:076	[DEBUG]	Validating KLevelUp
2022-04-13 01:39:08:076	[DEBUG]	Validating StackOverload
2022-04-13 01:39:08:076	[DEBUG]	Validating NukeTheWhales
2022-04-13 01:39:08:076	[DEBUG]	Validating MAMTips
2022-04-13 01:39:08:076	[DEBUG]	Validating SS_Mod
2022-04-13 01:39:08:076	[DEBUG]	Validating LoadBalancers
2022-04-13 01:39:08:076	[DEBUG]	Validating CheapTrains
2022-04-13 01:39:08:076	[DEBUG]	Validating PersonalDrones
2022-04-13 01:39:08:076	[DEBUG]	Validating NoNewLabel
2022-04-13 01:39:08:076	[DEBUG]	Validating InserterPlus
2022-04-13 01:39:08:076	[DEBUG]	Validating ShowEnemiesHealth
2022-04-13 01:39:08:076	[DEBUG]	Validating BetterRadar
2022-04-13 01:39:08:076	[DEBUG]	Validating MiniMap
2022-04-13 01:39:08:076	[DEBUG]	Validating EarlyMap
2022-04-13 01:39:08:076	[DEBUG]	Validating GridRuler
2022-04-13 01:39:08:076	[DEBUG]	Validating RefinedPower
2022-04-13 01:39:08:076	[DEBUG]	Validating PowerSuit
2022-04-13 01:39:08:076	[DEBUG]	Validating MK22k20
2022-04-13 01:39:08:076	[DEBUG]	Validating EfficiencyCheckerMod
2022-04-13 01:39:08:076	[DEBUG]	Validating minerplus
2022-04-13 01:39:08:076	[DEBUG]	Validating LinearMotion
2022-04-13 01:39:08:076	[DEBUG]	Validating FicsitFarming
2022-04-13 01:39:08:076	[DEBUG]	Validating FloorHole
2022-04-13 01:39:08:076	[DEBUG]	Validating MicroManage
2022-04-13 01:39:08:076	[DEBUG]	Validating DaisyChainPowerCables
2022-04-13 01:39:08:077	[DEBUG]	Items: {"FasterManualCrafting":"1.1.0","SML":"3.3.0","ContainerScreen":"1.0.11","SmartFoundations":"17.0.11","UtilityMod":"0.5.4","KLevelUp":"1.2.5","KPrivateCodeLib":"1.0.13","KBFL":"1.11.3","KUI":"1.3.1","StackOverload":"2.0.5","NukeTheWhales":"1.0.0","MAMTips":"0.5.0","SS_Mod":"1.1.5","LoadBalancers":"1.3.1","PersonalDrones":"1.0.11","NoNewLabel":"1.0.0","InserterPlus":"0.4.0","Inserter":"0.4.0","ShowEnemiesHealth":"1.0.2","BetterRadar":"0.1.0","MiniMap":"1.0.11","EarlyMap":"1.0.2","GridRuler":"2.0.3","RefinedPower":"3.0.9","ModularUI":"2.0.8","RefinedRDLib":"1.0.7","PowerSuit":"0.8.4","MK22k20":"5.1.5","EfficiencyCheckerMod":"2.1.4","MarcioCommonLibs":"1.1.1","minerplus":"3.2.13","LinearMotion":"2.0.16","CheapTrains":"3.1.1","FicsitFarming":"4.0.3","FloorHole":"2.0.11","MicroManage":"0.9.11","DaisyChainPowerCables":"2.0.2"}
2022-04-13 01:39:08:085	[DEBUG]	Mismatches: {"install":{},"uninstall":["AutoShards"]}
2022-04-13 01:39:08:085	[DEBUG]	Removing AutoShards from Satisfactory install
2022-04-13 01:39:37:394	[INFO]	Installing RandomStart
2022-04-13 01:39:37:593	[DEBUG]	install: [RandomStart], uninstall: [], enable: [], disable: [], update: []
2022-04-13 01:39:37:597	[DEBUG]	Validating SML
2022-04-13 01:39:37:597	[DEBUG]	Validating FactoryGame
2022-04-13 01:39:37:597	[DEBUG]	Validating KPrivateCodeLib
2022-04-13 01:39:37:598	[DEBUG]	Validating KBFL
2022-04-13 01:39:37:598	[DEBUG]	Validating KUI
2022-04-13 01:39:37:598	[DEBUG]	Validating Inserter
2022-04-13 01:39:37:598	[DEBUG]	Validating ModularUI
2022-04-13 01:39:37:598	[DEBUG]	Validating RefinedRDLib
2022-04-13 01:39:37:598	[DEBUG]	Validating MarcioCommonLibs
2022-04-13 01:39:37:598	[DEBUG]	Validating FasterManualCrafting
2022-04-13 01:39:37:598	[DEBUG]	Validating ContainerScreen
2022-04-13 01:39:37:598	[DEBUG]	Validating SmartFoundations
2022-04-13 01:39:37:598	[DEBUG]	Validating UtilityMod
2022-04-13 01:39:37:598	[DEBUG]	Validating KLevelUp
2022-04-13 01:39:37:598	[DEBUG]	Validating StackOverload
2022-04-13 01:39:37:598	[DEBUG]	Validating NukeTheWhales
2022-04-13 01:39:37:598	[DEBUG]	Validating MAMTips
2022-04-13 01:39:37:598	[DEBUG]	Validating SS_Mod
2022-04-13 01:39:37:598	[DEBUG]	Validating LoadBalancers
2022-04-13 01:39:37:598	[DEBUG]	Validating CheapTrains
2022-04-13 01:39:37:598	[DEBUG]	Validating PersonalDrones
2022-04-13 01:39:37:598	[DEBUG]	Validating NoNewLabel
2022-04-13 01:39:37:598	[DEBUG]	Validating InserterPlus
2022-04-13 01:39:37:598	[DEBUG]	Validating ShowEnemiesHealth
2022-04-13 01:39:37:598	[DEBUG]	Validating BetterRadar
2022-04-13 01:39:37:598	[DEBUG]	Validating MiniMap
2022-04-13 01:39:37:598	[DEBUG]	Validating EarlyMap
2022-04-13 01:39:37:598	[DEBUG]	Validating GridRuler
2022-04-13 01:39:37:598	[DEBUG]	Validating RefinedPower
2022-04-13 01:39:37:598	[DEBUG]	Validating PowerSuit
2022-04-13 01:39:37:598	[DEBUG]	Validating MK22k20
2022-04-13 01:39:37:598	[DEBUG]	Validating EfficiencyCheckerMod
2022-04-13 01:39:37:598	[DEBUG]	Validating minerplus
2022-04-13 01:39:37:598	[DEBUG]	Validating LinearMotion
2022-04-13 01:39:37:598	[DEBUG]	Validating FicsitFarming
2022-04-13 01:39:37:598	[DEBUG]	Validating FloorHole
2022-04-13 01:39:37:598	[DEBUG]	Validating MicroManage
2022-04-13 01:39:37:598	[DEBUG]	Validating DaisyChainPowerCables
2022-04-13 01:39:37:598	[DEBUG]	Validating RandomStart
2022-04-13 01:39:37:598	[DEBUG]	Validating SML
2022-04-13 01:39:37:599	[DEBUG]	Items: {"FasterManualCrafting":"1.1.0","SML":"3.3.0","ContainerScreen":"1.0.11","SmartFoundations":"17.0.11","UtilityMod":"0.5.4","KLevelUp":"1.2.5","KPrivateCodeLib":"1.0.13","KBFL":"1.11.3","KUI":"1.3.1","StackOverload":"2.0.5","NukeTheWhales":"1.0.0","MAMTips":"0.5.0","SS_Mod":"1.1.5","LoadBalancers":"1.3.1","PersonalDrones":"1.0.11","NoNewLabel":"1.0.0","InserterPlus":"0.4.0","Inserter":"0.4.0","ShowEnemiesHealth":"1.0.2","BetterRadar":"0.1.0","MiniMap":"1.0.11","EarlyMap":"1.0.2","GridRuler":"2.0.3","RefinedPower":"3.0.9","ModularUI":"2.0.8","RefinedRDLib":"1.0.7","PowerSuit":"0.8.4","MK22k20":"5.1.5","EfficiencyCheckerMod":"2.1.4","MarcioCommonLibs":"1.1.1","minerplus":"3.2.13","LinearMotion":"2.0.16","CheapTrains":"3.1.1","FicsitFarming":"4.0.3","FloorHole":"2.0.11","MicroManage":"0.9.11","DaisyChainPowerCables":"2.0.2","RandomStart":"1.0.0"}
2022-04-13 01:39:37:607	[DEBUG]	Mismatches: {"install":{"RandomStart":"1.0.0"},"uninstall":[]}
2022-04-13 01:39:37:613	[DEBUG]	Copying RandomStart@1.0.0 to Satisfactory install
