
2022-07-12 00:03:33:802	[DEBUG]	Validating UtilityMod
2022-07-12 00:03:33:803	[DEBUG]	Validating SML
2022-07-12 00:03:33:804	[DEBUG]	Validating FactoryGame
2022-07-12 00:03:33:804	[DEBUG]	Validating InventorySpace2
2022-07-12 00:03:33:804	[DEBUG]	Validating SML
2022-07-12 00:03:33:804	[DEBUG]	Validating ContainerScreen
2022-07-12 00:03:33:804	[DEBUG]	Validating SML
2022-07-12 00:03:33:804	[DEBUG]	Validating PersonalDrones
2022-07-12 00:03:33:804	[DEBUG]	Validating SML
2022-07-12 00:03:33:804	[DEBUG]	Validating NoNewLabel
2022-07-12 00:03:33:805	[DEBUG]	Validating SML
2022-07-12 00:03:33:805	[DEBUG]	Validating TenTimesAwesomePoints
2022-07-12 00:03:33:805	[DEBUG]	Validating SML
2022-07-12 00:03:33:805	[DEBUG]	Validating NoEarlyAccess
2022-07-12 00:03:33:805	[DEBUG]	Validating SML
2022-07-12 00:03:33:805	[DEBUG]	Validating FlexSplines
2022-07-12 00:03:33:805	[DEBUG]	Validating SML
2022-07-12 00:03:33:805	[DEBUG]	Validating UndergroundBelts
2022-07-12 00:03:33:805	[DEBUG]	Validating SML
2022-07-12 00:03:33:806	[DEBUG]	Validating SpySat
2022-07-12 00:03:33:806	[DEBUG]	Validating SML
2022-07-12 00:03:33:806	[DEBUG]	Validating IconSign
2022-07-12 00:03:33:806	[DEBUG]	Validating SML
2022-07-12 00:03:33:806	[DEBUG]	Validating LaserBeacons
2022-07-12 00:03:33:806	[DEBUG]	Validating SML
2022-07-12 00:03:33:806	[DEBUG]	Validating OrganizedCrates
2022-07-12 00:03:33:807	[DEBUG]	Validating SML
2022-07-12 00:03:33:807	[DEBUG]	Validating ShowEnemiesHealth
2022-07-12 00:03:33:807	[DEBUG]	Validating SML
2022-07-12 00:03:33:807	[DEBUG]	Validating AlienArtifactsPoints
2022-07-12 00:03:33:807	[DEBUG]	Validating SML
2022-07-12 00:03:33:807	[DEBUG]	Validating RandomStart
2022-07-12 00:03:33:808	[DEBUG]	Validating SML
2022-07-12 00:03:33:808	[DEBUG]	Validating SmartFoundations
2022-07-12 00:03:33:808	[DEBUG]	Validating SML
