2022-09-27 11:45:18:181	[DEBUG]	Loading mod cache
2022-09-27 11:45:18:727	[DEBUG]	Loading mod cache
2022-09-27 11:45:18:775	[DEBUG]	Epic Games Launcher is not installed
2022-09-27 11:45:19:146	[DEBUG]	Setting profile to Off-e6
2022-09-27 11:45:19:363	[DEBUG]	install: [], uninstall: [], enable: [], disable: [], update: []
2022-09-27 11:45:26:467	[DEBUG]	Validating SML
2022-09-27 11:45:26:467	[DEBUG]	Validating FactoryGame
2022-09-27 11:45:26:468	[DEBUG]	Validating EquipmentAutomation
2022-09-27 11:45:26:468	[DEBUG]	Validating UtilityMod
2022-09-27 11:45:26:468	[DEBUG]	Validating InventorySpace2
2022-09-27 11:45:26:468	[DEBUG]	Validating PersonalDrones
2022-09-27 11:45:26:468	[DEBUG]	Validating NoNewLabel
2022-09-27 11:45:26:468	[DEBUG]	Validating TenTimesAwesomePoints
2022-09-27 11:45:26:468	[DEBUG]	Validating UndergroundBelts
2022-09-27 11:45:26:468	[DEBUG]	Validating OrganizedCrates
2022-09-27 11:45:26:468	[DEBUG]	Validating ShowEnemiesHealth
2022-09-27 11:45:26:468	[DEBUG]	Validating AlienArtifactsPoints
2022-09-27 11:45:26:468	[DEBUG]	Validating MicroManage
2022-09-27 11:45:26:468	[DEBUG]	Validating NoEarlyAccess
2022-09-27 11:45:26:468	[DEBUG]	Validating CloneMurder
2022-09-27 11:45:26:468	[DEBUG]	Validating SatisfactoryHelper
2022-09-27 11:45:26:468	[DEBUG]	Validating FicsitDeskJob
2022-09-27 11:45:26:468	[DEBUG]	Validating FlashlightSettings
2022-09-27 11:45:26:468	[DEBUG]	Validating EquipmentAutomationPlus
2022-09-27 11:45:26:468	[DEBUG]	Validating ContainerScreen
2022-09-27 11:45:26:468	[DEBUG]	Validating StackOverload
2022-09-27 11:45:26:468	[DEBUG]	Validating RandomStart
2022-09-27 11:45:26:468	[DEBUG]	Validating DeepMining
2022-09-27 11:45:26:469	[DEBUG]	Items: {"UtilityMod":"0.6.2","InventorySpace2":"2.0.1","PersonalDrones":"1.0.11","NoNewLabel":"1.0.0","TenTimesAwesomePoints":"1.0.1","UndergroundBelts":"3.0.7","OrganizedCrates":"2.0.3","ShowEnemiesHealth":"1.0.2","AlienArtifactsPoints":"1.0.1","NoEarlyAccess":"1.0.2","CloneMurder":"1.0.0","SML":"3.3.2","SatisfactoryHelper":"2.0.4","FicsitDeskJob":"1.0.0","FlashlightSettings":"1.0.1","EquipmentAutomationPlus":"2.1.0","EquipmentAutomation":"2.1.0","MicroManage":"1.0.3","ContainerScreen":"1.0.14","StackOverload":"2.0.5","RandomStart":"1.0.1","DeepMining":"2.0.1"}
2022-09-27 11:45:26:493	[DEBUG]	Mismatches: {"install":{},"uninstall":[]}
2022-09-27 11:45:29:893	[DEBUG]	Validating UtilityMod
2022-09-27 11:45:29:895	[DEBUG]	Validating SML
2022-09-27 11:45:29:896	[DEBUG]	Validating FactoryGame
2022-09-27 11:45:29:896	[DEBUG]	Validating InventorySpace2
2022-09-27 11:45:29:896	[DEBUG]	Validating SML
2022-09-27 11:45:29:897	[DEBUG]	Validating PersonalDrones
2022-09-27 11:45:29:898	[DEBUG]	Validating SML
2022-09-27 11:45:29:898	[DEBUG]	Validating NoNewLabel
2022-09-27 11:45:29:898	[DEBUG]	Validating SML
2022-09-27 11:45:29:898	[DEBUG]	Validating TenTimesAwesomePoints
2022-09-27 11:45:29:899	[DEBUG]	Validating SML
2022-09-27 11:45:29:899	[DEBUG]	Validating UndergroundBelts
2022-09-27 11:45:29:900	[DEBUG]	Validating SML
2022-09-27 11:45:29:900	[DEBUG]	Validating OrganizedCrates
2022-09-27 11:45:29:901	[DEBUG]	Validating SML
2022-09-27 11:45:29:901	[DEBUG]	Validating ShowEnemiesHealth
2022-09-27 11:45:29:901	[DEBUG]	Validating SML
2022-09-27 11:45:29:902	[DEBUG]	Validating AlienArtifactsPoints
2022-09-27 11:45:29:902	[DEBUG]	Validating SML
2022-09-27 11:45:29:902	[DEBUG]	Validating MicroManage
2022-09-27 11:45:29:905	[DEBUG]	Validating SML
2022-09-27 11:45:29:905	[DEBUG]	Validating NoEarlyAccess
2022-09-27 11:45:29:905	[DEBUG]	Validating SML
2022-09-27 11:45:29:905	[DEBUG]	Validating CloneMurder
2022-09-27 11:45:29:906	[DEBUG]	Validating SML
2022-09-27 11:45:29:906	[DEBUG]	Validating SatisfactoryHelper
2022-09-27 11:45:29:907	[DEBUG]	Validating SML
2022-09-27 11:45:29:907	[DEBUG]	Validating FicsitDeskJob
2022-09-27 11:45:29:908	[DEBUG]	Validating SML
2022-09-27 11:45:29:908	[DEBUG]	Validating FlashlightSettings
2022-09-27 11:45:29:909	[DEBUG]	Validating SML
2022-09-27 11:45:29:909	[DEBUG]	Validating EquipmentAutomationPlus
2022-09-27 11:45:29:910	[DEBUG]	Validating SML
2022-09-27 11:45:29:910	[DEBUG]	Validating EquipmentAutomation
2022-09-27 11:45:29:911	[DEBUG]	Validating SML
2022-09-27 11:45:29:911	[DEBUG]	Validating ContainerScreen
2022-09-27 11:45:29:912	[DEBUG]	Validating SML
2022-09-27 11:45:29:912	[DEBUG]	Validating StackOverload
2022-09-27 11:45:29:914	[DEBUG]	Validating SML
2022-09-27 11:45:29:914	[DEBUG]	Validating RandomStart
2022-09-27 11:45:29:916	[DEBUG]	Validating SML
2022-09-27 11:45:29:916	[DEBUG]	Validating DeepMining
2022-09-27 11:45:29:917	[DEBUG]	Validating SML
2022-09-27 11:47:04:335	[INFO]	Uninstalling RandomStart
2022-09-27 11:47:04:575	[DEBUG]	install: [], uninstall: [RandomStart], enable: [], disable: [], update: []
2022-09-27 11:47:04:581	[DEBUG]	Validating SML
2022-09-27 11:47:04:581	[DEBUG]	Validating FactoryGame
2022-09-27 11:47:04:581	[DEBUG]	Validating EquipmentAutomation
2022-09-27 11:47:04:581	[DEBUG]	Validating UtilityMod
2022-09-27 11:47:04:581	[DEBUG]	Validating InventorySpace2
2022-09-27 11:47:04:581	[DEBUG]	Validating PersonalDrones
2022-09-27 11:47:04:581	[DEBUG]	Validating NoNewLabel
2022-09-27 11:47:04:581	[DEBUG]	Validating TenTimesAwesomePoints
2022-09-27 11:47:04:581	[DEBUG]	Validating UndergroundBelts
2022-09-27 11:47:04:581	[DEBUG]	Validating OrganizedCrates
2022-09-27 11:47:04:581	[DEBUG]	Validating ShowEnemiesHealth
2022-09-27 11:47:04:581	[DEBUG]	Validating AlienArtifactsPoints
2022-09-27 11:47:04:581	[DEBUG]	Validating MicroManage
2022-09-27 11:47:04:582	[DEBUG]	Validating NoEarlyAccess
2022-09-27 11:47:04:582	[DEBUG]	Validating CloneMurder
2022-09-27 11:47:04:582	[DEBUG]	Validating SatisfactoryHelper
2022-09-27 11:47:04:582	[DEBUG]	Validating FicsitDeskJob
2022-09-27 11:47:04:582	[DEBUG]	Validating FlashlightSettings
2022-09-27 11:47:04:582	[DEBUG]	Validating EquipmentAutomationPlus
2022-09-27 11:47:04:582	[DEBUG]	Validating ContainerScreen
2022-09-27 11:47:04:582	[DEBUG]	Validating StackOverload
2022-09-27 11:47:04:582	[DEBUG]	Validating DeepMining
2022-09-27 11:47:04:582	[DEBUG]	Items: {"UtilityMod":"0.6.2","InventorySpace2":"2.0.1","PersonalDrones":"1.0.11","NoNewLabel":"1.0.0","TenTimesAwesomePoints":"1.0.1","UndergroundBelts":"3.0.7","OrganizedCrates":"2.0.3","ShowEnemiesHealth":"1.0.2","AlienArtifactsPoints":"1.0.1","NoEarlyAccess":"1.0.2","CloneMurder":"1.0.0","SML":"3.3.2","SatisfactoryHelper":"2.0.4","FicsitDeskJob":"1.0.0","FlashlightSettings":"1.0.1","EquipmentAutomationPlus":"2.1.0","EquipmentAutomation":"2.1.0","MicroManage":"1.0.3","ContainerScreen":"1.0.14","StackOverload":"2.0.5","DeepMining":"2.0.1"}
2022-09-27 11:47:04:589	[DEBUG]	Mismatches: {"install":{},"uninstall":["RandomStart"]}
2022-09-27 11:47:04:589	[DEBUG]	Removing RandomStart from Satisfactory install
2022-09-27 11:47:06:341	[INFO]	Installing RandomStart
2022-09-27 11:47:06:591	[DEBUG]	install: [RandomStart], uninstall: [], enable: [], disable: [], update: []
2022-09-27 11:47:06:594	[DEBUG]	Validating SML
2022-09-27 11:47:06:594	[DEBUG]	Validating FactoryGame
2022-09-27 11:47:06:594	[DEBUG]	Validating EquipmentAutomation
2022-09-27 11:47:06:594	[DEBUG]	Validating UtilityMod
2022-09-27 11:47:06:594	[DEBUG]	Validating InventorySpace2
2022-09-27 11:47:06:594	[DEBUG]	Validating PersonalDrones
2022-09-27 11:47:06:594	[DEBUG]	Validating NoNewLabel
2022-09-27 11:47:06:594	[DEBUG]	Validating TenTimesAwesomePoints
2022-09-27 11:47:06:594	[DEBUG]	Validating UndergroundBelts
2022-09-27 11:47:06:594	[DEBUG]	Validating OrganizedCrates
2022-09-27 11:47:06:594	[DEBUG]	Validating ShowEnemiesHealth
2022-09-27 11:47:06:594	[DEBUG]	Validating AlienArtifactsPoints
2022-09-27 11:47:06:594	[DEBUG]	Validating MicroManage
2022-09-27 11:47:06:594	[DEBUG]	Validating NoEarlyAccess
2022-09-27 11:47:06:594	[DEBUG]	Validating CloneMurder
2022-09-27 11:47:06:595	[DEBUG]	Validating SatisfactoryHelper
2022-09-27 11:47:06:595	[DEBUG]	Validating FicsitDeskJob
2022-09-27 11:47:06:595	[DEBUG]	Validating FlashlightSettings
2022-09-27 11:47:06:595	[DEBUG]	Validating EquipmentAutomationPlus
2022-09-27 11:47:06:595	[DEBUG]	Validating ContainerScreen
2022-09-27 11:47:06:595	[DEBUG]	Validating StackOverload
2022-09-27 11:47:06:595	[DEBUG]	Validating DeepMining
2022-09-27 11:47:06:595	[DEBUG]	Validating RandomStart
2022-09-27 11:47:06:597	[DEBUG]	Validating SML
2022-09-27 11:47:06:598	[DEBUG]	Items: {"UtilityMod":"0.6.2","InventorySpace2":"2.0.1","PersonalDrones":"1.0.11","NoNewLabel":"1.0.0","TenTimesAwesomePoints":"1.0.1","UndergroundBelts":"3.0.7","OrganizedCrates":"2.0.3","ShowEnemiesHealth":"1.0.2","AlienArtifactsPoints":"1.0.1","NoEarlyAccess":"1.0.2","CloneMurder":"1.0.0","SML":"3.3.2","SatisfactoryHelper":"2.0.4","FicsitDeskJob":"1.0.0","FlashlightSettings":"1.0.1","EquipmentAutomationPlus":"2.1.0","EquipmentAutomation":"2.1.0","MicroManage":"1.0.3","ContainerScreen":"1.0.14","StackOverload":"2.0.5","DeepMining":"2.0.1","RandomStart":"1.0.1"}
2022-09-27 11:47:06:605	[DEBUG]	Mismatches: {"install":{"RandomStart":"1.0.1"},"uninstall":[]}
2022-09-27 11:47:06:609	[DEBUG]	Copying RandomStart@1.0.1 to Satisfactory install
