2022-07-07 22:56:54:195	[DEBUG]	Loading mod cache
2022-07-07 22:56:54:765	[DEBUG]	Loading mod cache
2022-07-07 22:56:54:830	[DEBUG]	Epic Games Launcher is not installed
2022-07-07 22:56:55:110	[DEBUG]	Setting profile to Experimental 6
2022-07-07 22:56:55:280	[DEBUG]	install: [], uninstall: [], enable: [], disable: [], update: []
2022-07-07 22:56:56:487	[DEBUG]	Validating SML
2022-07-07 22:56:56:488	[DEBUG]	Validating FactoryGame
2022-07-07 22:56:56:488	[DEBUG]	Validating UtilityMod
2022-07-07 22:56:56:488	[DEBUG]	Validating InventorySpace2
2022-07-07 22:56:56:488	[DEBUG]	Validating ContainerScreen
2022-07-07 22:56:56:488	[DEBUG]	Validating PersonalDrones
2022-07-07 22:56:56:488	[DEBUG]	Validating NoNewLabel
2022-07-07 22:56:56:488	[DEBUG]	Validating TenTimesAwesomePoints
2022-07-07 22:56:56:488	[DEBUG]	Validating NoEarlyAccess
2022-07-07 22:56:56:488	[DEBUG]	Validating FlexSplines
2022-07-07 22:56:56:488	[DEBUG]	Validating UndergroundBelts
2022-07-07 22:56:56:488	[DEBUG]	Validating SpySat
2022-07-07 22:56:56:488	[DEBUG]	Validating IconSign
2022-07-07 22:56:56:996	[DEBUG]	Validating SML
2022-07-07 22:56:56:997	[DEBUG]	Validating LaserBeacons
2022-07-07 22:56:57:375	[DEBUG]	Validating SML
2022-07-07 22:56:57:375	[DEBUG]	Validating OrganizedCrates
2022-07-07 22:56:57:750	[DEBUG]	Validating SML
2022-07-07 22:56:57:751	[DEBUG]	Validating ShowEnemiesHealth
2022-07-07 22:56:58:118	[DEBUG]	Validating SML
2022-07-07 22:56:58:118	[DEBUG]	Validating AlienArtifactsPoints
2022-07-07 22:56:58:486	[DEBUG]	Validating SML
2022-07-07 22:56:58:486	[DEBUG]	Validating RandomStart
2022-07-07 22:56:58:864	[DEBUG]	Validating SML
2022-07-07 22:56:58:864	[DEBUG]	Items: {"UtilityMod":"0.5.4","SML":"3.3.1","InventorySpace2":"2.0.1","ContainerScreen":"1.0.11","PersonalDrones":"1.0.11","NoNewLabel":"1.0.0","TenTimesAwesomePoints":"1.0.1","NoEarlyAccess":"1.0.2","FlexSplines":"1.0.6","UndergroundBelts":"3.0.7","SpySat":"1.0.4","IconSign":"1.0.5","LaserBeacons":"1.0.4","OrganizedCrates":"2.0.3","ShowEnemiesHealth":"1.0.2","AlienArtifactsPoints":"1.0.1","RandomStart":"1.0.0"}
2022-07-07 22:56:58:885	[DEBUG]	Mismatches: {"install":{"IconSign":"1.0.5","LaserBeacons":"1.0.4","OrganizedCrates":"2.0.3","ShowEnemiesHealth":"1.0.2","AlienArtifactsPoints":"1.0.1","RandomStart":"1.0.0"},"uninstall":[]}
2022-07-07 22:56:58:888	[DEBUG]	Copying IconSign@1.0.5 to Satisfactory install
2022-07-07 22:56:58:888	[DEBUG]	Copying LaserBeacons@1.0.4 to Satisfactory install
2022-07-07 22:56:58:888	[DEBUG]	Copying OrganizedCrates@2.0.3 to Satisfactory install
2022-07-07 22:56:58:888	[DEBUG]	Copying ShowEnemiesHealth@1.0.2 to Satisfactory install
2022-07-07 22:56:58:889	[DEBUG]	Copying AlienArtifactsPoints@1.0.1 to Satisfactory install
2022-07-07 22:56:58:889	[DEBUG]	Copying RandomStart@1.0.0 to Satisfactory install
2022-07-07 22:56:58:897	[DEBUG]	IconSign@1.0.5 is not downloaded. Downloading now.
2022-07-07 22:56:58:897	[DEBUG]	OrganizedCrates@2.0.3 is not downloaded. Downloading now.
2022-07-07 22:56:58:897	[DEBUG]	AlienArtifactsPoints@1.0.1 is not downloaded. Downloading now.
2022-07-07 22:57:02:512	[DEBUG]	Validating UtilityMod
2022-07-07 22:57:02:513	[DEBUG]	Validating SML
2022-07-07 22:57:02:514	[DEBUG]	Validating FactoryGame
2022-07-07 22:57:02:514	[DEBUG]	Validating InventorySpace2
2022-07-07 22:57:02:514	[DEBUG]	Validating SML
2022-07-07 22:57:02:514	[DEBUG]	Validating ContainerScreen
2022-07-07 22:57:02:515	[DEBUG]	Validating SML
2022-07-07 22:57:02:516	[DEBUG]	Validating PersonalDrones
2022-07-07 22:57:02:517	[DEBUG]	Validating SML
2022-07-07 22:57:02:517	[DEBUG]	Validating NoNewLabel
2022-07-07 22:57:02:517	[DEBUG]	Validating SML
2022-07-07 22:57:02:517	[DEBUG]	Validating TenTimesAwesomePoints
2022-07-07 22:57:02:518	[DEBUG]	Validating SML
2022-07-07 22:57:02:518	[DEBUG]	Validating NoEarlyAccess
2022-07-07 22:57:02:518	[DEBUG]	Validating SML
2022-07-07 22:57:02:518	[DEBUG]	Validating FlexSplines
2022-07-07 22:57:02:519	[DEBUG]	Validating SML
2022-07-07 22:57:02:519	[DEBUG]	Validating UndergroundBelts
2022-07-07 22:57:02:520	[DEBUG]	Validating SML
2022-07-07 22:57:02:520	[DEBUG]	Validating SpySat
2022-07-07 22:57:02:521	[DEBUG]	Validating SML
2022-07-07 22:57:02:521	[DEBUG]	Validating IconSign
2022-07-07 22:57:02:521	[DEBUG]	Validating SML
2022-07-07 22:57:02:521	[DEBUG]	Validating LaserBeacons
2022-07-07 22:57:02:521	[DEBUG]	Validating SML
2022-07-07 22:57:02:521	[DEBUG]	Validating OrganizedCrates
2022-07-07 22:57:02:522	[DEBUG]	Validating SML
2022-07-07 22:57:02:522	[DEBUG]	Validating ShowEnemiesHealth
2022-07-07 22:57:02:522	[DEBUG]	Validating SML
2022-07-07 22:57:02:522	[DEBUG]	Validating AlienArtifactsPoints
2022-07-07 22:57:02:522	[DEBUG]	Validating SML
2022-07-07 22:57:02:522	[DEBUG]	Validating RandomStart
2022-07-07 22:57:02:522	[DEBUG]	Validating SML
2022-07-07 23:02:04:689	[DEBUG]	Validating UtilityMod
2022-07-07 23:02:04:689	[DEBUG]	Validating SML
2022-07-07 23:02:04:689	[DEBUG]	Validating FactoryGame
2022-07-07 23:02:04:689	[DEBUG]	Validating InventorySpace2
2022-07-07 23:02:04:689	[DEBUG]	Validating SML
2022-07-07 23:02:04:689	[DEBUG]	Validating ContainerScreen
2022-07-07 23:02:04:689	[DEBUG]	Validating SML
2022-07-07 23:02:04:689	[DEBUG]	Validating PersonalDrones
2022-07-07 23:02:04:690	[DEBUG]	Validating SML
2022-07-07 23:02:04:690	[DEBUG]	Validating NoNewLabel
2022-07-07 23:02:04:690	[DEBUG]	Validating SML
2022-07-07 23:02:04:690	[DEBUG]	Validating TenTimesAwesomePoints
2022-07-07 23:02:04:690	[DEBUG]	Validating SML
2022-07-07 23:02:04:690	[DEBUG]	Validating NoEarlyAccess
2022-07-07 23:02:04:690	[DEBUG]	Validating SML
2022-07-07 23:02:04:690	[DEBUG]	Validating FlexSplines
2022-07-07 23:02:04:690	[DEBUG]	Validating SML
2022-07-07 23:02:04:690	[DEBUG]	Validating UndergroundBelts
2022-07-07 23:02:04:690	[DEBUG]	Validating SML
2022-07-07 23:02:04:690	[DEBUG]	Validating SpySat
2022-07-07 23:02:04:690	[DEBUG]	Validating SML
2022-07-07 23:02:04:691	[DEBUG]	Validating IconSign
2022-07-07 23:02:04:691	[DEBUG]	Validating SML
2022-07-07 23:02:04:691	[DEBUG]	Validating LaserBeacons
2022-07-07 23:02:04:691	[DEBUG]	Validating SML
2022-07-07 23:02:04:691	[DEBUG]	Validating OrganizedCrates
2022-07-07 23:02:04:692	[DEBUG]	Validating SML
2022-07-07 23:02:04:692	[DEBUG]	Validating ShowEnemiesHealth
2022-07-07 23:02:04:692	[DEBUG]	Validating SML
2022-07-07 23:02:04:692	[DEBUG]	Validating AlienArtifactsPoints
2022-07-07 23:02:04:693	[DEBUG]	Validating SML
2022-07-07 23:02:04:693	[DEBUG]	Validating RandomStart
2022-07-07 23:02:04:693	[DEBUG]	Validating SML
2022-07-07 23:07:38:162	[DEBUG]	Validating UtilityMod
2022-07-07 23:07:38:163	[DEBUG]	Validating SML
2022-07-07 23:07:38:164	[DEBUG]	Validating FactoryGame
2022-07-07 23:07:38:164	[DEBUG]	Validating InventorySpace2
2022-07-07 23:07:38:164	[DEBUG]	Validating SML
2022-07-07 23:07:38:164	[DEBUG]	Validating ContainerScreen
2022-07-07 23:07:38:164	[DEBUG]	Validating SML
2022-07-07 23:07:38:164	[DEBUG]	Validating PersonalDrones
2022-07-07 23:07:38:165	[DEBUG]	Validating SML
2022-07-07 23:07:38:165	[DEBUG]	Validating NoNewLabel
2022-07-07 23:07:38:165	[DEBUG]	Validating SML
2022-07-07 23:07:38:165	[DEBUG]	Validating TenTimesAwesomePoints
2022-07-07 23:07:38:165	[DEBUG]	Validating SML
2022-07-07 23:07:38:165	[DEBUG]	Validating NoEarlyAccess
2022-07-07 23:07:38:165	[DEBUG]	Validating SML
2022-07-07 23:07:38:165	[DEBUG]	Validating FlexSplines
2022-07-07 23:07:38:166	[DEBUG]	Validating SML
2022-07-07 23:07:38:166	[DEBUG]	Validating UndergroundBelts
2022-07-07 23:07:38:166	[DEBUG]	Validating SML
2022-07-07 23:07:38:166	[DEBUG]	Validating SpySat
2022-07-07 23:07:38:166	[DEBUG]	Validating SML
2022-07-07 23:07:38:166	[DEBUG]	Validating IconSign
2022-07-07 23:07:38:166	[DEBUG]	Validating SML
2022-07-07 23:07:38:166	[DEBUG]	Validating LaserBeacons
2022-07-07 23:07:38:167	[DEBUG]	Validating SML
2022-07-07 23:07:38:167	[DEBUG]	Validating OrganizedCrates
2022-07-07 23:07:38:167	[DEBUG]	Validating SML
2022-07-07 23:07:38:167	[DEBUG]	Validating ShowEnemiesHealth
2022-07-07 23:07:38:169	[DEBUG]	Validating SML
2022-07-07 23:07:38:169	[DEBUG]	Validating AlienArtifactsPoints
2022-07-07 23:07:38:169	[DEBUG]	Validating SML
2022-07-07 23:07:38:169	[DEBUG]	Validating RandomStart
2022-07-07 23:07:38:169	[DEBUG]	Validating SML
2022-07-07 23:12:40:271	[DEBUG]	Validating UtilityMod
2022-07-07 23:12:40:272	[DEBUG]	Validating SML
2022-07-07 23:12:40:272	[DEBUG]	Validating FactoryGame
2022-07-07 23:12:40:272	[DEBUG]	Validating InventorySpace2
2022-07-07 23:12:40:272	[DEBUG]	Validating SML
2022-07-07 23:12:40:272	[DEBUG]	Validating ContainerScreen
2022-07-07 23:12:40:272	[DEBUG]	Validating SML
2022-07-07 23:12:40:272	[DEBUG]	Validating PersonalDrones
2022-07-07 23:12:40:273	[DEBUG]	Validating SML
2022-07-07 23:12:40:273	[DEBUG]	Validating NoNewLabel
2022-07-07 23:12:40:273	[DEBUG]	Validating SML
2022-07-07 23:12:40:273	[DEBUG]	Validating TenTimesAwesomePoints
2022-07-07 23:12:40:273	[DEBUG]	Validating SML
2022-07-07 23:12:40:273	[DEBUG]	Validating NoEarlyAccess
2022-07-07 23:12:40:273	[DEBUG]	Validating SML
2022-07-07 23:12:40:273	[DEBUG]	Validating FlexSplines
2022-07-07 23:12:40:274	[DEBUG]	Validating SML
2022-07-07 23:12:40:274	[DEBUG]	Validating UndergroundBelts
2022-07-07 23:12:40:274	[DEBUG]	Validating SML
2022-07-07 23:12:40:274	[DEBUG]	Validating SpySat
2022-07-07 23:12:40:274	[DEBUG]	Validating SML
2022-07-07 23:12:40:274	[DEBUG]	Validating IconSign
2022-07-07 23:12:40:275	[DEBUG]	Validating SML
2022-07-07 23:12:40:275	[DEBUG]	Validating LaserBeacons
2022-07-07 23:12:40:275	[DEBUG]	Validating SML
2022-07-07 23:12:40:275	[DEBUG]	Validating OrganizedCrates
2022-07-07 23:12:40:275	[DEBUG]	Validating SML
2022-07-07 23:12:40:275	[DEBUG]	Validating ShowEnemiesHealth
2022-07-07 23:12:40:275	[DEBUG]	Validating SML
2022-07-07 23:12:40:276	[DEBUG]	Validating AlienArtifactsPoints
2022-07-07 23:12:40:276	[DEBUG]	Validating SML
2022-07-07 23:12:40:276	[DEBUG]	Validating RandomStart
2022-07-07 23:12:40:276	[DEBUG]	Validating SML
2022-07-07 23:17:42:561	[DEBUG]	Validating UtilityMod
2022-07-07 23:17:42:562	[DEBUG]	Validating SML
2022-07-07 23:17:42:562	[DEBUG]	Validating FactoryGame
2022-07-07 23:17:42:562	[DEBUG]	Validating InventorySpace2
2022-07-07 23:17:42:563	[DEBUG]	Validating SML
2022-07-07 23:17:42:563	[DEBUG]	Validating ContainerScreen
2022-07-07 23:17:42:563	[DEBUG]	Validating SML
2022-07-07 23:17:42:563	[DEBUG]	Validating PersonalDrones
2022-07-07 23:17:42:564	[DEBUG]	Validating SML
2022-07-07 23:17:42:564	[DEBUG]	Validating NoNewLabel
2022-07-07 23:17:42:564	[DEBUG]	Validating SML
2022-07-07 23:17:42:564	[DEBUG]	Validating TenTimesAwesomePoints
2022-07-07 23:17:42:564	[DEBUG]	Validating SML
2022-07-07 23:17:42:564	[DEBUG]	Validating NoEarlyAccess
2022-07-07 23:17:42:564	[DEBUG]	Validating SML
2022-07-07 23:17:42:564	[DEBUG]	Validating FlexSplines
2022-07-07 23:17:42:565	[DEBUG]	Validating SML
2022-07-07 23:17:42:565	[DEBUG]	Validating UndergroundBelts
2022-07-07 23:17:42:565	[DEBUG]	Validating SML
2022-07-07 23:17:42:565	[DEBUG]	Validating SpySat
2022-07-07 23:17:42:565	[DEBUG]	Validating SML
2022-07-07 23:17:42:565	[DEBUG]	Validating IconSign
2022-07-07 23:17:42:565	[DEBUG]	Validating SML
2022-07-07 23:17:42:565	[DEBUG]	Validating LaserBeacons
2022-07-07 23:17:42:565	[DEBUG]	Validating SML
2022-07-07 23:17:42:565	[DEBUG]	Validating OrganizedCrates
2022-07-07 23:17:42:566	[DEBUG]	Validating SML
2022-07-07 23:17:42:566	[DEBUG]	Validating ShowEnemiesHealth
2022-07-07 23:17:42:566	[DEBUG]	Validating SML
2022-07-07 23:17:42:566	[DEBUG]	Validating AlienArtifactsPoints
2022-07-07 23:17:42:566	[DEBUG]	Validating SML
2022-07-07 23:17:42:566	[DEBUG]	Validating RandomStart
2022-07-07 23:17:42:566	[DEBUG]	Validating SML
2022-07-07 23:22:45:084	[DEBUG]	Validating UtilityMod
2022-07-07 23:22:45:084	[DEBUG]	Validating SML
2022-07-07 23:22:45:084	[DEBUG]	Validating FactoryGame
2022-07-07 23:22:45:084	[DEBUG]	Validating InventorySpace2
2022-07-07 23:22:45:085	[DEBUG]	Validating SML
2022-07-07 23:22:45:085	[DEBUG]	Validating ContainerScreen
2022-07-07 23:22:45:085	[DEBUG]	Validating SML
2022-07-07 23:22:45:085	[DEBUG]	Validating PersonalDrones
2022-07-07 23:22:45:085	[DEBUG]	Validating SML
2022-07-07 23:22:45:085	[DEBUG]	Validating NoNewLabel
2022-07-07 23:22:45:085	[DEBUG]	Validating SML
2022-07-07 23:22:45:086	[DEBUG]	Validating TenTimesAwesomePoints
2022-07-07 23:22:45:086	[DEBUG]	Validating SML
2022-07-07 23:22:45:086	[DEBUG]	Validating NoEarlyAccess
2022-07-07 23:22:45:086	[DEBUG]	Validating SML
2022-07-07 23:22:45:086	[DEBUG]	Validating FlexSplines
2022-07-07 23:22:45:086	[DEBUG]	Validating SML
2022-07-07 23:22:45:086	[DEBUG]	Validating UndergroundBelts
2022-07-07 23:22:45:086	[DEBUG]	Validating SML
2022-07-07 23:22:45:087	[DEBUG]	Validating SpySat
2022-07-07 23:22:45:087	[DEBUG]	Validating SML
2022-07-07 23:22:45:087	[DEBUG]	Validating IconSign
2022-07-07 23:22:45:087	[DEBUG]	Validating SML
2022-07-07 23:22:45:087	[DEBUG]	Validating LaserBeacons
2022-07-07 23:22:45:087	[DEBUG]	Validating SML
2022-07-07 23:22:45:087	[DEBUG]	Validating OrganizedCrates
2022-07-07 23:22:45:087	[DEBUG]	Validating SML
2022-07-07 23:22:45:087	[DEBUG]	Validating ShowEnemiesHealth
2022-07-07 23:22:45:088	[DEBUG]	Validating SML
2022-07-07 23:22:45:088	[DEBUG]	Validating AlienArtifactsPoints
2022-07-07 23:22:45:089	[DEBUG]	Validating SML
2022-07-07 23:22:45:089	[DEBUG]	Validating RandomStart
2022-07-07 23:22:45:089	[DEBUG]	Validating SML
2022-07-07 23:27:47:028	[DEBUG]	Validating UtilityMod
2022-07-07 23:27:47:029	[DEBUG]	Validating SML
2022-07-07 23:27:47:029	[DEBUG]	Validating FactoryGame
2022-07-07 23:27:47:029	[DEBUG]	Validating InventorySpace2
2022-07-07 23:27:47:029	[DEBUG]	Validating SML
2022-07-07 23:27:47:029	[DEBUG]	Validating ContainerScreen
2022-07-07 23:27:47:029	[DEBUG]	Validating SML
2022-07-07 23:27:47:030	[DEBUG]	Validating PersonalDrones
2022-07-07 23:27:47:030	[DEBUG]	Validating SML
2022-07-07 23:27:47:030	[DEBUG]	Validating NoNewLabel
2022-07-07 23:27:47:030	[DEBUG]	Validating SML
2022-07-07 23:27:47:030	[DEBUG]	Validating TenTimesAwesomePoints
2022-07-07 23:27:47:030	[DEBUG]	Validating SML
2022-07-07 23:27:47:030	[DEBUG]	Validating NoEarlyAccess
2022-07-07 23:27:47:030	[DEBUG]	Validating SML
2022-07-07 23:27:47:030	[DEBUG]	Validating FlexSplines
2022-07-07 23:27:47:031	[DEBUG]	Validating SML
2022-07-07 23:27:47:031	[DEBUG]	Validating UndergroundBelts
2022-07-07 23:27:47:031	[DEBUG]	Validating SML
2022-07-07 23:27:47:031	[DEBUG]	Validating SpySat
2022-07-07 23:27:47:031	[DEBUG]	Validating SML
2022-07-07 23:27:47:031	[DEBUG]	Validating IconSign
2022-07-07 23:27:47:032	[DEBUG]	Validating SML
2022-07-07 23:27:47:032	[DEBUG]	Validating LaserBeacons
2022-07-07 23:27:47:032	[DEBUG]	Validating SML
2022-07-07 23:27:47:032	[DEBUG]	Validating OrganizedCrates
2022-07-07 23:27:47:032	[DEBUG]	Validating SML
2022-07-07 23:27:47:032	[DEBUG]	Validating ShowEnemiesHealth
2022-07-07 23:27:47:032	[DEBUG]	Validating SML
2022-07-07 23:27:47:032	[DEBUG]	Validating AlienArtifactsPoints
2022-07-07 23:27:47:032	[DEBUG]	Validating SML
2022-07-07 23:27:47:032	[DEBUG]	Validating RandomStart
2022-07-07 23:27:47:032	[DEBUG]	Validating SML
2022-07-07 23:32:49:797	[DEBUG]	Validating UtilityMod
2022-07-07 23:32:49:798	[DEBUG]	Validating SML
2022-07-07 23:32:49:798	[DEBUG]	Validating FactoryGame
2022-07-07 23:32:49:798	[DEBUG]	Validating InventorySpace2
2022-07-07 23:32:49:798	[DEBUG]	Validating SML
2022-07-07 23:32:49:798	[DEBUG]	Validating ContainerScreen
2022-07-07 23:32:49:798	[DEBUG]	Validating SML
2022-07-07 23:32:49:798	[DEBUG]	Validating PersonalDrones
2022-07-07 23:32:49:798	[DEBUG]	Validating SML
2022-07-07 23:32:49:799	[DEBUG]	Validating NoNewLabel
2022-07-07 23:32:49:799	[DEBUG]	Validating SML
2022-07-07 23:32:49:799	[DEBUG]	Validating TenTimesAwesomePoints
2022-07-07 23:32:49:799	[DEBUG]	Validating SML
2022-07-07 23:32:49:799	[DEBUG]	Validating NoEarlyAccess
2022-07-07 23:32:49:799	[DEBUG]	Validating SML
2022-07-07 23:32:49:799	[DEBUG]	Validating FlexSplines
2022-07-07 23:32:49:799	[DEBUG]	Validating SML
2022-07-07 23:32:49:799	[DEBUG]	Validating UndergroundBelts
2022-07-07 23:32:49:799	[DEBUG]	Validating SML
2022-07-07 23:32:49:799	[DEBUG]	Validating SpySat
2022-07-07 23:32:49:800	[DEBUG]	Validating SML
2022-07-07 23:32:49:800	[DEBUG]	Validating IconSign
2022-07-07 23:32:49:800	[DEBUG]	Validating SML
2022-07-07 23:32:49:800	[DEBUG]	Validating LaserBeacons
2022-07-07 23:32:49:800	[DEBUG]	Validating SML
2022-07-07 23:32:49:801	[DEBUG]	Validating OrganizedCrates
2022-07-07 23:32:49:801	[DEBUG]	Validating SML
2022-07-07 23:32:49:801	[DEBUG]	Validating ShowEnemiesHealth
2022-07-07 23:32:49:801	[DEBUG]	Validating SML
2022-07-07 23:32:49:801	[DEBUG]	Validating AlienArtifactsPoints
2022-07-07 23:32:49:801	[DEBUG]	Validating SML
2022-07-07 23:32:49:801	[DEBUG]	Validating RandomStart
2022-07-07 23:32:49:801	[DEBUG]	Validating SML
2022-07-07 23:37:51:422	[DEBUG]	Validating UtilityMod
2022-07-07 23:37:51:422	[DEBUG]	Validating SML
2022-07-07 23:37:51:423	[DEBUG]	Validating FactoryGame
2022-07-07 23:37:51:423	[DEBUG]	Validating InventorySpace2
2022-07-07 23:37:51:423	[DEBUG]	Validating SML
2022-07-07 23:37:51:423	[DEBUG]	Validating ContainerScreen
2022-07-07 23:37:51:423	[DEBUG]	Validating SML
2022-07-07 23:37:51:423	[DEBUG]	Validating PersonalDrones
2022-07-07 23:37:51:423	[DEBUG]	Validating SML
2022-07-07 23:37:51:423	[DEBUG]	Validating NoNewLabel
2022-07-07 23:37:51:423	[DEBUG]	Validating SML
2022-07-07 23:37:51:423	[DEBUG]	Validating TenTimesAwesomePoints
2022-07-07 23:37:51:423	[DEBUG]	Validating SML
2022-07-07 23:37:51:423	[DEBUG]	Validating NoEarlyAccess
2022-07-07 23:37:51:423	[DEBUG]	Validating SML
2022-07-07 23:37:51:423	[DEBUG]	Validating FlexSplines
2022-07-07 23:37:51:423	[DEBUG]	Validating SML
2022-07-07 23:37:51:424	[DEBUG]	Validating UndergroundBelts
2022-07-07 23:37:51:424	[DEBUG]	Validating SML
2022-07-07 23:37:51:424	[DEBUG]	Validating SpySat
2022-07-07 23:37:51:424	[DEBUG]	Validating SML
2022-07-07 23:37:51:424	[DEBUG]	Validating IconSign
2022-07-07 23:37:51:424	[DEBUG]	Validating SML
2022-07-07 23:37:51:424	[DEBUG]	Validating LaserBeacons
2022-07-07 23:37:51:424	[DEBUG]	Validating SML
2022-07-07 23:37:51:424	[DEBUG]	Validating OrganizedCrates
2022-07-07 23:37:51:424	[DEBUG]	Validating SML
2022-07-07 23:37:51:425	[DEBUG]	Validating ShowEnemiesHealth
2022-07-07 23:37:51:425	[DEBUG]	Validating SML
2022-07-07 23:37:51:425	[DEBUG]	Validating AlienArtifactsPoints
2022-07-07 23:37:51:425	[DEBUG]	Validating SML
2022-07-07 23:37:51:425	[DEBUG]	Validating RandomStart
2022-07-07 23:37:51:425	[DEBUG]	Validating SML
2022-07-07 23:42:53:016	[DEBUG]	Validating UtilityMod
2022-07-07 23:42:53:016	[DEBUG]	Validating SML
2022-07-07 23:42:53:017	[DEBUG]	Validating FactoryGame
2022-07-07 23:42:53:017	[DEBUG]	Validating InventorySpace2
2022-07-07 23:42:53:017	[DEBUG]	Validating SML
2022-07-07 23:42:53:017	[DEBUG]	Validating ContainerScreen
2022-07-07 23:42:53:017	[DEBUG]	Validating SML
2022-07-07 23:42:53:017	[DEBUG]	Validating PersonalDrones
2022-07-07 23:42:53:017	[DEBUG]	Validating SML
2022-07-07 23:42:53:017	[DEBUG]	Validating NoNewLabel
2022-07-07 23:42:53:017	[DEBUG]	Validating SML
2022-07-07 23:42:53:017	[DEBUG]	Validating TenTimesAwesomePoints
2022-07-07 23:42:53:018	[DEBUG]	Validating SML
2022-07-07 23:42:53:018	[DEBUG]	Validating NoEarlyAccess
2022-07-07 23:42:53:018	[DEBUG]	Validating SML
2022-07-07 23:42:53:018	[DEBUG]	Validating FlexSplines
2022-07-07 23:42:53:018	[DEBUG]	Validating SML
2022-07-07 23:42:53:018	[DEBUG]	Validating UndergroundBelts
2022-07-07 23:42:53:018	[DEBUG]	Validating SML
2022-07-07 23:42:53:018	[DEBUG]	Validating SpySat
2022-07-07 23:42:53:019	[DEBUG]	Validating SML
2022-07-07 23:42:53:019	[DEBUG]	Validating IconSign
2022-07-07 23:42:53:020	[DEBUG]	Validating SML
2022-07-07 23:42:53:022	[DEBUG]	Validating LaserBeacons
2022-07-07 23:42:53:022	[DEBUG]	Validating SML
2022-07-07 23:42:53:022	[DEBUG]	Validating OrganizedCrates
2022-07-07 23:42:53:023	[DEBUG]	Validating SML
2022-07-07 23:42:53:023	[DEBUG]	Validating ShowEnemiesHealth
2022-07-07 23:42:53:023	[DEBUG]	Validating SML
2022-07-07 23:42:53:023	[DEBUG]	Validating AlienArtifactsPoints
2022-07-07 23:42:53:023	[DEBUG]	Validating SML
2022-07-07 23:42:53:023	[DEBUG]	Validating RandomStart
2022-07-07 23:42:53:023	[DEBUG]	Validating SML
2022-07-07 23:47:54:776	[DEBUG]	Validating UtilityMod
2022-07-07 23:47:54:777	[DEBUG]	Validating SML
2022-07-07 23:47:54:777	[DEBUG]	Validating FactoryGame
2022-07-07 23:47:54:777	[DEBUG]	Validating InventorySpace2
2022-07-07 23:47:54:777	[DEBUG]	Validating SML
2022-07-07 23:47:54:777	[DEBUG]	Validating ContainerScreen
2022-07-07 23:47:54:777	[DEBUG]	Validating SML
2022-07-07 23:47:54:777	[DEBUG]	Validating PersonalDrones
2022-07-07 23:47:54:778	[DEBUG]	Validating SML
2022-07-07 23:47:54:778	[DEBUG]	Validating NoNewLabel
2022-07-07 23:47:54:778	[DEBUG]	Validating SML
2022-07-07 23:47:54:778	[DEBUG]	Validating TenTimesAwesomePoints
2022-07-07 23:47:54:778	[DEBUG]	Validating SML
2022-07-07 23:47:54:778	[DEBUG]	Validating NoEarlyAccess
2022-07-07 23:47:54:778	[DEBUG]	Validating SML
2022-07-07 23:47:54:778	[DEBUG]	Validating FlexSplines
2022-07-07 23:47:54:778	[DEBUG]	Validating SML
2022-07-07 23:47:54:778	[DEBUG]	Validating UndergroundBelts
2022-07-07 23:47:54:779	[DEBUG]	Validating SML
2022-07-07 23:47:54:779	[DEBUG]	Validating SpySat
2022-07-07 23:47:54:779	[DEBUG]	Validating SML
2022-07-07 23:47:54:779	[DEBUG]	Validating IconSign
2022-07-07 23:47:54:779	[DEBUG]	Validating SML
2022-07-07 23:47:54:779	[DEBUG]	Validating LaserBeacons
2022-07-07 23:47:54:779	[DEBUG]	Validating SML
2022-07-07 23:47:54:780	[DEBUG]	Validating OrganizedCrates
2022-07-07 23:47:54:780	[DEBUG]	Validating SML
2022-07-07 23:47:54:780	[DEBUG]	Validating ShowEnemiesHealth
2022-07-07 23:47:54:780	[DEBUG]	Validating SML
2022-07-07 23:47:54:780	[DEBUG]	Validating AlienArtifactsPoints
2022-07-07 23:47:54:780	[DEBUG]	Validating SML
2022-07-07 23:47:54:780	[DEBUG]	Validating RandomStart
2022-07-07 23:47:54:780	[DEBUG]	Validating SML
2022-07-07 23:52:56:076	[DEBUG]	Validating UtilityMod
2022-07-07 23:52:56:076	[DEBUG]	Validating SML
2022-07-07 23:52:56:077	[DEBUG]	Validating FactoryGame
2022-07-07 23:52:56:077	[DEBUG]	Validating InventorySpace2
2022-07-07 23:52:56:077	[DEBUG]	Validating SML
2022-07-07 23:52:56:077	[DEBUG]	Validating ContainerScreen
2022-07-07 23:52:56:078	[DEBUG]	Validating SML
2022-07-07 23:52:56:078	[DEBUG]	Validating PersonalDrones
2022-07-07 23:52:56:078	[DEBUG]	Validating SML
2022-07-07 23:52:56:078	[DEBUG]	Validating NoNewLabel
2022-07-07 23:52:56:078	[DEBUG]	Validating SML
2022-07-07 23:52:56:078	[DEBUG]	Validating TenTimesAwesomePoints
2022-07-07 23:52:56:078	[DEBUG]	Validating SML
2022-07-07 23:52:56:078	[DEBUG]	Validating NoEarlyAccess
2022-07-07 23:52:56:078	[DEBUG]	Validating SML
2022-07-07 23:52:56:078	[DEBUG]	Validating FlexSplines
2022-07-07 23:52:56:078	[DEBUG]	Validating SML
2022-07-07 23:52:56:079	[DEBUG]	Validating UndergroundBelts
2022-07-07 23:52:56:079	[DEBUG]	Validating SML
2022-07-07 23:52:56:079	[DEBUG]	Validating SpySat
2022-07-07 23:52:56:079	[DEBUG]	Validating SML
2022-07-07 23:52:56:079	[DEBUG]	Validating IconSign
2022-07-07 23:52:56:079	[DEBUG]	Validating SML
2022-07-07 23:52:56:080	[DEBUG]	Validating LaserBeacons
2022-07-07 23:52:56:080	[DEBUG]	Validating SML
2022-07-07 23:52:56:080	[DEBUG]	Validating OrganizedCrates
2022-07-07 23:52:56:080	[DEBUG]	Validating SML
2022-07-07 23:52:56:080	[DEBUG]	Validating ShowEnemiesHealth
2022-07-07 23:52:56:080	[DEBUG]	Validating SML
2022-07-07 23:52:56:080	[DEBUG]	Validating AlienArtifactsPoints
2022-07-07 23:52:56:080	[DEBUG]	Validating SML
2022-07-07 23:52:56:080	[DEBUG]	Validating RandomStart
2022-07-07 23:52:56:080	[DEBUG]	Validating SML
2022-07-07 23:57:58:191	[DEBUG]	Validating UtilityMod
2022-07-07 23:57:58:191	[DEBUG]	Validating SML
2022-07-07 23:57:58:191	[DEBUG]	Validating FactoryGame
2022-07-07 23:57:58:192	[DEBUG]	Validating InventorySpace2
2022-07-07 23:57:58:192	[DEBUG]	Validating SML
2022-07-07 23:57:58:192	[DEBUG]	Validating ContainerScreen
2022-07-07 23:57:58:192	[DEBUG]	Validating SML
2022-07-07 23:57:58:192	[DEBUG]	Validating PersonalDrones
2022-07-07 23:57:58:192	[DEBUG]	Validating SML
2022-07-07 23:57:58:192	[DEBUG]	Validating NoNewLabel
2022-07-07 23:57:58:192	[DEBUG]	Validating SML
2022-07-07 23:57:58:192	[DEBUG]	Validating TenTimesAwesomePoints
2022-07-07 23:57:58:192	[DEBUG]	Validating SML
2022-07-07 23:57:58:192	[DEBUG]	Validating NoEarlyAccess
2022-07-07 23:57:58:193	[DEBUG]	Validating SML
2022-07-07 23:57:58:193	[DEBUG]	Validating FlexSplines
2022-07-07 23:57:58:193	[DEBUG]	Validating SML
2022-07-07 23:57:58:193	[DEBUG]	Validating UndergroundBelts
2022-07-07 23:57:58:193	[DEBUG]	Validating SML
2022-07-07 23:57:58:193	[DEBUG]	Validating SpySat
2022-07-07 23:57:58:193	[DEBUG]	Validating SML
2022-07-07 23:57:58:193	[DEBUG]	Validating IconSign
2022-07-07 23:57:58:193	[DEBUG]	Validating SML
2022-07-07 23:57:58:193	[DEBUG]	Validating LaserBeacons
2022-07-07 23:57:58:193	[DEBUG]	Validating SML
2022-07-07 23:57:58:193	[DEBUG]	Validating OrganizedCrates
2022-07-07 23:57:58:193	[DEBUG]	Validating SML
2022-07-07 23:57:58:193	[DEBUG]	Validating ShowEnemiesHealth
2022-07-07 23:57:58:194	[DEBUG]	Validating SML
2022-07-07 23:57:58:194	[DEBUG]	Validating AlienArtifactsPoints
2022-07-07 23:57:58:194	[DEBUG]	Validating SML
2022-07-07 23:57:58:194	[DEBUG]	Validating RandomStart
2022-07-07 23:57:58:194	[DEBUG]	Validating SML

