2021-12-25 04:55:35:798	[DEBUG]	Failed to register win-ca
2021-12-25 04:55:35:802	[INFO]	Set debug mode to false
2021-12-25 04:55:36:557	[DEBUG]	Epic Games Launcher is not installed
2021-12-25 04:55:38:337	[DEBUG]	Setting profile to modded
2021-12-25 04:55:38:456	[DEBUG]	install: [], uninstall: [], enable: [], disable: [], update: []
2021-12-25 04:55:38:457	[DEBUG]	Items: {}
2021-12-25 04:55:38:459	[DEBUG]	Mismatches: {"install":{},"uninstall":[]}
2021-12-25 04:55:38:465	[DEBUG]	Forcing cache reload
2021-12-25 04:56:16:932	[DEBUG]	Setting profile to dcheva
2021-12-25 04:56:17:062	[DEBUG]	install: [], uninstall: [], enable: [], disable: [], update: []
2021-12-25 04:56:21:472	[DEBUG]	Validating MiniMap
2021-12-25 04:56:21:656	[DEBUG]	Validating SML
2021-12-25 04:56:22:181	[DEBUG]	Validating FactoryGame
2021-12-25 04:56:22:182	[DEBUG]	Validating Additional_300_Inventory_Slots
2021-12-25 04:56:22:361	[DEBUG]	Validating SML
2021-12-25 04:56:22:361	[DEBUG]	Validating MK22k20
2021-12-25 04:56:22:888	[DEBUG]	Validating SML
2021-12-25 04:56:22:888	[DEBUG]	Validating RefinedPower
2021-12-25 04:56:23:074	[DEBUG]	Validating ModularUI
2021-12-25 04:56:23:449	[DEBUG]	Validating SML
2021-12-25 04:56:23:449	[DEBUG]	Validating RefinedRDLib
2021-12-25 04:56:23:900	[DEBUG]	Validating SML
2021-12-25 04:56:23:900	[DEBUG]	Validating SML
2021-12-25 04:56:23:900	[DEBUG]	Validating SmartFoundations
2021-12-25 04:56:24:084	[DEBUG]	Validating SML
2021-12-25 04:56:24:084	[DEBUG]	Validating MoreMilestones
2021-12-25 04:56:24:278	[DEBUG]	Validating SML
2021-12-25 04:56:24:278	[DEBUG]	Validating OtherComp3
2021-12-25 04:56:24:645	[DEBUG]	Validating SML
2021-12-25 04:56:24:645	[DEBUG]	Validating ComplementMoreMilestone
2021-12-25 04:56:25:011	[DEBUG]	Validating SML
2021-12-25 04:56:25:012	[DEBUG]	Validating FloorHole
2021-12-25 04:56:25:193	[DEBUG]	Validating SML
2021-12-25 04:56:25:193	[DEBUG]	Validating StorageTeleporter
2021-12-25 04:56:25:376	[DEBUG]	Validating SML
2021-12-25 04:56:25:376	[DEBUG]	Validating UtilityMod
2021-12-25 04:56:25:889	[DEBUG]	Validating SML
2021-12-25 04:56:25:890	[DEBUG]	Items: {"MiniMap":"1.0.11","SML":"3.3.0","Additional_300_Inventory_Slots":"5.0.3","MK22k20":"5.1.5","RefinedPower":"3.0.6","ModularUI":"2.0.7","RefinedRDLib":"1.0.4","SmartFoundations":"17.0.11","MoreMilestones":"1.0.20","OtherComp3":"1.0.2","ComplementMoreMilestone":"1.0.3","FloorHole":"2.0.10","StorageTeleporter":"1.0.4","UtilityMod":"0.5.3"}
2021-12-25 04:56:25:890	[DEBUG]	Mismatches: {"install":{"SML":"3.3.0","MiniMap":"1.0.11","Additional_300_Inventory_Slots":"5.0.3","MK22k20":"5.1.5","RefinedPower":"3.0.6","ModularUI":"2.0.7","RefinedRDLib":"1.0.4","SmartFoundations":"17.0.11","MoreMilestones":"1.0.20","OtherComp3":"1.0.2","ComplementMoreMilestone":"1.0.3","FloorHole":"2.0.10","StorageTeleporter":"1.0.4","UtilityMod":"0.5.3"},"uninstall":[]}
2021-12-25 04:56:25:890	[DEBUG]	Copying SML to Satisfactory install
2021-12-25 04:56:25:891	[DEBUG]	Installing SML@3.3.0
2021-12-25 04:56:25:891	[DEBUG]	SML@3.3.0 is not cached. Downloading
2021-12-25 04:56:28:179	[DEBUG]	Copying MiniMap@1.0.11 to Satisfactory install
2021-12-25 04:56:28:179	[DEBUG]	Copying Additional_300_Inventory_Slots@5.0.3 to Satisfactory install
2021-12-25 04:56:28:179	[DEBUG]	Copying MK22k20@5.1.5 to Satisfactory install
2021-12-25 04:56:28:179	[DEBUG]	Copying RefinedPower@3.0.6 to Satisfactory install
2021-12-25 04:56:28:179	[DEBUG]	Copying ModularUI@2.0.7 to Satisfactory install
2021-12-25 04:56:28:180	[DEBUG]	Copying RefinedRDLib@1.0.4 to Satisfactory install
2021-12-25 04:56:28:180	[DEBUG]	Copying SmartFoundations@17.0.11 to Satisfactory install
2021-12-25 04:56:28:180	[DEBUG]	Copying MoreMilestones@1.0.20 to Satisfactory install
2021-12-25 04:56:28:180	[DEBUG]	Copying OtherComp3@1.0.2 to Satisfactory install
2021-12-25 04:56:28:180	[DEBUG]	Copying ComplementMoreMilestone@1.0.3 to Satisfactory install
2021-12-25 04:56:28:180	[DEBUG]	Copying FloorHole@2.0.10 to Satisfactory install
2021-12-25 04:56:28:180	[DEBUG]	Copying StorageTeleporter@1.0.4 to Satisfactory install
2021-12-25 04:56:28:180	[DEBUG]	Copying UtilityMod@0.5.3 to Satisfactory install
2021-12-25 04:56:28:180	[DEBUG]	MiniMap@1.0.11 is not downloaded. Downloading now.
2021-12-25 04:56:28:181	[DEBUG]	Additional_300_Inventory_Slots@5.0.3 is not downloaded. Downloading now.
2021-12-25 04:56:28:181	[DEBUG]	MK22k20@5.1.5 is not downloaded. Downloading now.
2021-12-25 04:56:28:181	[DEBUG]	RefinedPower@3.0.6 is not downloaded. Downloading now.
2021-12-25 04:56:28:181	[DEBUG]	ModularUI@2.0.7 is not downloaded. Downloading now.
2021-12-25 04:56:28:181	[DEBUG]	RefinedRDLib@1.0.4 is not downloaded. Downloading now.
2021-12-25 04:56:28:182	[DEBUG]	SmartFoundations@17.0.11 is not downloaded. Downloading now.
2021-12-25 04:56:28:182	[DEBUG]	MoreMilestones@1.0.20 is not downloaded. Downloading now.
2021-12-25 04:56:28:182	[DEBUG]	OtherComp3@1.0.2 is not downloaded. Downloading now.
2021-12-25 04:56:28:182	[DEBUG]	ComplementMoreMilestone@1.0.3 is not downloaded. Downloading now.
2021-12-25 04:56:28:182	[DEBUG]	FloorHole@2.0.10 is not downloaded. Downloading now.
2021-12-25 04:56:28:182	[DEBUG]	StorageTeleporter@1.0.4 is not downloaded. Downloading now.
2021-12-25 04:56:28:182	[DEBUG]	UtilityMod@0.5.3 is not downloaded. Downloading now.
2021-12-25 04:58:40:036	[DEBUG]	Setting profile to dcheva
2021-12-25 04:58:40:194	[DEBUG]	install: [], uninstall: [], enable: [], disable: [], update: []
2021-12-25 04:58:40:198	[DEBUG]	Validating SML
2021-12-25 04:58:40:198	[DEBUG]	Validating FactoryGame
2021-12-25 04:58:40:198	[DEBUG]	Validating ModularUI
2021-12-25 04:58:40:198	[DEBUG]	Validating RefinedRDLib
2021-12-25 04:58:40:198	[DEBUG]	Validating OtherComp3
2021-12-25 04:58:40:198	[DEBUG]	Validating ComplementMoreMilestone
2021-12-25 04:58:40:199	[DEBUG]	Validating MiniMap
2021-12-25 04:58:40:199	[DEBUG]	Validating Additional_300_Inventory_Slots
2021-12-25 04:58:40:199	[DEBUG]	Validating MK22k20
2021-12-25 04:58:40:199	[DEBUG]	Validating RefinedPower
2021-12-25 04:58:40:199	[DEBUG]	Validating SmartFoundations
2021-12-25 04:58:40:199	[DEBUG]	Validating MoreMilestones
2021-12-25 04:58:40:199	[DEBUG]	Validating FloorHole
2021-12-25 04:58:40:199	[DEBUG]	Validating StorageTeleporter
2021-12-25 04:58:40:199	[DEBUG]	Validating UtilityMod
2021-12-25 04:58:40:199	[DEBUG]	Items: {"MiniMap":"1.0.11","SML":"3.3.0","Additional_300_Inventory_Slots":"5.0.3","MK22k20":"5.1.5","RefinedPower":"3.0.6","ModularUI":"2.0.7","RefinedRDLib":"1.0.4","SmartFoundations":"17.0.11","MoreMilestones":"1.0.20","OtherComp3":"1.0.2","ComplementMoreMilestone":"1.0.3","FloorHole":"2.0.10","StorageTeleporter":"1.0.4","UtilityMod":"0.5.3"}
2021-12-25 04:58:40:238	[DEBUG]	Mismatches: {"install":{},"uninstall":[]}
2021-12-25 04:58:42:825	[DEBUG]	Validating MiniMap
2021-12-25 04:58:42:825	[DEBUG]	Validating SML
2021-12-25 04:58:42:826	[DEBUG]	Validating FactoryGame
2021-12-25 04:58:42:826	[DEBUG]	Validating Additional_300_Inventory_Slots
2021-12-25 04:58:42:827	[DEBUG]	Validating SML
2021-12-25 04:58:42:827	[DEBUG]	Validating MK22k20
2021-12-25 04:58:42:827	[DEBUG]	Validating SML
2021-12-25 04:58:42:827	[DEBUG]	Validating RefinedPower
2021-12-25 04:58:42:828	[DEBUG]	Validating ModularUI
2021-12-25 04:58:42:828	[DEBUG]	Validating SML
2021-12-25 04:58:42:828	[DEBUG]	Validating RefinedRDLib
2021-12-25 04:58:42:828	[DEBUG]	Validating SML
2021-12-25 04:58:42:828	[DEBUG]	Validating SML
2021-12-25 04:58:42:828	[DEBUG]	Validating SmartFoundations
2021-12-25 04:58:42:830	[DEBUG]	Validating SML
2021-12-25 04:58:42:830	[DEBUG]	Validating MoreMilestones
2021-12-25 04:58:42:831	[DEBUG]	Validating SML
2021-12-25 04:58:42:831	[DEBUG]	Validating OtherComp3
2021-12-25 04:58:42:831	[DEBUG]	Validating SML
2021-12-25 04:58:42:831	[DEBUG]	Validating ComplementMoreMilestone
2021-12-25 04:58:42:831	[DEBUG]	Validating SML
2021-12-25 04:58:42:831	[DEBUG]	Validating FloorHole
2021-12-25 04:58:42:832	[DEBUG]	Validating SML
2021-12-25 04:58:42:832	[DEBUG]	Validating StorageTeleporter
2021-12-25 04:58:42:832	[DEBUG]	Validating SML
2021-12-25 04:58:42:832	[DEBUG]	Validating UtilityMod
2021-12-25 04:58:42:832	[DEBUG]	Validating SML
2021-12-25 05:03:45:063	[DEBUG]	Validating MiniMap
2021-12-25 05:03:45:063	[DEBUG]	Validating SML
2021-12-25 05:03:45:063	[DEBUG]	Validating FactoryGame
2021-12-25 05:03:45:063	[DEBUG]	Validating Additional_300_Inventory_Slots
2021-12-25 05:03:45:064	[DEBUG]	Validating SML
2021-12-25 05:03:45:064	[DEBUG]	Validating MK22k20
2021-12-25 05:03:45:064	[DEBUG]	Validating SML
2021-12-25 05:03:45:064	[DEBUG]	Validating RefinedPower
2021-12-25 05:03:45:064	[DEBUG]	Validating ModularUI
2021-12-25 05:03:45:064	[DEBUG]	Validating SML
2021-12-25 05:03:45:065	[DEBUG]	Validating RefinedRDLib
2021-12-25 05:03:45:065	[DEBUG]	Validating SML
2021-12-25 05:03:45:065	[DEBUG]	Validating SML
2021-12-25 05:03:45:065	[DEBUG]	Validating SmartFoundations
2021-12-25 05:03:45:065	[DEBUG]	Validating SML
2021-12-25 05:03:45:065	[DEBUG]	Validating MoreMilestones
2021-12-25 05:03:45:066	[DEBUG]	Validating SML
2021-12-25 05:03:45:066	[DEBUG]	Validating OtherComp3
2021-12-25 05:03:45:066	[DEBUG]	Validating SML
2021-12-25 05:03:45:066	[DEBUG]	Validating ComplementMoreMilestone
2021-12-25 05:03:45:066	[DEBUG]	Validating SML
2021-12-25 05:03:45:066	[DEBUG]	Validating FloorHole
2021-12-25 05:03:45:066	[DEBUG]	Validating SML
2021-12-25 05:03:45:066	[DEBUG]	Validating StorageTeleporter
2021-12-25 05:03:45:067	[DEBUG]	Validating SML
2021-12-25 05:03:45:067	[DEBUG]	Validating UtilityMod
2021-12-25 05:03:45:067	[DEBUG]	Validating SML
2021-12-25 05:08:30:369	[INFO]	Installing LinearMotion
2021-12-25 05:08:30:594	[DEBUG]	install: [LinearMotion], uninstall: [], enable: [], disable: [], update: []
2021-12-25 05:08:31:117	[DEBUG]	Validating SML
2021-12-25 05:08:31:117	[DEBUG]	Validating FactoryGame
2021-12-25 05:08:31:117	[DEBUG]	Validating ModularUI
2021-12-25 05:08:31:117	[DEBUG]	Validating RefinedRDLib
2021-12-25 05:08:31:117	[DEBUG]	Validating OtherComp3
2021-12-25 05:08:31:117	[DEBUG]	Validating ComplementMoreMilestone
2021-12-25 05:08:31:117	[DEBUG]	Validating MiniMap
2021-12-25 05:08:31:117	[DEBUG]	Validating Additional_300_Inventory_Slots
2021-12-25 05:08:31:117	[DEBUG]	Validating MK22k20
2021-12-25 05:08:31:117	[DEBUG]	Validating RefinedPower
2021-12-25 05:08:31:117	[DEBUG]	Validating SmartFoundations
2021-12-25 05:08:31:117	[DEBUG]	Validating MoreMilestones
2021-12-25 05:08:31:117	[DEBUG]	Validating FloorHole
2021-12-25 05:08:31:117	[DEBUG]	Validating StorageTeleporter
2021-12-25 05:08:31:117	[DEBUG]	Validating UtilityMod
2021-12-25 05:08:31:117	[DEBUG]	Validating LinearMotion
2021-12-25 05:08:31:633	[DEBUG]	Validating SML
2021-12-25 05:08:31:633	[DEBUG]	Items: {"MiniMap":"1.0.11","SML":"3.3.0","Additional_300_Inventory_Slots":"5.0.3","MK22k20":"5.1.5","RefinedPower":"3.0.6","ModularUI":"2.0.7","RefinedRDLib":"1.0.4","SmartFoundations":"17.0.11","MoreMilestones":"1.0.20","OtherComp3":"1.0.2","ComplementMoreMilestone":"1.0.3","FloorHole":"2.0.10","StorageTeleporter":"1.0.4","UtilityMod":"0.5.3","LinearMotion":"2.0.12"}
2021-12-25 05:08:31:636	[DEBUG]	Mismatches: {"install":{"LinearMotion":"2.0.12"},"uninstall":[]}
2021-12-25 05:08:31:639	[DEBUG]	Copying LinearMotion@2.0.12 to Satisfactory install
2021-12-25 05:08:31:639	[DEBUG]	LinearMotion@2.0.12 is not downloaded. Downloading now.
2021-12-25 05:08:39:907	[INFO]	Installing DaisyChainPowerCables
2021-12-25 05:08:40:087	[DEBUG]	install: [DaisyChainPowerCables], uninstall: [], enable: [], disable: [], update: []
2021-12-25 05:08:40:614	[DEBUG]	Validating SML
2021-12-25 05:08:40:614	[DEBUG]	Validating FactoryGame
2021-12-25 05:08:40:615	[DEBUG]	Validating ModularUI
2021-12-25 05:08:40:615	[DEBUG]	Validating RefinedRDLib
2021-12-25 05:08:40:615	[DEBUG]	Validating OtherComp3
2021-12-25 05:08:40:615	[DEBUG]	Validating ComplementMoreMilestone
2021-12-25 05:08:40:615	[DEBUG]	Validating MiniMap
2021-12-25 05:08:40:615	[DEBUG]	Validating Additional_300_Inventory_Slots
2021-12-25 05:08:40:615	[DEBUG]	Validating MK22k20
2021-12-25 05:08:40:615	[DEBUG]	Validating RefinedPower
2021-12-25 05:08:40:615	[DEBUG]	Validating SmartFoundations
2021-12-25 05:08:40:615	[DEBUG]	Validating MoreMilestones
2021-12-25 05:08:40:615	[DEBUG]	Validating FloorHole
2021-12-25 05:08:40:615	[DEBUG]	Validating StorageTeleporter
2021-12-25 05:08:40:615	[DEBUG]	Validating UtilityMod
2021-12-25 05:08:40:615	[DEBUG]	Validating LinearMotion
2021-12-25 05:08:40:615	[DEBUG]	Validating DaisyChainPowerCables
2021-12-25 05:08:41:139	[DEBUG]	Validating SML
2021-12-25 05:08:41:140	[DEBUG]	Items: {"MiniMap":"1.0.11","SML":"3.3.0","Additional_300_Inventory_Slots":"5.0.3","MK22k20":"5.1.5","RefinedPower":"3.0.6","ModularUI":"2.0.7","RefinedRDLib":"1.0.4","SmartFoundations":"17.0.11","MoreMilestones":"1.0.20","OtherComp3":"1.0.2","ComplementMoreMilestone":"1.0.3","FloorHole":"2.0.10","StorageTeleporter":"1.0.4","UtilityMod":"0.5.3","LinearMotion":"2.0.12","DaisyChainPowerCables":"2.0.2"}
2021-12-25 05:08:41:146	[DEBUG]	Mismatches: {"install":{"DaisyChainPowerCables":"2.0.2"},"uninstall":[]}
2021-12-25 05:08:41:149	[DEBUG]	Copying DaisyChainPowerCables@2.0.2 to Satisfactory install
2021-12-25 05:08:41:149	[DEBUG]	DaisyChainPowerCables@2.0.2 is not downloaded. Downloading now.
2021-12-25 05:08:47:312	[DEBUG]	Validating MiniMap
2021-12-25 05:08:47:312	[DEBUG]	Validating SML
2021-12-25 05:08:47:312	[DEBUG]	Validating FactoryGame
2021-12-25 05:08:47:312	[DEBUG]	Validating Additional_300_Inventory_Slots
2021-12-25 05:08:47:313	[DEBUG]	Validating SML
2021-12-25 05:08:47:313	[DEBUG]	Validating MK22k20
2021-12-25 05:08:47:313	[DEBUG]	Validating SML
2021-12-25 05:08:47:313	[DEBUG]	Validating RefinedPower
2021-12-25 05:08:47:314	[DEBUG]	Validating ModularUI
2021-12-25 05:08:47:314	[DEBUG]	Validating SML
2021-12-25 05:08:47:314	[DEBUG]	Validating RefinedRDLib
2021-12-25 05:08:47:314	[DEBUG]	Validating SML
2021-12-25 05:08:47:314	[DEBUG]	Validating SML
2021-12-25 05:08:47:314	[DEBUG]	Validating SmartFoundations
2021-12-25 05:08:47:314	[DEBUG]	Validating SML
2021-12-25 05:08:47:315	[DEBUG]	Validating MoreMilestones
2021-12-25 05:08:47:315	[DEBUG]	Validating ComplementMoreMilestone
2021-12-25 05:08:47:316	[DEBUG]	Validating SML
2021-12-25 05:08:47:316	[DEBUG]	Validating OtherComp3
2021-12-25 05:08:47:316	[DEBUG]	Validating SML
2021-12-25 05:08:47:316	[DEBUG]	Validating SML
2021-12-25 05:08:47:316	[DEBUG]	Validating FloorHole
2021-12-25 05:08:47:316	[DEBUG]	Validating SML
2021-12-25 05:08:47:317	[DEBUG]	Validating StorageTeleporter
2021-12-25 05:08:47:317	[DEBUG]	Validating SML
2021-12-25 05:08:47:317	[DEBUG]	Validating UtilityMod
2021-12-25 05:08:47:317	[DEBUG]	Validating SML
2021-12-25 05:08:47:317	[DEBUG]	Validating LinearMotion
2021-12-25 05:08:47:317	[DEBUG]	Validating SML
2021-12-25 05:08:47:318	[DEBUG]	Validating DaisyChainPowerCables
2021-12-25 05:08:47:318	[DEBUG]	Validating SML
2021-12-25 05:09:04:694	[INFO]	Installing NoFog
2021-12-25 05:09:04:889	[DEBUG]	install: [NoFog], uninstall: [], enable: [], disable: [], update: []
2021-12-25 05:09:05:076	[DEBUG]	Validating SML
2021-12-25 05:09:05:076	[DEBUG]	Validating FactoryGame
2021-12-25 05:09:05:076	[DEBUG]	Validating ModularUI
2021-12-25 05:09:05:076	[DEBUG]	Validating RefinedRDLib
2021-12-25 05:09:05:076	[DEBUG]	Validating OtherComp3
2021-12-25 05:09:05:076	[DEBUG]	Validating ComplementMoreMilestone
2021-12-25 05:09:05:076	[DEBUG]	Validating MiniMap
2021-12-25 05:09:05:076	[DEBUG]	Validating Additional_300_Inventory_Slots
2021-12-25 05:09:05:076	[DEBUG]	Validating MK22k20
2021-12-25 05:09:05:076	[DEBUG]	Validating RefinedPower
2021-12-25 05:09:05:076	[DEBUG]	Validating SmartFoundations
2021-12-25 05:09:05:076	[DEBUG]	Validating MoreMilestones
2021-12-25 05:09:05:076	[DEBUG]	Validating FloorHole
2021-12-25 05:09:05:076	[DEBUG]	Validating StorageTeleporter
2021-12-25 05:09:05:076	[DEBUG]	Validating UtilityMod
2021-12-25 05:09:05:076	[DEBUG]	Validating LinearMotion
2021-12-25 05:09:05:076	[DEBUG]	Validating DaisyChainPowerCables
2021-12-25 05:09:05:076	[DEBUG]	Validating NoFog
2021-12-25 05:09:05:260	[DEBUG]	Validating SML
2021-12-25 05:09:05:260	[DEBUG]	Items: {"MiniMap":"1.0.11","SML":"3.3.0","Additional_300_Inventory_Slots":"5.0.3","MK22k20":"5.1.5","RefinedPower":"3.0.6","ModularUI":"2.0.7","RefinedRDLib":"1.0.4","SmartFoundations":"17.0.11","MoreMilestones":"1.0.20","OtherComp3":"1.0.2","ComplementMoreMilestone":"1.0.3","FloorHole":"2.0.10","StorageTeleporter":"1.0.4","UtilityMod":"0.5.3","LinearMotion":"2.0.12","DaisyChainPowerCables":"2.0.2","NoFog":"2.0.0"}
2021-12-25 05:09:05:268	[DEBUG]	Mismatches: {"install":{"NoFog":"2.0.0"},"uninstall":[]}
2021-12-25 05:09:05:271	[DEBUG]	Copying NoFog@2.0.0 to Satisfactory install
2021-12-25 05:09:05:271	[DEBUG]	NoFog@2.0.0 is not downloaded. Downloading now.
2021-12-25 05:13:49:600	[DEBUG]	Validating MiniMap
2021-12-25 05:13:49:601	[DEBUG]	Validating SML
2021-12-25 05:13:49:601	[DEBUG]	Validating FactoryGame
2021-12-25 05:13:49:601	[DEBUG]	Validating Additional_300_Inventory_Slots
2021-12-25 05:13:49:601	[DEBUG]	Validating SML
2021-12-25 05:13:49:601	[DEBUG]	Validating MK22k20
2021-12-25 05:13:49:603	[DEBUG]	Validating SML
2021-12-25 05:13:49:603	[DEBUG]	Validating RefinedPower
2021-12-25 05:13:49:604	[DEBUG]	Validating ModularUI
2021-12-25 05:13:49:604	[DEBUG]	Validating SML
2021-12-25 05:13:49:604	[DEBUG]	Validating RefinedRDLib
2021-12-25 05:13:49:604	[DEBUG]	Validating SML
2021-12-25 05:13:49:604	[DEBUG]	Validating SML
2021-12-25 05:13:49:604	[DEBUG]	Validating SmartFoundations
2021-12-25 05:13:49:605	[DEBUG]	Validating SML
2021-12-25 05:13:49:605	[DEBUG]	Validating MoreMilestones
2021-12-25 05:13:49:606	[DEBUG]	Validating SML
2021-12-25 05:13:49:606	[DEBUG]	Validating OtherComp3
2021-12-25 05:13:49:606	[DEBUG]	Validating SML
2021-12-25 05:13:49:606	[DEBUG]	Validating ComplementMoreMilestone
2021-12-25 05:13:49:606	[DEBUG]	Validating SML
2021-12-25 05:13:49:607	[DEBUG]	Validating FloorHole
2021-12-25 05:13:49:607	[DEBUG]	Validating SML
2021-12-25 05:13:49:607	[DEBUG]	Validating StorageTeleporter
2021-12-25 05:13:49:608	[DEBUG]	Validating SML
2021-12-25 05:13:49:608	[DEBUG]	Validating UtilityMod
2021-12-25 05:13:49:609	[DEBUG]	Validating SML
2021-12-25 05:13:49:609	[DEBUG]	Validating LinearMotion
2021-12-25 05:13:49:609	[DEBUG]	Validating SML
2021-12-25 05:13:49:609	[DEBUG]	Validating DaisyChainPowerCables
2021-12-25 05:13:49:610	[DEBUG]	Validating SML
2021-12-25 05:13:49:610	[DEBUG]	Validating NoFog
2021-12-25 05:13:49:610	[DEBUG]	Validating SML
2021-12-25 05:18:51:590	[DEBUG]	Validating MiniMap
2021-12-25 05:18:51:590	[DEBUG]	Validating SML
2021-12-25 05:18:51:591	[DEBUG]	Validating FactoryGame
2021-12-25 05:18:51:591	[DEBUG]	Validating Additional_300_Inventory_Slots
2021-12-25 05:18:51:591	[DEBUG]	Validating SML
2021-12-25 05:18:51:591	[DEBUG]	Validating MK22k20
2021-12-25 05:18:51:592	[DEBUG]	Validating SML
2021-12-25 05:18:51:592	[DEBUG]	Validating RefinedPower
2021-12-25 05:18:51:593	[DEBUG]	Validating ModularUI
2021-12-25 05:18:51:593	[DEBUG]	Validating SML
2021-12-25 05:18:51:593	[DEBUG]	Validating RefinedRDLib
2021-12-25 05:18:51:593	[DEBUG]	Validating SML
2021-12-25 05:18:51:593	[DEBUG]	Validating SML
2021-12-25 05:18:51:593	[DEBUG]	Validating SmartFoundations
2021-12-25 05:18:51:594	[DEBUG]	Validating SML
2021-12-25 05:18:51:595	[DEBUG]	Validating MoreMilestones
2021-12-25 05:18:51:596	[DEBUG]	Validating SML
2021-12-25 05:18:51:596	[DEBUG]	Validating OtherComp3
2021-12-25 05:18:51:596	[DEBUG]	Validating SML
2021-12-25 05:18:51:596	[DEBUG]	Validating ComplementMoreMilestone
2021-12-25 05:18:51:596	[DEBUG]	Validating SML
2021-12-25 05:18:51:596	[DEBUG]	Validating FloorHole
2021-12-25 05:18:51:597	[DEBUG]	Validating SML
2021-12-25 05:18:51:597	[DEBUG]	Validating StorageTeleporter
2021-12-25 05:18:51:597	[DEBUG]	Validating SML
2021-12-25 05:18:51:597	[DEBUG]	Validating UtilityMod
2021-12-25 05:18:51:598	[DEBUG]	Validating SML
2021-12-25 05:18:51:598	[DEBUG]	Validating LinearMotion
2021-12-25 05:18:51:599	[DEBUG]	Validating SML
2021-12-25 05:18:51:599	[DEBUG]	Validating DaisyChainPowerCables
2021-12-25 05:18:51:600	[DEBUG]	Validating SML
2021-12-25 05:18:51:600	[DEBUG]	Validating NoFog
2021-12-25 05:18:51:600	[DEBUG]	Validating SML
2021-12-25 05:23:53:904	[DEBUG]	Validating MiniMap
2021-12-25 05:23:53:907	[DEBUG]	Validating SML
2021-12-25 05:23:53:908	[DEBUG]	Validating FactoryGame
2021-12-25 05:23:53:908	[DEBUG]	Validating Additional_300_Inventory_Slots
2021-12-25 05:23:53:908	[DEBUG]	Validating SML
2021-12-25 05:23:53:908	[DEBUG]	Validating MK22k20
2021-12-25 05:23:53:909	[DEBUG]	Validating SML
2021-12-25 05:23:53:909	[DEBUG]	Validating RefinedPower
2021-12-25 05:23:53:910	[DEBUG]	Validating ModularUI
2021-12-25 05:23:53:910	[DEBUG]	Validating SML
2021-12-25 05:23:53:910	[DEBUG]	Validating RefinedRDLib
2021-12-25 05:23:53:910	[DEBUG]	Validating SML
2021-12-25 05:23:53:910	[DEBUG]	Validating SML
2021-12-25 05:23:53:910	[DEBUG]	Validating SmartFoundations
2021-12-25 05:23:53:911	[DEBUG]	Validating SML
2021-12-25 05:23:53:911	[DEBUG]	Validating MoreMilestones
2021-12-25 05:23:53:911	[DEBUG]	Validating ComplementMoreMilestone
2021-12-25 05:23:53:911	[DEBUG]	Validating SML
2021-12-25 05:23:53:911	[DEBUG]	Validating OtherComp3
2021-12-25 05:23:53:912	[DEBUG]	Validating SML
2021-12-25 05:23:53:912	[DEBUG]	Validating SML
2021-12-25 05:23:53:912	[DEBUG]	Validating FloorHole
2021-12-25 05:23:53:912	[DEBUG]	Validating SML
2021-12-25 05:23:53:912	[DEBUG]	Validating StorageTeleporter
2021-12-25 05:23:53:913	[DEBUG]	Validating SML
2021-12-25 05:23:53:913	[DEBUG]	Validating UtilityMod
2021-12-25 05:23:53:913	[DEBUG]	Validating SML
2021-12-25 05:23:53:913	[DEBUG]	Validating LinearMotion
2021-12-25 05:23:53:914	[DEBUG]	Validating SML
2021-12-25 05:23:53:914	[DEBUG]	Validating DaisyChainPowerCables
2021-12-25 05:23:53:914	[DEBUG]	Validating SML
2021-12-25 05:23:53:914	[DEBUG]	Validating NoFog
2021-12-25 05:23:53:914	[DEBUG]	Validating SML
2021-12-25 05:28:56:169	[DEBUG]	Validating MiniMap
2021-12-25 05:28:56:169	[DEBUG]	Validating SML
2021-12-25 05:28:56:169	[DEBUG]	Validating FactoryGame
2021-12-25 05:28:56:169	[DEBUG]	Validating Additional_300_Inventory_Slots
2021-12-25 05:28:56:169	[DEBUG]	Validating SML
2021-12-25 05:28:56:169	[DEBUG]	Validating MK22k20
2021-12-25 05:28:56:170	[DEBUG]	Validating SML
2021-12-25 05:28:56:170	[DEBUG]	Validating RefinedPower
2021-12-25 05:28:56:171	[DEBUG]	Validating ModularUI
2021-12-25 05:28:56:171	[DEBUG]	Validating SML
2021-12-25 05:28:56:171	[DEBUG]	Validating RefinedRDLib
2021-12-25 05:28:56:171	[DEBUG]	Validating SML
2021-12-25 05:28:56:171	[DEBUG]	Validating SML
2021-12-25 05:28:56:171	[DEBUG]	Validating SmartFoundations
2021-12-25 05:28:56:172	[DEBUG]	Validating SML
2021-12-25 05:28:56:172	[DEBUG]	Validating MoreMilestones
2021-12-25 05:28:56:173	[DEBUG]	Validating ComplementMoreMilestone
2021-12-25 05:28:56:173	[DEBUG]	Validating SML
2021-12-25 05:28:56:173	[DEBUG]	Validating OtherComp3
2021-12-25 05:28:56:173	[DEBUG]	Validating SML
2021-12-25 05:28:56:173	[DEBUG]	Validating SML
2021-12-25 05:28:56:174	[DEBUG]	Validating FloorHole
2021-12-25 05:28:56:174	[DEBUG]	Validating SML
2021-12-25 05:28:56:174	[DEBUG]	Validating StorageTeleporter
2021-12-25 05:28:56:174	[DEBUG]	Validating SML
2021-12-25 05:28:56:174	[DEBUG]	Validating UtilityMod
2021-12-25 05:28:56:175	[DEBUG]	Validating SML
2021-12-25 05:28:56:175	[DEBUG]	Validating LinearMotion
2021-12-25 05:28:56:175	[DEBUG]	Validating SML
2021-12-25 05:28:56:175	[DEBUG]	Validating DaisyChainPowerCables
2021-12-25 05:28:56:176	[DEBUG]	Validating SML
2021-12-25 05:28:56:176	[DEBUG]	Validating NoFog
2021-12-25 05:28:56:176	[DEBUG]	Validating SML
2021-12-25 05:33:58:694	[DEBUG]	Validating MiniMap
2021-12-25 05:33:58:695	[DEBUG]	Validating SML
2021-12-25 05:33:58:695	[DEBUG]	Validating FactoryGame
2021-12-25 05:33:58:695	[DEBUG]	Validating Additional_300_Inventory_Slots
2021-12-25 05:33:58:697	[DEBUG]	Validating SML
2021-12-25 05:33:58:697	[DEBUG]	Validating MK22k20
2021-12-25 05:33:58:697	[DEBUG]	Validating SML
2021-12-25 05:33:58:697	[DEBUG]	Validating RefinedPower
2021-12-25 05:33:58:698	[DEBUG]	Validating ModularUI
2021-12-25 05:33:58:698	[DEBUG]	Validating SML
2021-12-25 05:33:58:700	[DEBUG]	Validating RefinedRDLib
2021-12-25 05:33:58:700	[DEBUG]	Validating SML
2021-12-25 05:33:58:700	[DEBUG]	Validating SML
2021-12-25 05:33:58:700	[DEBUG]	Validating SmartFoundations
2021-12-25 05:33:58:701	[DEBUG]	Validating SML
2021-12-25 05:33:58:701	[DEBUG]	Validating MoreMilestones
2021-12-25 05:33:58:701	[DEBUG]	Validating SML
2021-12-25 05:33:58:701	[DEBUG]	Validating OtherComp3
2021-12-25 05:33:58:702	[DEBUG]	Validating SML
2021-12-25 05:33:58:702	[DEBUG]	Validating ComplementMoreMilestone
2021-12-25 05:33:58:702	[DEBUG]	Validating SML
2021-12-25 05:33:58:702	[DEBUG]	Validating FloorHole
2021-12-25 05:33:58:704	[DEBUG]	Validating SML
2021-12-25 05:33:58:704	[DEBUG]	Validating StorageTeleporter
2021-12-25 05:33:58:704	[DEBUG]	Validating SML
2021-12-25 05:33:58:704	[DEBUG]	Validating UtilityMod
2021-12-25 05:33:58:704	[DEBUG]	Validating SML
2021-12-25 05:33:58:704	[DEBUG]	Validating LinearMotion
2021-12-25 05:33:58:705	[DEBUG]	Validating SML
2021-12-25 05:33:58:705	[DEBUG]	Validating DaisyChainPowerCables
2021-12-25 05:33:58:705	[DEBUG]	Validating SML
2021-12-25 05:33:58:705	[DEBUG]	Validating NoFog
2021-12-25 05:33:58:705	[DEBUG]	Validating SML
2021-12-25 05:38:59:171	[DEBUG]	Validating MiniMap
2021-12-25 05:38:59:171	[DEBUG]	Validating SML
2021-12-25 05:38:59:172	[DEBUG]	Validating FactoryGame
2021-12-25 05:38:59:172	[DEBUG]	Validating Additional_300_Inventory_Slots
2021-12-25 05:38:59:172	[DEBUG]	Validating SML
2021-12-25 05:38:59:172	[DEBUG]	Validating MK22k20
2021-12-25 05:38:59:172	[DEBUG]	Validating SML
2021-12-25 05:38:59:172	[DEBUG]	Validating RefinedPower
2021-12-25 05:38:59:172	[DEBUG]	Validating ModularUI
2021-12-25 05:38:59:173	[DEBUG]	Validating SML
2021-12-25 05:38:59:173	[DEBUG]	Validating RefinedRDLib
2021-12-25 05:38:59:173	[DEBUG]	Validating SML
2021-12-25 05:38:59:173	[DEBUG]	Validating SML
2021-12-25 05:38:59:173	[DEBUG]	Validating SmartFoundations
2021-12-25 05:38:59:174	[DEBUG]	Validating SML
2021-12-25 05:38:59:174	[DEBUG]	Validating MoreMilestones
2021-12-25 05:38:59:175	[DEBUG]	Validating SML
2021-12-25 05:38:59:175	[DEBUG]	Validating OtherComp3
2021-12-25 05:38:59:175	[DEBUG]	Validating SML
2021-12-25 05:38:59:175	[DEBUG]	Validating ComplementMoreMilestone
2021-12-25 05:38:59:175	[DEBUG]	Validating SML
2021-12-25 05:38:59:175	[DEBUG]	Validating FloorHole
2021-12-25 05:38:59:176	[DEBUG]	Validating SML
2021-12-25 05:38:59:176	[DEBUG]	Validating StorageTeleporter
2021-12-25 05:38:59:177	[DEBUG]	Validating SML
2021-12-25 05:38:59:177	[DEBUG]	Validating UtilityMod
2021-12-25 05:38:59:177	[DEBUG]	Validating SML
2021-12-25 05:38:59:177	[DEBUG]	Validating LinearMotion
2021-12-25 05:38:59:178	[DEBUG]	Validating SML
2021-12-25 05:38:59:178	[DEBUG]	Validating DaisyChainPowerCables
2021-12-25 05:38:59:178	[DEBUG]	Validating SML
2021-12-25 05:38:59:178	[DEBUG]	Validating NoFog
2021-12-25 05:38:59:178	[DEBUG]	Validating SML
2021-12-25 05:44:01:448	[DEBUG]	Validating MiniMap
2021-12-25 05:44:01:449	[DEBUG]	Validating SML
2021-12-25 05:44:01:449	[DEBUG]	Validating FactoryGame
2021-12-25 05:44:01:449	[DEBUG]	Validating Additional_300_Inventory_Slots
2021-12-25 05:44:01:449	[DEBUG]	Validating SML
2021-12-25 05:44:01:449	[DEBUG]	Validating MK22k20
2021-12-25 05:44:01:450	[DEBUG]	Validating SML
2021-12-25 05:44:01:450	[DEBUG]	Validating RefinedPower
2021-12-25 05:44:01:450	[DEBUG]	Validating ModularUI
2021-12-25 05:44:01:451	[DEBUG]	Validating SML
2021-12-25 05:44:01:451	[DEBUG]	Validating RefinedRDLib
2021-12-25 05:44:01:451	[DEBUG]	Validating SML
2021-12-25 05:44:01:451	[DEBUG]	Validating SML
2021-12-25 05:44:01:451	[DEBUG]	Validating SmartFoundations
2021-12-25 05:44:01:451	[DEBUG]	Validating SML
2021-12-25 05:44:01:451	[DEBUG]	Validating MoreMilestones
2021-12-25 05:44:01:452	[DEBUG]	Validating ComplementMoreMilestone
2021-12-25 05:44:01:452	[DEBUG]	Validating SML
2021-12-25 05:44:01:452	[DEBUG]	Validating OtherComp3
2021-12-25 05:44:01:452	[DEBUG]	Validating SML
2021-12-25 05:44:01:452	[DEBUG]	Validating SML
2021-12-25 05:44:01:452	[DEBUG]	Validating FloorHole
2021-12-25 05:44:01:453	[DEBUG]	Validating SML
2021-12-25 05:44:01:453	[DEBUG]	Validating StorageTeleporter
2021-12-25 05:44:01:453	[DEBUG]	Validating SML
2021-12-25 05:44:01:453	[DEBUG]	Validating UtilityMod
2021-12-25 05:44:01:454	[DEBUG]	Validating SML
2021-12-25 05:44:01:454	[DEBUG]	Validating LinearMotion
2021-12-25 05:44:01:454	[DEBUG]	Validating SML
2021-12-25 05:44:01:454	[DEBUG]	Validating DaisyChainPowerCables
2021-12-25 05:44:01:454	[DEBUG]	Validating SML
2021-12-25 05:44:01:454	[DEBUG]	Validating NoFog
2021-12-25 05:44:01:455	[DEBUG]	Validating SML
2021-12-25 05:49:03:444	[DEBUG]	Validating MiniMap
2021-12-25 05:49:03:445	[DEBUG]	Validating SML
2021-12-25 05:49:03:445	[DEBUG]	Validating FactoryGame
2021-12-25 05:49:03:445	[DEBUG]	Validating Additional_300_Inventory_Slots
2021-12-25 05:49:03:445	[DEBUG]	Validating SML
2021-12-25 05:49:03:445	[DEBUG]	Validating MK22k20
2021-12-25 05:49:03:446	[DEBUG]	Validating SML
2021-12-25 05:49:03:446	[DEBUG]	Validating RefinedPower
2021-12-25 05:49:03:446	[DEBUG]	Validating ModularUI
2021-12-25 05:49:03:446	[DEBUG]	Validating SML
2021-12-25 05:49:03:446	[DEBUG]	Validating RefinedRDLib
2021-12-25 05:49:03:446	[DEBUG]	Validating SML
2021-12-25 05:49:03:446	[DEBUG]	Validating SML
2021-12-25 05:49:03:446	[DEBUG]	Validating SmartFoundations
2021-12-25 05:49:03:447	[DEBUG]	Validating SML
2021-12-25 05:49:03:447	[DEBUG]	Validating MoreMilestones
2021-12-25 05:49:03:447	[DEBUG]	Validating SML
2021-12-25 05:49:03:447	[DEBUG]	Validating OtherComp3
2021-12-25 05:49:03:448	[DEBUG]	Validating SML
2021-12-25 05:49:03:448	[DEBUG]	Validating ComplementMoreMilestone
2021-12-25 05:49:03:448	[DEBUG]	Validating SML
2021-12-25 05:49:03:448	[DEBUG]	Validating FloorHole
2021-12-25 05:49:03:448	[DEBUG]	Validating SML
2021-12-25 05:49:03:448	[DEBUG]	Validating StorageTeleporter
2021-12-25 05:49:03:449	[DEBUG]	Validating SML
2021-12-25 05:49:03:449	[DEBUG]	Validating UtilityMod
2021-12-25 05:49:03:449	[DEBUG]	Validating SML
2021-12-25 05:49:03:450	[DEBUG]	Validating LinearMotion
2021-12-25 05:49:03:450	[DEBUG]	Validating SML
2021-12-25 05:49:03:450	[DEBUG]	Validating DaisyChainPowerCables
2021-12-25 05:49:03:450	[DEBUG]	Validating SML
2021-12-25 05:49:03:450	[DEBUG]	Validating NoFog
2021-12-25 05:49:03:450	[DEBUG]	Validating SML
2021-12-25 05:54:05:597	[DEBUG]	Validating MiniMap
2021-12-25 05:54:05:597	[DEBUG]	Validating SML
2021-12-25 05:54:05:597	[DEBUG]	Validating FactoryGame
2021-12-25 05:54:05:597	[DEBUG]	Validating Additional_300_Inventory_Slots
2021-12-25 05:54:05:597	[DEBUG]	Validating SML
2021-12-25 05:54:05:597	[DEBUG]	Validating MK22k20
2021-12-25 05:54:05:598	[DEBUG]	Validating SML
2021-12-25 05:54:05:598	[DEBUG]	Validating RefinedPower
2021-12-25 05:54:05:598	[DEBUG]	Validating ModularUI
2021-12-25 05:54:05:598	[DEBUG]	Validating SML
2021-12-25 05:54:05:599	[DEBUG]	Validating RefinedRDLib
2021-12-25 05:54:05:599	[DEBUG]	Validating SML
2021-12-25 05:54:05:599	[DEBUG]	Validating SML
2021-12-25 05:54:05:599	[DEBUG]	Validating SmartFoundations
2021-12-25 05:54:05:600	[DEBUG]	Validating SML
2021-12-25 05:54:05:600	[DEBUG]	Validating MoreMilestones
2021-12-25 05:54:05:601	[DEBUG]	Validating SML
2021-12-25 05:54:05:601	[DEBUG]	Validating OtherComp3
2021-12-25 05:54:05:601	[DEBUG]	Validating SML
2021-12-25 05:54:05:601	[DEBUG]	Validating ComplementMoreMilestone
2021-12-25 05:54:05:601	[DEBUG]	Validating SML
2021-12-25 05:54:05:601	[DEBUG]	Validating FloorHole
2021-12-25 05:54:05:601	[DEBUG]	Validating SML
2021-12-25 05:54:05:601	[DEBUG]	Validating StorageTeleporter
2021-12-25 05:54:05:602	[DEBUG]	Validating SML
2021-12-25 05:54:05:602	[DEBUG]	Validating UtilityMod
2021-12-25 05:54:05:603	[DEBUG]	Validating SML
2021-12-25 05:54:05:603	[DEBUG]	Validating LinearMotion
2021-12-25 05:54:05:603	[DEBUG]	Validating SML
2021-12-25 05:54:05:603	[DEBUG]	Validating DaisyChainPowerCables
2021-12-25 05:54:05:603	[DEBUG]	Validating SML
2021-12-25 05:54:05:604	[DEBUG]	Validating NoFog
2021-12-25 05:54:05:604	[DEBUG]	Validating SML
2021-12-25 05:59:06:114	[DEBUG]	Failed to register win-ca
2021-12-25 05:59:06:118	[INFO]	Set debug mode to false
2021-12-25 05:59:06:857	[DEBUG]	Epic Games Launcher is not installed
2021-12-25 05:59:08:573	[DEBUG]	Setting profile to dcheva
2021-12-25 05:59:08:696	[DEBUG]	install: [], uninstall: [], enable: [], disable: [], update: []
2021-12-25 05:59:10:648	[DEBUG]	Validating SML
2021-12-25 05:59:10:648	[DEBUG]	Validating FactoryGame
2021-12-25 05:59:10:648	[DEBUG]	Validating ModularUI
2021-12-25 05:59:10:649	[DEBUG]	Validating RefinedRDLib
2021-12-25 05:59:10:649	[DEBUG]	Validating OtherComp3
2021-12-25 05:59:10:649	[DEBUG]	Validating ComplementMoreMilestone
2021-12-25 05:59:10:649	[DEBUG]	Validating MiniMap
2021-12-25 05:59:10:649	[DEBUG]	Validating Additional_300_Inventory_Slots
2021-12-25 05:59:10:649	[DEBUG]	Validating MK22k20
2021-12-25 05:59:10:649	[DEBUG]	Validating RefinedPower
2021-12-25 05:59:10:649	[DEBUG]	Validating SmartFoundations
2021-12-25 05:59:10:649	[DEBUG]	Validating MoreMilestones
2021-12-25 05:59:10:649	[DEBUG]	Validating FloorHole
2021-12-25 05:59:10:649	[DEBUG]	Validating StorageTeleporter
2021-12-25 05:59:10:649	[DEBUG]	Validating UtilityMod
2021-12-25 05:59:10:649	[DEBUG]	Validating LinearMotion
2021-12-25 05:59:10:649	[DEBUG]	Validating DaisyChainPowerCables
2021-12-25 05:59:10:649	[DEBUG]	Validating NoFog
2021-12-25 05:59:10:649	[DEBUG]	Items: {"MiniMap":"1.0.11","SML":"3.3.0","Additional_300_Inventory_Slots":"5.0.3","MK22k20":"5.1.5","RefinedPower":"3.0.6","ModularUI":"2.0.7","RefinedRDLib":"1.0.4","SmartFoundations":"17.0.11","MoreMilestones":"1.0.20","OtherComp3":"1.0.2","ComplementMoreMilestone":"1.0.3","FloorHole":"2.0.10","StorageTeleporter":"1.0.4","UtilityMod":"0.5.3","LinearMotion":"2.0.12","DaisyChainPowerCables":"2.0.2","NoFog":"2.0.0"}
2021-12-25 05:59:10:655	[DEBUG]	Mismatches: {"install":{},"uninstall":[]}
2021-12-25 05:59:10:666	[DEBUG]	Forcing cache reload
2021-12-25 05:59:15:325	[DEBUG]	Validating MiniMap
2021-12-25 05:59:15:327	[DEBUG]	Validating SML
2021-12-25 05:59:15:327	[DEBUG]	Validating FactoryGame
2021-12-25 05:59:15:331	[DEBUG]	Validating Additional_300_Inventory_Slots
2021-12-25 05:59:15:332	[DEBUG]	Validating SML
2021-12-25 05:59:15:332	[DEBUG]	Validating MK22k20
2021-12-25 05:59:15:335	[DEBUG]	Validating SML
2021-12-25 05:59:15:335	[DEBUG]	Validating RefinedPower
2021-12-25 05:59:15:339	[DEBUG]	Validating ModularUI
2021-12-25 05:59:15:524	[DEBUG]	Validating SML
2021-12-25 05:59:15:524	[DEBUG]	Validating RefinedRDLib
2021-12-25 05:59:15:706	[DEBUG]	Validating SML
2021-12-25 05:59:15:706	[DEBUG]	Validating SML
2021-12-25 05:59:15:706	[DEBUG]	Validating SmartFoundations
2021-12-25 05:59:15:711	[DEBUG]	Validating SML
2021-12-25 05:59:15:711	[DEBUG]	Validating MoreMilestones
2021-12-25 05:59:15:723	[DEBUG]	Validating SML
2021-12-25 05:59:15:723	[DEBUG]	Validating OtherComp3
2021-12-25 05:59:15:905	[DEBUG]	Validating SML
2021-12-25 05:59:15:905	[DEBUG]	Validating ComplementMoreMilestone
2021-12-25 05:59:16:088	[DEBUG]	Validating SML
2021-12-25 05:59:16:088	[DEBUG]	Validating FloorHole
2021-12-25 05:59:16:090	[DEBUG]	Validating SML
2021-12-25 05:59:16:090	[DEBUG]	Validating StorageTeleporter
2021-12-25 05:59:16:093	[DEBUG]	Validating SML
2021-12-25 05:59:16:094	[DEBUG]	Validating UtilityMod
2021-12-25 05:59:16:095	[DEBUG]	Validating SML
2021-12-25 05:59:16:095	[DEBUG]	Validating LinearMotion
2021-12-25 05:59:16:096	[DEBUG]	Validating SML
2021-12-25 05:59:16:096	[DEBUG]	Validating DaisyChainPowerCables
2021-12-25 05:59:16:097	[DEBUG]	Validating SML
2021-12-25 05:59:16:098	[DEBUG]	Validating NoFog
2021-12-25 05:59:16:098	[DEBUG]	Validating SML
2021-12-25 06:04:18:332	[DEBUG]	Validating MiniMap
2021-12-25 06:04:18:332	[DEBUG]	Validating SML
2021-12-25 06:04:18:332	[DEBUG]	Validating FactoryGame
2021-12-25 06:04:18:332	[DEBUG]	Validating Additional_300_Inventory_Slots
2021-12-25 06:04:18:333	[DEBUG]	Validating SML
2021-12-25 06:04:18:333	[DEBUG]	Validating MK22k20
2021-12-25 06:04:18:333	[DEBUG]	Validating SML
2021-12-25 06:04:18:333	[DEBUG]	Validating RefinedPower
2021-12-25 06:04:18:334	[DEBUG]	Validating ModularUI
2021-12-25 06:04:18:334	[DEBUG]	Validating SML
2021-12-25 06:04:18:334	[DEBUG]	Validating RefinedRDLib
2021-12-25 06:04:18:334	[DEBUG]	Validating SML
2021-12-25 06:04:18:335	[DEBUG]	Validating SML
2021-12-25 06:04:18:335	[DEBUG]	Validating SmartFoundations
2021-12-25 06:04:18:335	[DEBUG]	Validating SML
2021-12-25 06:04:18:335	[DEBUG]	Validating MoreMilestones
2021-12-25 06:04:18:336	[DEBUG]	Validating SML
2021-12-25 06:04:18:336	[DEBUG]	Validating OtherComp3
2021-12-25 06:04:18:337	[DEBUG]	Validating SML
2021-12-25 06:04:18:337	[DEBUG]	Validating ComplementMoreMilestone
2021-12-25 06:04:18:337	[DEBUG]	Validating SML
2021-12-25 06:04:18:337	[DEBUG]	Validating FloorHole
2021-12-25 06:04:18:338	[DEBUG]	Validating SML
2021-12-25 06:04:18:339	[DEBUG]	Validating StorageTeleporter
2021-12-25 06:04:18:340	[DEBUG]	Validating SML
2021-12-25 06:04:18:340	[DEBUG]	Validating UtilityMod
2021-12-25 06:04:18:340	[DEBUG]	Validating SML
2021-12-25 06:04:18:340	[DEBUG]	Validating LinearMotion
2021-12-25 06:04:18:341	[DEBUG]	Validating SML
2021-12-25 06:04:18:341	[DEBUG]	Validating DaisyChainPowerCables
2021-12-25 06:04:18:342	[DEBUG]	Validating SML
2021-12-25 06:04:18:342	[DEBUG]	Validating NoFog
2021-12-25 06:04:18:342	[DEBUG]	Validating SML
2021-12-25 06:09:20:528	[DEBUG]	Validating MiniMap
2021-12-25 06:09:20:529	[DEBUG]	Validating SML
2021-12-25 06:09:20:529	[DEBUG]	Validating FactoryGame
2021-12-25 06:09:20:529	[DEBUG]	Validating Additional_300_Inventory_Slots
2021-12-25 06:09:20:530	[DEBUG]	Validating SML
2021-12-25 06:09:20:530	[DEBUG]	Validating MK22k20
2021-12-25 06:09:20:530	[DEBUG]	Validating SML
2021-12-25 06:09:20:530	[DEBUG]	Validating RefinedPower
2021-12-25 06:09:20:531	[DEBUG]	Validating ModularUI
2021-12-25 06:09:20:532	[DEBUG]	Validating SML
2021-12-25 06:09:20:532	[DEBUG]	Validating RefinedRDLib
2021-12-25 06:09:20:532	[DEBUG]	Validating SML
2021-12-25 06:09:20:532	[DEBUG]	Validating SML
2021-12-25 06:09:20:532	[DEBUG]	Validating SmartFoundations
2021-12-25 06:09:20:532	[DEBUG]	Validating SML
2021-12-25 06:09:20:532	[DEBUG]	Validating MoreMilestones
2021-12-25 06:09:20:533	[DEBUG]	Validating SML
2021-12-25 06:09:20:533	[DEBUG]	Validating OtherComp3
2021-12-25 06:09:20:533	[DEBUG]	Validating SML
2021-12-25 06:09:20:533	[DEBUG]	Validating ComplementMoreMilestone
2021-12-25 06:09:20:533	[DEBUG]	Validating SML
2021-12-25 06:09:20:533	[DEBUG]	Validating FloorHole
2021-12-25 06:09:20:534	[DEBUG]	Validating SML
2021-12-25 06:09:20:534	[DEBUG]	Validating StorageTeleporter
2021-12-25 06:09:20:534	[DEBUG]	Validating SML
2021-12-25 06:09:20:535	[DEBUG]	Validating UtilityMod
2021-12-25 06:09:20:535	[DEBUG]	Validating SML
2021-12-25 06:09:20:535	[DEBUG]	Validating LinearMotion
2021-12-25 06:09:20:536	[DEBUG]	Validating SML
2021-12-25 06:09:20:536	[DEBUG]	Validating DaisyChainPowerCables
2021-12-25 06:09:20:536	[DEBUG]	Validating SML
2021-12-25 06:09:20:536	[DEBUG]	Validating NoFog
2021-12-25 06:09:20:537	[DEBUG]	Validating SML
2021-12-25 06:14:22:739	[DEBUG]	Validating MiniMap
2021-12-25 06:14:22:740	[DEBUG]	Validating SML
2021-12-25 06:14:22:741	[DEBUG]	Validating FactoryGame
2021-12-25 06:14:22:741	[DEBUG]	Validating Additional_300_Inventory_Slots
2021-12-25 06:14:22:741	[DEBUG]	Validating SML
2021-12-25 06:14:22:741	[DEBUG]	Validating MK22k20
2021-12-25 06:14:22:741	[DEBUG]	Validating SML
2021-12-25 06:14:22:741	[DEBUG]	Validating RefinedPower
2021-12-25 06:14:22:742	[DEBUG]	Validating ModularUI
2021-12-25 06:14:22:743	[DEBUG]	Validating SML
2021-12-25 06:14:22:743	[DEBUG]	Validating RefinedRDLib
2021-12-25 06:14:22:743	[DEBUG]	Validating SML
2021-12-25 06:14:22:743	[DEBUG]	Validating SML
2021-12-25 06:14:22:743	[DEBUG]	Validating SmartFoundations
2021-12-25 06:14:22:744	[DEBUG]	Validating SML
2021-12-25 06:14:22:744	[DEBUG]	Validating MoreMilestones
2021-12-25 06:14:22:745	[DEBUG]	Validating SML
2021-12-25 06:14:22:745	[DEBUG]	Validating OtherComp3
2021-12-25 06:14:22:745	[DEBUG]	Validating SML
2021-12-25 06:14:22:745	[DEBUG]	Validating ComplementMoreMilestone
2021-12-25 06:14:22:745	[DEBUG]	Validating SML
2021-12-25 06:14:22:745	[DEBUG]	Validating FloorHole
2021-12-25 06:14:22:745	[DEBUG]	Validating SML
2021-12-25 06:14:22:745	[DEBUG]	Validating StorageTeleporter
2021-12-25 06:14:22:746	[DEBUG]	Validating SML
2021-12-25 06:14:22:746	[DEBUG]	Validating UtilityMod
2021-12-25 06:14:22:746	[DEBUG]	Validating SML
2021-12-25 06:14:22:747	[DEBUG]	Validating LinearMotion
2021-12-25 06:14:22:747	[DEBUG]	Validating SML
2021-12-25 06:14:22:747	[DEBUG]	Validating DaisyChainPowerCables
2021-12-25 06:14:22:747	[DEBUG]	Validating SML
2021-12-25 06:14:22:747	[DEBUG]	Validating NoFog
2021-12-25 06:14:22:748	[DEBUG]	Validating SML
2021-12-25 06:19:25:788	[DEBUG]	Validating MiniMap
2021-12-25 06:19:25:789	[DEBUG]	Validating SML
2021-12-25 06:19:25:789	[DEBUG]	Validating FactoryGame
2021-12-25 06:19:25:789	[DEBUG]	Validating Additional_300_Inventory_Slots
2021-12-25 06:19:25:789	[DEBUG]	Validating SML
2021-12-25 06:19:25:789	[DEBUG]	Validating MK22k20
2021-12-25 06:19:25:790	[DEBUG]	Validating SML
2021-12-25 06:19:25:790	[DEBUG]	Validating RefinedPower
2021-12-25 06:19:25:791	[DEBUG]	Validating ModularUI
2021-12-25 06:19:25:792	[DEBUG]	Validating SML
2021-12-25 06:19:25:792	[DEBUG]	Validating RefinedRDLib
2021-12-25 06:19:25:792	[DEBUG]	Validating SML
2021-12-25 06:19:25:794	[DEBUG]	Validating SML
2021-12-25 06:19:25:795	[DEBUG]	Validating SmartFoundations
2021-12-25 06:19:25:796	[DEBUG]	Validating SML
2021-12-25 06:19:25:796	[DEBUG]	Validating MoreMilestones
2021-12-25 06:19:25:797	[DEBUG]	Validating ComplementMoreMilestone
2021-12-25 06:19:25:798	[DEBUG]	Validating SML
2021-12-25 06:19:25:798	[DEBUG]	Validating OtherComp3
2021-12-25 06:19:25:798	[DEBUG]	Validating SML
2021-12-25 06:19:25:799	[DEBUG]	Validating SML
2021-12-25 06:19:25:799	[DEBUG]	Validating FloorHole
2021-12-25 06:19:25:799	[DEBUG]	Validating SML
2021-12-25 06:19:25:799	[DEBUG]	Validating StorageTeleporter
2021-12-25 06:19:25:800	[DEBUG]	Validating SML
2021-12-25 06:19:25:800	[DEBUG]	Validating UtilityMod
2021-12-25 06:19:25:800	[DEBUG]	Validating SML
2021-12-25 06:19:25:801	[DEBUG]	Validating LinearMotion
2021-12-25 06:19:25:801	[DEBUG]	Validating SML
2021-12-25 06:19:25:801	[DEBUG]	Validating DaisyChainPowerCables
2021-12-25 06:19:25:802	[DEBUG]	Validating SML
2021-12-25 06:19:25:802	[DEBUG]	Validating NoFog
2021-12-25 06:19:25:802	[DEBUG]	Validating SML
2021-12-25 06:24:29:214	[DEBUG]	Validating MiniMap
2021-12-25 06:24:29:214	[DEBUG]	Validating SML
2021-12-25 06:24:29:214	[DEBUG]	Validating FactoryGame
2021-12-25 06:24:29:214	[DEBUG]	Validating Additional_300_Inventory_Slots
2021-12-25 06:24:29:214	[DEBUG]	Validating SML
2021-12-25 06:24:29:215	[DEBUG]	Validating MK22k20
2021-12-25 06:24:29:217	[DEBUG]	Validating SML
2021-12-25 06:24:29:217	[DEBUG]	Validating RefinedPower
2021-12-25 06:24:29:218	[DEBUG]	Validating ModularUI
2021-12-25 06:24:29:218	[DEBUG]	Validating SML
2021-12-25 06:24:29:218	[DEBUG]	Validating RefinedRDLib
2021-12-25 06:24:29:218	[DEBUG]	Validating SML
2021-12-25 06:24:29:219	[DEBUG]	Validating SML
2021-12-25 06:24:29:219	[DEBUG]	Validating SmartFoundations
2021-12-25 06:24:29:219	[DEBUG]	Validating SML
2021-12-25 06:24:29:219	[DEBUG]	Validating MoreMilestones
2021-12-25 06:24:29:220	[DEBUG]	Validating SML
2021-12-25 06:24:29:221	[DEBUG]	Validating OtherComp3
2021-12-25 06:24:29:221	[DEBUG]	Validating SML
2021-12-25 06:24:29:221	[DEBUG]	Validating ComplementMoreMilestone
2021-12-25 06:24:29:221	[DEBUG]	Validating SML
2021-12-25 06:24:29:221	[DEBUG]	Validating FloorHole
2021-12-25 06:24:29:224	[DEBUG]	Validating SML
2021-12-25 06:24:29:225	[DEBUG]	Validating StorageTeleporter
2021-12-25 06:24:29:228	[DEBUG]	Validating SML
2021-12-25 06:24:29:228	[DEBUG]	Validating UtilityMod
2021-12-25 06:24:29:230	[DEBUG]	Validating SML
2021-12-25 06:24:29:230	[DEBUG]	Validating LinearMotion
2021-12-25 06:24:29:230	[DEBUG]	Validating SML
2021-12-25 06:24:29:230	[DEBUG]	Validating DaisyChainPowerCables
2021-12-25 06:24:29:232	[DEBUG]	Validating SML
2021-12-25 06:24:29:232	[DEBUG]	Validating NoFog
2021-12-25 06:24:29:232	[DEBUG]	Validating SML
2021-12-25 06:29:31:651	[DEBUG]	Validating MiniMap
2021-12-25 06:29:31:651	[DEBUG]	Validating SML
2021-12-25 06:29:31:651	[DEBUG]	Validating FactoryGame
2021-12-25 06:29:31:651	[DEBUG]	Validating Additional_300_Inventory_Slots
2021-12-25 06:29:31:652	[DEBUG]	Validating SML
2021-12-25 06:29:31:652	[DEBUG]	Validating MK22k20
2021-12-25 06:29:31:652	[DEBUG]	Validating SML
2021-12-25 06:29:31:652	[DEBUG]	Validating RefinedPower
2021-12-25 06:29:31:653	[DEBUG]	Validating ModularUI
2021-12-25 06:29:31:653	[DEBUG]	Validating SML
2021-12-25 06:29:31:653	[DEBUG]	Validating RefinedRDLib
2021-12-25 06:29:31:653	[DEBUG]	Validating SML
2021-12-25 06:29:31:653	[DEBUG]	Validating SML
2021-12-25 06:29:31:654	[DEBUG]	Validating SmartFoundations
2021-12-25 06:29:31:654	[DEBUG]	Validating SML
2021-12-25 06:29:31:654	[DEBUG]	Validating MoreMilestones
2021-12-25 06:29:31:655	[DEBUG]	Validating SML
2021-12-25 06:29:31:655	[DEBUG]	Validating OtherComp3
2021-12-25 06:29:31:655	[DEBUG]	Validating SML
2021-12-25 06:29:31:655	[DEBUG]	Validating ComplementMoreMilestone
2021-12-25 06:29:31:655	[DEBUG]	Validating SML
2021-12-25 06:29:31:655	[DEBUG]	Validating FloorHole
2021-12-25 06:29:31:655	[DEBUG]	Validating SML
2021-12-25 06:29:31:656	[DEBUG]	Validating StorageTeleporter
2021-12-25 06:29:31:656	[DEBUG]	Validating SML
2021-12-25 06:29:31:656	[DEBUG]	Validating UtilityMod
2021-12-25 06:29:31:656	[DEBUG]	Validating SML
2021-12-25 06:29:31:656	[DEBUG]	Validating LinearMotion
2021-12-25 06:29:31:657	[DEBUG]	Validating SML
2021-12-25 06:29:31:658	[DEBUG]	Validating DaisyChainPowerCables
2021-12-25 06:29:31:658	[DEBUG]	Validating SML
2021-12-25 06:29:31:658	[DEBUG]	Validating NoFog
2021-12-25 06:29:31:659	[DEBUG]	Validating SML
2021-12-25 06:34:34:754	[DEBUG]	Validating MiniMap
2021-12-25 06:34:34:755	[DEBUG]	Validating SML
2021-12-25 06:34:34:755	[DEBUG]	Validating FactoryGame
2021-12-25 06:34:34:755	[DEBUG]	Validating Additional_300_Inventory_Slots
2021-12-25 06:34:34:756	[DEBUG]	Validating SML
2021-12-25 06:34:34:756	[DEBUG]	Validating MK22k20
2021-12-25 06:34:34:757	[DEBUG]	Validating SML
2021-12-25 06:34:34:757	[DEBUG]	Validating RefinedPower
2021-12-25 06:34:34:758	[DEBUG]	Validating ModularUI
2021-12-25 06:34:34:758	[DEBUG]	Validating SML
2021-12-25 06:34:34:759	[DEBUG]	Validating RefinedRDLib
2021-12-25 06:34:34:760	[DEBUG]	Validating SML
2021-12-25 06:34:34:760	[DEBUG]	Validating SML
2021-12-25 06:34:34:760	[DEBUG]	Validating SmartFoundations
2021-12-25 06:34:34:760	[DEBUG]	Validating SML
2021-12-25 06:34:34:760	[DEBUG]	Validating MoreMilestones
2021-12-25 06:34:34:765	[DEBUG]	Validating SML
2021-12-25 06:34:34:765	[DEBUG]	Validating OtherComp3
2021-12-25 06:34:34:767	[DEBUG]	Validating SML
2021-12-25 06:34:34:767	[DEBUG]	Validating ComplementMoreMilestone
2021-12-25 06:34:34:772	[DEBUG]	Validating SML
2021-12-25 06:34:34:773	[DEBUG]	Validating FloorHole
2021-12-25 06:34:34:775	[DEBUG]	Validating SML
2021-12-25 06:34:34:775	[DEBUG]	Validating StorageTeleporter
2021-12-25 06:34:34:777	[DEBUG]	Validating SML
2021-12-25 06:34:34:777	[DEBUG]	Validating UtilityMod
2021-12-25 06:34:34:777	[DEBUG]	Validating SML
2021-12-25 06:34:34:778	[DEBUG]	Validating LinearMotion
2021-12-25 06:34:34:780	[DEBUG]	Validating SML
2021-12-25 06:34:34:780	[DEBUG]	Validating DaisyChainPowerCables
2021-12-25 06:34:34:781	[DEBUG]	Validating SML
2021-12-25 06:34:34:782	[DEBUG]	Validating NoFog
2021-12-25 06:34:34:783	[DEBUG]	Validating SML
2021-12-25 06:39:37:555	[DEBUG]	Validating MiniMap
2021-12-25 06:39:37:555	[DEBUG]	Validating SML
2021-12-25 06:39:37:556	[DEBUG]	Validating FactoryGame
2021-12-25 06:39:37:556	[DEBUG]	Validating Additional_300_Inventory_Slots
2021-12-25 06:39:37:556	[DEBUG]	Validating SML
2021-12-25 06:39:37:556	[DEBUG]	Validating MK22k20
2021-12-25 06:39:37:557	[DEBUG]	Validating SML
2021-12-25 06:39:37:557	[DEBUG]	Validating RefinedPower
2021-12-25 06:39:37:557	[DEBUG]	Validating ModularUI
2021-12-25 06:39:37:558	[DEBUG]	Validating SML
2021-12-25 06:39:37:558	[DEBUG]	Validating RefinedRDLib
2021-12-25 06:39:37:558	[DEBUG]	Validating SML
2021-12-25 06:39:37:558	[DEBUG]	Validating SML
2021-12-25 06:39:37:558	[DEBUG]	Validating SmartFoundations
2021-12-25 06:39:37:558	[DEBUG]	Validating SML
2021-12-25 06:39:37:558	[DEBUG]	Validating MoreMilestones
2021-12-25 06:39:37:560	[DEBUG]	Validating SML
2021-12-25 06:39:37:560	[DEBUG]	Validating OtherComp3
2021-12-25 06:39:37:560	[DEBUG]	Validating SML
2021-12-25 06:39:37:560	[DEBUG]	Validating ComplementMoreMilestone
2021-12-25 06:39:37:560	[DEBUG]	Validating SML
2021-12-25 06:39:37:560	[DEBUG]	Validating FloorHole
2021-12-25 06:39:37:560	[DEBUG]	Validating SML
2021-12-25 06:39:37:560	[DEBUG]	Validating StorageTeleporter
2021-12-25 06:39:37:561	[DEBUG]	Validating SML
2021-12-25 06:39:37:561	[DEBUG]	Validating UtilityMod
2021-12-25 06:39:37:561	[DEBUG]	Validating SML
2021-12-25 06:39:37:561	[DEBUG]	Validating LinearMotion
2021-12-25 06:39:37:562	[DEBUG]	Validating SML
2021-12-25 06:39:37:562	[DEBUG]	Validating DaisyChainPowerCables
2021-12-25 06:39:37:562	[DEBUG]	Validating SML
2021-12-25 06:39:37:564	[DEBUG]	Validating NoFog
2021-12-25 06:39:37:565	[DEBUG]	Validating SML
2021-12-25 06:44:44:489	[DEBUG]	Validating MiniMap
2021-12-25 06:44:44:489	[DEBUG]	Validating SML
2021-12-25 06:44:44:489	[DEBUG]	Validating FactoryGame
2021-12-25 06:44:44:490	[DEBUG]	Validating Additional_300_Inventory_Slots
2021-12-25 06:44:44:490	[DEBUG]	Validating SML
2021-12-25 06:44:44:490	[DEBUG]	Validating MK22k20
2021-12-25 06:44:44:491	[DEBUG]	Validating SML
2021-12-25 06:44:44:491	[DEBUG]	Validating RefinedPower
2021-12-25 06:44:44:491	[DEBUG]	Validating ModularUI
2021-12-25 06:44:44:492	[DEBUG]	Validating SML
2021-12-25 06:44:44:492	[DEBUG]	Validating RefinedRDLib
2021-12-25 06:44:44:492	[DEBUG]	Validating SML
2021-12-25 06:44:44:492	[DEBUG]	Validating SML
2021-12-25 06:44:44:492	[DEBUG]	Validating SmartFoundations
2021-12-25 06:44:44:492	[DEBUG]	Validating SML
2021-12-25 06:44:44:492	[DEBUG]	Validating MoreMilestones
2021-12-25 06:44:44:493	[DEBUG]	Validating SML
2021-12-25 06:44:44:493	[DEBUG]	Validating OtherComp3
2021-12-25 06:44:44:493	[DEBUG]	Validating SML
2021-12-25 06:44:44:493	[DEBUG]	Validating ComplementMoreMilestone
2021-12-25 06:44:44:493	[DEBUG]	Validating SML
2021-12-25 06:44:44:493	[DEBUG]	Validating FloorHole
2021-12-25 06:44:44:493	[DEBUG]	Validating SML
2021-12-25 06:44:44:493	[DEBUG]	Validating StorageTeleporter
2021-12-25 06:44:44:493	[DEBUG]	Validating SML
2021-12-25 06:44:44:493	[DEBUG]	Validating UtilityMod
2021-12-25 06:44:44:494	[DEBUG]	Validating SML
2021-12-25 06:44:44:494	[DEBUG]	Validating LinearMotion
2021-12-25 06:44:44:494	[DEBUG]	Validating SML
2021-12-25 06:44:44:495	[DEBUG]	Validating DaisyChainPowerCables
2021-12-25 06:44:44:495	[DEBUG]	Validating SML
2021-12-25 06:44:44:495	[DEBUG]	Validating NoFog
2021-12-25 06:44:44:495	[DEBUG]	Validating SML
2021-12-25 06:49:47:724	[DEBUG]	Validating MiniMap
2021-12-25 06:49:47:724	[DEBUG]	Validating SML
2021-12-25 06:49:47:724	[DEBUG]	Validating FactoryGame
2021-12-25 06:49:47:724	[DEBUG]	Validating Additional_300_Inventory_Slots
2021-12-25 06:49:47:725	[DEBUG]	Validating SML
2021-12-25 06:49:47:725	[DEBUG]	Validating MK22k20
2021-12-25 06:49:47:725	[DEBUG]	Validating SML
2021-12-25 06:49:47:725	[DEBUG]	Validating RefinedPower
2021-12-25 06:49:47:726	[DEBUG]	Validating ModularUI
2021-12-25 06:49:47:726	[DEBUG]	Validating SML
2021-12-25 06:49:47:726	[DEBUG]	Validating RefinedRDLib
2021-12-25 06:49:47:726	[DEBUG]	Validating SML
2021-12-25 06:49:47:726	[DEBUG]	Validating SML
2021-12-25 06:49:47:726	[DEBUG]	Validating SmartFoundations
2021-12-25 06:49:47:728	[DEBUG]	Validating SML
2021-12-25 06:49:47:728	[DEBUG]	Validating MoreMilestones
2021-12-25 06:49:47:729	[DEBUG]	Validating SML
2021-12-25 06:49:47:729	[DEBUG]	Validating OtherComp3
2021-12-25 06:49:47:729	[DEBUG]	Validating SML
2021-12-25 06:49:47:729	[DEBUG]	Validating ComplementMoreMilestone
2021-12-25 06:49:47:729	[DEBUG]	Validating SML
2021-12-25 06:49:47:729	[DEBUG]	Validating FloorHole
2021-12-25 06:49:47:730	[DEBUG]	Validating SML
2021-12-25 06:49:47:730	[DEBUG]	Validating StorageTeleporter
2021-12-25 06:49:47:730	[DEBUG]	Validating SML
2021-12-25 06:49:47:730	[DEBUG]	Validating UtilityMod
2021-12-25 06:49:47:730	[DEBUG]	Validating SML
2021-12-25 06:49:47:731	[DEBUG]	Validating LinearMotion
2021-12-25 06:49:47:731	[DEBUG]	Validating SML
2021-12-25 06:49:47:731	[DEBUG]	Validating DaisyChainPowerCables
2021-12-25 06:49:47:731	[DEBUG]	Validating SML
2021-12-25 06:49:47:732	[DEBUG]	Validating NoFog
2021-12-25 06:49:47:733	[DEBUG]	Validating SML
2021-12-25 06:54:50:755	[DEBUG]	Validating MiniMap
2021-12-25 06:54:50:756	[DEBUG]	Validating SML
2021-12-25 06:54:50:756	[DEBUG]	Validating FactoryGame
2021-12-25 06:54:50:756	[DEBUG]	Validating Additional_300_Inventory_Slots
2021-12-25 06:54:50:756	[DEBUG]	Validating SML
2021-12-25 06:54:50:757	[DEBUG]	Validating MK22k20
2021-12-25 06:54:50:758	[DEBUG]	Validating SML
2021-12-25 06:54:50:758	[DEBUG]	Validating RefinedPower
2021-12-25 06:54:50:759	[DEBUG]	Validating ModularUI
2021-12-25 06:54:50:759	[DEBUG]	Validating SML
2021-12-25 06:54:50:759	[DEBUG]	Validating RefinedRDLib
2021-12-25 06:54:50:759	[DEBUG]	Validating SML
2021-12-25 06:54:50:760	[DEBUG]	Validating SML
2021-12-25 06:54:50:760	[DEBUG]	Validating SmartFoundations
2021-12-25 06:54:50:761	[DEBUG]	Validating SML
2021-12-25 06:54:50:761	[DEBUG]	Validating MoreMilestones
2021-12-25 06:54:50:762	[DEBUG]	Validating ComplementMoreMilestone
2021-12-25 06:54:50:762	[DEBUG]	Validating SML
2021-12-25 06:54:50:762	[DEBUG]	Validating OtherComp3
2021-12-25 06:54:50:763	[DEBUG]	Validating SML
2021-12-25 06:54:50:763	[DEBUG]	Validating SML
2021-12-25 06:54:50:763	[DEBUG]	Validating FloorHole
2021-12-25 06:54:50:763	[DEBUG]	Validating SML
2021-12-25 06:54:50:763	[DEBUG]	Validating StorageTeleporter
2021-12-25 06:54:50:764	[DEBUG]	Validating SML
2021-12-25 06:54:50:764	[DEBUG]	Validating UtilityMod
2021-12-25 06:54:50:764	[DEBUG]	Validating SML
2021-12-25 06:54:50:764	[DEBUG]	Validating LinearMotion
2021-12-25 06:54:50:765	[DEBUG]	Validating SML
2021-12-25 06:54:50:766	[DEBUG]	Validating DaisyChainPowerCables
2021-12-25 06:54:50:766	[DEBUG]	Validating SML
2021-12-25 06:54:50:766	[DEBUG]	Validating NoFog
2021-12-25 06:54:50:767	[DEBUG]	Validating SML
2021-12-25 06:59:53:740	[DEBUG]	Validating MiniMap
2021-12-25 06:59:53:741	[DEBUG]	Validating SML
2021-12-25 06:59:53:742	[DEBUG]	Validating FactoryGame
2021-12-25 06:59:53:742	[DEBUG]	Validating Additional_300_Inventory_Slots
2021-12-25 06:59:53:742	[DEBUG]	Validating SML
2021-12-25 06:59:53:742	[DEBUG]	Validating MK22k20
2021-12-25 06:59:53:743	[DEBUG]	Validating SML
2021-12-25 06:59:53:743	[DEBUG]	Validating RefinedPower
2021-12-25 06:59:53:744	[DEBUG]	Validating ModularUI
2021-12-25 06:59:53:744	[DEBUG]	Validating SML
2021-12-25 06:59:53:744	[DEBUG]	Validating RefinedRDLib
2021-12-25 06:59:53:744	[DEBUG]	Validating SML
2021-12-25 06:59:53:745	[DEBUG]	Validating SML
2021-12-25 06:59:53:745	[DEBUG]	Validating SmartFoundations
2021-12-25 06:59:53:746	[DEBUG]	Validating SML
2021-12-25 06:59:53:746	[DEBUG]	Validating MoreMilestones
2021-12-25 06:59:53:746	[DEBUG]	Validating ComplementMoreMilestone
2021-12-25 06:59:53:746	[DEBUG]	Validating SML
2021-12-25 06:59:53:746	[DEBUG]	Validating OtherComp3
2021-12-25 06:59:53:747	[DEBUG]	Validating SML
2021-12-25 06:59:53:747	[DEBUG]	Validating SML
2021-12-25 06:59:53:747	[DEBUG]	Validating FloorHole
2021-12-25 06:59:53:748	[DEBUG]	Validating SML
2021-12-25 06:59:53:748	[DEBUG]	Validating StorageTeleporter
2021-12-25 06:59:53:749	[DEBUG]	Validating SML
2021-12-25 06:59:53:749	[DEBUG]	Validating UtilityMod
2021-12-25 06:59:53:749	[DEBUG]	Validating SML
2021-12-25 06:59:53:750	[DEBUG]	Validating LinearMotion
2021-12-25 06:59:53:751	[DEBUG]	Validating SML
2021-12-25 06:59:53:751	[DEBUG]	Validating DaisyChainPowerCables
2021-12-25 06:59:53:751	[DEBUG]	Validating SML
2021-12-25 06:59:53:751	[DEBUG]	Validating NoFog
2021-12-25 06:59:53:752	[DEBUG]	Validating SML
2021-12-25 07:05:00:473	[DEBUG]	Validating MiniMap
2021-12-25 07:05:00:474	[DEBUG]	Validating SML
2021-12-25 07:05:00:474	[DEBUG]	Validating FactoryGame
2021-12-25 07:05:00:474	[DEBUG]	Validating Additional_300_Inventory_Slots
2021-12-25 07:05:00:474	[DEBUG]	Validating SML
2021-12-25 07:05:00:475	[DEBUG]	Validating MK22k20
2021-12-25 07:05:00:475	[DEBUG]	Validating SML
2021-12-25 07:05:00:475	[DEBUG]	Validating RefinedPower
2021-12-25 07:05:00:477	[DEBUG]	Validating ModularUI
2021-12-25 07:05:00:477	[DEBUG]	Validating SML
2021-12-25 07:05:00:477	[DEBUG]	Validating RefinedRDLib
2021-12-25 07:05:00:478	[DEBUG]	Validating SML
2021-12-25 07:05:00:478	[DEBUG]	Validating SML
2021-12-25 07:05:00:478	[DEBUG]	Validating SmartFoundations
2021-12-25 07:05:00:479	[DEBUG]	Validating SML
2021-12-25 07:05:00:481	[DEBUG]	Validating MoreMilestones
2021-12-25 07:05:00:482	[DEBUG]	Validating SML
2021-12-25 07:05:00:483	[DEBUG]	Validating OtherComp3
2021-12-25 07:05:00:483	[DEBUG]	Validating SML
2021-12-25 07:05:00:483	[DEBUG]	Validating ComplementMoreMilestone
2021-12-25 07:05:00:483	[DEBUG]	Validating SML
2021-12-25 07:05:00:483	[DEBUG]	Validating FloorHole
2021-12-25 07:05:00:483	[DEBUG]	Validating SML
2021-12-25 07:05:00:484	[DEBUG]	Validating StorageTeleporter
2021-12-25 07:05:00:484	[DEBUG]	Validating SML
2021-12-25 07:05:00:484	[DEBUG]	Validating UtilityMod
2021-12-25 07:05:00:484	[DEBUG]	Validating SML
2021-12-25 07:05:00:485	[DEBUG]	Validating LinearMotion
2021-12-25 07:05:00:485	[DEBUG]	Validating SML
2021-12-25 07:05:00:485	[DEBUG]	Validating DaisyChainPowerCables
2021-12-25 07:05:00:485	[DEBUG]	Validating SML
2021-12-25 07:05:00:485	[DEBUG]	Validating NoFog
2021-12-25 07:05:00:485	[DEBUG]	Validating SML
2021-12-25 07:10:03:539	[DEBUG]	Validating MiniMap
2021-12-25 07:10:03:539	[DEBUG]	Validating SML
2021-12-25 07:10:03:539	[DEBUG]	Validating FactoryGame
2021-12-25 07:10:03:539	[DEBUG]	Validating Additional_300_Inventory_Slots
2021-12-25 07:10:03:539	[DEBUG]	Validating SML
2021-12-25 07:10:03:540	[DEBUG]	Validating MK22k20
2021-12-25 07:10:03:540	[DEBUG]	Validating SML
2021-12-25 07:10:03:540	[DEBUG]	Validating RefinedPower
2021-12-25 07:10:03:541	[DEBUG]	Validating ModularUI
2021-12-25 07:10:03:541	[DEBUG]	Validating SML
2021-12-25 07:10:03:541	[DEBUG]	Validating RefinedRDLib
2021-12-25 07:10:03:541	[DEBUG]	Validating SML
2021-12-25 07:10:03:541	[DEBUG]	Validating SML
2021-12-25 07:10:03:541	[DEBUG]	Validating SmartFoundations
2021-12-25 07:10:03:542	[DEBUG]	Validating SML
2021-12-25 07:10:03:542	[DEBUG]	Validating MoreMilestones
2021-12-25 07:10:03:543	[DEBUG]	Validating ComplementMoreMilestone
2021-12-25 07:10:03:543	[DEBUG]	Validating SML
2021-12-25 07:10:03:543	[DEBUG]	Validating OtherComp3
2021-12-25 07:10:03:543	[DEBUG]	Validating SML
2021-12-25 07:10:03:543	[DEBUG]	Validating SML
2021-12-25 07:10:03:543	[DEBUG]	Validating FloorHole
2021-12-25 07:10:03:543	[DEBUG]	Validating SML
2021-12-25 07:10:03:543	[DEBUG]	Validating StorageTeleporter
2021-12-25 07:10:03:544	[DEBUG]	Validating SML
2021-12-25 07:10:03:544	[DEBUG]	Validating UtilityMod
2021-12-25 07:10:03:545	[DEBUG]	Validating SML
2021-12-25 07:10:03:545	[DEBUG]	Validating LinearMotion
2021-12-25 07:10:03:545	[DEBUG]	Validating SML
2021-12-25 07:10:03:545	[DEBUG]	Validating DaisyChainPowerCables
2021-12-25 07:10:03:546	[DEBUG]	Validating SML
2021-12-25 07:10:03:546	[DEBUG]	Validating NoFog
2021-12-25 07:10:03:546	[DEBUG]	Validating SML
2021-12-25 07:15:06:689	[DEBUG]	Validating MiniMap
2021-12-25 07:15:06:689	[DEBUG]	Validating SML
2021-12-25 07:15:06:689	[DEBUG]	Validating FactoryGame
2021-12-25 07:15:06:689	[DEBUG]	Validating Additional_300_Inventory_Slots
2021-12-25 07:15:06:689	[DEBUG]	Validating SML
2021-12-25 07:15:06:689	[DEBUG]	Validating MK22k20
2021-12-25 07:15:06:690	[DEBUG]	Validating SML
2021-12-25 07:15:06:690	[DEBUG]	Validating RefinedPower
2021-12-25 07:15:06:690	[DEBUG]	Validating ModularUI
2021-12-25 07:15:06:690	[DEBUG]	Validating SML
2021-12-25 07:15:06:690	[DEBUG]	Validating RefinedRDLib
2021-12-25 07:15:06:691	[DEBUG]	Validating SML
2021-12-25 07:15:06:691	[DEBUG]	Validating SML
2021-12-25 07:15:06:691	[DEBUG]	Validating SmartFoundations
2021-12-25 07:15:06:692	[DEBUG]	Validating SML
2021-12-25 07:15:06:692	[DEBUG]	Validating MoreMilestones
2021-12-25 07:15:06:694	[DEBUG]	Validating SML
2021-12-25 07:15:06:694	[DEBUG]	Validating OtherComp3
2021-12-25 07:15:06:694	[DEBUG]	Validating SML
2021-12-25 07:15:06:694	[DEBUG]	Validating ComplementMoreMilestone
2021-12-25 07:15:06:694	[DEBUG]	Validating SML
2021-12-25 07:15:06:695	[DEBUG]	Validating FloorHole
2021-12-25 07:15:06:695	[DEBUG]	Validating SML
2021-12-25 07:15:06:695	[DEBUG]	Validating StorageTeleporter
2021-12-25 07:15:06:696	[DEBUG]	Validating SML
2021-12-25 07:15:06:696	[DEBUG]	Validating UtilityMod
2021-12-25 07:15:06:696	[DEBUG]	Validating SML
2021-12-25 07:15:06:696	[DEBUG]	Validating LinearMotion
2021-12-25 07:15:06:696	[DEBUG]	Validating SML
2021-12-25 07:15:06:697	[DEBUG]	Validating DaisyChainPowerCables
2021-12-25 07:15:06:697	[DEBUG]	Validating SML
2021-12-25 07:15:06:697	[DEBUG]	Validating NoFog
2021-12-25 07:15:06:697	[DEBUG]	Validating SML
2021-12-25 07:20:09:632	[DEBUG]	Validating MiniMap
2021-12-25 07:20:09:632	[DEBUG]	Validating SML
2021-12-25 07:20:09:633	[DEBUG]	Validating FactoryGame
2021-12-25 07:20:09:633	[DEBUG]	Validating Additional_300_Inventory_Slots
2021-12-25 07:20:09:633	[DEBUG]	Validating SML
2021-12-25 07:20:09:633	[DEBUG]	Validating MK22k20
2021-12-25 07:20:09:634	[DEBUG]	Validating SML
2021-12-25 07:20:09:634	[DEBUG]	Validating RefinedPower
2021-12-25 07:20:09:635	[DEBUG]	Validating ModularUI
2021-12-25 07:20:09:635	[DEBUG]	Validating SML
2021-12-25 07:20:09:636	[DEBUG]	Validating RefinedRDLib
2021-12-25 07:20:09:636	[DEBUG]	Validating SML
2021-12-25 07:20:09:636	[DEBUG]	Validating SML
2021-12-25 07:20:09:636	[DEBUG]	Validating SmartFoundations
2021-12-25 07:20:09:638	[DEBUG]	Validating SML
2021-12-25 07:20:09:638	[DEBUG]	Validating MoreMilestones
2021-12-25 07:20:09:640	[DEBUG]	Validating SML
2021-12-25 07:20:09:643	[DEBUG]	Validating OtherComp3
2021-12-25 07:20:09:643	[DEBUG]	Validating SML
2021-12-25 07:20:09:643	[DEBUG]	Validating ComplementMoreMilestone
2021-12-25 07:20:09:644	[DEBUG]	Validating SML
2021-12-25 07:20:09:644	[DEBUG]	Validating FloorHole
2021-12-25 07:20:09:645	[DEBUG]	Validating SML
2021-12-25 07:20:09:645	[DEBUG]	Validating StorageTeleporter
2021-12-25 07:20:09:646	[DEBUG]	Validating SML
2021-12-25 07:20:09:646	[DEBUG]	Validating UtilityMod
2021-12-25 07:20:09:647	[DEBUG]	Validating SML
2021-12-25 07:20:09:647	[DEBUG]	Validating LinearMotion
2021-12-25 07:20:09:648	[DEBUG]	Validating SML
2021-12-25 07:20:09:648	[DEBUG]	Validating DaisyChainPowerCables
2021-12-25 07:20:09:648	[DEBUG]	Validating SML
2021-12-25 07:20:09:648	[DEBUG]	Validating NoFog
2021-12-25 07:20:09:649	[DEBUG]	Validating SML
2021-12-25 07:25:12:221	[DEBUG]	Validating MiniMap
2021-12-25 07:25:12:221	[DEBUG]	Validating SML
2021-12-25 07:25:12:221	[DEBUG]	Validating FactoryGame
2021-12-25 07:25:12:221	[DEBUG]	Validating Additional_300_Inventory_Slots
2021-12-25 07:25:12:222	[DEBUG]	Validating SML
2021-12-25 07:25:12:222	[DEBUG]	Validating MK22k20
2021-12-25 07:25:12:222	[DEBUG]	Validating SML
2021-12-25 07:25:12:222	[DEBUG]	Validating RefinedPower
2021-12-25 07:25:12:223	[DEBUG]	Validating ModularUI
2021-12-25 07:25:12:223	[DEBUG]	Validating SML
2021-12-25 07:25:12:223	[DEBUG]	Validating RefinedRDLib
2021-12-25 07:25:12:223	[DEBUG]	Validating SML
2021-12-25 07:25:12:223	[DEBUG]	Validating SML
2021-12-25 07:25:12:223	[DEBUG]	Validating SmartFoundations
2021-12-25 07:25:12:224	[DEBUG]	Validating SML
2021-12-25 07:25:12:224	[DEBUG]	Validating MoreMilestones
2021-12-25 07:25:12:224	[DEBUG]	Validating ComplementMoreMilestone
2021-12-25 07:25:12:224	[DEBUG]	Validating SML
2021-12-25 07:25:12:225	[DEBUG]	Validating OtherComp3
2021-12-25 07:25:12:225	[DEBUG]	Validating SML
2021-12-25 07:25:12:225	[DEBUG]	Validating SML
2021-12-25 07:25:12:225	[DEBUG]	Validating FloorHole
2021-12-25 07:25:12:226	[DEBUG]	Validating SML
2021-12-25 07:25:12:226	[DEBUG]	Validating StorageTeleporter
2021-12-25 07:25:12:226	[DEBUG]	Validating SML
2021-12-25 07:25:12:226	[DEBUG]	Validating UtilityMod
2021-12-25 07:25:12:226	[DEBUG]	Validating SML
2021-12-25 07:25:12:226	[DEBUG]	Validating LinearMotion
2021-12-25 07:25:12:227	[DEBUG]	Validating SML
2021-12-25 07:25:12:227	[DEBUG]	Validating DaisyChainPowerCables
2021-12-25 07:25:12:227	[DEBUG]	Validating SML
2021-12-25 07:25:12:227	[DEBUG]	Validating NoFog
2021-12-25 07:25:12:228	[DEBUG]	Validating SML
