
2022-07-08 00:03:00:976	[DEBUG]	Validating UtilityMod
2022-07-08 00:03:00:977	[DEBUG]	Validating SML
2022-07-08 00:03:00:977	[DEBUG]	Validating FactoryGame
2022-07-08 00:03:00:977	[DEBUG]	Validating InventorySpace2
2022-07-08 00:03:00:977	[DEBUG]	Validating SML
2022-07-08 00:03:00:978	[DEBUG]	Validating ContainerScreen
2022-07-08 00:03:00:978	[DEBUG]	Validating SML
2022-07-08 00:03:00:978	[DEBUG]	Validating PersonalDrones
2022-07-08 00:03:00:978	[DEBUG]	Validating SML
2022-07-08 00:03:00:978	[DEBUG]	Validating NoNewLabel
2022-07-08 00:03:00:978	[DEBUG]	Validating SML
2022-07-08 00:03:00:978	[DEBUG]	Validating TenTimesAwesomePoints
2022-07-08 00:03:00:978	[DEBUG]	Validating SML
2022-07-08 00:03:00:978	[DEBUG]	Validating NoEarlyAccess
2022-07-08 00:03:00:978	[DEBUG]	Validating SML
2022-07-08 00:03:00:978	[DEBUG]	Validating FlexSplines
2022-07-08 00:03:00:978	[DEBUG]	Validating SML
2022-07-08 00:03:00:978	[DEBUG]	Validating UndergroundBelts
2022-07-08 00:03:00:979	[DEBUG]	Validating SML
2022-07-08 00:03:00:979	[DEBUG]	Validating SpySat
2022-07-08 00:03:00:979	[DEBUG]	Validating SML
2022-07-08 00:03:00:979	[DEBUG]	Validating IconSign
2022-07-08 00:03:00:979	[DEBUG]	Validating SML
2022-07-08 00:03:00:979	[DEBUG]	Validating LaserBeacons
2022-07-08 00:03:00:979	[DEBUG]	Validating SML
2022-07-08 00:03:00:979	[DEBUG]	Validating OrganizedCrates
2022-07-08 00:03:00:979	[DEBUG]	Validating SML
2022-07-08 00:03:00:979	[DEBUG]	Validating ShowEnemiesHealth
2022-07-08 00:03:00:980	[DEBUG]	Validating SML
2022-07-08 00:03:00:980	[DEBUG]	Validating AlienArtifactsPoints
2022-07-08 00:03:00:980	[DEBUG]	Validating SML
2022-07-08 00:03:00:980	[DEBUG]	Validating RandomStart
2022-07-08 00:03:00:980	[DEBUG]	Validating SML
2022-07-08 00:08:03:192	[DEBUG]	Validating UtilityMod
2022-07-08 00:08:03:192	[DEBUG]	Validating SML
2022-07-08 00:08:03:192	[DEBUG]	Validating FactoryGame
2022-07-08 00:08:03:192	[DEBUG]	Validating InventorySpace2
2022-07-08 00:08:03:192	[DEBUG]	Validating SML
2022-07-08 00:08:03:192	[DEBUG]	Validating ContainerScreen
2022-07-08 00:08:03:193	[DEBUG]	Validating SML
2022-07-08 00:08:03:193	[DEBUG]	Validating PersonalDrones
2022-07-08 00:08:03:193	[DEBUG]	Validating SML
2022-07-08 00:08:03:193	[DEBUG]	Validating NoNewLabel
2022-07-08 00:08:03:193	[DEBUG]	Validating SML
2022-07-08 00:08:03:193	[DEBUG]	Validating TenTimesAwesomePoints
2022-07-08 00:08:03:193	[DEBUG]	Validating SML
2022-07-08 00:08:03:194	[DEBUG]	Validating NoEarlyAccess
2022-07-08 00:08:03:194	[DEBUG]	Validating SML
2022-07-08 00:08:03:194	[DEBUG]	Validating FlexSplines
2022-07-08 00:08:03:196	[DEBUG]	Validating SML
2022-07-08 00:08:03:196	[DEBUG]	Validating UndergroundBelts
2022-07-08 00:08:03:197	[DEBUG]	Validating SML
2022-07-08 00:08:03:197	[DEBUG]	Validating SpySat
2022-07-08 00:08:03:197	[DEBUG]	Validating SML
2022-07-08 00:08:03:197	[DEBUG]	Validating IconSign
2022-07-08 00:08:03:197	[DEBUG]	Validating SML
2022-07-08 00:08:03:197	[DEBUG]	Validating LaserBeacons
2022-07-08 00:08:03:198	[DEBUG]	Validating SML
2022-07-08 00:08:03:198	[DEBUG]	Validating OrganizedCrates
2022-07-08 00:08:03:198	[DEBUG]	Validating SML
2022-07-08 00:08:03:199	[DEBUG]	Validating ShowEnemiesHealth
2022-07-08 00:08:03:199	[DEBUG]	Validating SML
2022-07-08 00:08:03:199	[DEBUG]	Validating AlienArtifactsPoints
2022-07-08 00:08:03:200	[DEBUG]	Validating SML
2022-07-08 00:08:03:200	[DEBUG]	Validating RandomStart
2022-07-08 00:08:03:200	[DEBUG]	Validating SML
2022-07-08 00:13:05:252	[DEBUG]	Validating UtilityMod
2022-07-08 00:13:05:253	[DEBUG]	Validating SML
2022-07-08 00:13:05:253	[DEBUG]	Validating FactoryGame
2022-07-08 00:13:05:253	[DEBUG]	Validating InventorySpace2
2022-07-08 00:13:05:253	[DEBUG]	Validating SML
2022-07-08 00:13:05:253	[DEBUG]	Validating ContainerScreen
2022-07-08 00:13:05:254	[DEBUG]	Validating SML
2022-07-08 00:13:05:254	[DEBUG]	Validating PersonalDrones
2022-07-08 00:13:05:254	[DEBUG]	Validating SML
2022-07-08 00:13:05:254	[DEBUG]	Validating NoNewLabel
2022-07-08 00:13:05:254	[DEBUG]	Validating SML
2022-07-08 00:13:05:254	[DEBUG]	Validating TenTimesAwesomePoints
2022-07-08 00:13:05:254	[DEBUG]	Validating SML
2022-07-08 00:13:05:254	[DEBUG]	Validating NoEarlyAccess
2022-07-08 00:13:05:254	[DEBUG]	Validating SML
2022-07-08 00:13:05:255	[DEBUG]	Validating FlexSplines
2022-07-08 00:13:05:255	[DEBUG]	Validating SML
2022-07-08 00:13:05:255	[DEBUG]	Validating UndergroundBelts
2022-07-08 00:13:05:255	[DEBUG]	Validating SML
2022-07-08 00:13:05:255	[DEBUG]	Validating SpySat
2022-07-08 00:13:05:255	[DEBUG]	Validating SML
2022-07-08 00:13:05:255	[DEBUG]	Validating IconSign
2022-07-08 00:13:05:255	[DEBUG]	Validating SML
2022-07-08 00:13:05:255	[DEBUG]	Validating LaserBeacons
2022-07-08 00:13:05:256	[DEBUG]	Validating SML
2022-07-08 00:13:05:256	[DEBUG]	Validating OrganizedCrates
2022-07-08 00:13:05:256	[DEBUG]	Validating SML
2022-07-08 00:13:05:256	[DEBUG]	Validating ShowEnemiesHealth
2022-07-08 00:13:05:256	[DEBUG]	Validating SML
2022-07-08 00:13:05:256	[DEBUG]	Validating AlienArtifactsPoints
2022-07-08 00:13:05:256	[DEBUG]	Validating SML
2022-07-08 00:13:05:256	[DEBUG]	Validating RandomStart
2022-07-08 00:13:05:256	[DEBUG]	Validating SML
2022-07-08 00:18:07:036	[DEBUG]	Validating UtilityMod
2022-07-08 00:18:07:036	[DEBUG]	Validating SML
2022-07-08 00:18:07:036	[DEBUG]	Validating FactoryGame
2022-07-08 00:18:07:036	[DEBUG]	Validating InventorySpace2
2022-07-08 00:18:07:036	[DEBUG]	Validating SML
2022-07-08 00:18:07:036	[DEBUG]	Validating ContainerScreen
2022-07-08 00:18:07:036	[DEBUG]	Validating SML
2022-07-08 00:18:07:036	[DEBUG]	Validating PersonalDrones
2022-07-08 00:18:07:036	[DEBUG]	Validating SML
2022-07-08 00:18:07:036	[DEBUG]	Validating NoNewLabel
2022-07-08 00:18:07:037	[DEBUG]	Validating SML
2022-07-08 00:18:07:037	[DEBUG]	Validating TenTimesAwesomePoints
2022-07-08 00:18:07:037	[DEBUG]	Validating SML
2022-07-08 00:18:07:037	[DEBUG]	Validating NoEarlyAccess
2022-07-08 00:18:07:037	[DEBUG]	Validating SML
2022-07-08 00:18:07:037	[DEBUG]	Validating FlexSplines
2022-07-08 00:18:07:037	[DEBUG]	Validating SML
2022-07-08 00:18:07:037	[DEBUG]	Validating UndergroundBelts
2022-07-08 00:18:07:037	[DEBUG]	Validating SML
2022-07-08 00:18:07:038	[DEBUG]	Validating SpySat
2022-07-08 00:18:07:038	[DEBUG]	Validating SML
2022-07-08 00:18:07:038	[DEBUG]	Validating IconSign
2022-07-08 00:18:07:038	[DEBUG]	Validating SML
2022-07-08 00:18:07:038	[DEBUG]	Validating LaserBeacons
2022-07-08 00:18:07:038	[DEBUG]	Validating SML
2022-07-08 00:18:07:038	[DEBUG]	Validating OrganizedCrates
2022-07-08 00:18:07:038	[DEBUG]	Validating SML
2022-07-08 00:18:07:038	[DEBUG]	Validating ShowEnemiesHealth
2022-07-08 00:18:07:038	[DEBUG]	Validating SML
2022-07-08 00:18:07:039	[DEBUG]	Validating AlienArtifactsPoints
2022-07-08 00:18:07:039	[DEBUG]	Validating SML
2022-07-08 00:18:07:039	[DEBUG]	Validating RandomStart
2022-07-08 00:18:07:039	[DEBUG]	Validating SML
2022-07-08 00:23:08:787	[DEBUG]	Validating UtilityMod
2022-07-08 00:23:08:787	[DEBUG]	Validating SML
2022-07-08 00:23:08:788	[DEBUG]	Validating FactoryGame
2022-07-08 00:23:08:788	[DEBUG]	Validating InventorySpace2
2022-07-08 00:23:08:788	[DEBUG]	Validating SML
2022-07-08 00:23:08:788	[DEBUG]	Validating ContainerScreen
2022-07-08 00:23:08:788	[DEBUG]	Validating SML
2022-07-08 00:23:08:788	[DEBUG]	Validating PersonalDrones
2022-07-08 00:23:08:788	[DEBUG]	Validating SML
2022-07-08 00:23:08:788	[DEBUG]	Validating NoNewLabel
2022-07-08 00:23:08:788	[DEBUG]	Validating SML
2022-07-08 00:23:08:788	[DEBUG]	Validating TenTimesAwesomePoints
2022-07-08 00:23:08:789	[DEBUG]	Validating SML
2022-07-08 00:23:08:789	[DEBUG]	Validating NoEarlyAccess
2022-07-08 00:23:08:789	[DEBUG]	Validating SML
2022-07-08 00:23:08:789	[DEBUG]	Validating FlexSplines
2022-07-08 00:23:08:789	[DEBUG]	Validating SML
2022-07-08 00:23:08:789	[DEBUG]	Validating UndergroundBelts
2022-07-08 00:23:08:789	[DEBUG]	Validating SML
2022-07-08 00:23:08:789	[DEBUG]	Validating SpySat
2022-07-08 00:23:08:790	[DEBUG]	Validating SML
2022-07-08 00:23:08:790	[DEBUG]	Validating IconSign
2022-07-08 00:23:08:790	[DEBUG]	Validating SML
2022-07-08 00:23:08:790	[DEBUG]	Validating LaserBeacons
2022-07-08 00:23:08:790	[DEBUG]	Validating SML
2022-07-08 00:23:08:791	[DEBUG]	Validating OrganizedCrates
2022-07-08 00:23:08:791	[DEBUG]	Validating SML
2022-07-08 00:23:08:791	[DEBUG]	Validating ShowEnemiesHealth
2022-07-08 00:23:08:791	[DEBUG]	Validating SML
2022-07-08 00:23:08:791	[DEBUG]	Validating AlienArtifactsPoints
2022-07-08 00:23:08:791	[DEBUG]	Validating SML
2022-07-08 00:23:08:791	[DEBUG]	Validating RandomStart
2022-07-08 00:23:08:791	[DEBUG]	Validating SML
2022-07-08 00:28:10:991	[DEBUG]	Validating UtilityMod
2022-07-08 00:28:10:991	[DEBUG]	Validating SML
2022-07-08 00:28:10:992	[DEBUG]	Validating FactoryGame
2022-07-08 00:28:10:992	[DEBUG]	Validating InventorySpace2
2022-07-08 00:28:10:992	[DEBUG]	Validating SML
2022-07-08 00:28:10:992	[DEBUG]	Validating ContainerScreen
2022-07-08 00:28:10:992	[DEBUG]	Validating SML
2022-07-08 00:28:10:992	[DEBUG]	Validating PersonalDrones
2022-07-08 00:28:10:992	[DEBUG]	Validating SML
2022-07-08 00:28:10:992	[DEBUG]	Validating NoNewLabel
2022-07-08 00:28:10:992	[DEBUG]	Validating SML
2022-07-08 00:28:10:992	[DEBUG]	Validating TenTimesAwesomePoints
2022-07-08 00:28:10:992	[DEBUG]	Validating SML
2022-07-08 00:28:10:992	[DEBUG]	Validating NoEarlyAccess
2022-07-08 00:28:10:993	[DEBUG]	Validating SML
2022-07-08 00:28:10:993	[DEBUG]	Validating FlexSplines
2022-07-08 00:28:10:993	[DEBUG]	Validating SML
2022-07-08 00:28:10:993	[DEBUG]	Validating UndergroundBelts
2022-07-08 00:28:10:993	[DEBUG]	Validating SML
2022-07-08 00:28:10:993	[DEBUG]	Validating SpySat
2022-07-08 00:28:10:993	[DEBUG]	Validating SML
2022-07-08 00:28:10:993	[DEBUG]	Validating IconSign
2022-07-08 00:28:10:994	[DEBUG]	Validating SML
2022-07-08 00:28:10:994	[DEBUG]	Validating LaserBeacons
2022-07-08 00:28:10:994	[DEBUG]	Validating SML
2022-07-08 00:28:10:994	[DEBUG]	Validating OrganizedCrates
2022-07-08 00:28:10:994	[DEBUG]	Validating SML
2022-07-08 00:28:10:994	[DEBUG]	Validating ShowEnemiesHealth
2022-07-08 00:28:10:994	[DEBUG]	Validating SML
2022-07-08 00:28:10:994	[DEBUG]	Validating AlienArtifactsPoints
2022-07-08 00:28:10:994	[DEBUG]	Validating SML
2022-07-08 00:28:10:994	[DEBUG]	Validating RandomStart
2022-07-08 00:28:10:994	[DEBUG]	Validating SML
2022-07-08 00:33:10:669	[DEBUG]	Validating UtilityMod
2022-07-08 00:33:10:669	[DEBUG]	Validating SML
2022-07-08 00:33:10:669	[DEBUG]	Validating FactoryGame
2022-07-08 00:33:10:669	[DEBUG]	Validating InventorySpace2
2022-07-08 00:33:10:669	[DEBUG]	Validating SML
2022-07-08 00:33:10:669	[DEBUG]	Validating ContainerScreen
2022-07-08 00:33:10:669	[DEBUG]	Validating SML
2022-07-08 00:33:10:669	[DEBUG]	Validating PersonalDrones
2022-07-08 00:33:10:669	[DEBUG]	Validating SML
2022-07-08 00:33:10:669	[DEBUG]	Validating NoNewLabel
2022-07-08 00:33:10:670	[DEBUG]	Validating SML
2022-07-08 00:33:10:670	[DEBUG]	Validating TenTimesAwesomePoints
2022-07-08 00:33:10:670	[DEBUG]	Validating SML
2022-07-08 00:33:10:670	[DEBUG]	Validating NoEarlyAccess
2022-07-08 00:33:10:671	[DEBUG]	Validating SML
2022-07-08 00:33:10:671	[DEBUG]	Validating FlexSplines
2022-07-08 00:33:10:671	[DEBUG]	Validating SML
2022-07-08 00:33:10:671	[DEBUG]	Validating UndergroundBelts
2022-07-08 00:33:10:671	[DEBUG]	Validating SML
2022-07-08 00:33:10:671	[DEBUG]	Validating SpySat
2022-07-08 00:33:10:671	[DEBUG]	Validating SML
2022-07-08 00:33:10:671	[DEBUG]	Validating IconSign
2022-07-08 00:33:10:671	[DEBUG]	Validating SML
2022-07-08 00:33:10:671	[DEBUG]	Validating LaserBeacons
2022-07-08 00:33:10:672	[DEBUG]	Validating SML
2022-07-08 00:33:10:672	[DEBUG]	Validating OrganizedCrates
2022-07-08 00:33:10:672	[DEBUG]	Validating SML
2022-07-08 00:33:10:672	[DEBUG]	Validating ShowEnemiesHealth
2022-07-08 00:33:10:672	[DEBUG]	Validating SML
2022-07-08 00:33:10:673	[DEBUG]	Validating AlienArtifactsPoints
2022-07-08 00:33:10:673	[DEBUG]	Validating SML
2022-07-08 00:33:10:673	[DEBUG]	Validating RandomStart
2022-07-08 00:33:10:674	[DEBUG]	Validating SML
2022-07-08 00:38:12:434	[DEBUG]	Validating UtilityMod
2022-07-08 00:38:12:434	[DEBUG]	Validating SML
2022-07-08 00:38:12:434	[DEBUG]	Validating FactoryGame
2022-07-08 00:38:12:434	[DEBUG]	Validating InventorySpace2
2022-07-08 00:38:12:434	[DEBUG]	Validating SML
2022-07-08 00:38:12:434	[DEBUG]	Validating ContainerScreen
2022-07-08 00:38:12:434	[DEBUG]	Validating SML
2022-07-08 00:38:12:434	[DEBUG]	Validating PersonalDrones
2022-07-08 00:38:12:434	[DEBUG]	Validating SML
2022-07-08 00:38:12:435	[DEBUG]	Validating NoNewLabel
2022-07-08 00:38:12:435	[DEBUG]	Validating SML
2022-07-08 00:38:12:435	[DEBUG]	Validating TenTimesAwesomePoints
2022-07-08 00:38:12:435	[DEBUG]	Validating SML
2022-07-08 00:38:12:435	[DEBUG]	Validating NoEarlyAccess
2022-07-08 00:38:12:435	[DEBUG]	Validating SML
2022-07-08 00:38:12:435	[DEBUG]	Validating FlexSplines
2022-07-08 00:38:12:435	[DEBUG]	Validating SML
2022-07-08 00:38:12:435	[DEBUG]	Validating UndergroundBelts
2022-07-08 00:38:12:435	[DEBUG]	Validating SML
2022-07-08 00:38:12:435	[DEBUG]	Validating SpySat
2022-07-08 00:38:12:436	[DEBUG]	Validating SML
2022-07-08 00:38:12:436	[DEBUG]	Validating IconSign
2022-07-08 00:38:12:436	[DEBUG]	Validating SML
2022-07-08 00:38:12:436	[DEBUG]	Validating LaserBeacons
2022-07-08 00:38:12:436	[DEBUG]	Validating SML
2022-07-08 00:38:12:436	[DEBUG]	Validating OrganizedCrates
2022-07-08 00:38:12:436	[DEBUG]	Validating SML
2022-07-08 00:38:12:436	[DEBUG]	Validating ShowEnemiesHealth
2022-07-08 00:38:12:436	[DEBUG]	Validating SML
2022-07-08 00:38:12:437	[DEBUG]	Validating AlienArtifactsPoints
2022-07-08 00:38:12:437	[DEBUG]	Validating SML
2022-07-08 00:38:12:437	[DEBUG]	Validating RandomStart
2022-07-08 00:38:12:437	[DEBUG]	Validating SML
2022-07-08 00:43:14:054	[DEBUG]	Validating UtilityMod
2022-07-08 00:43:14:054	[DEBUG]	Validating SML
2022-07-08 00:43:14:054	[DEBUG]	Validating FactoryGame
2022-07-08 00:43:14:054	[DEBUG]	Validating InventorySpace2
2022-07-08 00:43:14:054	[DEBUG]	Validating SML
2022-07-08 00:43:14:055	[DEBUG]	Validating ContainerScreen
2022-07-08 00:43:14:055	[DEBUG]	Validating SML
2022-07-08 00:43:14:055	[DEBUG]	Validating PersonalDrones
2022-07-08 00:43:14:055	[DEBUG]	Validating SML
2022-07-08 00:43:14:055	[DEBUG]	Validating NoNewLabel
2022-07-08 00:43:14:055	[DEBUG]	Validating SML
2022-07-08 00:43:14:055	[DEBUG]	Validating TenTimesAwesomePoints
2022-07-08 00:43:14:055	[DEBUG]	Validating SML
2022-07-08 00:43:14:055	[DEBUG]	Validating NoEarlyAccess
2022-07-08 00:43:14:055	[DEBUG]	Validating SML
2022-07-08 00:43:14:055	[DEBUG]	Validating FlexSplines
2022-07-08 00:43:14:055	[DEBUG]	Validating SML
2022-07-08 00:43:14:056	[DEBUG]	Validating UndergroundBelts
2022-07-08 00:43:14:056	[DEBUG]	Validating SML
2022-07-08 00:43:14:056	[DEBUG]	Validating SpySat
2022-07-08 00:43:14:056	[DEBUG]	Validating SML
2022-07-08 00:43:14:056	[DEBUG]	Validating IconSign
2022-07-08 00:43:14:056	[DEBUG]	Validating SML
2022-07-08 00:43:14:056	[DEBUG]	Validating LaserBeacons
2022-07-08 00:43:14:056	[DEBUG]	Validating SML
2022-07-08 00:43:14:056	[DEBUG]	Validating OrganizedCrates
2022-07-08 00:43:14:056	[DEBUG]	Validating SML
2022-07-08 00:43:14:056	[DEBUG]	Validating ShowEnemiesHealth
2022-07-08 00:43:14:057	[DEBUG]	Validating SML
2022-07-08 00:43:14:057	[DEBUG]	Validating AlienArtifactsPoints
2022-07-08 00:43:14:057	[DEBUG]	Validating SML
2022-07-08 00:43:14:057	[DEBUG]	Validating RandomStart
2022-07-08 00:43:14:057	[DEBUG]	Validating SML
2022-07-08 00:48:15:726	[DEBUG]	Validating UtilityMod
2022-07-08 00:48:15:727	[DEBUG]	Validating SML
2022-07-08 00:48:15:727	[DEBUG]	Validating FactoryGame
2022-07-08 00:48:15:727	[DEBUG]	Validating InventorySpace2
2022-07-08 00:48:15:727	[DEBUG]	Validating SML
2022-07-08 00:48:15:727	[DEBUG]	Validating ContainerScreen
2022-07-08 00:48:15:727	[DEBUG]	Validating SML
2022-07-08 00:48:15:727	[DEBUG]	Validating PersonalDrones
2022-07-08 00:48:15:728	[DEBUG]	Validating SML
2022-07-08 00:48:15:728	[DEBUG]	Validating NoNewLabel
2022-07-08 00:48:15:728	[DEBUG]	Validating SML
2022-07-08 00:48:15:728	[DEBUG]	Validating TenTimesAwesomePoints
2022-07-08 00:48:15:728	[DEBUG]	Validating SML
2022-07-08 00:48:15:728	[DEBUG]	Validating NoEarlyAccess
2022-07-08 00:48:15:728	[DEBUG]	Validating SML
2022-07-08 00:48:15:728	[DEBUG]	Validating FlexSplines
2022-07-08 00:48:15:729	[DEBUG]	Validating SML
2022-07-08 00:48:15:729	[DEBUG]	Validating UndergroundBelts
2022-07-08 00:48:15:729	[DEBUG]	Validating SML
2022-07-08 00:48:15:729	[DEBUG]	Validating SpySat
2022-07-08 00:48:15:729	[DEBUG]	Validating SML
2022-07-08 00:48:15:729	[DEBUG]	Validating IconSign
2022-07-08 00:48:15:729	[DEBUG]	Validating SML
2022-07-08 00:48:15:729	[DEBUG]	Validating LaserBeacons
2022-07-08 00:48:15:729	[DEBUG]	Validating SML
2022-07-08 00:48:15:729	[DEBUG]	Validating OrganizedCrates
2022-07-08 00:48:15:729	[DEBUG]	Validating SML
2022-07-08 00:48:15:730	[DEBUG]	Validating ShowEnemiesHealth
2022-07-08 00:48:15:730	[DEBUG]	Validating SML
2022-07-08 00:48:15:730	[DEBUG]	Validating AlienArtifactsPoints
2022-07-08 00:48:15:730	[DEBUG]	Validating SML
2022-07-08 00:48:15:730	[DEBUG]	Validating RandomStart
2022-07-08 00:48:15:730	[DEBUG]	Validating SML
