2022-06-10 04:00:11:397	[DEBUG]	Loading mod cache
2022-06-10 04:00:11:921	[DEBUG]	Loading mod cache
2022-06-10 04:00:11:981	[DEBUG]	Epic Games Launcher is not installed
2022-06-10 04:00:12:240	[DEBUG]	Setting profile to Dee Covan
2022-06-10 04:00:12:408	[DEBUG]	install: [], uninstall: [], enable: [], disable: [], update: []
2022-06-10 04:00:14:220	[DEBUG]	Validating SML
2022-06-10 04:00:14:221	[DEBUG]	Validating ModularUI
2022-06-10 04:00:14:221	[DEBUG]	Validating RefinedRDLib
2022-06-10 04:00:14:221	[DEBUG]	Validating FactoryGame
2022-06-10 04:00:14:221	[DEBUG]	Validating KPrivateCodeLib
2022-06-10 04:00:14:221	[DEBUG]	Validating AB_FluidExtras
2022-06-10 04:00:14:221	[DEBUG]	Validating FicsitFarming
2022-06-10 04:00:14:221	[DEBUG]	Validating KLib
2022-06-10 04:00:14:221	[DEBUG]	Validating RefinedPower
2022-06-10 04:00:14:221	[DEBUG]	Validating KBFL
2022-06-10 04:00:14:221	[DEBUG]	Validating KUI
2022-06-10 04:00:14:222	[DEBUG]	Validating MarcioCommonLibs
2022-06-10 04:00:14:222	[DEBUG]	Validating SatisfactoryPlus
2022-06-10 04:00:14:222	[DEBUG]	Validating FasterManualCrafting
2022-06-10 04:00:14:222	[DEBUG]	Validating KLevelUp
2022-06-10 04:00:14:222	[DEBUG]	Validating ContainerScreen
2022-06-10 04:00:14:222	[DEBUG]	Validating UtilityMod
2022-06-10 04:00:14:222	[DEBUG]	Validating SmartFoundations
2022-06-10 04:00:14:222	[DEBUG]	Validating TFIT
2022-06-10 04:00:14:222	[DEBUG]	Validating DoubleJump
2022-06-10 04:00:14:222	[DEBUG]	Validating InventorySpace2
2022-06-10 04:00:14:222	[DEBUG]	Validating EarlyHover
2022-06-10 04:00:14:222	[DEBUG]	Validating LoadBalancers
2022-06-10 04:00:14:222	[DEBUG]	Validating SatisfactoryHelper
2022-06-10 04:00:14:222	[DEBUG]	Validating PersonalDrones
2022-06-10 04:00:14:222	[DEBUG]	Validating DumbPrints
2022-06-10 04:00:14:222	[DEBUG]	Validating MAMTips
2022-06-10 04:00:14:222	[DEBUG]	Validating PermaDay
2022-06-10 04:00:14:222	[DEBUG]	Validating RegenAllHealth
2022-06-10 04:00:14:222	[DEBUG]	Validating NoneEquipment
2022-06-10 04:00:14:222	[DEBUG]	Validating PowerChecker
2022-06-10 04:00:14:222	[DEBUG]	Validating EfficiencyCheckerMod
2022-06-10 04:00:14:223	[DEBUG]	Items: {"FicsitFarming":"4.0.3","SML":"3.3.1","ModularUI":"2.0.8","RefinedRDLib":"1.0.7","AB_FluidExtras":"0.7.1","KUI":"1.4.0","RefinedPower":"3.0.9","FasterManualCrafting":"1.1.1","KLevelUp":"1.2.5","ContainerScreen":"1.0.11","UtilityMod":"0.5.4","SmartFoundations":"17.0.11","TFIT":"1.0.5","DoubleJump":"1.0.1","InventorySpace2":"2.0.1","EarlyHover":"1.0.3","LoadBalancers":"1.5.1","SatisfactoryHelper":"2.0.3","PersonalDrones":"1.0.11","DumbPrints":"0.0.4","MAMTips":"0.5.0","PermaDay":"1.0.2","RegenAllHealth":"2.0.2","NoneEquipment":"2.0.5","MarcioCommonLibs":"1.1.1","SatisfactoryPlus":"0.7.3","KLib":"1.10.3","KPrivateCodeLib":"1.2.2","KBFL":"1.12.11","PowerChecker":"2.1.5","EfficiencyCheckerMod":"2.1.4"}
2022-06-10 04:00:14:255	[DEBUG]	Mismatches: {"install":{},"uninstall":[]}
2022-06-10 04:00:16:476	[DEBUG]	Validating SatisfactoryPlus
2022-06-10 04:00:16:481	[DEBUG]	Validating AB_FluidExtras
2022-06-10 04:00:16:482	[DEBUG]	Validating SML
2022-06-10 04:00:16:482	[DEBUG]	Validating FactoryGame
2022-06-10 04:00:16:482	[DEBUG]	Validating FicsitFarming
2022-06-10 04:00:16:485	[DEBUG]	Validating SML
2022-06-10 04:00:16:485	[DEBUG]	Validating ModularUI
2022-06-10 04:00:16:703	[DEBUG]	Validating SML
2022-06-10 04:00:16:703	[DEBUG]	Validating RefinedRDLib
2022-06-10 04:00:16:898	[DEBUG]	Validating SML
2022-06-10 04:00:16:898	[DEBUG]	Validating KLib
2022-06-10 04:00:17:172	[DEBUG]	Validating KPrivateCodeLib
2022-06-10 04:00:17:402	[DEBUG]	Validating KBFL
2022-06-10 04:00:17:406	[DEBUG]	Validating SML
2022-06-10 04:00:17:406	[DEBUG]	Validating KUI
2022-06-10 04:00:17:409	[DEBUG]	Validating SML
2022-06-10 04:00:17:410	[DEBUG]	Validating SML
2022-06-10 04:00:17:410	[DEBUG]	Validating SML
2022-06-10 04:00:17:410	[DEBUG]	Validating ModularUI
2022-06-10 04:00:17:410	[DEBUG]	Validating RefinedPower
2022-06-10 04:00:17:413	[DEBUG]	Validating ModularUI
2022-06-10 04:00:17:413	[DEBUG]	Validating RefinedRDLib
2022-06-10 04:00:17:413	[DEBUG]	Validating SML
2022-06-10 04:00:17:414	[DEBUG]	Validating RefinedRDLib
2022-06-10 04:00:17:414	[DEBUG]	Validating SML
2022-06-10 04:00:17:414	[DEBUG]	Validating FasterManualCrafting
2022-06-10 04:00:17:414	[DEBUG]	Validating SML
2022-06-10 04:00:17:414	[DEBUG]	Validating KLevelUp
2022-06-10 04:00:17:415	[DEBUG]	Validating SML
2022-06-10 04:00:17:415	[DEBUG]	Validating KPrivateCodeLib
2022-06-10 04:00:17:415	[DEBUG]	Validating ContainerScreen
2022-06-10 04:00:17:416	[DEBUG]	Validating SML
2022-06-10 04:00:17:417	[DEBUG]	Validating UtilityMod
2022-06-10 04:00:17:418	[DEBUG]	Validating SML
2022-06-10 04:00:17:418	[DEBUG]	Validating SmartFoundations
2022-06-10 04:00:17:420	[DEBUG]	Validating SML
2022-06-10 04:00:17:420	[DEBUG]	Validating TFIT
2022-06-10 04:00:17:421	[DEBUG]	Validating SML
2022-06-10 04:00:17:421	[DEBUG]	Validating DoubleJump
2022-06-10 04:00:17:421	[DEBUG]	Validating SML
2022-06-10 04:00:17:422	[DEBUG]	Validating InventorySpace2
2022-06-10 04:00:17:422	[DEBUG]	Validating SML
2022-06-10 04:00:17:422	[DEBUG]	Validating EarlyHover
2022-06-10 04:00:17:423	[DEBUG]	Validating SML
2022-06-10 04:00:17:423	[DEBUG]	Validating LoadBalancers
2022-06-10 04:00:17:425	[DEBUG]	Validating SML
2022-06-10 04:00:17:425	[DEBUG]	Validating SatisfactoryHelper
2022-06-10 04:00:17:425	[DEBUG]	Validating SML
2022-06-10 04:00:17:426	[DEBUG]	Validating PersonalDrones
2022-06-10 04:00:17:427	[DEBUG]	Validating SML
2022-06-10 04:00:17:427	[DEBUG]	Validating DumbPrints
2022-06-10 04:00:17:427	[DEBUG]	Validating SML
2022-06-10 04:00:17:427	[DEBUG]	Validating MAMTips
2022-06-10 04:00:17:428	[DEBUG]	Validating SML
2022-06-10 04:00:17:428	[DEBUG]	Validating PermaDay
2022-06-10 04:00:17:431	[DEBUG]	Validating SML
2022-06-10 04:00:17:431	[DEBUG]	Validating RegenAllHealth
2022-06-10 04:00:17:431	[DEBUG]	Validating SML
2022-06-10 04:00:17:432	[DEBUG]	Validating NoneEquipment
2022-06-10 04:00:17:432	[DEBUG]	Validating SML
2022-06-10 04:00:17:433	[DEBUG]	Validating PowerChecker
2022-06-10 04:00:17:434	[DEBUG]	Validating MarcioCommonLibs
2022-06-10 04:00:17:640	[DEBUG]	Validating SML
2022-06-10 04:00:17:641	[DEBUG]	Validating SML
2022-06-10 04:00:17:641	[DEBUG]	Validating EfficiencyCheckerMod
2022-06-10 04:00:17:647	[DEBUG]	Validating MarcioCommonLibs
2022-06-10 04:00:17:647	[DEBUG]	Validating SML
2022-06-10 04:00:24:401	[DEBUG]	Validating SatisfactoryPlus
2022-06-10 04:00:24:401	[DEBUG]	Validating AB_FluidExtras
2022-06-10 04:00:24:401	[DEBUG]	Validating SML
2022-06-10 04:00:24:401	[DEBUG]	Validating FactoryGame
2022-06-10 04:00:24:401	[DEBUG]	Validating FicsitFarming
2022-06-10 04:00:24:401	[DEBUG]	Validating SML
2022-06-10 04:00:24:401	[DEBUG]	Validating ModularUI
2022-06-10 04:00:24:402	[DEBUG]	Validating SML
2022-06-10 04:00:24:402	[DEBUG]	Validating RefinedRDLib
2022-06-10 04:00:24:402	[DEBUG]	Validating SML
2022-06-10 04:00:24:402	[DEBUG]	Validating KLib
2022-06-10 04:00:24:402	[DEBUG]	Validating KPrivateCodeLib
2022-06-10 04:00:24:402	[DEBUG]	Validating KBFL
2022-06-10 04:00:24:402	[DEBUG]	Validating SML
2022-06-10 04:00:24:402	[DEBUG]	Validating KUI
2022-06-10 04:00:24:403	[DEBUG]	Validating SML
2022-06-10 04:00:24:403	[DEBUG]	Validating SML
2022-06-10 04:00:24:403	[DEBUG]	Validating SML
2022-06-10 04:00:24:403	[DEBUG]	Validating ModularUI
2022-06-10 04:00:24:403	[DEBUG]	Validating RefinedPower
2022-06-10 04:00:24:403	[DEBUG]	Validating ModularUI
2022-06-10 04:00:24:403	[DEBUG]	Validating RefinedRDLib
2022-06-10 04:00:24:403	[DEBUG]	Validating SML
2022-06-10 04:00:24:403	[DEBUG]	Validating RefinedRDLib
2022-06-10 04:00:24:403	[DEBUG]	Validating SML
2022-06-10 04:00:24:403	[DEBUG]	Validating FasterManualCrafting
2022-06-10 04:00:24:403	[DEBUG]	Validating SML
2022-06-10 04:00:24:403	[DEBUG]	Validating KLevelUp
2022-06-10 04:00:24:403	[DEBUG]	Validating SML
2022-06-10 04:00:24:403	[DEBUG]	Validating KPrivateCodeLib
2022-06-10 04:00:24:404	[DEBUG]	Validating ContainerScreen
2022-06-10 04:00:24:404	[DEBUG]	Validating SML
2022-06-10 04:00:24:404	[DEBUG]	Validating UtilityMod
2022-06-10 04:00:24:404	[DEBUG]	Validating SML
2022-06-10 04:00:24:404	[DEBUG]	Validating SmartFoundations
2022-06-10 04:00:24:404	[DEBUG]	Validating SML
2022-06-10 04:00:24:404	[DEBUG]	Validating TFIT
2022-06-10 04:00:24:404	[DEBUG]	Validating SML
2022-06-10 04:00:24:404	[DEBUG]	Validating DoubleJump
2022-06-10 04:00:24:405	[DEBUG]	Validating SML
2022-06-10 04:00:24:405	[DEBUG]	Validating InventorySpace2
2022-06-10 04:00:24:405	[DEBUG]	Validating SML
2022-06-10 04:00:24:405	[DEBUG]	Validating EarlyHover
2022-06-10 04:00:24:405	[DEBUG]	Validating SML
2022-06-10 04:00:24:405	[DEBUG]	Validating LoadBalancers
2022-06-10 04:00:24:405	[DEBUG]	Validating SML
2022-06-10 04:00:24:405	[DEBUG]	Validating SatisfactoryHelper
2022-06-10 04:00:24:406	[DEBUG]	Validating SML
2022-06-10 04:00:24:406	[DEBUG]	Validating PersonalDrones
2022-06-10 04:00:24:406	[DEBUG]	Validating SML
2022-06-10 04:00:24:406	[DEBUG]	Validating DumbPrints
2022-06-10 04:00:24:406	[DEBUG]	Validating SML
2022-06-10 04:00:24:406	[DEBUG]	Validating MAMTips
2022-06-10 04:00:24:406	[DEBUG]	Validating SML
2022-06-10 04:00:24:407	[DEBUG]	Validating PermaDay
2022-06-10 04:00:24:407	[DEBUG]	Validating SML
2022-06-10 04:00:24:407	[DEBUG]	Validating RegenAllHealth
2022-06-10 04:00:24:407	[DEBUG]	Validating SML
2022-06-10 04:00:24:407	[DEBUG]	Validating NoneEquipment
2022-06-10 04:00:24:407	[DEBUG]	Validating SML
2022-06-10 04:00:24:407	[DEBUG]	Validating PowerChecker
2022-06-10 04:00:24:408	[DEBUG]	Validating MarcioCommonLibs
2022-06-10 04:00:24:408	[DEBUG]	Validating SML
2022-06-10 04:00:24:410	[DEBUG]	Validating SML
2022-06-10 04:00:24:410	[DEBUG]	Validating EfficiencyCheckerMod
2022-06-10 04:00:24:410	[DEBUG]	Validating MarcioCommonLibs
2022-06-10 04:00:24:410	[DEBUG]	Validating SML
2022-06-10 04:00:26:175	[DEBUG]	Validating SatisfactoryPlus
2022-06-10 04:00:26:175	[DEBUG]	Validating AB_FluidExtras
2022-06-10 04:00:26:175	[DEBUG]	Validating SML
2022-06-10 04:00:26:176	[DEBUG]	Validating FactoryGame
2022-06-10 04:00:26:176	[DEBUG]	Validating FicsitFarming
2022-06-10 04:00:26:176	[DEBUG]	Validating SML
2022-06-10 04:00:26:176	[DEBUG]	Validating ModularUI
2022-06-10 04:00:26:176	[DEBUG]	Validating SML
2022-06-10 04:00:26:176	[DEBUG]	Validating RefinedRDLib
2022-06-10 04:00:26:176	[DEBUG]	Validating SML
2022-06-10 04:00:26:176	[DEBUG]	Validating KLib
2022-06-10 04:00:26:176	[DEBUG]	Validating KPrivateCodeLib
2022-06-10 04:00:26:176	[DEBUG]	Validating KBFL
2022-06-10 04:00:26:176	[DEBUG]	Validating SML
2022-06-10 04:00:26:177	[DEBUG]	Validating KUI
2022-06-10 04:00:26:177	[DEBUG]	Validating SML
2022-06-10 04:00:26:177	[DEBUG]	Validating SML
2022-06-10 04:00:26:177	[DEBUG]	Validating SML
2022-06-10 04:00:26:177	[DEBUG]	Validating ModularUI
2022-06-10 04:00:26:177	[DEBUG]	Validating RefinedPower
2022-06-10 04:00:26:177	[DEBUG]	Validating ModularUI
2022-06-10 04:00:26:177	[DEBUG]	Validating RefinedRDLib
2022-06-10 04:00:26:177	[DEBUG]	Validating SML
2022-06-10 04:00:26:177	[DEBUG]	Validating RefinedRDLib
2022-06-10 04:00:26:177	[DEBUG]	Validating SML
2022-06-10 04:00:26:177	[DEBUG]	Validating FasterManualCrafting
2022-06-10 04:00:26:177	[DEBUG]	Validating SML
2022-06-10 04:00:26:177	[DEBUG]	Validating KLevelUp
2022-06-10 04:00:26:177	[DEBUG]	Validating SML
2022-06-10 04:00:26:178	[DEBUG]	Validating KPrivateCodeLib
2022-06-10 04:00:26:178	[DEBUG]	Validating ContainerScreen
2022-06-10 04:00:26:178	[DEBUG]	Validating SML
2022-06-10 04:00:26:178	[DEBUG]	Validating UtilityMod
2022-06-10 04:00:26:178	[DEBUG]	Validating SML
2022-06-10 04:00:26:178	[DEBUG]	Validating SmartFoundations
2022-06-10 04:00:26:178	[DEBUG]	Validating SML
2022-06-10 04:00:26:178	[DEBUG]	Validating TFIT
2022-06-10 04:00:26:178	[DEBUG]	Validating SML
2022-06-10 04:00:26:178	[DEBUG]	Validating DoubleJump
2022-06-10 04:00:26:179	[DEBUG]	Validating SML
2022-06-10 04:00:26:179	[DEBUG]	Validating InventorySpace2
2022-06-10 04:00:26:179	[DEBUG]	Validating SML
2022-06-10 04:00:26:179	[DEBUG]	Validating EarlyHover
2022-06-10 04:00:26:179	[DEBUG]	Validating SML
2022-06-10 04:00:26:179	[DEBUG]	Validating LoadBalancers
2022-06-10 04:00:26:179	[DEBUG]	Validating SML
2022-06-10 04:00:26:179	[DEBUG]	Validating SatisfactoryHelper
2022-06-10 04:00:26:179	[DEBUG]	Validating SML
2022-06-10 04:00:26:180	[DEBUG]	Validating PersonalDrones
2022-06-10 04:00:26:180	[DEBUG]	Validating SML
2022-06-10 04:00:26:180	[DEBUG]	Validating DumbPrints
2022-06-10 04:00:26:180	[DEBUG]	Validating SML
2022-06-10 04:00:26:180	[DEBUG]	Validating MAMTips
2022-06-10 04:00:26:180	[DEBUG]	Validating SML
2022-06-10 04:00:26:180	[DEBUG]	Validating PermaDay
2022-06-10 04:00:26:180	[DEBUG]	Validating SML
2022-06-10 04:00:26:181	[DEBUG]	Validating RegenAllHealth
2022-06-10 04:00:26:181	[DEBUG]	Validating SML
2022-06-10 04:00:26:181	[DEBUG]	Validating NoneEquipment
2022-06-10 04:00:26:181	[DEBUG]	Validating SML
2022-06-10 04:00:26:181	[DEBUG]	Validating PowerChecker
2022-06-10 04:00:26:181	[DEBUG]	Validating MarcioCommonLibs
2022-06-10 04:00:26:181	[DEBUG]	Validating SML
2022-06-10 04:00:26:181	[DEBUG]	Validating SML
2022-06-10 04:00:26:182	[DEBUG]	Validating EfficiencyCheckerMod
2022-06-10 04:00:26:182	[DEBUG]	Validating MarcioCommonLibs
2022-06-10 04:00:26:182	[DEBUG]	Validating SML
2022-06-10 04:00:27:961	[DEBUG]	Validating SatisfactoryPlus
2022-06-10 04:00:27:961	[DEBUG]	Validating AB_FluidExtras
2022-06-10 04:00:27:962	[DEBUG]	Validating SML
2022-06-10 04:00:27:962	[DEBUG]	Validating FactoryGame
2022-06-10 04:00:27:962	[DEBUG]	Validating FicsitFarming
2022-06-10 04:00:27:962	[DEBUG]	Validating SML
2022-06-10 04:00:27:962	[DEBUG]	Validating ModularUI
2022-06-10 04:00:27:962	[DEBUG]	Validating SML
2022-06-10 04:00:27:962	[DEBUG]	Validating RefinedRDLib
2022-06-10 04:00:27:962	[DEBUG]	Validating SML
2022-06-10 04:00:27:962	[DEBUG]	Validating KLib
2022-06-10 04:00:27:962	[DEBUG]	Validating KPrivateCodeLib
2022-06-10 04:00:27:962	[DEBUG]	Validating KBFL
2022-06-10 04:00:27:963	[DEBUG]	Validating SML
2022-06-10 04:00:27:963	[DEBUG]	Validating KUI
2022-06-10 04:00:27:963	[DEBUG]	Validating SML
2022-06-10 04:00:27:963	[DEBUG]	Validating SML
2022-06-10 04:00:27:963	[DEBUG]	Validating SML
2022-06-10 04:00:27:963	[DEBUG]	Validating ModularUI
2022-06-10 04:00:27:963	[DEBUG]	Validating RefinedPower
2022-06-10 04:00:27:963	[DEBUG]	Validating ModularUI
2022-06-10 04:00:27:963	[DEBUG]	Validating RefinedRDLib
2022-06-10 04:00:27:963	[DEBUG]	Validating SML
2022-06-10 04:00:27:963	[DEBUG]	Validating RefinedRDLib
2022-06-10 04:00:27:963	[DEBUG]	Validating SML
2022-06-10 04:00:27:963	[DEBUG]	Validating FasterManualCrafting
2022-06-10 04:00:27:964	[DEBUG]	Validating SML
2022-06-10 04:00:27:964	[DEBUG]	Validating KLevelUp
2022-06-10 04:00:27:964	[DEBUG]	Validating SML
2022-06-10 04:00:27:964	[DEBUG]	Validating KPrivateCodeLib
2022-06-10 04:00:27:964	[DEBUG]	Validating ContainerScreen
2022-06-10 04:00:27:964	[DEBUG]	Validating SML
2022-06-10 04:00:27:964	[DEBUG]	Validating UtilityMod
2022-06-10 04:00:27:964	[DEBUG]	Validating SML
2022-06-10 04:00:27:964	[DEBUG]	Validating SmartFoundations
2022-06-10 04:00:27:964	[DEBUG]	Validating SML
2022-06-10 04:00:27:964	[DEBUG]	Validating TFIT
2022-06-10 04:00:27:965	[DEBUG]	Validating SML
2022-06-10 04:00:27:965	[DEBUG]	Validating DoubleJump
2022-06-10 04:00:27:965	[DEBUG]	Validating SML
2022-06-10 04:00:27:965	[DEBUG]	Validating InventorySpace2
2022-06-10 04:00:27:965	[DEBUG]	Validating SML
2022-06-10 04:00:27:965	[DEBUG]	Validating EarlyHover
2022-06-10 04:00:27:965	[DEBUG]	Validating SML
2022-06-10 04:00:27:965	[DEBUG]	Validating LoadBalancers
2022-06-10 04:00:27:966	[DEBUG]	Validating SML
2022-06-10 04:00:27:966	[DEBUG]	Validating SatisfactoryHelper
2022-06-10 04:00:27:966	[DEBUG]	Validating SML
2022-06-10 04:00:27:966	[DEBUG]	Validating PersonalDrones
2022-06-10 04:00:27:966	[DEBUG]	Validating SML
2022-06-10 04:00:27:966	[DEBUG]	Validating DumbPrints
2022-06-10 04:00:27:966	[DEBUG]	Validating SML
2022-06-10 04:00:27:967	[DEBUG]	Validating MAMTips
2022-06-10 04:00:27:967	[DEBUG]	Validating SML
2022-06-10 04:00:27:967	[DEBUG]	Validating PermaDay
2022-06-10 04:00:27:967	[DEBUG]	Validating SML
2022-06-10 04:00:27:967	[DEBUG]	Validating RegenAllHealth
2022-06-10 04:00:27:967	[DEBUG]	Validating SML
2022-06-10 04:00:27:967	[DEBUG]	Validating NoneEquipment
2022-06-10 04:00:27:967	[DEBUG]	Validating SML
2022-06-10 04:00:27:968	[DEBUG]	Validating PowerChecker
2022-06-10 04:00:27:968	[DEBUG]	Validating MarcioCommonLibs
2022-06-10 04:00:27:968	[DEBUG]	Validating SML
2022-06-10 04:00:27:968	[DEBUG]	Validating SML
2022-06-10 04:00:27:968	[DEBUG]	Validating EfficiencyCheckerMod
2022-06-10 04:00:27:968	[DEBUG]	Validating MarcioCommonLibs
2022-06-10 04:00:27:968	[DEBUG]	Validating SML
