2022-06-09 15:35:37:463	[DEBUG]	Loading mod cache
2022-06-09 15:35:38:039	[DEBUG]	Loading mod cache
2022-06-09 15:35:38:104	[DEBUG]	Epic Games Launcher is not installed
2022-06-09 15:35:38:370	[DEBUG]	Setting profile to Dee Covan
2022-06-09 15:35:38:546	[DEBUG]	install: [], uninstall: [], enable: [], disable: [], update: []
2022-06-09 15:35:39:898	[DEBUG]	Validating SML
2022-06-09 15:35:39:899	[DEBUG]	Validating ModularUI
2022-06-09 15:35:39:899	[DEBUG]	Validating RefinedRDLib
2022-06-09 15:35:39:899	[DEBUG]	Validating FactoryGame
2022-06-09 15:35:39:899	[DEBUG]	Validating KPrivateCodeLib
2022-06-09 15:35:39:899	[DEBUG]	Validating AB_FluidExtras
2022-06-09 15:35:39:899	[DEBUG]	Validating FicsitFarming
2022-06-09 15:35:39:899	[DEBUG]	Validating KLib
2022-06-09 15:35:39:899	[DEBUG]	Validating RefinedPower
2022-06-09 15:35:39:899	[DEBUG]	Validating KBFL
2022-06-09 15:35:39:899	[DEBUG]	Validating KUI
2022-06-09 15:35:39:899	[DEBUG]	Validating MarcioCommonLibs
2022-06-09 15:35:39:900	[DEBUG]	Validating SatisfactoryPlus
2022-06-09 15:35:39:900	[DEBUG]	Validating FasterManualCrafting
2022-06-09 15:35:39:900	[DEBUG]	Validating KLevelUp
2022-06-09 15:35:39:900	[DEBUG]	Validating ContainerScreen
2022-06-09 15:35:39:900	[DEBUG]	Validating UtilityMod
2022-06-09 15:35:39:900	[DEBUG]	Validating SmartFoundations
2022-06-09 15:35:39:900	[DEBUG]	Validating TFIT
2022-06-09 15:35:39:900	[DEBUG]	Validating DoubleJump
2022-06-09 15:35:39:900	[DEBUG]	Validating InventorySpace2
2022-06-09 15:35:39:900	[DEBUG]	Validating EarlyHover
2022-06-09 15:35:39:900	[DEBUG]	Validating LoadBalancers
2022-06-09 15:35:39:900	[DEBUG]	Validating SatisfactoryHelper
2022-06-09 15:35:39:900	[DEBUG]	Validating PersonalDrones
2022-06-09 15:35:39:900	[DEBUG]	Validating DumbPrints
2022-06-09 15:35:39:900	[DEBUG]	Validating MAMTips
2022-06-09 15:35:39:900	[DEBUG]	Validating PermaDay
2022-06-09 15:35:39:900	[DEBUG]	Validating RegenAllHealth
2022-06-09 15:35:39:900	[DEBUG]	Validating NoneEquipment
2022-06-09 15:35:39:900	[DEBUG]	Validating PowerChecker
2022-06-09 15:35:39:900	[DEBUG]	Validating EfficiencyCheckerMod
2022-06-09 15:35:39:901	[DEBUG]	Items: {"FicsitFarming":"4.0.3","SML":"3.3.1","ModularUI":"2.0.8","RefinedRDLib":"1.0.7","AB_FluidExtras":"0.7.1","KUI":"1.4.0","RefinedPower":"3.0.9","FasterManualCrafting":"1.1.1","KLevelUp":"1.2.5","ContainerScreen":"1.0.11","UtilityMod":"0.5.4","SmartFoundations":"17.0.11","TFIT":"1.0.5","DoubleJump":"1.0.1","InventorySpace2":"2.0.1","EarlyHover":"1.0.3","LoadBalancers":"1.5.1","SatisfactoryHelper":"2.0.3","PersonalDrones":"1.0.11","DumbPrints":"0.0.4","MAMTips":"0.5.0","PermaDay":"1.0.2","RegenAllHealth":"2.0.2","NoneEquipment":"2.0.5","MarcioCommonLibs":"1.1.1","SatisfactoryPlus":"0.7.3","KLib":"1.10.3","KPrivateCodeLib":"1.2.2","KBFL":"1.12.11","PowerChecker":"2.1.5","EfficiencyCheckerMod":"2.1.4"}
2022-06-09 15:35:39:948	[DEBUG]	Mismatches: {"install":{},"uninstall":[]}
2022-06-09 15:35:41:920	[DEBUG]	Validating SatisfactoryPlus
2022-06-09 15:35:41:925	[DEBUG]	Validating KLib
2022-06-09 15:35:42:199	[DEBUG]	Validating SML
2022-06-09 15:35:42:199	[DEBUG]	Validating FactoryGame
2022-06-09 15:35:42:199	[DEBUG]	Validating KPrivateCodeLib
2022-06-09 15:35:42:437	[DEBUG]	Validating SML
2022-06-09 15:35:42:437	[DEBUG]	Validating KUI
2022-06-09 15:35:42:438	[DEBUG]	Validating SML
2022-06-09 15:35:42:438	[DEBUG]	Validating KBFL
2022-06-09 15:35:42:442	[DEBUG]	Validating SML
2022-06-09 15:35:42:442	[DEBUG]	Validating RefinedPower
2022-06-09 15:35:42:446	[DEBUG]	Validating ModularUI
2022-06-09 15:35:42:662	[DEBUG]	Validating SML
2022-06-09 15:35:42:663	[DEBUG]	Validating RefinedRDLib
2022-06-09 15:35:42:868	[DEBUG]	Validating SML
2022-06-09 15:35:42:868	[DEBUG]	Validating SML
2022-06-09 15:35:42:868	[DEBUG]	Validating RefinedRDLib
2022-06-09 15:35:42:868	[DEBUG]	Validating ModularUI
2022-06-09 15:35:42:868	[DEBUG]	Validating FicsitFarming
2022-06-09 15:35:42:869	[DEBUG]	Validating SML
2022-06-09 15:35:42:869	[DEBUG]	Validating ModularUI
2022-06-09 15:35:42:869	[DEBUG]	Validating RefinedRDLib
2022-06-09 15:35:42:869	[DEBUG]	Validating AB_FluidExtras
2022-06-09 15:35:42:871	[DEBUG]	Validating SML
2022-06-09 15:35:42:872	[DEBUG]	Validating SML
2022-06-09 15:35:42:873	[DEBUG]	Validating FasterManualCrafting
2022-06-09 15:35:42:873	[DEBUG]	Validating SML
2022-06-09 15:35:42:873	[DEBUG]	Validating KLevelUp
2022-06-09 15:35:42:874	[DEBUG]	Validating SML
2022-06-09 15:35:42:874	[DEBUG]	Validating KPrivateCodeLib
2022-06-09 15:35:42:874	[DEBUG]	Validating ContainerScreen
2022-06-09 15:35:42:876	[DEBUG]	Validating SML
2022-06-09 15:35:42:876	[DEBUG]	Validating UtilityMod
2022-06-09 15:35:42:877	[DEBUG]	Validating SML
2022-06-09 15:35:42:877	[DEBUG]	Validating SmartFoundations
2022-06-09 15:35:42:879	[DEBUG]	Validating SML
2022-06-09 15:35:42:879	[DEBUG]	Validating TFIT
2022-06-09 15:35:42:880	[DEBUG]	Validating SML
2022-06-09 15:35:42:880	[DEBUG]	Validating DoubleJump
2022-06-09 15:35:42:880	[DEBUG]	Validating SML
2022-06-09 15:35:42:881	[DEBUG]	Validating InventorySpace2
2022-06-09 15:35:42:881	[DEBUG]	Validating SML
2022-06-09 15:35:42:881	[DEBUG]	Validating EarlyHover
2022-06-09 15:35:42:882	[DEBUG]	Validating SML
2022-06-09 15:35:42:882	[DEBUG]	Validating LoadBalancers
2022-06-09 15:35:42:883	[DEBUG]	Validating SML
2022-06-09 15:35:42:884	[DEBUG]	Validating SatisfactoryHelper
2022-06-09 15:35:42:884	[DEBUG]	Validating SML
2022-06-09 15:35:42:885	[DEBUG]	Validating PersonalDrones
2022-06-09 15:35:42:886	[DEBUG]	Validating SML
2022-06-09 15:35:42:886	[DEBUG]	Validating DumbPrints
2022-06-09 15:35:42:886	[DEBUG]	Validating SML
2022-06-09 15:35:42:887	[DEBUG]	Validating MAMTips
2022-06-09 15:35:42:887	[DEBUG]	Validating SML
2022-06-09 15:35:42:887	[DEBUG]	Validating PermaDay
2022-06-09 15:35:42:888	[DEBUG]	Validating SML
2022-06-09 15:35:42:888	[DEBUG]	Validating RegenAllHealth
2022-06-09 15:35:42:889	[DEBUG]	Validating SML
2022-06-09 15:35:42:889	[DEBUG]	Validating NoneEquipment
2022-06-09 15:35:42:890	[DEBUG]	Validating SML
2022-06-09 15:35:42:890	[DEBUG]	Validating PowerChecker
2022-06-09 15:35:42:892	[DEBUG]	Validating MarcioCommonLibs
2022-06-09 15:35:43:083	[DEBUG]	Validating SML
2022-06-09 15:35:43:084	[DEBUG]	Validating SML
2022-06-09 15:35:43:084	[DEBUG]	Validating EfficiencyCheckerMod
2022-06-09 15:35:43:090	[DEBUG]	Validating MarcioCommonLibs
2022-06-09 15:35:43:090	[DEBUG]	Validating SML
2022-06-09 15:35:47:245	[DEBUG]	Validating SatisfactoryPlus
2022-06-09 15:35:47:245	[DEBUG]	Validating KLib
2022-06-09 15:35:47:245	[DEBUG]	Validating SML
2022-06-09 15:35:47:245	[DEBUG]	Validating FactoryGame
2022-06-09 15:35:47:246	[DEBUG]	Validating KPrivateCodeLib
2022-06-09 15:35:47:246	[DEBUG]	Validating SML
2022-06-09 15:35:47:246	[DEBUG]	Validating KUI
2022-06-09 15:35:47:246	[DEBUG]	Validating SML
2022-06-09 15:35:47:246	[DEBUG]	Validating KBFL
2022-06-09 15:35:47:246	[DEBUG]	Validating SML
2022-06-09 15:35:47:246	[DEBUG]	Validating RefinedPower
2022-06-09 15:35:47:246	[DEBUG]	Validating ModularUI
2022-06-09 15:35:47:246	[DEBUG]	Validating SML
2022-06-09 15:35:47:247	[DEBUG]	Validating RefinedRDLib
2022-06-09 15:35:47:247	[DEBUG]	Validating SML
2022-06-09 15:35:47:247	[DEBUG]	Validating SML
2022-06-09 15:35:47:247	[DEBUG]	Validating RefinedRDLib
2022-06-09 15:35:47:247	[DEBUG]	Validating ModularUI
2022-06-09 15:35:47:247	[DEBUG]	Validating FicsitFarming
2022-06-09 15:35:47:247	[DEBUG]	Validating SML
2022-06-09 15:35:47:247	[DEBUG]	Validating ModularUI
2022-06-09 15:35:47:247	[DEBUG]	Validating RefinedRDLib
2022-06-09 15:35:47:247	[DEBUG]	Validating AB_FluidExtras
2022-06-09 15:35:47:247	[DEBUG]	Validating SML
2022-06-09 15:35:47:247	[DEBUG]	Validating SML
2022-06-09 15:35:47:247	[DEBUG]	Validating FasterManualCrafting
2022-06-09 15:35:47:247	[DEBUG]	Validating SML
2022-06-09 15:35:47:247	[DEBUG]	Validating KLevelUp
2022-06-09 15:35:47:248	[DEBUG]	Validating SML
2022-06-09 15:35:47:248	[DEBUG]	Validating KPrivateCodeLib
2022-06-09 15:35:47:248	[DEBUG]	Validating ContainerScreen
2022-06-09 15:35:47:248	[DEBUG]	Validating SML
2022-06-09 15:35:47:248	[DEBUG]	Validating UtilityMod
2022-06-09 15:35:47:248	[DEBUG]	Validating SML
2022-06-09 15:35:47:248	[DEBUG]	Validating SmartFoundations
2022-06-09 15:35:47:248	[DEBUG]	Validating SML
2022-06-09 15:35:47:248	[DEBUG]	Validating TFIT
2022-06-09 15:35:47:248	[DEBUG]	Validating SML
2022-06-09 15:35:47:249	[DEBUG]	Validating DoubleJump
2022-06-09 15:35:47:249	[DEBUG]	Validating SML
2022-06-09 15:35:47:249	[DEBUG]	Validating InventorySpace2
2022-06-09 15:35:47:249	[DEBUG]	Validating SML
2022-06-09 15:35:47:249	[DEBUG]	Validating EarlyHover
2022-06-09 15:35:47:249	[DEBUG]	Validating SML
2022-06-09 15:35:47:249	[DEBUG]	Validating LoadBalancers
2022-06-09 15:35:47:249	[DEBUG]	Validating SML
2022-06-09 15:35:47:249	[DEBUG]	Validating SatisfactoryHelper
2022-06-09 15:35:47:249	[DEBUG]	Validating SML
2022-06-09 15:35:47:250	[DEBUG]	Validating PersonalDrones
2022-06-09 15:35:47:250	[DEBUG]	Validating SML
2022-06-09 15:35:47:250	[DEBUG]	Validating DumbPrints
2022-06-09 15:35:47:250	[DEBUG]	Validating SML
2022-06-09 15:35:47:250	[DEBUG]	Validating MAMTips
2022-06-09 15:35:47:250	[DEBUG]	Validating SML
2022-06-09 15:35:47:250	[DEBUG]	Validating PermaDay
2022-06-09 15:35:47:250	[DEBUG]	Validating SML
2022-06-09 15:35:47:251	[DEBUG]	Validating RegenAllHealth
2022-06-09 15:35:47:251	[DEBUG]	Validating SML
2022-06-09 15:35:47:251	[DEBUG]	Validating NoneEquipment
2022-06-09 15:35:47:251	[DEBUG]	Validating SML
2022-06-09 15:35:47:251	[DEBUG]	Validating PowerChecker
2022-06-09 15:35:47:251	[DEBUG]	Validating MarcioCommonLibs
2022-06-09 15:35:47:251	[DEBUG]	Validating SML
2022-06-09 15:35:47:252	[DEBUG]	Validating SML
2022-06-09 15:35:47:252	[DEBUG]	Validating EfficiencyCheckerMod
2022-06-09 15:35:47:252	[DEBUG]	Validating MarcioCommonLibs
2022-06-09 15:35:47:252	[DEBUG]	Validating SML
2022-06-09 15:40:48:636	[DEBUG]	Validating SatisfactoryPlus
2022-06-09 15:40:48:637	[DEBUG]	Validating KLib
2022-06-09 15:40:48:637	[DEBUG]	Validating SML
2022-06-09 15:40:48:637	[DEBUG]	Validating FactoryGame
2022-06-09 15:40:48:637	[DEBUG]	Validating KPrivateCodeLib
2022-06-09 15:40:48:637	[DEBUG]	Validating SML
2022-06-09 15:40:48:637	[DEBUG]	Validating KUI
2022-06-09 15:40:48:638	[DEBUG]	Validating SML
2022-06-09 15:40:48:638	[DEBUG]	Validating KBFL
2022-06-09 15:40:48:639	[DEBUG]	Validating SML
2022-06-09 15:40:48:639	[DEBUG]	Validating RefinedPower
2022-06-09 15:40:48:639	[DEBUG]	Validating ModularUI
2022-06-09 15:40:48:640	[DEBUG]	Validating SML
2022-06-09 15:40:48:640	[DEBUG]	Validating RefinedRDLib
2022-06-09 15:40:48:640	[DEBUG]	Validating SML
2022-06-09 15:40:48:640	[DEBUG]	Validating SML
2022-06-09 15:40:48:640	[DEBUG]	Validating RefinedRDLib
2022-06-09 15:40:48:640	[DEBUG]	Validating ModularUI
2022-06-09 15:40:48:640	[DEBUG]	Validating FicsitFarming
2022-06-09 15:40:48:641	[DEBUG]	Validating SML
2022-06-09 15:40:48:641	[DEBUG]	Validating ModularUI
2022-06-09 15:40:48:641	[DEBUG]	Validating RefinedRDLib
2022-06-09 15:40:48:641	[DEBUG]	Validating AB_FluidExtras
2022-06-09 15:40:48:641	[DEBUG]	Validating SML
2022-06-09 15:40:48:642	[DEBUG]	Validating SML
2022-06-09 15:40:48:642	[DEBUG]	Validating FasterManualCrafting
2022-06-09 15:40:48:642	[DEBUG]	Validating SML
2022-06-09 15:40:48:642	[DEBUG]	Validating KLevelUp
2022-06-09 15:40:48:643	[DEBUG]	Validating SML
2022-06-09 15:40:48:643	[DEBUG]	Validating KPrivateCodeLib
2022-06-09 15:40:48:643	[DEBUG]	Validating ContainerScreen
2022-06-09 15:40:48:643	[DEBUG]	Validating SML
2022-06-09 15:40:48:643	[DEBUG]	Validating UtilityMod
2022-06-09 15:40:48:644	[DEBUG]	Validating SML
2022-06-09 15:40:48:644	[DEBUG]	Validating SmartFoundations
2022-06-09 15:40:48:645	[DEBUG]	Validating SML
2022-06-09 15:40:48:645	[DEBUG]	Validating TFIT
2022-06-09 15:40:48:645	[DEBUG]	Validating SML
2022-06-09 15:40:48:645	[DEBUG]	Validating DoubleJump
2022-06-09 15:40:48:645	[DEBUG]	Validating SML
2022-06-09 15:40:48:645	[DEBUG]	Validating InventorySpace2
2022-06-09 15:40:48:645	[DEBUG]	Validating SML
2022-06-09 15:40:48:645	[DEBUG]	Validating EarlyHover
2022-06-09 15:40:48:646	[DEBUG]	Validating SML
2022-06-09 15:40:48:646	[DEBUG]	Validating LoadBalancers
2022-06-09 15:40:48:646	[DEBUG]	Validating SML
2022-06-09 15:40:48:647	[DEBUG]	Validating SatisfactoryHelper
2022-06-09 15:40:48:647	[DEBUG]	Validating SML
2022-06-09 15:40:48:647	[DEBUG]	Validating PersonalDrones
2022-06-09 15:40:48:651	[DEBUG]	Validating SML
2022-06-09 15:40:48:651	[DEBUG]	Validating DumbPrints
2022-06-09 15:40:48:651	[DEBUG]	Validating SML
2022-06-09 15:40:48:652	[DEBUG]	Validating MAMTips
2022-06-09 15:40:48:652	[DEBUG]	Validating SML
2022-06-09 15:40:48:653	[DEBUG]	Validating PermaDay
2022-06-09 15:40:48:653	[DEBUG]	Validating SML
2022-06-09 15:40:48:653	[DEBUG]	Validating RegenAllHealth
2022-06-09 15:40:48:653	[DEBUG]	Validating SML
2022-06-09 15:40:48:654	[DEBUG]	Validating NoneEquipment
2022-06-09 15:40:48:654	[DEBUG]	Validating SML
2022-06-09 15:40:48:654	[DEBUG]	Validating PowerChecker
2022-06-09 15:40:48:655	[DEBUG]	Validating MarcioCommonLibs
2022-06-09 15:40:48:655	[DEBUG]	Validating SML
2022-06-09 15:40:48:656	[DEBUG]	Validating SML
2022-06-09 15:40:48:657	[DEBUG]	Validating EfficiencyCheckerMod
2022-06-09 15:40:48:657	[DEBUG]	Validating MarcioCommonLibs
2022-06-09 15:40:48:657	[DEBUG]	Validating SML
2022-06-09 15:45:50:111	[DEBUG]	Validating SatisfactoryPlus
2022-06-09 15:45:50:114	[DEBUG]	Validating AB_FluidExtras
2022-06-09 15:45:50:115	[DEBUG]	Validating SML
2022-06-09 15:45:50:116	[DEBUG]	Validating FactoryGame
2022-06-09 15:45:50:116	[DEBUG]	Validating FicsitFarming
2022-06-09 15:45:50:116	[DEBUG]	Validating SML
2022-06-09 15:45:50:116	[DEBUG]	Validating ModularUI
2022-06-09 15:45:50:117	[DEBUG]	Validating SML
2022-06-09 15:45:50:117	[DEBUG]	Validating RefinedRDLib
2022-06-09 15:45:50:117	[DEBUG]	Validating SML
2022-06-09 15:45:50:117	[DEBUG]	Validating KLib
2022-06-09 15:45:50:117	[DEBUG]	Validating SML
2022-06-09 15:45:50:117	[DEBUG]	Validating KPrivateCodeLib
2022-06-09 15:45:50:117	[DEBUG]	Validating SML
2022-06-09 15:45:50:117	[DEBUG]	Validating KUI
2022-06-09 15:45:50:118	[DEBUG]	Validating SML
2022-06-09 15:45:50:118	[DEBUG]	Validating KBFL
2022-06-09 15:45:50:118	[DEBUG]	Validating SML
2022-06-09 15:45:50:118	[DEBUG]	Validating ModularUI
2022-06-09 15:45:50:118	[DEBUG]	Validating RefinedPower
2022-06-09 15:45:50:119	[DEBUG]	Validating ModularUI
2022-06-09 15:45:50:119	[DEBUG]	Validating RefinedRDLib
2022-06-09 15:45:50:119	[DEBUG]	Validating SML
2022-06-09 15:45:50:119	[DEBUG]	Validating RefinedRDLib
2022-06-09 15:45:50:119	[DEBUG]	Validating SML
2022-06-09 15:45:50:119	[DEBUG]	Validating FasterManualCrafting
2022-06-09 15:45:50:120	[DEBUG]	Validating SML
2022-06-09 15:45:50:120	[DEBUG]	Validating KLevelUp
2022-06-09 15:45:50:120	[DEBUG]	Validating SML
2022-06-09 15:45:50:120	[DEBUG]	Validating KPrivateCodeLib
2022-06-09 15:45:50:120	[DEBUG]	Validating ContainerScreen
2022-06-09 15:45:50:120	[DEBUG]	Validating SML
2022-06-09 15:45:50:120	[DEBUG]	Validating UtilityMod
2022-06-09 15:45:50:120	[DEBUG]	Validating SML
2022-06-09 15:45:50:121	[DEBUG]	Validating SmartFoundations
2022-06-09 15:45:50:121	[DEBUG]	Validating SML
2022-06-09 15:45:50:121	[DEBUG]	Validating TFIT
2022-06-09 15:45:50:121	[DEBUG]	Validating SML
2022-06-09 15:45:50:121	[DEBUG]	Validating DoubleJump
2022-06-09 15:45:50:121	[DEBUG]	Validating SML
2022-06-09 15:45:50:121	[DEBUG]	Validating InventorySpace2
2022-06-09 15:45:50:121	[DEBUG]	Validating SML
2022-06-09 15:45:50:122	[DEBUG]	Validating EarlyHover
2022-06-09 15:45:50:122	[DEBUG]	Validating SML
2022-06-09 15:45:50:122	[DEBUG]	Validating LoadBalancers
2022-06-09 15:45:50:122	[DEBUG]	Validating SML
2022-06-09 15:45:50:123	[DEBUG]	Validating SatisfactoryHelper
2022-06-09 15:45:50:123	[DEBUG]	Validating SML
2022-06-09 15:45:50:123	[DEBUG]	Validating PersonalDrones
2022-06-09 15:45:50:123	[DEBUG]	Validating SML
2022-06-09 15:45:50:123	[DEBUG]	Validating DumbPrints
2022-06-09 15:45:50:123	[DEBUG]	Validating SML
2022-06-09 15:45:50:123	[DEBUG]	Validating MAMTips
2022-06-09 15:45:50:123	[DEBUG]	Validating SML
2022-06-09 15:45:50:124	[DEBUG]	Validating PermaDay
2022-06-09 15:45:50:124	[DEBUG]	Validating SML
2022-06-09 15:45:50:124	[DEBUG]	Validating RegenAllHealth
2022-06-09 15:45:50:124	[DEBUG]	Validating SML
2022-06-09 15:45:50:125	[DEBUG]	Validating NoneEquipment
2022-06-09 15:45:50:125	[DEBUG]	Validating SML
2022-06-09 15:45:50:125	[DEBUG]	Validating PowerChecker
2022-06-09 15:45:50:125	[DEBUG]	Validating MarcioCommonLibs
2022-06-09 15:45:50:126	[DEBUG]	Validating SML
2022-06-09 15:45:50:126	[DEBUG]	Validating SML
2022-06-09 15:45:50:126	[DEBUG]	Validating EfficiencyCheckerMod
2022-06-09 15:45:50:126	[DEBUG]	Validating MarcioCommonLibs
2022-06-09 15:45:50:127	[DEBUG]	Validating SML
2022-06-09 15:50:51:501	[DEBUG]	Validating SatisfactoryPlus
2022-06-09 15:50:51:502	[DEBUG]	Validating AB_FluidExtras
2022-06-09 15:50:51:502	[DEBUG]	Validating SML
2022-06-09 15:50:51:502	[DEBUG]	Validating FactoryGame
2022-06-09 15:50:51:502	[DEBUG]	Validating FicsitFarming
2022-06-09 15:50:51:503	[DEBUG]	Validating SML
2022-06-09 15:50:51:503	[DEBUG]	Validating ModularUI
2022-06-09 15:50:51:503	[DEBUG]	Validating SML
2022-06-09 15:50:51:503	[DEBUG]	Validating RefinedRDLib
2022-06-09 15:50:51:503	[DEBUG]	Validating SML
2022-06-09 15:50:51:503	[DEBUG]	Validating KLib
2022-06-09 15:50:51:503	[DEBUG]	Validating SML
2022-06-09 15:50:51:503	[DEBUG]	Validating KPrivateCodeLib
2022-06-09 15:50:51:503	[DEBUG]	Validating SML
2022-06-09 15:50:51:503	[DEBUG]	Validating KUI
2022-06-09 15:50:51:504	[DEBUG]	Validating SML
2022-06-09 15:50:51:504	[DEBUG]	Validating KBFL
2022-06-09 15:50:51:505	[DEBUG]	Validating SML
2022-06-09 15:50:51:505	[DEBUG]	Validating ModularUI
2022-06-09 15:50:51:505	[DEBUG]	Validating RefinedPower
2022-06-09 15:50:51:506	[DEBUG]	Validating ModularUI
2022-06-09 15:50:51:506	[DEBUG]	Validating RefinedRDLib
2022-06-09 15:50:51:506	[DEBUG]	Validating SML
2022-06-09 15:50:51:506	[DEBUG]	Validating RefinedRDLib
2022-06-09 15:50:51:506	[DEBUG]	Validating SML
2022-06-09 15:50:51:507	[DEBUG]	Validating FasterManualCrafting
2022-06-09 15:50:51:507	[DEBUG]	Validating SML
2022-06-09 15:50:51:507	[DEBUG]	Validating KLevelUp
2022-06-09 15:50:51:507	[DEBUG]	Validating SML
2022-06-09 15:50:51:508	[DEBUG]	Validating KPrivateCodeLib
2022-06-09 15:50:51:508	[DEBUG]	Validating ContainerScreen
2022-06-09 15:50:51:508	[DEBUG]	Validating SML
2022-06-09 15:50:51:508	[DEBUG]	Validating UtilityMod
2022-06-09 15:50:51:509	[DEBUG]	Validating SML
2022-06-09 15:50:51:509	[DEBUG]	Validating SmartFoundations
2022-06-09 15:50:51:509	[DEBUG]	Validating SML
2022-06-09 15:50:51:509	[DEBUG]	Validating TFIT
2022-06-09 15:50:51:509	[DEBUG]	Validating SML
2022-06-09 15:50:51:509	[DEBUG]	Validating DoubleJump
2022-06-09 15:50:51:509	[DEBUG]	Validating SML
2022-06-09 15:50:51:510	[DEBUG]	Validating InventorySpace2
2022-06-09 15:50:51:510	[DEBUG]	Validating SML
2022-06-09 15:50:51:510	[DEBUG]	Validating EarlyHover
2022-06-09 15:50:51:510	[DEBUG]	Validating SML
2022-06-09 15:50:51:510	[DEBUG]	Validating LoadBalancers
2022-06-09 15:50:51:510	[DEBUG]	Validating SML
2022-06-09 15:50:51:511	[DEBUG]	Validating SatisfactoryHelper
2022-06-09 15:50:51:511	[DEBUG]	Validating SML
2022-06-09 15:50:51:511	[DEBUG]	Validating PersonalDrones
2022-06-09 15:50:51:511	[DEBUG]	Validating SML
2022-06-09 15:50:51:511	[DEBUG]	Validating DumbPrints
2022-06-09 15:50:51:511	[DEBUG]	Validating SML
2022-06-09 15:50:51:511	[DEBUG]	Validating MAMTips
2022-06-09 15:50:51:512	[DEBUG]	Validating SML
2022-06-09 15:50:51:512	[DEBUG]	Validating PermaDay
2022-06-09 15:50:51:512	[DEBUG]	Validating SML
2022-06-09 15:50:51:512	[DEBUG]	Validating RegenAllHealth
2022-06-09 15:50:51:512	[DEBUG]	Validating SML
2022-06-09 15:50:51:513	[DEBUG]	Validating NoneEquipment
2022-06-09 15:50:51:513	[DEBUG]	Validating SML
2022-06-09 15:50:51:513	[DEBUG]	Validating PowerChecker
2022-06-09 15:50:51:513	[DEBUG]	Validating MarcioCommonLibs
2022-06-09 15:50:51:513	[DEBUG]	Validating SML
2022-06-09 15:50:51:516	[DEBUG]	Validating SML
2022-06-09 15:50:51:516	[DEBUG]	Validating EfficiencyCheckerMod
2022-06-09 15:50:51:517	[DEBUG]	Validating MarcioCommonLibs
2022-06-09 15:50:51:517	[DEBUG]	Validating SML
2022-06-09 15:55:52:980	[DEBUG]	Validating SatisfactoryPlus
2022-06-09 15:55:52:981	[DEBUG]	Validating KLib
2022-06-09 15:55:52:981	[DEBUG]	Validating SML
2022-06-09 15:55:52:982	[DEBUG]	Validating FactoryGame
2022-06-09 15:55:52:982	[DEBUG]	Validating KPrivateCodeLib
2022-06-09 15:55:52:982	[DEBUG]	Validating SML
2022-06-09 15:55:52:982	[DEBUG]	Validating KUI
2022-06-09 15:55:52:982	[DEBUG]	Validating SML
2022-06-09 15:55:52:982	[DEBUG]	Validating KBFL
2022-06-09 15:55:52:982	[DEBUG]	Validating SML
2022-06-09 15:55:52:982	[DEBUG]	Validating RefinedPower
2022-06-09 15:55:52:984	[DEBUG]	Validating ModularUI
2022-06-09 15:55:52:984	[DEBUG]	Validating SML
2022-06-09 15:55:52:984	[DEBUG]	Validating RefinedRDLib
2022-06-09 15:55:52:985	[DEBUG]	Validating SML
2022-06-09 15:55:52:985	[DEBUG]	Validating SML
2022-06-09 15:55:52:985	[DEBUG]	Validating RefinedRDLib
2022-06-09 15:55:52:985	[DEBUG]	Validating ModularUI
2022-06-09 15:55:52:985	[DEBUG]	Validating FicsitFarming
2022-06-09 15:55:52:985	[DEBUG]	Validating SML
2022-06-09 15:55:52:985	[DEBUG]	Validating ModularUI
2022-06-09 15:55:52:985	[DEBUG]	Validating RefinedRDLib
2022-06-09 15:55:52:985	[DEBUG]	Validating AB_FluidExtras
2022-06-09 15:55:52:986	[DEBUG]	Validating SML
2022-06-09 15:55:52:986	[DEBUG]	Validating SML
2022-06-09 15:55:52:986	[DEBUG]	Validating FasterManualCrafting
2022-06-09 15:55:52:986	[DEBUG]	Validating SML
2022-06-09 15:55:52:986	[DEBUG]	Validating KLevelUp
2022-06-09 15:55:52:986	[DEBUG]	Validating SML
2022-06-09 15:55:52:987	[DEBUG]	Validating KPrivateCodeLib
2022-06-09 15:55:52:987	[DEBUG]	Validating ContainerScreen
2022-06-09 15:55:52:987	[DEBUG]	Validating SML
2022-06-09 15:55:52:988	[DEBUG]	Validating UtilityMod
2022-06-09 15:55:52:988	[DEBUG]	Validating SML
2022-06-09 15:55:52:988	[DEBUG]	Validating SmartFoundations
2022-06-09 15:55:52:990	[DEBUG]	Validating SML
2022-06-09 15:55:52:990	[DEBUG]	Validating TFIT
2022-06-09 15:55:52:991	[DEBUG]	Validating SML
2022-06-09 15:55:52:991	[DEBUG]	Validating DoubleJump
2022-06-09 15:55:52:991	[DEBUG]	Validating SML
2022-06-09 15:55:52:991	[DEBUG]	Validating InventorySpace2
2022-06-09 15:55:52:991	[DEBUG]	Validating SML
2022-06-09 15:55:52:992	[DEBUG]	Validating EarlyHover
2022-06-09 15:55:52:992	[DEBUG]	Validating SML
2022-06-09 15:55:52:992	[DEBUG]	Validating LoadBalancers
2022-06-09 15:55:52:992	[DEBUG]	Validating SML
2022-06-09 15:55:52:992	[DEBUG]	Validating SatisfactoryHelper
2022-06-09 15:55:52:993	[DEBUG]	Validating SML
2022-06-09 15:55:52:993	[DEBUG]	Validating PersonalDrones
2022-06-09 15:55:52:993	[DEBUG]	Validating SML
2022-06-09 15:55:52:993	[DEBUG]	Validating DumbPrints
2022-06-09 15:55:52:994	[DEBUG]	Validating SML
2022-06-09 15:55:52:994	[DEBUG]	Validating MAMTips
2022-06-09 15:55:52:994	[DEBUG]	Validating SML
2022-06-09 15:55:52:994	[DEBUG]	Validating PermaDay
2022-06-09 15:55:52:995	[DEBUG]	Validating SML
2022-06-09 15:55:52:995	[DEBUG]	Validating RegenAllHealth
2022-06-09 15:55:52:995	[DEBUG]	Validating SML
2022-06-09 15:55:52:995	[DEBUG]	Validating NoneEquipment
2022-06-09 15:55:52:996	[DEBUG]	Validating SML
2022-06-09 15:55:52:996	[DEBUG]	Validating PowerChecker
2022-06-09 15:55:52:996	[DEBUG]	Validating MarcioCommonLibs
2022-06-09 15:55:52:996	[DEBUG]	Validating SML
2022-06-09 15:55:52:997	[DEBUG]	Validating SML
2022-06-09 15:55:52:998	[DEBUG]	Validating EfficiencyCheckerMod
2022-06-09 15:55:52:999	[DEBUG]	Validating MarcioCommonLibs
2022-06-09 15:55:52:999	[DEBUG]	Validating SML
2022-06-09 16:00:54:104	[DEBUG]	Validating SatisfactoryPlus
2022-06-09 16:00:54:105	[DEBUG]	Validating KLib
2022-06-09 16:00:54:105	[DEBUG]	Validating SML
2022-06-09 16:00:54:105	[DEBUG]	Validating FactoryGame
2022-06-09 16:00:54:105	[DEBUG]	Validating KPrivateCodeLib
2022-06-09 16:00:54:105	[DEBUG]	Validating SML
2022-06-09 16:00:54:106	[DEBUG]	Validating KUI
2022-06-09 16:00:54:106	[DEBUG]	Validating SML
2022-06-09 16:00:54:106	[DEBUG]	Validating KBFL
2022-06-09 16:00:54:108	[DEBUG]	Validating SML
2022-06-09 16:00:54:108	[DEBUG]	Validating RefinedPower
2022-06-09 16:00:54:108	[DEBUG]	Validating ModularUI
2022-06-09 16:00:54:108	[DEBUG]	Validating SML
2022-06-09 16:00:54:109	[DEBUG]	Validating RefinedRDLib
2022-06-09 16:00:54:109	[DEBUG]	Validating SML
2022-06-09 16:00:54:109	[DEBUG]	Validating SML
2022-06-09 16:00:54:109	[DEBUG]	Validating RefinedRDLib
2022-06-09 16:00:54:109	[DEBUG]	Validating ModularUI
2022-06-09 16:00:54:109	[DEBUG]	Validating FicsitFarming
2022-06-09 16:00:54:109	[DEBUG]	Validating SML
2022-06-09 16:00:54:109	[DEBUG]	Validating ModularUI
2022-06-09 16:00:54:109	[DEBUG]	Validating RefinedRDLib
2022-06-09 16:00:54:109	[DEBUG]	Validating AB_FluidExtras
2022-06-09 16:00:54:109	[DEBUG]	Validating SML
2022-06-09 16:00:54:109	[DEBUG]	Validating SML
2022-06-09 16:00:54:109	[DEBUG]	Validating FasterManualCrafting
2022-06-09 16:00:54:110	[DEBUG]	Validating SML
2022-06-09 16:00:54:110	[DEBUG]	Validating KLevelUp
2022-06-09 16:00:54:110	[DEBUG]	Validating SML
2022-06-09 16:00:54:110	[DEBUG]	Validating KPrivateCodeLib
2022-06-09 16:00:54:111	[DEBUG]	Validating ContainerScreen
2022-06-09 16:00:54:111	[DEBUG]	Validating SML
2022-06-09 16:00:54:111	[DEBUG]	Validating UtilityMod
2022-06-09 16:00:54:111	[DEBUG]	Validating SML
2022-06-09 16:00:54:111	[DEBUG]	Validating SmartFoundations
2022-06-09 16:00:54:111	[DEBUG]	Validating SML
2022-06-09 16:00:54:112	[DEBUG]	Validating TFIT
2022-06-09 16:00:54:112	[DEBUG]	Validating SML
2022-06-09 16:00:54:112	[DEBUG]	Validating DoubleJump
2022-06-09 16:00:54:112	[DEBUG]	Validating SML
2022-06-09 16:00:54:112	[DEBUG]	Validating InventorySpace2
2022-06-09 16:00:54:112	[DEBUG]	Validating SML
2022-06-09 16:00:54:113	[DEBUG]	Validating EarlyHover
2022-06-09 16:00:54:114	[DEBUG]	Validating SML
2022-06-09 16:00:54:115	[DEBUG]	Validating LoadBalancers
2022-06-09 16:00:54:115	[DEBUG]	Validating SML
2022-06-09 16:00:54:116	[DEBUG]	Validating SatisfactoryHelper
2022-06-09 16:00:54:116	[DEBUG]	Validating SML
2022-06-09 16:00:54:116	[DEBUG]	Validating PersonalDrones
2022-06-09 16:00:54:117	[DEBUG]	Validating SML
2022-06-09 16:00:54:117	[DEBUG]	Validating DumbPrints
2022-06-09 16:00:54:118	[DEBUG]	Validating SML
2022-06-09 16:00:54:118	[DEBUG]	Validating MAMTips
2022-06-09 16:00:54:119	[DEBUG]	Validating SML
2022-06-09 16:00:54:119	[DEBUG]	Validating PermaDay
2022-06-09 16:00:54:120	[DEBUG]	Validating SML
2022-06-09 16:00:54:120	[DEBUG]	Validating RegenAllHealth
2022-06-09 16:00:54:121	[DEBUG]	Validating SML
2022-06-09 16:00:54:121	[DEBUG]	Validating NoneEquipment
2022-06-09 16:00:54:121	[DEBUG]	Validating SML
2022-06-09 16:00:54:121	[DEBUG]	Validating PowerChecker
2022-06-09 16:00:54:121	[DEBUG]	Validating MarcioCommonLibs
2022-06-09 16:00:54:122	[DEBUG]	Validating SML
2022-06-09 16:00:54:122	[DEBUG]	Validating SML
2022-06-09 16:00:54:122	[DEBUG]	Validating EfficiencyCheckerMod
2022-06-09 16:00:54:124	[DEBUG]	Validating MarcioCommonLibs
2022-06-09 16:00:54:124	[DEBUG]	Validating SML
2022-06-09 16:05:54:986	[DEBUG]	Validating SatisfactoryPlus
2022-06-09 16:05:54:986	[DEBUG]	Validating KLib
2022-06-09 16:05:54:986	[DEBUG]	Validating SML
2022-06-09 16:05:54:987	[DEBUG]	Validating FactoryGame
2022-06-09 16:05:54:987	[DEBUG]	Validating KPrivateCodeLib
2022-06-09 16:05:54:987	[DEBUG]	Validating SML
2022-06-09 16:05:54:987	[DEBUG]	Validating KUI
2022-06-09 16:05:54:987	[DEBUG]	Validating SML
2022-06-09 16:05:54:987	[DEBUG]	Validating KBFL
2022-06-09 16:05:54:987	[DEBUG]	Validating SML
2022-06-09 16:05:54:987	[DEBUG]	Validating RefinedPower
2022-06-09 16:05:54:988	[DEBUG]	Validating ModularUI
2022-06-09 16:05:54:988	[DEBUG]	Validating SML
2022-06-09 16:05:54:989	[DEBUG]	Validating RefinedRDLib
2022-06-09 16:05:54:989	[DEBUG]	Validating SML
2022-06-09 16:05:54:989	[DEBUG]	Validating SML
2022-06-09 16:05:54:989	[DEBUG]	Validating RefinedRDLib
2022-06-09 16:05:54:989	[DEBUG]	Validating ModularUI
2022-06-09 16:05:54:989	[DEBUG]	Validating FicsitFarming
2022-06-09 16:05:54:989	[DEBUG]	Validating SML
2022-06-09 16:05:54:989	[DEBUG]	Validating ModularUI
2022-06-09 16:05:54:989	[DEBUG]	Validating RefinedRDLib
2022-06-09 16:05:54:989	[DEBUG]	Validating AB_FluidExtras
2022-06-09 16:05:54:989	[DEBUG]	Validating SML
2022-06-09 16:05:54:989	[DEBUG]	Validating SML
2022-06-09 16:05:54:989	[DEBUG]	Validating FasterManualCrafting
2022-06-09 16:05:54:990	[DEBUG]	Validating SML
2022-06-09 16:05:54:990	[DEBUG]	Validating KLevelUp
2022-06-09 16:05:54:990	[DEBUG]	Validating SML
2022-06-09 16:05:54:991	[DEBUG]	Validating KPrivateCodeLib
2022-06-09 16:05:54:991	[DEBUG]	Validating ContainerScreen
2022-06-09 16:05:54:991	[DEBUG]	Validating SML
2022-06-09 16:05:54:991	[DEBUG]	Validating UtilityMod
2022-06-09 16:05:54:991	[DEBUG]	Validating SML
2022-06-09 16:05:54:991	[DEBUG]	Validating SmartFoundations
2022-06-09 16:05:54:992	[DEBUG]	Validating SML
2022-06-09 16:05:54:992	[DEBUG]	Validating TFIT
2022-06-09 16:05:54:992	[DEBUG]	Validating SML
2022-06-09 16:05:54:992	[DEBUG]	Validating DoubleJump
2022-06-09 16:05:54:992	[DEBUG]	Validating SML
2022-06-09 16:05:54:993	[DEBUG]	Validating InventorySpace2
2022-06-09 16:05:54:993	[DEBUG]	Validating SML
2022-06-09 16:05:54:993	[DEBUG]	Validating EarlyHover
2022-06-09 16:05:54:993	[DEBUG]	Validating SML
2022-06-09 16:05:54:993	[DEBUG]	Validating LoadBalancers
2022-06-09 16:05:54:993	[DEBUG]	Validating SML
2022-06-09 16:05:54:993	[DEBUG]	Validating SatisfactoryHelper
2022-06-09 16:05:54:993	[DEBUG]	Validating SML
2022-06-09 16:05:54:994	[DEBUG]	Validating PersonalDrones
2022-06-09 16:05:54:994	[DEBUG]	Validating SML
2022-06-09 16:05:54:994	[DEBUG]	Validating DumbPrints
2022-06-09 16:05:54:994	[DEBUG]	Validating SML
2022-06-09 16:05:54:994	[DEBUG]	Validating MAMTips
2022-06-09 16:05:54:994	[DEBUG]	Validating SML
2022-06-09 16:05:54:995	[DEBUG]	Validating PermaDay
2022-06-09 16:05:54:995	[DEBUG]	Validating SML
2022-06-09 16:05:54:995	[DEBUG]	Validating RegenAllHealth
2022-06-09 16:05:54:995	[DEBUG]	Validating SML
2022-06-09 16:05:54:995	[DEBUG]	Validating NoneEquipment
2022-06-09 16:05:54:995	[DEBUG]	Validating SML
2022-06-09 16:05:54:996	[DEBUG]	Validating PowerChecker
2022-06-09 16:05:54:996	[DEBUG]	Validating MarcioCommonLibs
2022-06-09 16:05:54:996	[DEBUG]	Validating SML
2022-06-09 16:05:54:997	[DEBUG]	Validating SML
2022-06-09 16:05:54:997	[DEBUG]	Validating EfficiencyCheckerMod
2022-06-09 16:05:54:998	[DEBUG]	Validating MarcioCommonLibs
2022-06-09 16:05:54:998	[DEBUG]	Validating SML
2022-06-09 16:10:56:284	[DEBUG]	Validating SatisfactoryPlus
2022-06-09 16:10:56:284	[DEBUG]	Validating KLib
2022-06-09 16:10:56:284	[DEBUG]	Validating SML
2022-06-09 16:10:56:285	[DEBUG]	Validating FactoryGame
2022-06-09 16:10:56:285	[DEBUG]	Validating KPrivateCodeLib
2022-06-09 16:10:56:285	[DEBUG]	Validating SML
2022-06-09 16:10:56:285	[DEBUG]	Validating KUI
2022-06-09 16:10:56:285	[DEBUG]	Validating SML
2022-06-09 16:10:56:285	[DEBUG]	Validating KBFL
2022-06-09 16:10:56:286	[DEBUG]	Validating SML
2022-06-09 16:10:56:286	[DEBUG]	Validating RefinedPower
2022-06-09 16:10:56:287	[DEBUG]	Validating ModularUI
2022-06-09 16:10:56:287	[DEBUG]	Validating SML
2022-06-09 16:10:56:287	[DEBUG]	Validating RefinedRDLib
2022-06-09 16:10:56:287	[DEBUG]	Validating SML
2022-06-09 16:10:56:287	[DEBUG]	Validating SML
2022-06-09 16:10:56:287	[DEBUG]	Validating RefinedRDLib
2022-06-09 16:10:56:287	[DEBUG]	Validating ModularUI
2022-06-09 16:10:56:287	[DEBUG]	Validating FicsitFarming
2022-06-09 16:10:56:288	[DEBUG]	Validating SML
2022-06-09 16:10:56:288	[DEBUG]	Validating ModularUI
2022-06-09 16:10:56:288	[DEBUG]	Validating RefinedRDLib
2022-06-09 16:10:56:288	[DEBUG]	Validating AB_FluidExtras
2022-06-09 16:10:56:288	[DEBUG]	Validating SML
2022-06-09 16:10:56:288	[DEBUG]	Validating SML
2022-06-09 16:10:56:288	[DEBUG]	Validating FasterManualCrafting
2022-06-09 16:10:56:289	[DEBUG]	Validating SML
2022-06-09 16:10:56:289	[DEBUG]	Validating KLevelUp
2022-06-09 16:10:56:289	[DEBUG]	Validating SML
2022-06-09 16:10:56:289	[DEBUG]	Validating KPrivateCodeLib
2022-06-09 16:10:56:289	[DEBUG]	Validating ContainerScreen
2022-06-09 16:10:56:289	[DEBUG]	Validating SML
2022-06-09 16:10:56:289	[DEBUG]	Validating UtilityMod
2022-06-09 16:10:56:290	[DEBUG]	Validating SML
2022-06-09 16:10:56:290	[DEBUG]	Validating SmartFoundations
2022-06-09 16:10:56:290	[DEBUG]	Validating SML
2022-06-09 16:10:56:291	[DEBUG]	Validating TFIT
2022-06-09 16:10:56:291	[DEBUG]	Validating SML
2022-06-09 16:10:56:291	[DEBUG]	Validating DoubleJump
2022-06-09 16:10:56:291	[DEBUG]	Validating SML
2022-06-09 16:10:56:291	[DEBUG]	Validating InventorySpace2
2022-06-09 16:10:56:291	[DEBUG]	Validating SML
2022-06-09 16:10:56:291	[DEBUG]	Validating EarlyHover
2022-06-09 16:10:56:291	[DEBUG]	Validating SML
2022-06-09 16:10:56:291	[DEBUG]	Validating LoadBalancers
2022-06-09 16:10:56:292	[DEBUG]	Validating SML
2022-06-09 16:10:56:292	[DEBUG]	Validating SatisfactoryHelper
2022-06-09 16:10:56:292	[DEBUG]	Validating SML
2022-06-09 16:10:56:292	[DEBUG]	Validating PersonalDrones
2022-06-09 16:10:56:292	[DEBUG]	Validating SML
2022-06-09 16:10:56:292	[DEBUG]	Validating DumbPrints
2022-06-09 16:10:56:293	[DEBUG]	Validating SML
2022-06-09 16:10:56:293	[DEBUG]	Validating MAMTips
2022-06-09 16:10:56:293	[DEBUG]	Validating SML
2022-06-09 16:10:56:293	[DEBUG]	Validating PermaDay
2022-06-09 16:10:56:294	[DEBUG]	Validating SML
2022-06-09 16:10:56:294	[DEBUG]	Validating RegenAllHealth
2022-06-09 16:10:56:294	[DEBUG]	Validating SML
2022-06-09 16:10:56:294	[DEBUG]	Validating NoneEquipment
2022-06-09 16:10:56:294	[DEBUG]	Validating SML
2022-06-09 16:10:56:295	[DEBUG]	Validating PowerChecker
2022-06-09 16:10:56:296	[DEBUG]	Validating MarcioCommonLibs
2022-06-09 16:10:56:296	[DEBUG]	Validating SML
2022-06-09 16:10:56:297	[DEBUG]	Validating SML
2022-06-09 16:10:56:299	[DEBUG]	Validating EfficiencyCheckerMod
2022-06-09 16:10:56:301	[DEBUG]	Validating MarcioCommonLibs
2022-06-09 16:10:56:301	[DEBUG]	Validating SML
2022-06-09 16:15:57:721	[DEBUG]	Validating SatisfactoryPlus
2022-06-09 16:15:57:722	[DEBUG]	Validating AB_FluidExtras
2022-06-09 16:15:57:722	[DEBUG]	Validating SML
2022-06-09 16:15:57:722	[DEBUG]	Validating FactoryGame
2022-06-09 16:15:57:723	[DEBUG]	Validating FicsitFarming
2022-06-09 16:15:57:723	[DEBUG]	Validating SML
2022-06-09 16:15:57:723	[DEBUG]	Validating ModularUI
2022-06-09 16:15:57:723	[DEBUG]	Validating SML
2022-06-09 16:15:57:723	[DEBUG]	Validating RefinedRDLib
2022-06-09 16:15:57:723	[DEBUG]	Validating SML
2022-06-09 16:15:57:723	[DEBUG]	Validating KLib
2022-06-09 16:15:57:723	[DEBUG]	Validating SML
2022-06-09 16:15:57:723	[DEBUG]	Validating KPrivateCodeLib
2022-06-09 16:15:57:723	[DEBUG]	Validating SML
2022-06-09 16:15:57:723	[DEBUG]	Validating KUI
2022-06-09 16:15:57:724	[DEBUG]	Validating SML
2022-06-09 16:15:57:724	[DEBUG]	Validating KBFL
2022-06-09 16:15:57:724	[DEBUG]	Validating SML
2022-06-09 16:15:57:725	[DEBUG]	Validating ModularUI
2022-06-09 16:15:57:725	[DEBUG]	Validating RefinedPower
2022-06-09 16:15:57:725	[DEBUG]	Validating ModularUI
2022-06-09 16:15:57:725	[DEBUG]	Validating RefinedRDLib
2022-06-09 16:15:57:725	[DEBUG]	Validating SML
2022-06-09 16:15:57:725	[DEBUG]	Validating RefinedRDLib
2022-06-09 16:15:57:725	[DEBUG]	Validating SML
2022-06-09 16:15:57:725	[DEBUG]	Validating FasterManualCrafting
2022-06-09 16:15:57:725	[DEBUG]	Validating SML
2022-06-09 16:15:57:725	[DEBUG]	Validating KLevelUp
2022-06-09 16:15:57:726	[DEBUG]	Validating SML
2022-06-09 16:15:57:726	[DEBUG]	Validating KPrivateCodeLib
2022-06-09 16:15:57:726	[DEBUG]	Validating ContainerScreen
2022-06-09 16:15:57:726	[DEBUG]	Validating SML
2022-06-09 16:15:57:726	[DEBUG]	Validating UtilityMod
2022-06-09 16:15:57:726	[DEBUG]	Validating SML
2022-06-09 16:15:57:726	[DEBUG]	Validating SmartFoundations
2022-06-09 16:15:57:728	[DEBUG]	Validating SML
2022-06-09 16:15:57:728	[DEBUG]	Validating TFIT
2022-06-09 16:15:57:730	[DEBUG]	Validating SML
2022-06-09 16:15:57:730	[DEBUG]	Validating DoubleJump
2022-06-09 16:15:57:731	[DEBUG]	Validating SML
2022-06-09 16:15:57:731	[DEBUG]	Validating InventorySpace2
2022-06-09 16:15:57:731	[DEBUG]	Validating SML
2022-06-09 16:15:57:731	[DEBUG]	Validating EarlyHover
2022-06-09 16:15:57:732	[DEBUG]	Validating SML
2022-06-09 16:15:57:732	[DEBUG]	Validating LoadBalancers
2022-06-09 16:15:57:733	[DEBUG]	Validating SML
2022-06-09 16:15:57:733	[DEBUG]	Validating SatisfactoryHelper
2022-06-09 16:15:57:733	[DEBUG]	Validating SML
2022-06-09 16:15:57:733	[DEBUG]	Validating PersonalDrones
2022-06-09 16:15:57:734	[DEBUG]	Validating SML
2022-06-09 16:15:57:734	[DEBUG]	Validating DumbPrints
2022-06-09 16:15:57:735	[DEBUG]	Validating SML
2022-06-09 16:15:57:735	[DEBUG]	Validating MAMTips
2022-06-09 16:15:57:735	[DEBUG]	Validating SML
2022-06-09 16:15:57:735	[DEBUG]	Validating PermaDay
2022-06-09 16:15:57:736	[DEBUG]	Validating SML
2022-06-09 16:15:57:736	[DEBUG]	Validating RegenAllHealth
2022-06-09 16:15:57:736	[DEBUG]	Validating SML
2022-06-09 16:15:57:736	[DEBUG]	Validating NoneEquipment
2022-06-09 16:15:57:736	[DEBUG]	Validating SML
2022-06-09 16:15:57:737	[DEBUG]	Validating PowerChecker
2022-06-09 16:15:57:737	[DEBUG]	Validating MarcioCommonLibs
2022-06-09 16:15:57:737	[DEBUG]	Validating SML
2022-06-09 16:15:57:738	[DEBUG]	Validating SML
2022-06-09 16:15:57:738	[DEBUG]	Validating EfficiencyCheckerMod
2022-06-09 16:15:57:739	[DEBUG]	Validating MarcioCommonLibs
2022-06-09 16:15:57:739	[DEBUG]	Validating SML
2022-06-09 16:16:45:695	[WARN]	isRunning timed out, using fallback method.
2022-06-09 16:20:59:392	[DEBUG]	Validating SatisfactoryPlus
2022-06-09 16:20:59:393	[DEBUG]	Validating KLib
2022-06-09 16:20:59:394	[DEBUG]	Validating SML
2022-06-09 16:20:59:394	[DEBUG]	Validating FactoryGame
2022-06-09 16:20:59:394	[DEBUG]	Validating KPrivateCodeLib
2022-06-09 16:20:59:394	[DEBUG]	Validating SML
2022-06-09 16:20:59:394	[DEBUG]	Validating KUI
2022-06-09 16:20:59:395	[DEBUG]	Validating SML
2022-06-09 16:20:59:395	[DEBUG]	Validating KBFL
2022-06-09 16:20:59:397	[DEBUG]	Validating SML
2022-06-09 16:20:59:397	[DEBUG]	Validating RefinedPower
2022-06-09 16:20:59:398	[DEBUG]	Validating ModularUI
2022-06-09 16:20:59:398	[DEBUG]	Validating SML
2022-06-09 16:20:59:398	[DEBUG]	Validating RefinedRDLib
2022-06-09 16:20:59:398	[DEBUG]	Validating SML
2022-06-09 16:20:59:398	[DEBUG]	Validating SML
2022-06-09 16:20:59:398	[DEBUG]	Validating RefinedRDLib
2022-06-09 16:20:59:398	[DEBUG]	Validating ModularUI
2022-06-09 16:20:59:399	[DEBUG]	Validating FicsitFarming
2022-06-09 16:20:59:399	[DEBUG]	Validating SML
2022-06-09 16:20:59:399	[DEBUG]	Validating ModularUI
2022-06-09 16:20:59:399	[DEBUG]	Validating RefinedRDLib
2022-06-09 16:20:59:399	[DEBUG]	Validating AB_FluidExtras
2022-06-09 16:20:59:400	[DEBUG]	Validating SML
2022-06-09 16:20:59:400	[DEBUG]	Validating SML
2022-06-09 16:20:59:400	[DEBUG]	Validating FasterManualCrafting
2022-06-09 16:20:59:400	[DEBUG]	Validating SML
2022-06-09 16:20:59:400	[DEBUG]	Validating KLevelUp
2022-06-09 16:20:59:401	[DEBUG]	Validating SML
2022-06-09 16:20:59:401	[DEBUG]	Validating KPrivateCodeLib
2022-06-09 16:20:59:401	[DEBUG]	Validating ContainerScreen
2022-06-09 16:20:59:401	[DEBUG]	Validating SML
2022-06-09 16:20:59:401	[DEBUG]	Validating UtilityMod
2022-06-09 16:20:59:402	[DEBUG]	Validating SML
2022-06-09 16:20:59:402	[DEBUG]	Validating SmartFoundations
2022-06-09 16:20:59:403	[DEBUG]	Validating SML
2022-06-09 16:20:59:404	[DEBUG]	Validating TFIT
2022-06-09 16:20:59:404	[DEBUG]	Validating SML
2022-06-09 16:20:59:404	[DEBUG]	Validating DoubleJump
2022-06-09 16:20:59:405	[DEBUG]	Validating SML
2022-06-09 16:20:59:405	[DEBUG]	Validating InventorySpace2
2022-06-09 16:20:59:405	[DEBUG]	Validating SML
2022-06-09 16:20:59:406	[DEBUG]	Validating EarlyHover
2022-06-09 16:20:59:406	[DEBUG]	Validating SML
2022-06-09 16:20:59:406	[DEBUG]	Validating LoadBalancers
2022-06-09 16:20:59:407	[DEBUG]	Validating SML
2022-06-09 16:20:59:408	[DEBUG]	Validating SatisfactoryHelper
2022-06-09 16:20:59:408	[DEBUG]	Validating SML
2022-06-09 16:20:59:408	[DEBUG]	Validating PersonalDrones
2022-06-09 16:20:59:409	[DEBUG]	Validating SML
2022-06-09 16:20:59:409	[DEBUG]	Validating DumbPrints
2022-06-09 16:20:59:409	[DEBUG]	Validating SML
2022-06-09 16:20:59:410	[DEBUG]	Validating MAMTips
2022-06-09 16:20:59:410	[DEBUG]	Validating SML
2022-06-09 16:20:59:411	[DEBUG]	Validating PermaDay
2022-06-09 16:20:59:411	[DEBUG]	Validating SML
2022-06-09 16:20:59:411	[DEBUG]	Validating RegenAllHealth
2022-06-09 16:20:59:412	[DEBUG]	Validating SML
2022-06-09 16:20:59:412	[DEBUG]	Validating NoneEquipment
2022-06-09 16:20:59:413	[DEBUG]	Validating SML
2022-06-09 16:20:59:414	[DEBUG]	Validating PowerChecker
2022-06-09 16:20:59:415	[DEBUG]	Validating MarcioCommonLibs
2022-06-09 16:20:59:415	[DEBUG]	Validating SML
2022-06-09 16:20:59:417	[DEBUG]	Validating SML
2022-06-09 16:20:59:419	[DEBUG]	Validating EfficiencyCheckerMod
2022-06-09 16:20:59:420	[DEBUG]	Validating MarcioCommonLibs
2022-06-09 16:20:59:420	[DEBUG]	Validating SML
2022-06-09 16:26:00:914	[DEBUG]	Validating SatisfactoryPlus
2022-06-09 16:26:00:915	[DEBUG]	Validating AB_FluidExtras
2022-06-09 16:26:00:916	[DEBUG]	Validating SML
2022-06-09 16:26:00:916	[DEBUG]	Validating FactoryGame
2022-06-09 16:26:00:916	[DEBUG]	Validating FicsitFarming
2022-06-09 16:26:00:917	[DEBUG]	Validating SML
2022-06-09 16:26:00:917	[DEBUG]	Validating ModularUI
2022-06-09 16:26:00:917	[DEBUG]	Validating SML
2022-06-09 16:26:00:917	[DEBUG]	Validating RefinedRDLib
2022-06-09 16:26:00:917	[DEBUG]	Validating SML
2022-06-09 16:26:00:917	[DEBUG]	Validating KLib
2022-06-09 16:26:00:917	[DEBUG]	Validating SML
2022-06-09 16:26:00:918	[DEBUG]	Validating KPrivateCodeLib
2022-06-09 16:26:00:918	[DEBUG]	Validating SML
2022-06-09 16:26:00:918	[DEBUG]	Validating KUI
2022-06-09 16:26:00:918	[DEBUG]	Validating SML
2022-06-09 16:26:00:918	[DEBUG]	Validating KBFL
2022-06-09 16:26:00:919	[DEBUG]	Validating SML
2022-06-09 16:26:00:919	[DEBUG]	Validating ModularUI
2022-06-09 16:26:00:919	[DEBUG]	Validating RefinedPower
2022-06-09 16:26:00:919	[DEBUG]	Validating ModularUI
2022-06-09 16:26:00:919	[DEBUG]	Validating RefinedRDLib
2022-06-09 16:26:00:919	[DEBUG]	Validating SML
2022-06-09 16:26:00:919	[DEBUG]	Validating RefinedRDLib
2022-06-09 16:26:00:919	[DEBUG]	Validating SML
2022-06-09 16:26:00:920	[DEBUG]	Validating FasterManualCrafting
2022-06-09 16:26:00:920	[DEBUG]	Validating SML
2022-06-09 16:26:00:921	[DEBUG]	Validating KLevelUp
2022-06-09 16:26:00:921	[DEBUG]	Validating SML
2022-06-09 16:26:00:921	[DEBUG]	Validating KPrivateCodeLib
2022-06-09 16:26:00:921	[DEBUG]	Validating ContainerScreen
2022-06-09 16:26:00:921	[DEBUG]	Validating SML
2022-06-09 16:26:00:921	[DEBUG]	Validating UtilityMod
2022-06-09 16:26:00:922	[DEBUG]	Validating SML
2022-06-09 16:26:00:922	[DEBUG]	Validating SmartFoundations
2022-06-09 16:26:00:923	[DEBUG]	Validating SML
2022-06-09 16:26:00:923	[DEBUG]	Validating TFIT
2022-06-09 16:26:00:923	[DEBUG]	Validating SML
2022-06-09 16:26:00:923	[DEBUG]	Validating DoubleJump
2022-06-09 16:26:00:924	[DEBUG]	Validating SML
2022-06-09 16:26:00:924	[DEBUG]	Validating InventorySpace2
2022-06-09 16:26:00:924	[DEBUG]	Validating SML
2022-06-09 16:26:00:924	[DEBUG]	Validating EarlyHover
2022-06-09 16:26:00:924	[DEBUG]	Validating SML
2022-06-09 16:26:00:925	[DEBUG]	Validating LoadBalancers
2022-06-09 16:26:00:926	[DEBUG]	Validating SML
2022-06-09 16:26:00:926	[DEBUG]	Validating SatisfactoryHelper
2022-06-09 16:26:00:927	[DEBUG]	Validating SML
2022-06-09 16:26:00:927	[DEBUG]	Validating PersonalDrones
2022-06-09 16:26:00:928	[DEBUG]	Validating SML
2022-06-09 16:26:00:930	[DEBUG]	Validating DumbPrints
2022-06-09 16:26:00:930	[DEBUG]	Validating SML
2022-06-09 16:26:00:930	[DEBUG]	Validating MAMTips
2022-06-09 16:26:00:931	[DEBUG]	Validating SML
2022-06-09 16:26:00:931	[DEBUG]	Validating PermaDay
2022-06-09 16:26:00:931	[DEBUG]	Validating SML
2022-06-09 16:26:00:931	[DEBUG]	Validating RegenAllHealth
2022-06-09 16:26:00:931	[DEBUG]	Validating SML
2022-06-09 16:26:00:932	[DEBUG]	Validating NoneEquipment
2022-06-09 16:26:00:932	[DEBUG]	Validating SML
2022-06-09 16:26:00:932	[DEBUG]	Validating PowerChecker
2022-06-09 16:26:00:932	[DEBUG]	Validating MarcioCommonLibs
2022-06-09 16:26:00:933	[DEBUG]	Validating SML
2022-06-09 16:26:00:933	[DEBUG]	Validating SML
2022-06-09 16:26:00:935	[DEBUG]	Validating EfficiencyCheckerMod
2022-06-09 16:26:00:936	[DEBUG]	Validating MarcioCommonLibs
2022-06-09 16:26:00:936	[DEBUG]	Validating SML
2022-06-09 16:31:02:361	[DEBUG]	Validating SatisfactoryPlus
2022-06-09 16:31:02:362	[DEBUG]	Validating KLib
2022-06-09 16:31:02:363	[DEBUG]	Validating SML
2022-06-09 16:31:02:363	[DEBUG]	Validating FactoryGame
2022-06-09 16:31:02:363	[DEBUG]	Validating KPrivateCodeLib
2022-06-09 16:31:02:363	[DEBUG]	Validating SML
2022-06-09 16:31:02:363	[DEBUG]	Validating KUI
2022-06-09 16:31:02:364	[DEBUG]	Validating SML
2022-06-09 16:31:02:364	[DEBUG]	Validating KBFL
2022-06-09 16:31:02:365	[DEBUG]	Validating SML
2022-06-09 16:31:02:365	[DEBUG]	Validating RefinedPower
2022-06-09 16:31:02:366	[DEBUG]	Validating ModularUI
2022-06-09 16:31:02:366	[DEBUG]	Validating SML
2022-06-09 16:31:02:367	[DEBUG]	Validating RefinedRDLib
2022-06-09 16:31:02:367	[DEBUG]	Validating SML
2022-06-09 16:31:02:367	[DEBUG]	Validating SML
2022-06-09 16:31:02:367	[DEBUG]	Validating RefinedRDLib
2022-06-09 16:31:02:367	[DEBUG]	Validating ModularUI
2022-06-09 16:31:02:367	[DEBUG]	Validating FicsitFarming
2022-06-09 16:31:02:367	[DEBUG]	Validating SML
2022-06-09 16:31:02:367	[DEBUG]	Validating ModularUI
2022-06-09 16:31:02:367	[DEBUG]	Validating RefinedRDLib
2022-06-09 16:31:02:367	[DEBUG]	Validating AB_FluidExtras
2022-06-09 16:31:02:368	[DEBUG]	Validating SML
2022-06-09 16:31:02:368	[DEBUG]	Validating SML
2022-06-09 16:31:02:368	[DEBUG]	Validating FasterManualCrafting
2022-06-09 16:31:02:368	[DEBUG]	Validating SML
2022-06-09 16:31:02:368	[DEBUG]	Validating KLevelUp
2022-06-09 16:31:02:368	[DEBUG]	Validating SML
2022-06-09 16:31:02:368	[DEBUG]	Validating KPrivateCodeLib
2022-06-09 16:31:02:368	[DEBUG]	Validating ContainerScreen
2022-06-09 16:31:02:368	[DEBUG]	Validating SML
2022-06-09 16:31:02:369	[DEBUG]	Validating UtilityMod
2022-06-09 16:31:02:369	[DEBUG]	Validating SML
2022-06-09 16:31:02:369	[DEBUG]	Validating SmartFoundations
2022-06-09 16:31:02:369	[DEBUG]	Validating SML
2022-06-09 16:31:02:369	[DEBUG]	Validating TFIT
2022-06-09 16:31:02:370	[DEBUG]	Validating SML
2022-06-09 16:31:02:370	[DEBUG]	Validating DoubleJump
2022-06-09 16:31:02:370	[DEBUG]	Validating SML
2022-06-09 16:31:02:370	[DEBUG]	Validating InventorySpace2
2022-06-09 16:31:02:370	[DEBUG]	Validating SML
2022-06-09 16:31:02:370	[DEBUG]	Validating EarlyHover
2022-06-09 16:31:02:370	[DEBUG]	Validating SML
2022-06-09 16:31:02:371	[DEBUG]	Validating LoadBalancers
2022-06-09 16:31:02:371	[DEBUG]	Validating SML
2022-06-09 16:31:02:371	[DEBUG]	Validating SatisfactoryHelper
2022-06-09 16:31:02:371	[DEBUG]	Validating SML
2022-06-09 16:31:02:371	[DEBUG]	Validating PersonalDrones
2022-06-09 16:31:02:372	[DEBUG]	Validating SML
2022-06-09 16:31:02:373	[DEBUG]	Validating DumbPrints
2022-06-09 16:31:02:373	[DEBUG]	Validating SML
2022-06-09 16:31:02:374	[DEBUG]	Validating MAMTips
2022-06-09 16:31:02:374	[DEBUG]	Validating SML
2022-06-09 16:31:02:374	[DEBUG]	Validating PermaDay
2022-06-09 16:31:02:375	[DEBUG]	Validating SML
2022-06-09 16:31:02:376	[DEBUG]	Validating RegenAllHealth
2022-06-09 16:31:02:376	[DEBUG]	Validating SML
2022-06-09 16:31:02:377	[DEBUG]	Validating NoneEquipment
2022-06-09 16:31:02:377	[DEBUG]	Validating SML
2022-06-09 16:31:02:377	[DEBUG]	Validating PowerChecker
2022-06-09 16:31:02:378	[DEBUG]	Validating MarcioCommonLibs
2022-06-09 16:31:02:378	[DEBUG]	Validating SML
2022-06-09 16:31:02:378	[DEBUG]	Validating SML
2022-06-09 16:31:02:378	[DEBUG]	Validating EfficiencyCheckerMod
2022-06-09 16:31:02:380	[DEBUG]	Validating MarcioCommonLibs
2022-06-09 16:31:02:380	[DEBUG]	Validating SML
2022-06-09 16:36:03:437	[DEBUG]	Validating SatisfactoryPlus
2022-06-09 16:36:03:437	[DEBUG]	Validating KLib
2022-06-09 16:36:03:438	[DEBUG]	Validating SML
2022-06-09 16:36:03:438	[DEBUG]	Validating FactoryGame
2022-06-09 16:36:03:438	[DEBUG]	Validating KPrivateCodeLib
2022-06-09 16:36:03:438	[DEBUG]	Validating SML
2022-06-09 16:36:03:438	[DEBUG]	Validating KUI
2022-06-09 16:36:03:439	[DEBUG]	Validating SML
2022-06-09 16:36:03:439	[DEBUG]	Validating KBFL
2022-06-09 16:36:03:440	[DEBUG]	Validating SML
2022-06-09 16:36:03:440	[DEBUG]	Validating RefinedPower
2022-06-09 16:36:03:441	[DEBUG]	Validating ModularUI
2022-06-09 16:36:03:442	[DEBUG]	Validating SML
2022-06-09 16:36:03:442	[DEBUG]	Validating RefinedRDLib
2022-06-09 16:36:03:442	[DEBUG]	Validating SML
2022-06-09 16:36:03:442	[DEBUG]	Validating SML
2022-06-09 16:36:03:442	[DEBUG]	Validating RefinedRDLib
2022-06-09 16:36:03:442	[DEBUG]	Validating ModularUI
2022-06-09 16:36:03:442	[DEBUG]	Validating FicsitFarming
2022-06-09 16:36:03:443	[DEBUG]	Validating SML
2022-06-09 16:36:03:443	[DEBUG]	Validating ModularUI
2022-06-09 16:36:03:443	[DEBUG]	Validating RefinedRDLib
2022-06-09 16:36:03:443	[DEBUG]	Validating AB_FluidExtras
2022-06-09 16:36:03:444	[DEBUG]	Validating SML
2022-06-09 16:36:03:444	[DEBUG]	Validating SML
2022-06-09 16:36:03:444	[DEBUG]	Validating FasterManualCrafting
2022-06-09 16:36:03:444	[DEBUG]	Validating SML
2022-06-09 16:36:03:444	[DEBUG]	Validating KLevelUp
2022-06-09 16:36:03:444	[DEBUG]	Validating SML
2022-06-09 16:36:03:445	[DEBUG]	Validating KPrivateCodeLib
2022-06-09 16:36:03:445	[DEBUG]	Validating ContainerScreen
2022-06-09 16:36:03:445	[DEBUG]	Validating SML
2022-06-09 16:36:03:447	[DEBUG]	Validating UtilityMod
2022-06-09 16:36:03:448	[DEBUG]	Validating SML
2022-06-09 16:36:03:448	[DEBUG]	Validating SmartFoundations
2022-06-09 16:36:03:448	[DEBUG]	Validating SML
2022-06-09 16:36:03:448	[DEBUG]	Validating TFIT
2022-06-09 16:36:03:448	[DEBUG]	Validating SML
2022-06-09 16:36:03:449	[DEBUG]	Validating DoubleJump
2022-06-09 16:36:03:449	[DEBUG]	Validating SML
2022-06-09 16:36:03:449	[DEBUG]	Validating InventorySpace2
2022-06-09 16:36:03:449	[DEBUG]	Validating SML
2022-06-09 16:36:03:449	[DEBUG]	Validating EarlyHover
2022-06-09 16:36:03:449	[DEBUG]	Validating SML
2022-06-09 16:36:03:450	[DEBUG]	Validating LoadBalancers
2022-06-09 16:36:03:450	[DEBUG]	Validating SML
2022-06-09 16:36:03:450	[DEBUG]	Validating SatisfactoryHelper
2022-06-09 16:36:03:450	[DEBUG]	Validating SML
2022-06-09 16:36:03:450	[DEBUG]	Validating PersonalDrones
2022-06-09 16:36:03:450	[DEBUG]	Validating SML
2022-06-09 16:36:03:451	[DEBUG]	Validating DumbPrints
2022-06-09 16:36:03:451	[DEBUG]	Validating SML
2022-06-09 16:36:03:451	[DEBUG]	Validating MAMTips
2022-06-09 16:36:03:451	[DEBUG]	Validating SML
2022-06-09 16:36:03:451	[DEBUG]	Validating PermaDay
2022-06-09 16:36:03:452	[DEBUG]	Validating SML
2022-06-09 16:36:03:452	[DEBUG]	Validating RegenAllHealth
2022-06-09 16:36:03:452	[DEBUG]	Validating SML
2022-06-09 16:36:03:452	[DEBUG]	Validating NoneEquipment
2022-06-09 16:36:03:453	[DEBUG]	Validating SML
2022-06-09 16:36:03:453	[DEBUG]	Validating PowerChecker
2022-06-09 16:36:03:453	[DEBUG]	Validating MarcioCommonLibs
2022-06-09 16:36:03:453	[DEBUG]	Validating SML
2022-06-09 16:36:03:453	[DEBUG]	Validating SML
2022-06-09 16:36:03:456	[DEBUG]	Validating EfficiencyCheckerMod
2022-06-09 16:36:03:456	[DEBUG]	Validating MarcioCommonLibs
2022-06-09 16:36:03:456	[DEBUG]	Validating SML
2022-06-09 16:41:04:911	[DEBUG]	Validating SatisfactoryPlus
2022-06-09 16:41:04:912	[DEBUG]	Validating AB_FluidExtras
2022-06-09 16:41:04:912	[DEBUG]	Validating SML
2022-06-09 16:41:04:913	[DEBUG]	Validating FactoryGame
2022-06-09 16:41:04:913	[DEBUG]	Validating FicsitFarming
2022-06-09 16:41:04:913	[DEBUG]	Validating SML
2022-06-09 16:41:04:913	[DEBUG]	Validating ModularUI
2022-06-09 16:41:04:913	[DEBUG]	Validating SML
2022-06-09 16:41:04:913	[DEBUG]	Validating RefinedRDLib
2022-06-09 16:41:04:914	[DEBUG]	Validating SML
2022-06-09 16:41:04:914	[DEBUG]	Validating KLib
2022-06-09 16:41:04:914	[DEBUG]	Validating SML
2022-06-09 16:41:04:914	[DEBUG]	Validating KPrivateCodeLib
2022-06-09 16:41:04:914	[DEBUG]	Validating SML
2022-06-09 16:41:04:914	[DEBUG]	Validating KUI
2022-06-09 16:41:04:915	[DEBUG]	Validating SML
2022-06-09 16:41:04:915	[DEBUG]	Validating KBFL
2022-06-09 16:41:04:916	[DEBUG]	Validating SML
2022-06-09 16:41:04:916	[DEBUG]	Validating ModularUI
2022-06-09 16:41:04:916	[DEBUG]	Validating RefinedPower
2022-06-09 16:41:04:916	[DEBUG]	Validating ModularUI
2022-06-09 16:41:04:916	[DEBUG]	Validating RefinedRDLib
2022-06-09 16:41:04:916	[DEBUG]	Validating SML
2022-06-09 16:41:04:917	[DEBUG]	Validating RefinedRDLib
2022-06-09 16:41:04:917	[DEBUG]	Validating SML
2022-06-09 16:41:04:917	[DEBUG]	Validating FasterManualCrafting
2022-06-09 16:41:04:917	[DEBUG]	Validating SML
2022-06-09 16:41:04:918	[DEBUG]	Validating KLevelUp
2022-06-09 16:41:04:918	[DEBUG]	Validating SML
2022-06-09 16:41:04:918	[DEBUG]	Validating KPrivateCodeLib
2022-06-09 16:41:04:918	[DEBUG]	Validating ContainerScreen
2022-06-09 16:41:04:918	[DEBUG]	Validating SML
2022-06-09 16:41:04:918	[DEBUG]	Validating UtilityMod
2022-06-09 16:41:04:918	[DEBUG]	Validating SML
2022-06-09 16:41:04:919	[DEBUG]	Validating SmartFoundations
2022-06-09 16:41:04:919	[DEBUG]	Validating SML
2022-06-09 16:41:04:919	[DEBUG]	Validating TFIT
2022-06-09 16:41:04:919	[DEBUG]	Validating SML
2022-06-09 16:41:04:919	[DEBUG]	Validating DoubleJump
2022-06-09 16:41:04:919	[DEBUG]	Validating SML
2022-06-09 16:41:04:920	[DEBUG]	Validating InventorySpace2
2022-06-09 16:41:04:920	[DEBUG]	Validating SML
2022-06-09 16:41:04:920	[DEBUG]	Validating EarlyHover
2022-06-09 16:41:04:921	[DEBUG]	Validating SML
2022-06-09 16:41:04:921	[DEBUG]	Validating LoadBalancers
2022-06-09 16:41:04:921	[DEBUG]	Validating SML
2022-06-09 16:41:04:921	[DEBUG]	Validating SatisfactoryHelper
2022-06-09 16:41:04:922	[DEBUG]	Validating SML
2022-06-09 16:41:04:922	[DEBUG]	Validating PersonalDrones
2022-06-09 16:41:04:922	[DEBUG]	Validating SML
2022-06-09 16:41:04:922	[DEBUG]	Validating DumbPrints
2022-06-09 16:41:04:923	[DEBUG]	Validating SML
2022-06-09 16:41:04:923	[DEBUG]	Validating MAMTips
2022-06-09 16:41:04:923	[DEBUG]	Validating SML
2022-06-09 16:41:04:923	[DEBUG]	Validating PermaDay
2022-06-09 16:41:04:923	[DEBUG]	Validating SML
2022-06-09 16:41:04:924	[DEBUG]	Validating RegenAllHealth
2022-06-09 16:41:04:924	[DEBUG]	Validating SML
2022-06-09 16:41:04:924	[DEBUG]	Validating NoneEquipment
2022-06-09 16:41:04:924	[DEBUG]	Validating SML
2022-06-09 16:41:04:924	[DEBUG]	Validating PowerChecker
2022-06-09 16:41:04:925	[DEBUG]	Validating MarcioCommonLibs
2022-06-09 16:41:04:925	[DEBUG]	Validating SML
2022-06-09 16:41:04:925	[DEBUG]	Validating SML
2022-06-09 16:41:04:927	[DEBUG]	Validating EfficiencyCheckerMod
2022-06-09 16:41:04:929	[DEBUG]	Validating MarcioCommonLibs
2022-06-09 16:41:04:929	[DEBUG]	Validating SML
