2022-06-25 22:37:46:819	[DEBUG]	Loading mod cache
2022-06-25 22:37:47:452	[DEBUG]	Loading mod cache
2022-06-25 22:37:47:578	[DEBUG]	Epic Games Launcher is not installed
2022-06-25 22:37:48:195	[DEBUG]	Setting profile to modded
2022-06-25 22:37:48:492	[DEBUG]	install: [], uninstall: [], enable: [], disable: [], update: []
2022-06-25 22:37:48:496	[DEBUG]	Items: {}
2022-06-25 22:37:48:507	[DEBUG]	Mismatches: {"install":{},"uninstall":["SML","InventorySpace2","UtilityMod"]}
2022-06-25 22:37:48:507	[DEBUG]	Removing SML from Satisfactory install
2022-06-25 22:37:48:508	[DEBUG]	Removing InventorySpace2 from Satisfactory install
2022-06-25 22:37:48:508	[DEBUG]	Removing UtilityMod from Satisfactory install
2022-06-25 22:37:48:521	[DEBUG]	Removing SML from Satisfactory install
2022-06-25 22:37:48:522	[DEBUG]	Uninstalling SML
2022-06-25 22:37:59:123	[DEBUG]	Setting profile to Experimental 6
2022-06-25 22:37:59:508	[DEBUG]	install: [], uninstall: [], enable: [], disable: [], update: []
2022-06-25 22:37:59:719	[DEBUG]	Validating UtilityMod
2022-06-25 22:37:59:917	[DEBUG]	Validating SML
2022-06-25 22:38:00:338	[DEBUG]	Validating FactoryGame
2022-06-25 22:38:00:339	[DEBUG]	Validating InventorySpace2
2022-06-25 22:38:00:554	[DEBUG]	Validating SML
2022-06-25 22:38:00:554	[DEBUG]	Validating GhostConstruction
2022-06-25 22:38:00:770	[DEBUG]	Validating SML
2022-06-25 22:38:00:771	[DEBUG]	Validating ContainerScreen
2022-06-25 22:38:00:976	[DEBUG]	Validating SML
2022-06-25 22:38:00:977	[DEBUG]	Validating PersonalDrones
2022-06-25 22:38:01:190	[DEBUG]	Validating SML
2022-06-25 22:38:01:191	[DEBUG]	Validating LogisticDrones
2022-06-25 22:38:01:393	[DEBUG]	Validating SML
2022-06-25 22:38:01:394	[DEBUG]	Validating NoNewLabel
2022-06-25 22:38:01:600	[DEBUG]	Validating SML
2022-06-25 22:38:01:600	[DEBUG]	Validating TenTimesAwesomePoints
2022-06-25 22:38:01:815	[DEBUG]	Validating SML
2022-06-25 22:38:01:816	[DEBUG]	Validating NoEarlyAccess
2022-06-25 22:38:02:020	[DEBUG]	Validating SML
2022-06-25 22:38:02:021	[DEBUG]	Validating DaisyChainPowerCables
2022-06-25 22:38:02:237	[DEBUG]	Validating SML
2022-06-25 22:38:02:239	[DEBUG]	Items: {"UtilityMod":"0.5.4","SML":"3.3.1","InventorySpace2":"2.0.1","GhostConstruction":"1.0.2","ContainerScreen":"1.0.11","PersonalDrones":"1.0.11","LogisticDrones":"1.0.1","NoNewLabel":"1.0.0","TenTimesAwesomePoints":"1.0.1","NoEarlyAccess":"1.0.2","DaisyChainPowerCables":"2.0.2"}
2022-06-25 22:38:02:242	[DEBUG]	Mismatches: {"install":{"SML":"3.3.1","UtilityMod":"0.5.4","InventorySpace2":"2.0.1","GhostConstruction":"1.0.2","ContainerScreen":"1.0.11","PersonalDrones":"1.0.11","LogisticDrones":"1.0.1","NoNewLabel":"1.0.0","TenTimesAwesomePoints":"1.0.1","NoEarlyAccess":"1.0.2","DaisyChainPowerCables":"2.0.2"},"uninstall":[]}
2022-06-25 22:38:02:244	[DEBUG]	Copying SML to Satisfactory install
2022-06-25 22:38:02:244	[DEBUG]	Installing SML@3.3.1
2022-06-25 22:38:03:194	[DEBUG]	Copying UtilityMod@0.5.4 to Satisfactory install
2022-06-25 22:38:03:195	[DEBUG]	Copying InventorySpace2@2.0.1 to Satisfactory install
2022-06-25 22:38:03:195	[DEBUG]	Copying GhostConstruction@1.0.2 to Satisfactory install
2022-06-25 22:38:03:195	[DEBUG]	Copying ContainerScreen@1.0.11 to Satisfactory install
2022-06-25 22:38:03:195	[DEBUG]	Copying PersonalDrones@1.0.11 to Satisfactory install
2022-06-25 22:38:03:195	[DEBUG]	Copying LogisticDrones@1.0.1 to Satisfactory install
2022-06-25 22:38:03:195	[DEBUG]	Copying NoNewLabel@1.0.0 to Satisfactory install
2022-06-25 22:38:03:195	[DEBUG]	Copying TenTimesAwesomePoints@1.0.1 to Satisfactory install
2022-06-25 22:38:03:195	[DEBUG]	Copying NoEarlyAccess@1.0.2 to Satisfactory install
2022-06-25 22:38:03:195	[DEBUG]	Copying DaisyChainPowerCables@2.0.2 to Satisfactory install
2022-06-25 22:38:03:531	[DEBUG]	GhostConstruction@1.0.2 is not downloaded. Downloading now.
2022-06-25 22:38:03:531	[DEBUG]	LogisticDrones@1.0.1 is not downloaded. Downloading now.
2022-06-25 22:38:09:632	[DEBUG]	Validating UtilityMod
2022-06-25 22:38:09:632	[DEBUG]	Validating SML
2022-06-25 22:38:09:632	[DEBUG]	Validating FactoryGame
2022-06-25 22:38:09:632	[DEBUG]	Validating InventorySpace2
2022-06-25 22:38:09:633	[DEBUG]	Validating SML
2022-06-25 22:38:09:633	[DEBUG]	Validating GhostConstruction
2022-06-25 22:38:09:633	[DEBUG]	Validating SML
2022-06-25 22:38:09:633	[DEBUG]	Validating ContainerScreen
2022-06-25 22:38:09:633	[DEBUG]	Validating SML
2022-06-25 22:38:09:633	[DEBUG]	Validating PersonalDrones
2022-06-25 22:38:09:633	[DEBUG]	Validating SML
2022-06-25 22:38:09:633	[DEBUG]	Validating LogisticDrones
2022-06-25 22:38:09:634	[DEBUG]	Validating SML
2022-06-25 22:38:09:634	[DEBUG]	Validating NoNewLabel
2022-06-25 22:38:09:634	[DEBUG]	Validating SML
2022-06-25 22:38:09:634	[DEBUG]	Validating TenTimesAwesomePoints
2022-06-25 22:38:09:634	[DEBUG]	Validating SML
2022-06-25 22:38:09:634	[DEBUG]	Validating NoEarlyAccess
2022-06-25 22:38:09:634	[DEBUG]	Validating SML
2022-06-25 22:38:09:634	[DEBUG]	Validating DaisyChainPowerCables
2022-06-25 22:38:09:634	[DEBUG]	Validating SML
2022-06-25 22:38:27:029	[INFO]	Uninstalling GhostConstruction
2022-06-25 22:38:27:349	[DEBUG]	install: [], uninstall: [GhostConstruction], enable: [], disable: [], update: []
2022-06-25 22:38:27:352	[DEBUG]	Validating SML
2022-06-25 22:38:27:352	[DEBUG]	Validating FactoryGame
2022-06-25 22:38:27:352	[DEBUG]	Validating UtilityMod
2022-06-25 22:38:27:352	[DEBUG]	Validating InventorySpace2
2022-06-25 22:38:27:352	[DEBUG]	Validating ContainerScreen
2022-06-25 22:38:27:352	[DEBUG]	Validating PersonalDrones
2022-06-25 22:38:27:352	[DEBUG]	Validating LogisticDrones
2022-06-25 22:38:27:352	[DEBUG]	Validating NoNewLabel
2022-06-25 22:38:27:352	[DEBUG]	Validating TenTimesAwesomePoints
2022-06-25 22:38:27:352	[DEBUG]	Validating NoEarlyAccess
2022-06-25 22:38:27:352	[DEBUG]	Validating DaisyChainPowerCables
2022-06-25 22:38:27:352	[DEBUG]	Items: {"UtilityMod":"0.5.4","SML":"3.3.1","InventorySpace2":"2.0.1","ContainerScreen":"1.0.11","PersonalDrones":"1.0.11","LogisticDrones":"1.0.1","NoNewLabel":"1.0.0","TenTimesAwesomePoints":"1.0.1","NoEarlyAccess":"1.0.2","DaisyChainPowerCables":"2.0.2"}
2022-06-25 22:38:27:358	[DEBUG]	Mismatches: {"install":{},"uninstall":["GhostConstruction"]}
2022-06-25 22:38:27:358	[DEBUG]	Removing GhostConstruction from Satisfactory install
2022-06-25 22:42:51:556	[INFO]	Installing Bottleneck
2022-06-25 22:42:51:934	[DEBUG]	install: [Bottleneck], uninstall: [], enable: [], disable: [], update: []
2022-06-25 22:42:52:474	[DEBUG]	Validating SML
2022-06-25 22:42:52:475	[DEBUG]	Validating FactoryGame
2022-06-25 22:42:52:475	[DEBUG]	Validating UtilityMod
2022-06-25 22:42:52:475	[DEBUG]	Validating InventorySpace2
2022-06-25 22:42:52:475	[DEBUG]	Validating ContainerScreen
2022-06-25 22:42:52:476	[DEBUG]	Validating PersonalDrones
2022-06-25 22:42:52:476	[DEBUG]	Validating LogisticDrones
2022-06-25 22:42:52:476	[DEBUG]	Validating NoNewLabel
2022-06-25 22:42:52:476	[DEBUG]	Validating TenTimesAwesomePoints
2022-06-25 22:42:52:476	[DEBUG]	Validating NoEarlyAccess
2022-06-25 22:42:52:476	[DEBUG]	Validating DaisyChainPowerCables
2022-06-25 22:42:52:476	[DEBUG]	Validating Bottleneck
2022-06-25 22:42:53:036	[DEBUG]	Validating SML
2022-06-25 22:42:53:037	[DEBUG]	Items: {"UtilityMod":"0.5.4","SML":"3.3.1","InventorySpace2":"2.0.1","ContainerScreen":"1.0.11","PersonalDrones":"1.0.11","LogisticDrones":"1.0.1","NoNewLabel":"1.0.0","TenTimesAwesomePoints":"1.0.1","NoEarlyAccess":"1.0.2","DaisyChainPowerCables":"2.0.2","Bottleneck":"1.0.3"}
2022-06-25 22:42:53:049	[DEBUG]	Mismatches: {"install":{"Bottleneck":"1.0.3"},"uninstall":[]}
2022-06-25 22:42:53:059	[DEBUG]	Copying Bottleneck@1.0.3 to Satisfactory install
2022-06-25 22:42:53:061	[DEBUG]	Bottleneck@1.0.3 is not downloaded. Downloading now.
2022-06-25 22:43:00:300	[INFO]	Installing LaserBeacons
2022-06-25 22:43:00:674	[DEBUG]	install: [LaserBeacons], uninstall: [], enable: [], disable: [], update: []
2022-06-25 22:43:01:216	[DEBUG]	Validating SML
2022-06-25 22:43:01:216	[DEBUG]	Validating FactoryGame
2022-06-25 22:43:01:217	[DEBUG]	Validating UtilityMod
2022-06-25 22:43:01:217	[DEBUG]	Validating InventorySpace2
2022-06-25 22:43:01:217	[DEBUG]	Validating ContainerScreen
2022-06-25 22:43:01:217	[DEBUG]	Validating PersonalDrones
2022-06-25 22:43:01:217	[DEBUG]	Validating LogisticDrones
2022-06-25 22:43:01:217	[DEBUG]	Validating NoNewLabel
2022-06-25 22:43:01:217	[DEBUG]	Validating TenTimesAwesomePoints
2022-06-25 22:43:01:217	[DEBUG]	Validating NoEarlyAccess
2022-06-25 22:43:01:217	[DEBUG]	Validating DaisyChainPowerCables
2022-06-25 22:43:01:217	[DEBUG]	Validating Bottleneck
2022-06-25 22:43:01:217	[DEBUG]	Validating LaserBeacons
2022-06-25 22:43:01:772	[DEBUG]	Validating SML
2022-06-25 22:43:01:772	[DEBUG]	Items: {"UtilityMod":"0.5.4","SML":"3.3.1","InventorySpace2":"2.0.1","ContainerScreen":"1.0.11","PersonalDrones":"1.0.11","LogisticDrones":"1.0.1","NoNewLabel":"1.0.0","TenTimesAwesomePoints":"1.0.1","NoEarlyAccess":"1.0.2","DaisyChainPowerCables":"2.0.2","Bottleneck":"1.0.3","LaserBeacons":"1.0.4"}
2022-06-25 22:43:01:782	[DEBUG]	Mismatches: {"install":{"LaserBeacons":"1.0.4"},"uninstall":[]}
2022-06-25 22:43:01:789	[DEBUG]	Copying LaserBeacons@1.0.4 to Satisfactory install
2022-06-25 22:43:01:790	[DEBUG]	LaserBeacons@1.0.4 is not downloaded. Downloading now.
2022-06-25 22:43:11:084	[DEBUG]	Validating UtilityMod
2022-06-25 22:43:11:084	[DEBUG]	Validating SML
2022-06-25 22:43:11:085	[DEBUG]	Validating FactoryGame
2022-06-25 22:43:11:085	[DEBUG]	Validating InventorySpace2
2022-06-25 22:43:11:085	[DEBUG]	Validating SML
2022-06-25 22:43:11:085	[DEBUG]	Validating ContainerScreen
2022-06-25 22:43:11:085	[DEBUG]	Validating SML
2022-06-25 22:43:11:085	[DEBUG]	Validating PersonalDrones
2022-06-25 22:43:11:086	[DEBUG]	Validating SML
2022-06-25 22:43:11:086	[DEBUG]	Validating LogisticDrones
2022-06-25 22:43:11:086	[DEBUG]	Validating SML
2022-06-25 22:43:11:086	[DEBUG]	Validating NoNewLabel
2022-06-25 22:43:11:086	[DEBUG]	Validating SML
2022-06-25 22:43:11:086	[DEBUG]	Validating TenTimesAwesomePoints
2022-06-25 22:43:11:087	[DEBUG]	Validating SML
2022-06-25 22:43:11:087	[DEBUG]	Validating NoEarlyAccess
2022-06-25 22:43:11:087	[DEBUG]	Validating SML
2022-06-25 22:43:11:087	[DEBUG]	Validating DaisyChainPowerCables
2022-06-25 22:43:11:087	[DEBUG]	Validating SML
2022-06-25 22:43:11:087	[DEBUG]	Validating Bottleneck
2022-06-25 22:43:11:088	[DEBUG]	Validating SML
2022-06-25 22:43:11:088	[DEBUG]	Validating LaserBeacons
2022-06-25 22:43:11:088	[DEBUG]	Validating SML
2022-06-25 22:48:03:325	[INFO]	Installing FlexSplines
2022-06-25 22:48:03:811	[DEBUG]	install: [FlexSplines], uninstall: [], enable: [], disable: [], update: []
2022-06-25 22:48:04:363	[DEBUG]	Validating SML
2022-06-25 22:48:04:363	[DEBUG]	Validating FactoryGame
2022-06-25 22:48:04:363	[DEBUG]	Validating UtilityMod
2022-06-25 22:48:04:363	[DEBUG]	Validating InventorySpace2
2022-06-25 22:48:04:363	[DEBUG]	Validating ContainerScreen
2022-06-25 22:48:04:363	[DEBUG]	Validating PersonalDrones
2022-06-25 22:48:04:363	[DEBUG]	Validating LogisticDrones
2022-06-25 22:48:04:363	[DEBUG]	Validating NoNewLabel
2022-06-25 22:48:04:363	[DEBUG]	Validating TenTimesAwesomePoints
2022-06-25 22:48:04:363	[DEBUG]	Validating NoEarlyAccess
2022-06-25 22:48:04:363	[DEBUG]	Validating DaisyChainPowerCables
2022-06-25 22:48:04:363	[DEBUG]	Validating Bottleneck
2022-06-25 22:48:04:363	[DEBUG]	Validating LaserBeacons
2022-06-25 22:48:04:363	[DEBUG]	Validating FlexSplines
2022-06-25 22:48:04:898	[DEBUG]	Validating SML
2022-06-25 22:48:04:898	[DEBUG]	Items: {"UtilityMod":"0.5.4","SML":"3.3.1","InventorySpace2":"2.0.1","ContainerScreen":"1.0.11","PersonalDrones":"1.0.11","LogisticDrones":"1.0.1","NoNewLabel":"1.0.0","TenTimesAwesomePoints":"1.0.1","NoEarlyAccess":"1.0.2","DaisyChainPowerCables":"2.0.2","Bottleneck":"1.0.3","LaserBeacons":"1.0.4","FlexSplines":"1.0.6"}
2022-06-25 22:48:04:905	[DEBUG]	Mismatches: {"install":{"FlexSplines":"1.0.6"},"uninstall":[]}
2022-06-25 22:48:04:909	[DEBUG]	Copying FlexSplines@1.0.6 to Satisfactory install
2022-06-25 22:48:04:910	[DEBUG]	FlexSplines@1.0.6 is not downloaded. Downloading now.
2022-06-25 22:48:12:517	[DEBUG]	Validating UtilityMod
2022-06-25 22:48:12:517	[DEBUG]	Validating SML
2022-06-25 22:48:12:518	[DEBUG]	Validating FactoryGame
2022-06-25 22:48:12:518	[DEBUG]	Validating InventorySpace2
2022-06-25 22:48:12:518	[DEBUG]	Validating SML
2022-06-25 22:48:12:518	[DEBUG]	Validating ContainerScreen
2022-06-25 22:48:12:518	[DEBUG]	Validating SML
2022-06-25 22:48:12:518	[DEBUG]	Validating PersonalDrones
2022-06-25 22:48:12:519	[DEBUG]	Validating SML
2022-06-25 22:48:12:519	[DEBUG]	Validating LogisticDrones
2022-06-25 22:48:12:519	[DEBUG]	Validating SML
2022-06-25 22:48:12:519	[DEBUG]	Validating NoNewLabel
2022-06-25 22:48:12:519	[DEBUG]	Validating SML
2022-06-25 22:48:12:519	[DEBUG]	Validating TenTimesAwesomePoints
2022-06-25 22:48:12:519	[DEBUG]	Validating SML
2022-06-25 22:48:12:520	[DEBUG]	Validating NoEarlyAccess
2022-06-25 22:48:12:520	[DEBUG]	Validating SML
2022-06-25 22:48:12:520	[DEBUG]	Validating DaisyChainPowerCables
2022-06-25 22:48:12:520	[DEBUG]	Validating SML
2022-06-25 22:48:12:520	[DEBUG]	Validating Bottleneck
2022-06-25 22:48:12:520	[DEBUG]	Validating SML
2022-06-25 22:48:12:520	[DEBUG]	Validating LaserBeacons
2022-06-25 22:48:12:521	[DEBUG]	Validating SML
2022-06-25 22:48:12:523	[DEBUG]	Validating FlexSplines
2022-06-25 22:48:12:523	[DEBUG]	Validating SML
2022-06-25 22:50:07:655	[INFO]	Installing UndergroundBelts
2022-06-25 22:50:08:075	[DEBUG]	install: [UndergroundBelts], uninstall: [], enable: [], disable: [], update: []
2022-06-25 22:50:08:295	[DEBUG]	Validating SML
2022-06-25 22:50:08:295	[DEBUG]	Validating FactoryGame
2022-06-25 22:50:08:295	[DEBUG]	Validating UtilityMod
2022-06-25 22:50:08:295	[DEBUG]	Validating InventorySpace2
2022-06-25 22:50:08:295	[DEBUG]	Validating ContainerScreen
2022-06-25 22:50:08:295	[DEBUG]	Validating PersonalDrones
2022-06-25 22:50:08:295	[DEBUG]	Validating LogisticDrones
2022-06-25 22:50:08:295	[DEBUG]	Validating NoNewLabel
2022-06-25 22:50:08:295	[DEBUG]	Validating TenTimesAwesomePoints
2022-06-25 22:50:08:295	[DEBUG]	Validating NoEarlyAccess
2022-06-25 22:50:08:295	[DEBUG]	Validating DaisyChainPowerCables
2022-06-25 22:50:08:295	[DEBUG]	Validating Bottleneck
2022-06-25 22:50:08:295	[DEBUG]	Validating LaserBeacons
2022-06-25 22:50:08:295	[DEBUG]	Validating FlexSplines
2022-06-25 22:50:08:295	[DEBUG]	Validating UndergroundBelts
2022-06-25 22:50:08:493	[DEBUG]	Validating SML
2022-06-25 22:50:08:494	[DEBUG]	Items: {"UtilityMod":"0.5.4","SML":"3.3.1","InventorySpace2":"2.0.1","ContainerScreen":"1.0.11","PersonalDrones":"1.0.11","LogisticDrones":"1.0.1","NoNewLabel":"1.0.0","TenTimesAwesomePoints":"1.0.1","NoEarlyAccess":"1.0.2","DaisyChainPowerCables":"2.0.2","Bottleneck":"1.0.3","LaserBeacons":"1.0.4","FlexSplines":"1.0.6","UndergroundBelts":"3.0.7"}
2022-06-25 22:50:08:501	[DEBUG]	Mismatches: {"install":{"UndergroundBelts":"3.0.7"},"uninstall":[]}
2022-06-25 22:50:08:507	[DEBUG]	Copying UndergroundBelts@3.0.7 to Satisfactory install
2022-06-25 22:50:08:508	[DEBUG]	UndergroundBelts@3.0.7 is not downloaded. Downloading now.
2022-06-25 22:53:13:880	[DEBUG]	Validating UtilityMod
2022-06-25 22:53:13:882	[DEBUG]	Validating SML
2022-06-25 22:53:13:883	[DEBUG]	Validating FactoryGame
2022-06-25 22:53:13:883	[DEBUG]	Validating InventorySpace2
2022-06-25 22:53:13:883	[DEBUG]	Validating SML
2022-06-25 22:53:13:883	[DEBUG]	Validating ContainerScreen
2022-06-25 22:53:13:884	[DEBUG]	Validating SML
2022-06-25 22:53:13:884	[DEBUG]	Validating PersonalDrones
2022-06-25 22:53:13:884	[DEBUG]	Validating SML
2022-06-25 22:53:13:884	[DEBUG]	Validating LogisticDrones
2022-06-25 22:53:13:884	[DEBUG]	Validating SML
2022-06-25 22:53:13:884	[DEBUG]	Validating NoNewLabel
2022-06-25 22:53:13:884	[DEBUG]	Validating SML
2022-06-25 22:53:13:884	[DEBUG]	Validating TenTimesAwesomePoints
2022-06-25 22:53:13:884	[DEBUG]	Validating SML
2022-06-25 22:53:13:885	[DEBUG]	Validating NoEarlyAccess
2022-06-25 22:53:13:885	[DEBUG]	Validating SML
2022-06-25 22:53:13:885	[DEBUG]	Validating DaisyChainPowerCables
2022-06-25 22:53:13:885	[DEBUG]	Validating SML
2022-06-25 22:53:13:885	[DEBUG]	Validating Bottleneck
2022-06-25 22:53:13:885	[DEBUG]	Validating SML
2022-06-25 22:53:13:886	[DEBUG]	Validating LaserBeacons
2022-06-25 22:53:13:886	[DEBUG]	Validating SML
2022-06-25 22:53:13:886	[DEBUG]	Validating FlexSplines
2022-06-25 22:53:13:887	[DEBUG]	Validating SML
2022-06-25 22:53:13:887	[DEBUG]	Validating UndergroundBelts
2022-06-25 22:53:13:888	[DEBUG]	Validating SML
2022-06-25 22:58:15:127	[DEBUG]	Validating UtilityMod
2022-06-25 22:58:15:128	[DEBUG]	Validating SML
2022-06-25 22:58:15:128	[DEBUG]	Validating FactoryGame
2022-06-25 22:58:15:128	[DEBUG]	Validating InventorySpace2
2022-06-25 22:58:15:128	[DEBUG]	Validating SML
2022-06-25 22:58:15:128	[DEBUG]	Validating ContainerScreen
2022-06-25 22:58:15:128	[DEBUG]	Validating SML
2022-06-25 22:58:15:128	[DEBUG]	Validating PersonalDrones
2022-06-25 22:58:15:129	[DEBUG]	Validating SML
2022-06-25 22:58:15:129	[DEBUG]	Validating LogisticDrones
2022-06-25 22:58:15:129	[DEBUG]	Validating SML
2022-06-25 22:58:15:129	[DEBUG]	Validating NoNewLabel
2022-06-25 22:58:15:129	[DEBUG]	Validating SML
2022-06-25 22:58:15:129	[DEBUG]	Validating TenTimesAwesomePoints
2022-06-25 22:58:15:129	[DEBUG]	Validating SML
2022-06-25 22:58:15:129	[DEBUG]	Validating NoEarlyAccess
2022-06-25 22:58:15:129	[DEBUG]	Validating SML
2022-06-25 22:58:15:129	[DEBUG]	Validating DaisyChainPowerCables
2022-06-25 22:58:15:130	[DEBUG]	Validating SML
2022-06-25 22:58:15:130	[DEBUG]	Validating Bottleneck
2022-06-25 22:58:15:130	[DEBUG]	Validating SML
2022-06-25 22:58:15:130	[DEBUG]	Validating LaserBeacons
2022-06-25 22:58:15:130	[DEBUG]	Validating SML
2022-06-25 22:58:15:130	[DEBUG]	Validating FlexSplines
2022-06-25 22:58:15:131	[DEBUG]	Validating SML
2022-06-25 22:58:15:131	[DEBUG]	Validating UndergroundBelts
2022-06-25 22:58:15:131	[DEBUG]	Validating SML
2022-06-25 23:03:16:662	[DEBUG]	Validating UtilityMod
2022-06-25 23:03:16:662	[DEBUG]	Validating SML
2022-06-25 23:03:16:663	[DEBUG]	Validating FactoryGame
2022-06-25 23:03:16:663	[DEBUG]	Validating InventorySpace2
2022-06-25 23:03:16:663	[DEBUG]	Validating SML
2022-06-25 23:03:16:663	[DEBUG]	Validating ContainerScreen
2022-06-25 23:03:16:664	[DEBUG]	Validating SML
2022-06-25 23:03:16:664	[DEBUG]	Validating PersonalDrones
2022-06-25 23:03:16:664	[DEBUG]	Validating SML
2022-06-25 23:03:16:664	[DEBUG]	Validating LogisticDrones
2022-06-25 23:03:16:664	[DEBUG]	Validating SML
2022-06-25 23:03:16:664	[DEBUG]	Validating NoNewLabel
2022-06-25 23:03:16:664	[DEBUG]	Validating SML
2022-06-25 23:03:16:664	[DEBUG]	Validating TenTimesAwesomePoints
2022-06-25 23:03:16:664	[DEBUG]	Validating SML
2022-06-25 23:03:16:664	[DEBUG]	Validating NoEarlyAccess
2022-06-25 23:03:16:665	[DEBUG]	Validating SML
2022-06-25 23:03:16:665	[DEBUG]	Validating DaisyChainPowerCables
2022-06-25 23:03:16:665	[DEBUG]	Validating SML
2022-06-25 23:03:16:665	[DEBUG]	Validating Bottleneck
2022-06-25 23:03:16:666	[DEBUG]	Validating SML
2022-06-25 23:03:16:666	[DEBUG]	Validating LaserBeacons
2022-06-25 23:03:16:666	[DEBUG]	Validating SML
2022-06-25 23:03:16:666	[DEBUG]	Validating FlexSplines
2022-06-25 23:03:16:666	[DEBUG]	Validating SML
2022-06-25 23:03:16:666	[DEBUG]	Validating UndergroundBelts
2022-06-25 23:03:16:666	[DEBUG]	Validating SML
2022-06-25 23:08:17:664	[DEBUG]	Validating UtilityMod
2022-06-25 23:08:17:664	[DEBUG]	Validating SML
2022-06-25 23:08:17:665	[DEBUG]	Validating FactoryGame
2022-06-25 23:08:17:665	[DEBUG]	Validating InventorySpace2
2022-06-25 23:08:17:665	[DEBUG]	Validating SML
2022-06-25 23:08:17:665	[DEBUG]	Validating ContainerScreen
2022-06-25 23:08:17:666	[DEBUG]	Validating SML
2022-06-25 23:08:17:666	[DEBUG]	Validating PersonalDrones
2022-06-25 23:08:17:667	[DEBUG]	Validating SML
2022-06-25 23:08:17:667	[DEBUG]	Validating LogisticDrones
2022-06-25 23:08:17:667	[DEBUG]	Validating SML
2022-06-25 23:08:17:667	[DEBUG]	Validating NoNewLabel
2022-06-25 23:08:17:667	[DEBUG]	Validating SML
2022-06-25 23:08:17:667	[DEBUG]	Validating TenTimesAwesomePoints
2022-06-25 23:08:17:667	[DEBUG]	Validating SML
2022-06-25 23:08:17:668	[DEBUG]	Validating NoEarlyAccess
2022-06-25 23:08:17:668	[DEBUG]	Validating SML
2022-06-25 23:08:17:668	[DEBUG]	Validating DaisyChainPowerCables
2022-06-25 23:08:17:668	[DEBUG]	Validating SML
2022-06-25 23:08:17:668	[DEBUG]	Validating Bottleneck
2022-06-25 23:08:17:668	[DEBUG]	Validating SML
2022-06-25 23:08:17:668	[DEBUG]	Validating LaserBeacons
2022-06-25 23:08:17:669	[DEBUG]	Validating SML
2022-06-25 23:08:17:669	[DEBUG]	Validating FlexSplines
2022-06-25 23:08:17:669	[DEBUG]	Validating SML
2022-06-25 23:08:17:669	[DEBUG]	Validating UndergroundBelts
2022-06-25 23:08:17:670	[DEBUG]	Validating SML
