2022-02-13 04:12:11:032	[DEBUG]	Failed to register win-ca
2022-02-13 04:12:11:036	[INFO]	Set debug mode to false
2022-02-13 04:12:32:527	[DEBUG]	Epic Games Launcher is not installed
2022-02-13 04:12:34:316	[DEBUG]	Setting profile to dcheva.30
2022-02-13 04:12:34:457	[DEBUG]	install: [], uninstall: [], enable: [], disable: [], update: []
2022-02-13 04:13:14:580	[ERROR]	Error getting data from ficsit.app: Failed to fetch. Trace:
Error: Failed to fetch
    at new e (file:///C:/Users/dmytr/AppData/Local/Programs/Satisfactory%20Mod%20Manager/resources/app.asar/dist/electron/renderer.js:2:2395470)
    at file:///C:/Users/dmytr/AppData/Local/Programs/Satisfactory%20Mod%20Manager/resources/app.asar/dist/electron/renderer.js:2:2374558
    at n (file:///C:/Users/dmytr/AppData/Local/Programs/Satisfactory%20Mod%20Manager/resources/app.asar/dist/electron/renderer.js:2:2350614)
    at file:///C:/Users/dmytr/AppData/Local/Programs/Satisfactory%20Mod%20Manager/resources/app.asar/dist/electron/renderer.js:2:2350539
    at new Promise (<anonymous>)
    at Object.then (file:///C:/Users/dmytr/AppData/Local/Programs/Satisfactory%20Mod%20Manager/resources/app.asar/dist/electron/renderer.js:2:2350505)
    at Object.error (file:///C:/Users/dmytr/AppData/Local/Programs/Satisfactory%20Mod%20Manager/resources/app.asar/dist/electron/renderer.js:2:2350624)
    at B (file:///C:/Users/dmytr/AppData/Local/Programs/Satisfactory%20Mod%20Manager/resources/app.asar/dist/electron/renderer.js:301:991040)
    at b (file:///C:/Users/dmytr/AppData/Local/Programs/Satisfactory%20Mod%20Manager/resources/app.asar/dist/electron/renderer.js:301:991497)
    at t.e.error (file:///C:/Users/dmytr/AppData/Local/Programs/Satisfactory%20Mod%20Manager/resources/app.asar/dist/electron/renderer.js:301:992082)
2022-02-13 04:13:14:581	[ERROR]	Network error. Please try again later.
Trace
Error: Network error. Please try again later.
    at y (file:///C:/Users/dmytr/AppData/Local/Programs/Satisfactory%20Mod%20Manager/resources/app.asar/dist/electron/renderer.js:2:3268497)
    at async w (file:///C:/Users/dmytr/AppData/Local/Programs/Satisfactory%20Mod%20Manager/resources/app.asar/dist/electron/renderer.js:63:172)
    at async Object.e.existsOnFicsitApp (file:///C:/Users/dmytr/AppData/Local/Programs/Satisfactory%20Mod%20Manager/resources/app.asar/dist/electron/renderer.js:301:1159)
    at async file:///C:/Users/dmytr/AppData/Local/Programs/Satisfactory%20Mod%20Manager/resources/app.asar/dist/electron/renderer.js:301:28577
    at async Promise.all (index 0)
    at async Object.e.mutateManifest (file:///C:/Users/dmytr/AppData/Local/Programs/Satisfactory%20Mod%20Manager/resources/app.asar/dist/electron/renderer.js:301:28529)
    at async _.manifestMutate (file:///C:/Users/dmytr/AppData/Local/Programs/Satisfactory%20Mod%20Manager/resources/app.asar/dist/electron/renderer.js:301:40582)
    at async _.setProfile (file:///C:/Users/dmytr/AppData/Local/Programs/Satisfactory%20Mod%20Manager/resources/app.asar/dist/electron/renderer.js:301:41073)
2022-02-13 04:13:14:581	[DEBUG]	Items: {"StackOverload":"2.0.5","SML":"3.3.0","TenTimesAwesomePoints":"1.0.1","SmartFoundations":"17.0.11","FasterManualCrafting":"1.1.0","SatisfactoryHelper":"2.0.3","FlashlightSettings":"1.0.1","MAMTips":"0.4.1","BeltfedBiomassBurner":"1.1.1","FastForward":"1.0.0","NoFallingGifts":"1.0.0","NoEarlyAccess":"1.0.2","SimpleCodex":"1.0.2","VanishGiraffer":"1.0.1","SpaceMarket":"2.0.1","DaisyChainPowerCables":"2.0.2","PermaDay":"1.0.2","EasyCheat":"1.0.7","FicsitTrading":"2.0.0","NoFog":"2.0.0","WallPipeSupports":"2.1.2","WallHoleConveyor":"2.0.2","WallConveyorSupports":"1.1.0","UtilityMod":"0.5.4","AdvancedPersonalStorage":"1.0.0","Additional_300_Inventory_Slots":"5.0.3","SmallStorage":"2.2.2","avMallLib":"2.2.1","RegenAllHealth":"2.0.2","x3_splitter_merger_pole":"1.1.6","ContainerScreen":"1.0.3","Cellphone":"1.0.6","MarcioCommonLibs":"1.1.1"}
2022-02-13 04:13:14:595	[DEBUG]	Mismatches: {"install":{},"uninstall":[]}
2022-02-13 04:13:14:639	[DEBUG]	Forcing cache reload
2022-02-13 04:13:14:639	[DEBUG]	Loading mod cache
2022-02-13 04:13:26:182	[ERROR]	Error getting data from ficsit.app: Failed to fetch. Trace:
Error: Failed to fetch
    at new e (file:///C:/Users/dmytr/AppData/Local/Programs/Satisfactory%20Mod%20Manager/resources/app.asar/dist/electron/renderer.js:2:2395470)
    at file:///C:/Users/dmytr/AppData/Local/Programs/Satisfactory%20Mod%20Manager/resources/app.asar/dist/electron/renderer.js:2:2374558
    at n (file:///C:/Users/dmytr/AppData/Local/Programs/Satisfactory%20Mod%20Manager/resources/app.asar/dist/electron/renderer.js:2:2350614)
    at file:///C:/Users/dmytr/AppData/Local/Programs/Satisfactory%20Mod%20Manager/resources/app.asar/dist/electron/renderer.js:2:2350539
    at new Promise (<anonymous>)
    at Object.then (file:///C:/Users/dmytr/AppData/Local/Programs/Satisfactory%20Mod%20Manager/resources/app.asar/dist/electron/renderer.js:2:2350505)
    at Object.error (file:///C:/Users/dmytr/AppData/Local/Programs/Satisfactory%20Mod%20Manager/resources/app.asar/dist/electron/renderer.js:2:2350624)
    at B (file:///C:/Users/dmytr/AppData/Local/Programs/Satisfactory%20Mod%20Manager/resources/app.asar/dist/electron/renderer.js:301:991040)
    at b (file:///C:/Users/dmytr/AppData/Local/Programs/Satisfactory%20Mod%20Manager/resources/app.asar/dist/electron/renderer.js:301:991497)
    at t.e.error (file:///C:/Users/dmytr/AppData/Local/Programs/Satisfactory%20Mod%20Manager/resources/app.asar/dist/electron/renderer.js:301:992082)