2022-05-31 02:21:10:027	[DEBUG]	Loading mod cache
2022-05-31 02:21:10:572	[DEBUG]	Loading mod cache
2022-05-31 02:21:10:690	[DEBUG]	Epic Games Launcher is not installed
2022-05-31 02:21:11:002	[DEBUG]	Setting profile to Dee Covan
2022-05-31 02:21:11:158	[DEBUG]	install: [], uninstall: [], enable: [], disable: [], update: []
2022-05-31 02:21:12:718	[DEBUG]	Validating FicsitFarming
2022-05-31 02:21:12:719	[DEBUG]	Validating AB_FluidExtras
2022-05-31 02:21:12:719	[DEBUG]	Validating SML
2022-05-31 02:21:12:719	[DEBUG]	Validating KLib
2022-05-31 02:21:12:719	[DEBUG]	Validating RefinedPower
2022-05-31 02:21:12:719	[DEBUG]	Validating RefinedRDLib
2022-05-31 02:21:12:719	[DEBUG]	Validating ModularUI
2022-05-31 02:21:12:719	[DEBUG]	Validating FactoryGame
2022-05-31 02:21:12:719	[DEBUG]	Validating KPrivateCodeLib
2022-05-31 02:21:12:720	[DEBUG]	Validating KBFL
2022-05-31 02:21:12:720	[DEBUG]	Validating KUI
2022-05-31 02:21:12:720	[DEBUG]	Validating SatisfactoryPlus
2022-05-31 02:21:12:720	[DEBUG]	Validating FasterManualCrafting
2022-05-31 02:21:12:720	[DEBUG]	Validating KLevelUp
2022-05-31 02:21:12:720	[DEBUG]	Validating ContainerScreen
2022-05-31 02:21:12:720	[DEBUG]	Validating UtilityMod
2022-05-31 02:21:12:720	[DEBUG]	Validating SmartFoundations
2022-05-31 02:21:12:720	[DEBUG]	Validating TFIT
2022-05-31 02:21:12:720	[DEBUG]	Validating DoubleJump
2022-05-31 02:21:12:720	[DEBUG]	Validating InventorySpace2
2022-05-31 02:21:12:720	[DEBUG]	Validating EarlyHover
2022-05-31 02:21:12:720	[DEBUG]	Validating FlashlightSettings
2022-05-31 02:21:12:720	[DEBUG]	Validating LoadBalancers
2022-05-31 02:21:12:720	[DEBUG]	Validating SatisfactoryHelper
2022-05-31 02:21:12:720	[DEBUG]	Validating PersonalDrones
2022-05-31 02:21:12:720	[DEBUG]	Validating DumbPrints
2022-05-31 02:21:12:721	[DEBUG]	Items: {"SatisfactoryPlus":"0.7.1","FicsitFarming":"4.0.3","SML":"3.3.1","ModularUI":"2.0.8","RefinedRDLib":"1.0.7","AB_FluidExtras":"0.7.1","KLib":"1.10.0","KPrivateCodeLib":"1.2.1","KBFL":"1.12.5","KUI":"1.4.0","RefinedPower":"3.0.9","FasterManualCrafting":"1.1.1","KLevelUp":"1.2.5","ContainerScreen":"1.0.11","UtilityMod":"0.5.4","SmartFoundations":"17.0.11","TFIT":"1.0.5","DoubleJump":"1.0.1","InventorySpace2":"2.0.1","EarlyHover":"1.0.3","FlashlightSettings":"1.0.1","LoadBalancers":"1.5.1","SatisfactoryHelper":"2.0.3","PersonalDrones":"1.0.11","DumbPrints":"0.0.4"}
2022-05-31 02:21:12:751	[DEBUG]	Mismatches: {"install":{},"uninstall":[]}
2022-05-31 02:21:14:783	[DEBUG]	Validating SatisfactoryPlus
2022-05-31 02:21:14:975	[DEBUG]	Validating AB_FluidExtras
2022-05-31 02:21:14:977	[DEBUG]	Validating SML
2022-05-31 02:21:14:977	[DEBUG]	Validating FactoryGame
2022-05-31 02:21:14:977	[DEBUG]	Validating FicsitFarming
2022-05-31 02:21:14:978	[DEBUG]	Validating SML
2022-05-31 02:21:14:978	[DEBUG]	Validating ModularUI
2022-05-31 02:21:15:194	[DEBUG]	Validating SML
2022-05-31 02:21:15:194	[DEBUG]	Validating RefinedRDLib
2022-05-31 02:21:15:385	[DEBUG]	Validating SML
2022-05-31 02:21:15:385	[DEBUG]	Validating KLib
2022-05-31 02:21:15:826	[DEBUG]	Validating KPrivateCodeLib
2022-05-31 02:21:16:192	[DEBUG]	Validating KBFL
2022-05-31 02:21:16:374	[DEBUG]	Validating SML
2022-05-31 02:21:16:374	[DEBUG]	Validating KUI
2022-05-31 02:21:16:376	[DEBUG]	Validating SML
2022-05-31 02:21:16:376	[DEBUG]	Validating SML
2022-05-31 02:21:16:376	[DEBUG]	Validating SML
2022-05-31 02:21:16:376	[DEBUG]	Validating ModularUI
2022-05-31 02:21:16:376	[DEBUG]	Validating RefinedPower
2022-05-31 02:21:16:380	[DEBUG]	Validating ModularUI
2022-05-31 02:21:16:380	[DEBUG]	Validating RefinedRDLib
2022-05-31 02:21:16:380	[DEBUG]	Validating SML
2022-05-31 02:21:16:380	[DEBUG]	Validating RefinedRDLib
2022-05-31 02:21:16:380	[DEBUG]	Validating SML
2022-05-31 02:21:16:380	[DEBUG]	Validating FasterManualCrafting
2022-05-31 02:21:16:381	[DEBUG]	Validating SML
2022-05-31 02:21:16:381	[DEBUG]	Validating KLevelUp
2022-05-31 02:21:16:382	[DEBUG]	Validating SML
2022-05-31 02:21:16:382	[DEBUG]	Validating KPrivateCodeLib
2022-05-31 02:21:16:382	[DEBUG]	Validating ContainerScreen
2022-05-31 02:21:16:383	[DEBUG]	Validating SML
2022-05-31 02:21:16:383	[DEBUG]	Validating UtilityMod
2022-05-31 02:21:16:384	[DEBUG]	Validating SML
2022-05-31 02:21:16:384	[DEBUG]	Validating SmartFoundations
2022-05-31 02:21:16:387	[DEBUG]	Validating SML
2022-05-31 02:21:16:387	[DEBUG]	Validating TFIT
2022-05-31 02:21:16:387	[DEBUG]	Validating SML
2022-05-31 02:21:16:387	[DEBUG]	Validating DoubleJump
2022-05-31 02:21:16:388	[DEBUG]	Validating SML
2022-05-31 02:21:16:388	[DEBUG]	Validating InventorySpace2
2022-05-31 02:21:16:388	[DEBUG]	Validating SML
2022-05-31 02:21:16:389	[DEBUG]	Validating EarlyHover
2022-05-31 02:21:16:389	[DEBUG]	Validating SML
2022-05-31 02:21:16:389	[DEBUG]	Validating FlashlightSettings
2022-05-31 02:21:16:391	[DEBUG]	Validating SML
2022-05-31 02:21:16:391	[DEBUG]	Validating LoadBalancers
2022-05-31 02:21:16:393	[DEBUG]	Validating SML
2022-05-31 02:21:16:393	[DEBUG]	Validating SatisfactoryHelper
2022-05-31 02:21:16:394	[DEBUG]	Validating SML
2022-05-31 02:21:16:394	[DEBUG]	Validating PersonalDrones
2022-05-31 02:21:16:395	[DEBUG]	Validating SML
2022-05-31 02:21:16:396	[DEBUG]	Validating DumbPrints
2022-05-31 02:21:16:396	[DEBUG]	Validating SML
2022-05-31 02:25:59:870	[WARN]	isRunning timed out, using fallback method.
2022-05-31 02:26:17:605	[DEBUG]	Validating SatisfactoryPlus
2022-05-31 02:26:17:605	[DEBUG]	Validating AB_FluidExtras
2022-05-31 02:26:17:606	[DEBUG]	Validating SML
2022-05-31 02:26:17:607	[DEBUG]	Validating FactoryGame
2022-05-31 02:26:17:607	[DEBUG]	Validating FicsitFarming
2022-05-31 02:26:17:608	[DEBUG]	Validating SML
2022-05-31 02:26:17:608	[DEBUG]	Validating ModularUI
2022-05-31 02:26:17:608	[DEBUG]	Validating SML
2022-05-31 02:26:17:608	[DEBUG]	Validating RefinedRDLib
2022-05-31 02:26:17:608	[DEBUG]	Validating SML
2022-05-31 02:26:17:608	[DEBUG]	Validating KLib
2022-05-31 02:26:17:609	[DEBUG]	Validating KPrivateCodeLib
2022-05-31 02:26:17:609	[DEBUG]	Validating KBFL
2022-05-31 02:26:17:609	[DEBUG]	Validating SML
2022-05-31 02:26:17:609	[DEBUG]	Validating KUI
2022-05-31 02:26:17:610	[DEBUG]	Validating SML
2022-05-31 02:26:17:610	[DEBUG]	Validating SML
2022-05-31 02:26:17:611	[DEBUG]	Validating SML
2022-05-31 02:26:17:611	[DEBUG]	Validating ModularUI
2022-05-31 02:26:17:611	[DEBUG]	Validating RefinedPower
2022-05-31 02:26:17:612	[DEBUG]	Validating ModularUI
2022-05-31 02:26:17:612	[DEBUG]	Validating RefinedRDLib
2022-05-31 02:26:17:612	[DEBUG]	Validating SML
2022-05-31 02:26:17:612	[DEBUG]	Validating RefinedRDLib
2022-05-31 02:26:17:612	[DEBUG]	Validating SML
2022-05-31 02:26:17:612	[DEBUG]	Validating FasterManualCrafting
2022-05-31 02:26:17:613	[DEBUG]	Validating SML
2022-05-31 02:26:17:613	[DEBUG]	Validating KLevelUp
2022-05-31 02:26:17:614	[DEBUG]	Validating SML
2022-05-31 02:26:17:615	[DEBUG]	Validating KPrivateCodeLib
2022-05-31 02:26:17:615	[DEBUG]	Validating ContainerScreen
2022-05-31 02:26:17:615	[DEBUG]	Validating SML
2022-05-31 02:26:17:615	[DEBUG]	Validating UtilityMod
2022-05-31 02:26:17:616	[DEBUG]	Validating SML
2022-05-31 02:26:17:616	[DEBUG]	Validating SmartFoundations
2022-05-31 02:26:17:616	[DEBUG]	Validating SML
2022-05-31 02:26:17:617	[DEBUG]	Validating TFIT
2022-05-31 02:26:17:617	[DEBUG]	Validating SML
2022-05-31 02:26:17:617	[DEBUG]	Validating DoubleJump
2022-05-31 02:26:17:617	[DEBUG]	Validating SML
2022-05-31 02:26:17:617	[DEBUG]	Validating InventorySpace2
2022-05-31 02:26:17:617	[DEBUG]	Validating SML
2022-05-31 02:26:17:618	[DEBUG]	Validating EarlyHover
2022-05-31 02:26:17:618	[DEBUG]	Validating SML
2022-05-31 02:26:17:618	[DEBUG]	Validating FlashlightSettings
2022-05-31 02:26:17:619	[DEBUG]	Validating SML
2022-05-31 02:26:17:619	[DEBUG]	Validating LoadBalancers
2022-05-31 02:26:17:622	[DEBUG]	Validating SML
2022-05-31 02:26:17:622	[DEBUG]	Validating SatisfactoryHelper
2022-05-31 02:26:17:623	[DEBUG]	Validating SML
2022-05-31 02:26:17:623	[DEBUG]	Validating PersonalDrones
2022-05-31 02:26:17:623	[DEBUG]	Validating SML
2022-05-31 02:26:17:623	[DEBUG]	Validating DumbPrints
2022-05-31 02:26:17:623	[DEBUG]	Validating SML
2022-05-31 02:31:19:033	[DEBUG]	Validating SatisfactoryPlus
2022-05-31 02:31:19:034	[DEBUG]	Validating AB_FluidExtras
2022-05-31 02:31:19:034	[DEBUG]	Validating SML
2022-05-31 02:31:19:034	[DEBUG]	Validating FactoryGame
2022-05-31 02:31:19:034	[DEBUG]	Validating FicsitFarming
2022-05-31 02:31:19:034	[DEBUG]	Validating SML
2022-05-31 02:31:19:034	[DEBUG]	Validating ModularUI
2022-05-31 02:31:19:035	[DEBUG]	Validating SML
2022-05-31 02:31:19:035	[DEBUG]	Validating RefinedRDLib
2022-05-31 02:31:19:035	[DEBUG]	Validating SML
2022-05-31 02:31:19:035	[DEBUG]	Validating KLib
2022-05-31 02:31:19:035	[DEBUG]	Validating KPrivateCodeLib
2022-05-31 02:31:19:036	[DEBUG]	Validating KBFL
2022-05-31 02:31:19:037	[DEBUG]	Validating SML
2022-05-31 02:31:19:037	[DEBUG]	Validating KUI
2022-05-31 02:31:19:037	[DEBUG]	Validating SML
2022-05-31 02:31:19:037	[DEBUG]	Validating SML
2022-05-31 02:31:19:037	[DEBUG]	Validating SML
2022-05-31 02:31:19:037	[DEBUG]	Validating ModularUI
2022-05-31 02:31:19:037	[DEBUG]	Validating RefinedPower
2022-05-31 02:31:19:038	[DEBUG]	Validating ModularUI
2022-05-31 02:31:19:038	[DEBUG]	Validating RefinedRDLib
2022-05-31 02:31:19:038	[DEBUG]	Validating SML
2022-05-31 02:31:19:038	[DEBUG]	Validating RefinedRDLib
2022-05-31 02:31:19:038	[DEBUG]	Validating SML
2022-05-31 02:31:19:038	[DEBUG]	Validating FasterManualCrafting
2022-05-31 02:31:19:038	[DEBUG]	Validating SML
2022-05-31 02:31:19:038	[DEBUG]	Validating KLevelUp
2022-05-31 02:31:19:039	[DEBUG]	Validating SML
2022-05-31 02:31:19:039	[DEBUG]	Validating KPrivateCodeLib
2022-05-31 02:31:19:039	[DEBUG]	Validating ContainerScreen
2022-05-31 02:31:19:039	[DEBUG]	Validating SML
2022-05-31 02:31:19:039	[DEBUG]	Validating UtilityMod
2022-05-31 02:31:19:039	[DEBUG]	Validating SML
2022-05-31 02:31:19:040	[DEBUG]	Validating SmartFoundations
2022-05-31 02:31:19:040	[DEBUG]	Validating SML
2022-05-31 02:31:19:040	[DEBUG]	Validating TFIT
2022-05-31 02:31:19:040	[DEBUG]	Validating SML
2022-05-31 02:31:19:041	[DEBUG]	Validating DoubleJump
2022-05-31 02:31:19:041	[DEBUG]	Validating SML
2022-05-31 02:31:19:044	[DEBUG]	Validating InventorySpace2
2022-05-31 02:31:19:044	[DEBUG]	Validating SML
2022-05-31 02:31:19:044	[DEBUG]	Validating EarlyHover
2022-05-31 02:31:19:044	[DEBUG]	Validating SML
2022-05-31 02:31:19:045	[DEBUG]	Validating FlashlightSettings
2022-05-31 02:31:19:045	[DEBUG]	Validating SML
2022-05-31 02:31:19:045	[DEBUG]	Validating LoadBalancers
2022-05-31 02:31:19:046	[DEBUG]	Validating SML
2022-05-31 02:31:19:046	[DEBUG]	Validating SatisfactoryHelper
2022-05-31 02:31:19:046	[DEBUG]	Validating SML
2022-05-31 02:31:19:046	[DEBUG]	Validating PersonalDrones
2022-05-31 02:31:19:048	[DEBUG]	Validating SML
2022-05-31 02:31:19:048	[DEBUG]	Validating DumbPrints
2022-05-31 02:31:19:049	[DEBUG]	Validating SML
2022-05-31 02:36:20:496	[DEBUG]	Validating SatisfactoryPlus
2022-05-31 02:36:20:497	[DEBUG]	Validating AB_FluidExtras
2022-05-31 02:36:20:498	[DEBUG]	Validating SML
2022-05-31 02:36:20:498	[DEBUG]	Validating FactoryGame
2022-05-31 02:36:20:498	[DEBUG]	Validating FicsitFarming
2022-05-31 02:36:20:498	[DEBUG]	Validating SML
2022-05-31 02:36:20:498	[DEBUG]	Validating ModularUI
2022-05-31 02:36:20:498	[DEBUG]	Validating SML
2022-05-31 02:36:20:498	[DEBUG]	Validating RefinedRDLib
2022-05-31 02:36:20:498	[DEBUG]	Validating SML
2022-05-31 02:36:20:499	[DEBUG]	Validating KLib
2022-05-31 02:36:20:499	[DEBUG]	Validating KPrivateCodeLib
2022-05-31 02:36:20:499	[DEBUG]	Validating KBFL
2022-05-31 02:36:20:500	[DEBUG]	Validating SML
2022-05-31 02:36:20:500	[DEBUG]	Validating KUI
2022-05-31 02:36:20:500	[DEBUG]	Validating SML
2022-05-31 02:36:20:500	[DEBUG]	Validating SML
2022-05-31 02:36:20:501	[DEBUG]	Validating SML
2022-05-31 02:36:20:501	[DEBUG]	Validating ModularUI
2022-05-31 02:36:20:501	[DEBUG]	Validating RefinedPower
2022-05-31 02:36:20:502	[DEBUG]	Validating ModularUI
2022-05-31 02:36:20:502	[DEBUG]	Validating RefinedRDLib
2022-05-31 02:36:20:502	[DEBUG]	Validating SML
2022-05-31 02:36:20:502	[DEBUG]	Validating RefinedRDLib
2022-05-31 02:36:20:503	[DEBUG]	Validating SML
2022-05-31 02:36:20:503	[DEBUG]	Validating FasterManualCrafting
2022-05-31 02:36:20:503	[DEBUG]	Validating SML
2022-05-31 02:36:20:503	[DEBUG]	Validating KLevelUp
2022-05-31 02:36:20:503	[DEBUG]	Validating SML
2022-05-31 02:36:20:504	[DEBUG]	Validating KPrivateCodeLib
2022-05-31 02:36:20:504	[DEBUG]	Validating ContainerScreen
2022-05-31 02:36:20:504	[DEBUG]	Validating SML
2022-05-31 02:36:20:504	[DEBUG]	Validating UtilityMod
2022-05-31 02:36:20:504	[DEBUG]	Validating SML
2022-05-31 02:36:20:504	[DEBUG]	Validating SmartFoundations
2022-05-31 02:36:20:505	[DEBUG]	Validating SML
2022-05-31 02:36:20:505	[DEBUG]	Validating TFIT
2022-05-31 02:36:20:505	[DEBUG]	Validating SML
2022-05-31 02:36:20:505	[DEBUG]	Validating DoubleJump
2022-05-31 02:36:20:505	[DEBUG]	Validating SML
2022-05-31 02:36:20:505	[DEBUG]	Validating InventorySpace2
2022-05-31 02:36:20:506	[DEBUG]	Validating SML
2022-05-31 02:36:20:506	[DEBUG]	Validating EarlyHover
2022-05-31 02:36:20:506	[DEBUG]	Validating SML
2022-05-31 02:36:20:507	[DEBUG]	Validating FlashlightSettings
2022-05-31 02:36:20:507	[DEBUG]	Validating SML
2022-05-31 02:36:20:507	[DEBUG]	Validating LoadBalancers
2022-05-31 02:36:20:507	[DEBUG]	Validating SML
2022-05-31 02:36:20:508	[DEBUG]	Validating SatisfactoryHelper
2022-05-31 02:36:20:508	[DEBUG]	Validating SML
2022-05-31 02:36:20:508	[DEBUG]	Validating PersonalDrones
2022-05-31 02:36:20:508	[DEBUG]	Validating SML
2022-05-31 02:36:20:508	[DEBUG]	Validating DumbPrints
2022-05-31 02:36:20:508	[DEBUG]	Validating SML
2022-05-31 02:41:21:943	[DEBUG]	Validating SatisfactoryPlus
2022-05-31 02:41:21:944	[DEBUG]	Validating AB_FluidExtras
2022-05-31 02:41:21:945	[DEBUG]	Validating SML
2022-05-31 02:41:21:945	[DEBUG]	Validating FactoryGame
2022-05-31 02:41:21:945	[DEBUG]	Validating FicsitFarming
2022-05-31 02:41:21:945	[DEBUG]	Validating SML
2022-05-31 02:41:21:945	[DEBUG]	Validating ModularUI
2022-05-31 02:41:21:946	[DEBUG]	Validating SML
2022-05-31 02:41:21:946	[DEBUG]	Validating RefinedRDLib
2022-05-31 02:41:21:946	[DEBUG]	Validating SML
2022-05-31 02:41:21:946	[DEBUG]	Validating KLib
2022-05-31 02:41:21:946	[DEBUG]	Validating KPrivateCodeLib
2022-05-31 02:41:21:946	[DEBUG]	Validating KBFL
2022-05-31 02:41:21:948	[DEBUG]	Validating SML
2022-05-31 02:41:21:948	[DEBUG]	Validating KUI
2022-05-31 02:41:21:948	[DEBUG]	Validating SML
2022-05-31 02:41:21:948	[DEBUG]	Validating SML
2022-05-31 02:41:21:948	[DEBUG]	Validating SML
2022-05-31 02:41:21:948	[DEBUG]	Validating ModularUI
2022-05-31 02:41:21:948	[DEBUG]	Validating RefinedPower
2022-05-31 02:41:21:949	[DEBUG]	Validating ModularUI
2022-05-31 02:41:21:949	[DEBUG]	Validating RefinedRDLib
2022-05-31 02:41:21:949	[DEBUG]	Validating SML
2022-05-31 02:41:21:950	[DEBUG]	Validating RefinedRDLib
2022-05-31 02:41:21:950	[DEBUG]	Validating SML
2022-05-31 02:41:21:950	[DEBUG]	Validating FasterManualCrafting
2022-05-31 02:41:21:951	[DEBUG]	Validating SML
2022-05-31 02:41:21:951	[DEBUG]	Validating KLevelUp
2022-05-31 02:41:21:951	[DEBUG]	Validating SML
2022-05-31 02:41:21:951	[DEBUG]	Validating KPrivateCodeLib
2022-05-31 02:41:21:951	[DEBUG]	Validating ContainerScreen
2022-05-31 02:41:21:951	[DEBUG]	Validating SML
2022-05-31 02:41:21:951	[DEBUG]	Validating UtilityMod
2022-05-31 02:41:21:952	[DEBUG]	Validating SML
2022-05-31 02:41:21:952	[DEBUG]	Validating SmartFoundations
2022-05-31 02:41:21:953	[DEBUG]	Validating SML
2022-05-31 02:41:21:953	[DEBUG]	Validating TFIT
2022-05-31 02:41:21:953	[DEBUG]	Validating SML
2022-05-31 02:41:21:953	[DEBUG]	Validating DoubleJump
2022-05-31 02:41:21:953	[DEBUG]	Validating SML
2022-05-31 02:41:21:954	[DEBUG]	Validating InventorySpace2
2022-05-31 02:41:21:954	[DEBUG]	Validating SML
2022-05-31 02:41:21:954	[DEBUG]	Validating EarlyHover
2022-05-31 02:41:21:954	[DEBUG]	Validating SML
2022-05-31 02:41:21:954	[DEBUG]	Validating FlashlightSettings
2022-05-31 02:41:21:954	[DEBUG]	Validating SML
2022-05-31 02:41:21:955	[DEBUG]	Validating LoadBalancers
2022-05-31 02:41:21:955	[DEBUG]	Validating SML
2022-05-31 02:41:21:955	[DEBUG]	Validating SatisfactoryHelper
2022-05-31 02:41:21:955	[DEBUG]	Validating SML
2022-05-31 02:41:21:956	[DEBUG]	Validating PersonalDrones
2022-05-31 02:41:21:956	[DEBUG]	Validating SML
2022-05-31 02:41:21:956	[DEBUG]	Validating DumbPrints
2022-05-31 02:41:21:956	[DEBUG]	Validating SML
2022-05-31 02:46:23:394	[DEBUG]	Validating SatisfactoryPlus
2022-05-31 02:46:23:395	[DEBUG]	Validating AB_FluidExtras
2022-05-31 02:46:23:395	[DEBUG]	Validating SML
2022-05-31 02:46:23:395	[DEBUG]	Validating FactoryGame
2022-05-31 02:46:23:395	[DEBUG]	Validating FicsitFarming
2022-05-31 02:46:23:396	[DEBUG]	Validating SML
2022-05-31 02:46:23:396	[DEBUG]	Validating ModularUI
2022-05-31 02:46:23:396	[DEBUG]	Validating SML
2022-05-31 02:46:23:396	[DEBUG]	Validating RefinedRDLib
2022-05-31 02:46:23:396	[DEBUG]	Validating SML
2022-05-31 02:46:23:396	[DEBUG]	Validating KLib
2022-05-31 02:46:23:396	[DEBUG]	Validating KPrivateCodeLib
2022-05-31 02:46:23:396	[DEBUG]	Validating KBFL
2022-05-31 02:46:23:397	[DEBUG]	Validating SML
2022-05-31 02:46:23:397	[DEBUG]	Validating KUI
2022-05-31 02:46:23:398	[DEBUG]	Validating SML
2022-05-31 02:46:23:398	[DEBUG]	Validating SML
2022-05-31 02:46:23:398	[DEBUG]	Validating SML
2022-05-31 02:46:23:398	[DEBUG]	Validating ModularUI
2022-05-31 02:46:23:398	[DEBUG]	Validating RefinedPower
2022-05-31 02:46:23:399	[DEBUG]	Validating ModularUI
2022-05-31 02:46:23:399	[DEBUG]	Validating RefinedRDLib
2022-05-31 02:46:23:399	[DEBUG]	Validating SML
2022-05-31 02:46:23:399	[DEBUG]	Validating RefinedRDLib
2022-05-31 02:46:23:399	[DEBUG]	Validating SML
2022-05-31 02:46:23:399	[DEBUG]	Validating FasterManualCrafting
2022-05-31 02:46:23:399	[DEBUG]	Validating SML
2022-05-31 02:46:23:401	[DEBUG]	Validating KLevelUp
2022-05-31 02:46:23:401	[DEBUG]	Validating SML
2022-05-31 02:46:23:402	[DEBUG]	Validating KPrivateCodeLib
2022-05-31 02:46:23:402	[DEBUG]	Validating ContainerScreen
2022-05-31 02:46:23:402	[DEBUG]	Validating SML
2022-05-31 02:46:23:402	[DEBUG]	Validating UtilityMod
2022-05-31 02:46:23:403	[DEBUG]	Validating SML
2022-05-31 02:46:23:403	[DEBUG]	Validating SmartFoundations
2022-05-31 02:46:23:404	[DEBUG]	Validating SML
2022-05-31 02:46:23:404	[DEBUG]	Validating TFIT
2022-05-31 02:46:23:404	[DEBUG]	Validating SML
2022-05-31 02:46:23:406	[DEBUG]	Validating DoubleJump
2022-05-31 02:46:23:408	[DEBUG]	Validating SML
2022-05-31 02:46:23:408	[DEBUG]	Validating InventorySpace2
2022-05-31 02:46:23:409	[DEBUG]	Validating SML
2022-05-31 02:46:23:409	[DEBUG]	Validating EarlyHover
2022-05-31 02:46:23:409	[DEBUG]	Validating SML
2022-05-31 02:46:23:409	[DEBUG]	Validating FlashlightSettings
2022-05-31 02:46:23:409	[DEBUG]	Validating SML
2022-05-31 02:46:23:409	[DEBUG]	Validating LoadBalancers
2022-05-31 02:46:23:410	[DEBUG]	Validating SML
2022-05-31 02:46:23:410	[DEBUG]	Validating SatisfactoryHelper
2022-05-31 02:46:23:410	[DEBUG]	Validating SML
2022-05-31 02:46:23:411	[DEBUG]	Validating PersonalDrones
2022-05-31 02:46:23:411	[DEBUG]	Validating SML
2022-05-31 02:46:23:411	[DEBUG]	Validating DumbPrints
2022-05-31 02:46:23:412	[DEBUG]	Validating SML
2022-05-31 02:51:25:060	[DEBUG]	Validating SatisfactoryPlus
2022-05-31 02:51:25:061	[DEBUG]	Validating AB_FluidExtras
2022-05-31 02:51:25:061	[DEBUG]	Validating SML
2022-05-31 02:51:25:062	[DEBUG]	Validating FactoryGame
2022-05-31 02:51:25:062	[DEBUG]	Validating FicsitFarming
2022-05-31 02:51:25:062	[DEBUG]	Validating SML
2022-05-31 02:51:25:062	[DEBUG]	Validating ModularUI
2022-05-31 02:51:25:062	[DEBUG]	Validating SML
2022-05-31 02:51:25:062	[DEBUG]	Validating RefinedRDLib
2022-05-31 02:51:25:062	[DEBUG]	Validating SML
2022-05-31 02:51:25:062	[DEBUG]	Validating KLib
2022-05-31 02:51:25:063	[DEBUG]	Validating KPrivateCodeLib
2022-05-31 02:51:25:063	[DEBUG]	Validating KBFL
2022-05-31 02:51:25:064	[DEBUG]	Validating SML
2022-05-31 02:51:25:064	[DEBUG]	Validating KUI
2022-05-31 02:51:25:064	[DEBUG]	Validating SML
2022-05-31 02:51:25:064	[DEBUG]	Validating SML
2022-05-31 02:51:25:064	[DEBUG]	Validating SML
2022-05-31 02:51:25:064	[DEBUG]	Validating ModularUI
2022-05-31 02:51:25:065	[DEBUG]	Validating RefinedPower
2022-05-31 02:51:25:065	[DEBUG]	Validating ModularUI
2022-05-31 02:51:25:065	[DEBUG]	Validating RefinedRDLib
2022-05-31 02:51:25:065	[DEBUG]	Validating SML
2022-05-31 02:51:25:065	[DEBUG]	Validating RefinedRDLib
2022-05-31 02:51:25:065	[DEBUG]	Validating SML
2022-05-31 02:51:25:065	[DEBUG]	Validating FasterManualCrafting
2022-05-31 02:51:25:066	[DEBUG]	Validating SML
2022-05-31 02:51:25:066	[DEBUG]	Validating KLevelUp
2022-05-31 02:51:25:066	[DEBUG]	Validating SML
2022-05-31 02:51:25:066	[DEBUG]	Validating KPrivateCodeLib
2022-05-31 02:51:25:066	[DEBUG]	Validating ContainerScreen
2022-05-31 02:51:25:068	[DEBUG]	Validating SML
2022-05-31 02:51:25:068	[DEBUG]	Validating UtilityMod
2022-05-31 02:51:25:068	[DEBUG]	Validating SML
2022-05-31 02:51:25:068	[DEBUG]	Validating SmartFoundations
2022-05-31 02:51:25:069	[DEBUG]	Validating SML
2022-05-31 02:51:25:069	[DEBUG]	Validating TFIT
2022-05-31 02:51:25:069	[DEBUG]	Validating SML
2022-05-31 02:51:25:069	[DEBUG]	Validating DoubleJump
2022-05-31 02:51:25:070	[DEBUG]	Validating SML
2022-05-31 02:51:25:070	[DEBUG]	Validating InventorySpace2
2022-05-31 02:51:25:070	[DEBUG]	Validating SML
2022-05-31 02:51:25:070	[DEBUG]	Validating EarlyHover
2022-05-31 02:51:25:070	[DEBUG]	Validating SML
2022-05-31 02:51:25:070	[DEBUG]	Validating FlashlightSettings
2022-05-31 02:51:25:070	[DEBUG]	Validating SML
2022-05-31 02:51:25:071	[DEBUG]	Validating LoadBalancers
2022-05-31 02:51:25:071	[DEBUG]	Validating SML
2022-05-31 02:51:25:072	[DEBUG]	Validating SatisfactoryHelper
2022-05-31 02:51:25:072	[DEBUG]	Validating SML
2022-05-31 02:51:25:072	[DEBUG]	Validating PersonalDrones
2022-05-31 02:51:25:072	[DEBUG]	Validating SML
2022-05-31 02:51:25:073	[DEBUG]	Validating DumbPrints
2022-05-31 02:51:25:073	[DEBUG]	Validating SML
2022-05-31 02:56:26:477	[DEBUG]	Validating SatisfactoryPlus
2022-05-31 02:56:26:477	[DEBUG]	Validating AB_FluidExtras
2022-05-31 02:56:26:477	[DEBUG]	Validating SML
2022-05-31 02:56:26:478	[DEBUG]	Validating FactoryGame
2022-05-31 02:56:26:478	[DEBUG]	Validating FicsitFarming
2022-05-31 02:56:26:478	[DEBUG]	Validating SML
2022-05-31 02:56:26:478	[DEBUG]	Validating ModularUI
2022-05-31 02:56:26:478	[DEBUG]	Validating SML
2022-05-31 02:56:26:478	[DEBUG]	Validating RefinedRDLib
2022-05-31 02:56:26:478	[DEBUG]	Validating SML
2022-05-31 02:56:26:478	[DEBUG]	Validating KLib
2022-05-31 02:56:26:478	[DEBUG]	Validating KPrivateCodeLib
2022-05-31 02:56:26:479	[DEBUG]	Validating KBFL
2022-05-31 02:56:26:480	[DEBUG]	Validating SML
2022-05-31 02:56:26:480	[DEBUG]	Validating KUI
2022-05-31 02:56:26:480	[DEBUG]	Validating SML
2022-05-31 02:56:26:480	[DEBUG]	Validating SML
2022-05-31 02:56:26:480	[DEBUG]	Validating SML
2022-05-31 02:56:26:480	[DEBUG]	Validating ModularUI
2022-05-31 02:56:26:480	[DEBUG]	Validating RefinedPower
2022-05-31 02:56:26:481	[DEBUG]	Validating ModularUI
2022-05-31 02:56:26:481	[DEBUG]	Validating RefinedRDLib
2022-05-31 02:56:26:481	[DEBUG]	Validating SML
2022-05-31 02:56:26:481	[DEBUG]	Validating RefinedRDLib
2022-05-31 02:56:26:481	[DEBUG]	Validating SML
2022-05-31 02:56:26:481	[DEBUG]	Validating FasterManualCrafting
2022-05-31 02:56:26:481	[DEBUG]	Validating SML
2022-05-31 02:56:26:481	[DEBUG]	Validating KLevelUp
2022-05-31 02:56:26:481	[DEBUG]	Validating SML
2022-05-31 02:56:26:481	[DEBUG]	Validating KPrivateCodeLib
2022-05-31 02:56:26:481	[DEBUG]	Validating ContainerScreen
2022-05-31 02:56:26:482	[DEBUG]	Validating SML
2022-05-31 02:56:26:482	[DEBUG]	Validating UtilityMod
2022-05-31 02:56:26:482	[DEBUG]	Validating SML
2022-05-31 02:56:26:483	[DEBUG]	Validating SmartFoundations
2022-05-31 02:56:26:483	[DEBUG]	Validating SML
2022-05-31 02:56:26:483	[DEBUG]	Validating TFIT
2022-05-31 02:56:26:483	[DEBUG]	Validating SML
2022-05-31 02:56:26:483	[DEBUG]	Validating DoubleJump
2022-05-31 02:56:26:483	[DEBUG]	Validating SML
2022-05-31 02:56:26:483	[DEBUG]	Validating InventorySpace2
2022-05-31 02:56:26:483	[DEBUG]	Validating SML
2022-05-31 02:56:26:484	[DEBUG]	Validating EarlyHover
2022-05-31 02:56:26:484	[DEBUG]	Validating SML
2022-05-31 02:56:26:484	[DEBUG]	Validating FlashlightSettings
2022-05-31 02:56:26:484	[DEBUG]	Validating SML
2022-05-31 02:56:26:484	[DEBUG]	Validating LoadBalancers
2022-05-31 02:56:26:485	[DEBUG]	Validating SML
2022-05-31 02:56:26:485	[DEBUG]	Validating SatisfactoryHelper
2022-05-31 02:56:26:485	[DEBUG]	Validating SML
2022-05-31 02:56:26:487	[DEBUG]	Validating PersonalDrones
2022-05-31 02:56:26:487	[DEBUG]	Validating SML
2022-05-31 02:56:26:487	[DEBUG]	Validating DumbPrints
2022-05-31 02:56:26:487	[DEBUG]	Validating SML
2022-05-31 03:01:27:924	[DEBUG]	Validating SatisfactoryPlus
2022-05-31 03:01:27:927	[DEBUG]	Validating AB_FluidExtras
2022-05-31 03:01:27:928	[DEBUG]	Validating SML
2022-05-31 03:01:27:929	[DEBUG]	Validating FactoryGame
2022-05-31 03:01:27:929	[DEBUG]	Validating FicsitFarming
2022-05-31 03:01:27:930	[DEBUG]	Validating SML
2022-05-31 03:01:27:930	[DEBUG]	Validating ModularUI
2022-05-31 03:01:27:930	[DEBUG]	Validating SML
2022-05-31 03:01:27:930	[DEBUG]	Validating RefinedRDLib
2022-05-31 03:01:27:930	[DEBUG]	Validating SML
2022-05-31 03:01:27:931	[DEBUG]	Validating KLib
2022-05-31 03:01:27:931	[DEBUG]	Validating KPrivateCodeLib
2022-05-31 03:01:27:931	[DEBUG]	Validating KBFL
2022-05-31 03:01:27:934	[DEBUG]	Validating SML
2022-05-31 03:01:27:934	[DEBUG]	Validating KUI
2022-05-31 03:01:27:936	[DEBUG]	Validating SML
2022-05-31 03:01:27:936	[DEBUG]	Validating SML
2022-05-31 03:01:27:936	[DEBUG]	Validating SML
2022-05-31 03:01:27:936	[DEBUG]	Validating ModularUI
2022-05-31 03:01:27:936	[DEBUG]	Validating RefinedPower
2022-05-31 03:01:27:937	[DEBUG]	Validating ModularUI
2022-05-31 03:01:27:937	[DEBUG]	Validating RefinedRDLib
2022-05-31 03:01:27:937	[DEBUG]	Validating SML
2022-05-31 03:01:27:938	[DEBUG]	Validating RefinedRDLib
2022-05-31 03:01:27:938	[DEBUG]	Validating SML
2022-05-31 03:01:27:938	[DEBUG]	Validating FasterManualCrafting
2022-05-31 03:01:27:938	[DEBUG]	Validating SML
2022-05-31 03:01:27:939	[DEBUG]	Validating KLevelUp
2022-05-31 03:01:27:939	[DEBUG]	Validating SML
2022-05-31 03:01:27:939	[DEBUG]	Validating KPrivateCodeLib
2022-05-31 03:01:27:939	[DEBUG]	Validating ContainerScreen
2022-05-31 03:01:27:940	[DEBUG]	Validating SML
2022-05-31 03:01:27:940	[DEBUG]	Validating UtilityMod
2022-05-31 03:01:27:940	[DEBUG]	Validating SML
2022-05-31 03:01:27:941	[DEBUG]	Validating SmartFoundations
2022-05-31 03:01:27:943	[DEBUG]	Validating SML
2022-05-31 03:01:27:943	[DEBUG]	Validating TFIT
2022-05-31 03:01:27:943	[DEBUG]	Validating SML
2022-05-31 03:01:27:943	[DEBUG]	Validating DoubleJump
2022-05-31 03:01:27:944	[DEBUG]	Validating SML
2022-05-31 03:01:27:944	[DEBUG]	Validating InventorySpace2
2022-05-31 03:01:27:944	[DEBUG]	Validating SML
2022-05-31 03:01:27:944	[DEBUG]	Validating EarlyHover
2022-05-31 03:01:27:946	[DEBUG]	Validating SML
2022-05-31 03:01:27:948	[DEBUG]	Validating FlashlightSettings
2022-05-31 03:01:27:949	[DEBUG]	Validating SML
2022-05-31 03:01:27:950	[DEBUG]	Validating LoadBalancers
2022-05-31 03:01:27:950	[DEBUG]	Validating SML
2022-05-31 03:01:27:950	[DEBUG]	Validating SatisfactoryHelper
2022-05-31 03:01:27:951	[DEBUG]	Validating SML
2022-05-31 03:01:27:951	[DEBUG]	Validating PersonalDrones
2022-05-31 03:01:27:952	[DEBUG]	Validating SML
2022-05-31 03:01:27:952	[DEBUG]	Validating DumbPrints
2022-05-31 03:01:27:952	[DEBUG]	Validating SML
2022-05-31 03:06:29:397	[DEBUG]	Validating SatisfactoryPlus
2022-05-31 03:06:29:397	[DEBUG]	Validating AB_FluidExtras
2022-05-31 03:06:29:398	[DEBUG]	Validating SML
2022-05-31 03:06:29:398	[DEBUG]	Validating FactoryGame
2022-05-31 03:06:29:398	[DEBUG]	Validating FicsitFarming
2022-05-31 03:06:29:399	[DEBUG]	Validating SML
2022-05-31 03:06:29:399	[DEBUG]	Validating ModularUI
2022-05-31 03:06:29:399	[DEBUG]	Validating SML
2022-05-31 03:06:29:399	[DEBUG]	Validating RefinedRDLib
2022-05-31 03:06:29:399	[DEBUG]	Validating SML
2022-05-31 03:06:29:399	[DEBUG]	Validating KLib
2022-05-31 03:06:29:399	[DEBUG]	Validating KPrivateCodeLib
2022-05-31 03:06:29:400	[DEBUG]	Validating KBFL
2022-05-31 03:06:29:401	[DEBUG]	Validating SML
2022-05-31 03:06:29:401	[DEBUG]	Validating KUI
2022-05-31 03:06:29:401	[DEBUG]	Validating SML
2022-05-31 03:06:29:401	[DEBUG]	Validating SML
2022-05-31 03:06:29:402	[DEBUG]	Validating SML
2022-05-31 03:06:29:402	[DEBUG]	Validating ModularUI
2022-05-31 03:06:29:402	[DEBUG]	Validating RefinedPower
2022-05-31 03:06:29:402	[DEBUG]	Validating ModularUI
2022-05-31 03:06:29:402	[DEBUG]	Validating RefinedRDLib
2022-05-31 03:06:29:402	[DEBUG]	Validating SML
2022-05-31 03:06:29:403	[DEBUG]	Validating RefinedRDLib
2022-05-31 03:06:29:403	[DEBUG]	Validating SML
2022-05-31 03:06:29:403	[DEBUG]	Validating FasterManualCrafting
2022-05-31 03:06:29:403	[DEBUG]	Validating SML
2022-05-31 03:06:29:403	[DEBUG]	Validating KLevelUp
2022-05-31 03:06:29:404	[DEBUG]	Validating SML
2022-05-31 03:06:29:404	[DEBUG]	Validating KPrivateCodeLib
2022-05-31 03:06:29:404	[DEBUG]	Validating ContainerScreen
2022-05-31 03:06:29:404	[DEBUG]	Validating SML
2022-05-31 03:06:29:404	[DEBUG]	Validating UtilityMod
2022-05-31 03:06:29:404	[DEBUG]	Validating SML
2022-05-31 03:06:29:404	[DEBUG]	Validating SmartFoundations
2022-05-31 03:06:29:405	[DEBUG]	Validating SML
2022-05-31 03:06:29:405	[DEBUG]	Validating TFIT
2022-05-31 03:06:29:405	[DEBUG]	Validating SML
2022-05-31 03:06:29:406	[DEBUG]	Validating DoubleJump
2022-05-31 03:06:29:406	[DEBUG]	Validating SML
2022-05-31 03:06:29:406	[DEBUG]	Validating InventorySpace2
2022-05-31 03:06:29:406	[DEBUG]	Validating SML
2022-05-31 03:06:29:407	[DEBUG]	Validating EarlyHover
2022-05-31 03:06:29:407	[DEBUG]	Validating SML
2022-05-31 03:06:29:407	[DEBUG]	Validating FlashlightSettings
2022-05-31 03:06:29:407	[DEBUG]	Validating SML
2022-05-31 03:06:29:408	[DEBUG]	Validating LoadBalancers
2022-05-31 03:06:29:408	[DEBUG]	Validating SML
2022-05-31 03:06:29:408	[DEBUG]	Validating SatisfactoryHelper
2022-05-31 03:06:29:410	[DEBUG]	Validating SML
2022-05-31 03:06:29:410	[DEBUG]	Validating PersonalDrones
2022-05-31 03:06:29:410	[DEBUG]	Validating SML
2022-05-31 03:06:29:411	[DEBUG]	Validating DumbPrints
2022-05-31 03:06:29:411	[DEBUG]	Validating SML
2022-05-31 03:11:30:824	[DEBUG]	Validating SatisfactoryPlus
2022-05-31 03:11:30:824	[DEBUG]	Validating AB_FluidExtras
2022-05-31 03:11:30:825	[DEBUG]	Validating SML
2022-05-31 03:11:30:825	[DEBUG]	Validating FactoryGame
2022-05-31 03:11:30:825	[DEBUG]	Validating FicsitFarming
2022-05-31 03:11:30:825	[DEBUG]	Validating SML
2022-05-31 03:11:30:825	[DEBUG]	Validating ModularUI
2022-05-31 03:11:30:825	[DEBUG]	Validating SML
2022-05-31 03:11:30:825	[DEBUG]	Validating RefinedRDLib
2022-05-31 03:11:30:825	[DEBUG]	Validating SML
2022-05-31 03:11:30:825	[DEBUG]	Validating KLib
2022-05-31 03:11:30:826	[DEBUG]	Validating KPrivateCodeLib
2022-05-31 03:11:30:826	[DEBUG]	Validating KBFL
2022-05-31 03:11:30:826	[DEBUG]	Validating SML
2022-05-31 03:11:30:827	[DEBUG]	Validating KUI
2022-05-31 03:11:30:827	[DEBUG]	Validating SML
2022-05-31 03:11:30:827	[DEBUG]	Validating SML
2022-05-31 03:11:30:827	[DEBUG]	Validating SML
2022-05-31 03:11:30:827	[DEBUG]	Validating ModularUI
2022-05-31 03:11:30:827	[DEBUG]	Validating RefinedPower
2022-05-31 03:11:30:828	[DEBUG]	Validating ModularUI
2022-05-31 03:11:30:828	[DEBUG]	Validating RefinedRDLib
2022-05-31 03:11:30:829	[DEBUG]	Validating SML
2022-05-31 03:11:30:829	[DEBUG]	Validating RefinedRDLib
2022-05-31 03:11:30:829	[DEBUG]	Validating SML
2022-05-31 03:11:30:829	[DEBUG]	Validating FasterManualCrafting
2022-05-31 03:11:30:830	[DEBUG]	Validating SML
2022-05-31 03:11:30:830	[DEBUG]	Validating KLevelUp
2022-05-31 03:11:30:830	[DEBUG]	Validating SML
2022-05-31 03:11:30:830	[DEBUG]	Validating KPrivateCodeLib
2022-05-31 03:11:30:830	[DEBUG]	Validating ContainerScreen
2022-05-31 03:11:30:830	[DEBUG]	Validating SML
2022-05-31 03:11:30:830	[DEBUG]	Validating UtilityMod
2022-05-31 03:11:30:831	[DEBUG]	Validating SML
2022-05-31 03:11:30:831	[DEBUG]	Validating SmartFoundations
2022-05-31 03:11:30:831	[DEBUG]	Validating SML
2022-05-31 03:11:30:831	[DEBUG]	Validating TFIT
2022-05-31 03:11:30:831	[DEBUG]	Validating SML
2022-05-31 03:11:30:832	[DEBUG]	Validating DoubleJump
2022-05-31 03:11:30:832	[DEBUG]	Validating SML
2022-05-31 03:11:30:832	[DEBUG]	Validating InventorySpace2
2022-05-31 03:11:30:832	[DEBUG]	Validating SML
2022-05-31 03:11:30:832	[DEBUG]	Validating EarlyHover
2022-05-31 03:11:30:832	[DEBUG]	Validating SML
2022-05-31 03:11:30:832	[DEBUG]	Validating FlashlightSettings
2022-05-31 03:11:30:833	[DEBUG]	Validating SML
2022-05-31 03:11:30:835	[DEBUG]	Validating LoadBalancers
2022-05-31 03:11:30:835	[DEBUG]	Validating SML
2022-05-31 03:11:30:836	[DEBUG]	Validating SatisfactoryHelper
2022-05-31 03:11:30:836	[DEBUG]	Validating SML
2022-05-31 03:11:30:836	[DEBUG]	Validating PersonalDrones
2022-05-31 03:11:30:836	[DEBUG]	Validating SML
2022-05-31 03:11:30:836	[DEBUG]	Validating DumbPrints
2022-05-31 03:11:30:836	[DEBUG]	Validating SML
2022-05-31 03:16:32:254	[DEBUG]	Validating SatisfactoryPlus
2022-05-31 03:16:32:254	[DEBUG]	Validating AB_FluidExtras
2022-05-31 03:16:32:255	[DEBUG]	Validating SML
2022-05-31 03:16:32:255	[DEBUG]	Validating FactoryGame
2022-05-31 03:16:32:255	[DEBUG]	Validating FicsitFarming
2022-05-31 03:16:32:255	[DEBUG]	Validating SML
2022-05-31 03:16:32:255	[DEBUG]	Validating ModularUI
2022-05-31 03:16:32:255	[DEBUG]	Validating SML
2022-05-31 03:16:32:255	[DEBUG]	Validating RefinedRDLib
2022-05-31 03:16:32:256	[DEBUG]	Validating SML
2022-05-31 03:16:32:256	[DEBUG]	Validating KLib
2022-05-31 03:16:32:256	[DEBUG]	Validating KPrivateCodeLib
2022-05-31 03:16:32:256	[DEBUG]	Validating KBFL
2022-05-31 03:16:32:257	[DEBUG]	Validating SML
2022-05-31 03:16:32:257	[DEBUG]	Validating KUI
2022-05-31 03:16:32:257	[DEBUG]	Validating SML
2022-05-31 03:16:32:257	[DEBUG]	Validating SML
2022-05-31 03:16:32:257	[DEBUG]	Validating SML
2022-05-31 03:16:32:257	[DEBUG]	Validating ModularUI
2022-05-31 03:16:32:258	[DEBUG]	Validating RefinedPower
2022-05-31 03:16:32:258	[DEBUG]	Validating ModularUI
2022-05-31 03:16:32:258	[DEBUG]	Validating RefinedRDLib
2022-05-31 03:16:32:258	[DEBUG]	Validating SML
2022-05-31 03:16:32:258	[DEBUG]	Validating RefinedRDLib
2022-05-31 03:16:32:258	[DEBUG]	Validating SML
2022-05-31 03:16:32:258	[DEBUG]	Validating FasterManualCrafting
2022-05-31 03:16:32:259	[DEBUG]	Validating SML
2022-05-31 03:16:32:259	[DEBUG]	Validating KLevelUp
2022-05-31 03:16:32:259	[DEBUG]	Validating SML
2022-05-31 03:16:32:259	[DEBUG]	Validating KPrivateCodeLib
2022-05-31 03:16:32:259	[DEBUG]	Validating ContainerScreen
2022-05-31 03:16:32:259	[DEBUG]	Validating SML
2022-05-31 03:16:32:259	[DEBUG]	Validating UtilityMod
2022-05-31 03:16:32:260	[DEBUG]	Validating SML
2022-05-31 03:16:32:260	[DEBUG]	Validating SmartFoundations
2022-05-31 03:16:32:261	[DEBUG]	Validating SML
2022-05-31 03:16:32:261	[DEBUG]	Validating TFIT
2022-05-31 03:16:32:262	[DEBUG]	Validating SML
2022-05-31 03:16:32:264	[DEBUG]	Validating DoubleJump
2022-05-31 03:16:32:264	[DEBUG]	Validating SML
2022-05-31 03:16:32:264	[DEBUG]	Validating InventorySpace2
2022-05-31 03:16:32:265	[DEBUG]	Validating SML
2022-05-31 03:16:32:265	[DEBUG]	Validating EarlyHover
2022-05-31 03:16:32:265	[DEBUG]	Validating SML
2022-05-31 03:16:32:265	[DEBUG]	Validating FlashlightSettings
2022-05-31 03:16:32:265	[DEBUG]	Validating SML
2022-05-31 03:16:32:266	[DEBUG]	Validating LoadBalancers
2022-05-31 03:16:32:266	[DEBUG]	Validating SML
2022-05-31 03:16:32:266	[DEBUG]	Validating SatisfactoryHelper
2022-05-31 03:16:32:266	[DEBUG]	Validating SML
2022-05-31 03:16:32:266	[DEBUG]	Validating PersonalDrones
2022-05-31 03:16:32:266	[DEBUG]	Validating SML
2022-05-31 03:16:32:267	[DEBUG]	Validating DumbPrints
2022-05-31 03:16:32:267	[DEBUG]	Validating SML
2022-05-31 03:21:33:691	[DEBUG]	Validating SatisfactoryPlus
2022-05-31 03:21:33:692	[DEBUG]	Validating AB_FluidExtras
2022-05-31 03:21:33:692	[DEBUG]	Validating SML
2022-05-31 03:21:33:693	[DEBUG]	Validating FactoryGame
2022-05-31 03:21:33:693	[DEBUG]	Validating FicsitFarming
2022-05-31 03:21:33:693	[DEBUG]	Validating SML
2022-05-31 03:21:33:693	[DEBUG]	Validating ModularUI
2022-05-31 03:21:33:693	[DEBUG]	Validating SML
2022-05-31 03:21:33:693	[DEBUG]	Validating RefinedRDLib
2022-05-31 03:21:33:693	[DEBUG]	Validating SML
2022-05-31 03:21:33:693	[DEBUG]	Validating KLib
2022-05-31 03:21:33:694	[DEBUG]	Validating KPrivateCodeLib
2022-05-31 03:21:33:694	[DEBUG]	Validating KBFL
2022-05-31 03:21:33:695	[DEBUG]	Validating SML
2022-05-31 03:21:33:695	[DEBUG]	Validating KUI
2022-05-31 03:21:33:695	[DEBUG]	Validating SML
2022-05-31 03:21:33:696	[DEBUG]	Validating SML
2022-05-31 03:21:33:696	[DEBUG]	Validating SML
2022-05-31 03:21:33:696	[DEBUG]	Validating ModularUI
2022-05-31 03:21:33:697	[DEBUG]	Validating RefinedPower
2022-05-31 03:21:33:698	[DEBUG]	Validating ModularUI
2022-05-31 03:21:33:698	[DEBUG]	Validating RefinedRDLib
2022-05-31 03:21:33:698	[DEBUG]	Validating SML
2022-05-31 03:21:33:698	[DEBUG]	Validating RefinedRDLib
2022-05-31 03:21:33:698	[DEBUG]	Validating SML
2022-05-31 03:21:33:698	[DEBUG]	Validating FasterManualCrafting
2022-05-31 03:21:33:698	[DEBUG]	Validating SML
2022-05-31 03:21:33:699	[DEBUG]	Validating KLevelUp
2022-05-31 03:21:33:699	[DEBUG]	Validating SML
2022-05-31 03:21:33:699	[DEBUG]	Validating KPrivateCodeLib
2022-05-31 03:21:33:699	[DEBUG]	Validating ContainerScreen
2022-05-31 03:21:33:699	[DEBUG]	Validating SML
2022-05-31 03:21:33:699	[DEBUG]	Validating UtilityMod
2022-05-31 03:21:33:699	[DEBUG]	Validating SML
2022-05-31 03:21:33:700	[DEBUG]	Validating SmartFoundations
2022-05-31 03:21:33:700	[DEBUG]	Validating SML
2022-05-31 03:21:33:700	[DEBUG]	Validating TFIT
2022-05-31 03:21:33:700	[DEBUG]	Validating SML
2022-05-31 03:21:33:701	[DEBUG]	Validating DoubleJump
2022-05-31 03:21:33:701	[DEBUG]	Validating SML
2022-05-31 03:21:33:701	[DEBUG]	Validating InventorySpace2
2022-05-31 03:21:33:701	[DEBUG]	Validating SML
2022-05-31 03:21:33:701	[DEBUG]	Validating EarlyHover
2022-05-31 03:21:33:701	[DEBUG]	Validating SML
2022-05-31 03:21:33:702	[DEBUG]	Validating FlashlightSettings
2022-05-31 03:21:33:702	[DEBUG]	Validating SML
2022-05-31 03:21:33:702	[DEBUG]	Validating LoadBalancers
2022-05-31 03:21:33:703	[DEBUG]	Validating SML
2022-05-31 03:21:33:703	[DEBUG]	Validating SatisfactoryHelper
2022-05-31 03:21:33:703	[DEBUG]	Validating SML
2022-05-31 03:21:33:704	[DEBUG]	Validating PersonalDrones
2022-05-31 03:21:33:704	[DEBUG]	Validating SML
2022-05-31 03:21:33:704	[DEBUG]	Validating DumbPrints
2022-05-31 03:21:33:704	[DEBUG]	Validating SML
2022-05-31 03:26:35:129	[DEBUG]	Validating SatisfactoryPlus
2022-05-31 03:26:35:130	[DEBUG]	Validating AB_FluidExtras
2022-05-31 03:26:35:131	[DEBUG]	Validating SML
2022-05-31 03:26:35:131	[DEBUG]	Validating FactoryGame
2022-05-31 03:26:35:131	[DEBUG]	Validating FicsitFarming
2022-05-31 03:26:35:132	[DEBUG]	Validating SML
2022-05-31 03:26:35:132	[DEBUG]	Validating ModularUI
2022-05-31 03:26:35:132	[DEBUG]	Validating SML
2022-05-31 03:26:35:132	[DEBUG]	Validating RefinedRDLib
2022-05-31 03:26:35:132	[DEBUG]	Validating SML
2022-05-31 03:26:35:133	[DEBUG]	Validating KLib
2022-05-31 03:26:35:133	[DEBUG]	Validating KPrivateCodeLib
2022-05-31 03:26:35:134	[DEBUG]	Validating KBFL
2022-05-31 03:26:35:134	[DEBUG]	Validating SML
2022-05-31 03:26:35:135	[DEBUG]	Validating KUI
2022-05-31 03:26:35:136	[DEBUG]	Validating SML
2022-05-31 03:26:35:136	[DEBUG]	Validating SML
2022-05-31 03:26:35:136	[DEBUG]	Validating SML
2022-05-31 03:26:35:136	[DEBUG]	Validating ModularUI
2022-05-31 03:26:35:136	[DEBUG]	Validating RefinedPower
2022-05-31 03:26:35:137	[DEBUG]	Validating ModularUI
2022-05-31 03:26:35:137	[DEBUG]	Validating RefinedRDLib
2022-05-31 03:26:35:137	[DEBUG]	Validating SML
2022-05-31 03:26:35:138	[DEBUG]	Validating RefinedRDLib
2022-05-31 03:26:35:138	[DEBUG]	Validating SML
2022-05-31 03:26:35:138	[DEBUG]	Validating FasterManualCrafting
2022-05-31 03:26:35:138	[DEBUG]	Validating SML
2022-05-31 03:26:35:138	[DEBUG]	Validating KLevelUp
2022-05-31 03:26:35:139	[DEBUG]	Validating SML
2022-05-31 03:26:35:139	[DEBUG]	Validating KPrivateCodeLib
2022-05-31 03:26:35:139	[DEBUG]	Validating ContainerScreen
2022-05-31 03:26:35:139	[DEBUG]	Validating SML
2022-05-31 03:26:35:139	[DEBUG]	Validating UtilityMod
2022-05-31 03:26:35:140	[DEBUG]	Validating SML
2022-05-31 03:26:35:140	[DEBUG]	Validating SmartFoundations
2022-05-31 03:26:35:140	[DEBUG]	Validating SML
2022-05-31 03:26:35:142	[DEBUG]	Validating TFIT
2022-05-31 03:26:35:142	[DEBUG]	Validating SML
2022-05-31 03:26:35:143	[DEBUG]	Validating DoubleJump
2022-05-31 03:26:35:143	[DEBUG]	Validating SML
2022-05-31 03:26:35:143	[DEBUG]	Validating InventorySpace2
2022-05-31 03:26:35:143	[DEBUG]	Validating SML
2022-05-31 03:26:35:143	[DEBUG]	Validating EarlyHover
2022-05-31 03:26:35:143	[DEBUG]	Validating SML
2022-05-31 03:26:35:143	[DEBUG]	Validating FlashlightSettings
2022-05-31 03:26:35:144	[DEBUG]	Validating SML
2022-05-31 03:26:35:144	[DEBUG]	Validating LoadBalancers
2022-05-31 03:26:35:144	[DEBUG]	Validating SML
2022-05-31 03:26:35:144	[DEBUG]	Validating SatisfactoryHelper
2022-05-31 03:26:35:145	[DEBUG]	Validating SML
2022-05-31 03:26:35:145	[DEBUG]	Validating PersonalDrones
2022-05-31 03:26:35:145	[DEBUG]	Validating SML
2022-05-31 03:26:35:145	[DEBUG]	Validating DumbPrints
2022-05-31 03:26:35:145	[DEBUG]	Validating SML
2022-05-31 03:31:36:273	[DEBUG]	Validating SatisfactoryPlus
2022-05-31 03:31:36:274	[DEBUG]	Validating AB_FluidExtras
2022-05-31 03:31:36:275	[DEBUG]	Validating SML
2022-05-31 03:31:36:275	[DEBUG]	Validating FactoryGame
2022-05-31 03:31:36:275	[DEBUG]	Validating FicsitFarming
2022-05-31 03:31:36:276	[DEBUG]	Validating SML
2022-05-31 03:31:36:276	[DEBUG]	Validating ModularUI
2022-05-31 03:31:36:276	[DEBUG]	Validating SML
2022-05-31 03:31:36:276	[DEBUG]	Validating RefinedRDLib
2022-05-31 03:31:36:276	[DEBUG]	Validating SML
2022-05-31 03:31:36:276	[DEBUG]	Validating KLib
2022-05-31 03:31:36:277	[DEBUG]	Validating KPrivateCodeLib
2022-05-31 03:31:36:277	[DEBUG]	Validating KBFL
2022-05-31 03:31:36:278	[DEBUG]	Validating SML
2022-05-31 03:31:36:278	[DEBUG]	Validating KUI
2022-05-31 03:31:36:278	[DEBUG]	Validating SML
2022-05-31 03:31:36:279	[DEBUG]	Validating SML
2022-05-31 03:31:36:279	[DEBUG]	Validating SML
2022-05-31 03:31:36:279	[DEBUG]	Validating ModularUI
2022-05-31 03:31:36:279	[DEBUG]	Validating RefinedPower
2022-05-31 03:31:36:279	[DEBUG]	Validating ModularUI
2022-05-31 03:31:36:279	[DEBUG]	Validating RefinedRDLib
2022-05-31 03:31:36:279	[DEBUG]	Validating SML
2022-05-31 03:31:36:279	[DEBUG]	Validating RefinedRDLib
2022-05-31 03:31:36:279	[DEBUG]	Validating SML
2022-05-31 03:31:36:279	[DEBUG]	Validating FasterManualCrafting
2022-05-31 03:31:36:281	[DEBUG]	Validating SML
2022-05-31 03:31:36:281	[DEBUG]	Validating KLevelUp
2022-05-31 03:31:36:281	[DEBUG]	Validating SML
2022-05-31 03:31:36:281	[DEBUG]	Validating KPrivateCodeLib
2022-05-31 03:31:36:281	[DEBUG]	Validating ContainerScreen
2022-05-31 03:31:36:282	[DEBUG]	Validating SML
2022-05-31 03:31:36:282	[DEBUG]	Validating UtilityMod
2022-05-31 03:31:36:282	[DEBUG]	Validating SML
2022-05-31 03:31:36:282	[DEBUG]	Validating SmartFoundations
2022-05-31 03:31:36:283	[DEBUG]	Validating SML
2022-05-31 03:31:36:283	[DEBUG]	Validating TFIT
2022-05-31 03:31:36:283	[DEBUG]	Validating SML
2022-05-31 03:31:36:284	[DEBUG]	Validating DoubleJump
2022-05-31 03:31:36:284	[DEBUG]	Validating SML
2022-05-31 03:31:36:285	[DEBUG]	Validating InventorySpace2
2022-05-31 03:31:36:285	[DEBUG]	Validating SML
2022-05-31 03:31:36:285	[DEBUG]	Validating EarlyHover
2022-05-31 03:31:36:285	[DEBUG]	Validating SML
2022-05-31 03:31:36:285	[DEBUG]	Validating FlashlightSettings
2022-05-31 03:31:36:285	[DEBUG]	Validating SML
2022-05-31 03:31:36:286	[DEBUG]	Validating LoadBalancers
2022-05-31 03:31:36:286	[DEBUG]	Validating SML
2022-05-31 03:31:36:286	[DEBUG]	Validating SatisfactoryHelper
2022-05-31 03:31:36:287	[DEBUG]	Validating SML
2022-05-31 03:31:36:287	[DEBUG]	Validating PersonalDrones
2022-05-31 03:31:36:287	[DEBUG]	Validating SML
2022-05-31 03:31:36:287	[DEBUG]	Validating DumbPrints
2022-05-31 03:31:36:287	[DEBUG]	Validating SML
2022-05-31 03:36:37:718	[DEBUG]	Validating SatisfactoryPlus
2022-05-31 03:36:37:719	[DEBUG]	Validating AB_FluidExtras
2022-05-31 03:36:37:719	[DEBUG]	Validating SML
2022-05-31 03:36:37:719	[DEBUG]	Validating FactoryGame
2022-05-31 03:36:37:719	[DEBUG]	Validating FicsitFarming
2022-05-31 03:36:37:720	[DEBUG]	Validating SML
2022-05-31 03:36:37:720	[DEBUG]	Validating ModularUI
2022-05-31 03:36:37:720	[DEBUG]	Validating SML
2022-05-31 03:36:37:720	[DEBUG]	Validating RefinedRDLib
2022-05-31 03:36:37:720	[DEBUG]	Validating SML
2022-05-31 03:36:37:720	[DEBUG]	Validating KLib
2022-05-31 03:36:37:720	[DEBUG]	Validating KPrivateCodeLib
2022-05-31 03:36:37:720	[DEBUG]	Validating KBFL
2022-05-31 03:36:37:722	[DEBUG]	Validating SML
2022-05-31 03:36:37:722	[DEBUG]	Validating KUI
2022-05-31 03:36:37:723	[DEBUG]	Validating SML
2022-05-31 03:36:37:723	[DEBUG]	Validating SML
2022-05-31 03:36:37:723	[DEBUG]	Validating SML
2022-05-31 03:36:37:723	[DEBUG]	Validating ModularUI
2022-05-31 03:36:37:723	[DEBUG]	Validating RefinedPower
2022-05-31 03:36:37:723	[DEBUG]	Validating ModularUI
2022-05-31 03:36:37:723	[DEBUG]	Validating RefinedRDLib
2022-05-31 03:36:37:723	[DEBUG]	Validating SML
2022-05-31 03:36:37:723	[DEBUG]	Validating RefinedRDLib
2022-05-31 03:36:37:723	[DEBUG]	Validating SML
2022-05-31 03:36:37:723	[DEBUG]	Validating FasterManualCrafting
2022-05-31 03:36:37:724	[DEBUG]	Validating SML
2022-05-31 03:36:37:724	[DEBUG]	Validating KLevelUp
2022-05-31 03:36:37:724	[DEBUG]	Validating SML
2022-05-31 03:36:37:724	[DEBUG]	Validating KPrivateCodeLib
2022-05-31 03:36:37:724	[DEBUG]	Validating ContainerScreen
2022-05-31 03:36:37:724	[DEBUG]	Validating SML
2022-05-31 03:36:37:724	[DEBUG]	Validating UtilityMod
2022-05-31 03:36:37:725	[DEBUG]	Validating SML
2022-05-31 03:36:37:725	[DEBUG]	Validating SmartFoundations
2022-05-31 03:36:37:725	[DEBUG]	Validating SML
2022-05-31 03:36:37:725	[DEBUG]	Validating TFIT
2022-05-31 03:36:37:725	[DEBUG]	Validating SML
2022-05-31 03:36:37:725	[DEBUG]	Validating DoubleJump
2022-05-31 03:36:37:726	[DEBUG]	Validating SML
2022-05-31 03:36:37:726	[DEBUG]	Validating InventorySpace2
2022-05-31 03:36:37:726	[DEBUG]	Validating SML
2022-05-31 03:36:37:726	[DEBUG]	Validating EarlyHover
2022-05-31 03:36:37:727	[DEBUG]	Validating SML
2022-05-31 03:36:37:727	[DEBUG]	Validating FlashlightSettings
2022-05-31 03:36:37:727	[DEBUG]	Validating SML
2022-05-31 03:36:37:727	[DEBUG]	Validating LoadBalancers
2022-05-31 03:36:37:727	[DEBUG]	Validating SML
2022-05-31 03:36:37:727	[DEBUG]	Validating SatisfactoryHelper
2022-05-31 03:36:37:727	[DEBUG]	Validating SML
2022-05-31 03:36:37:728	[DEBUG]	Validating PersonalDrones
2022-05-31 03:36:37:728	[DEBUG]	Validating SML
2022-05-31 03:36:37:728	[DEBUG]	Validating DumbPrints
2022-05-31 03:36:37:728	[DEBUG]	Validating SML
2022-05-31 03:41:39:708	[DEBUG]	Validating SatisfactoryPlus
2022-05-31 03:41:39:708	[DEBUG]	Validating AB_FluidExtras
2022-05-31 03:41:39:709	[DEBUG]	Validating SML
2022-05-31 03:41:39:710	[DEBUG]	Validating FactoryGame
2022-05-31 03:41:39:710	[DEBUG]	Validating FicsitFarming
2022-05-31 03:41:39:710	[DEBUG]	Validating SML
2022-05-31 03:41:39:710	[DEBUG]	Validating ModularUI
2022-05-31 03:41:39:710	[DEBUG]	Validating SML
2022-05-31 03:41:39:710	[DEBUG]	Validating RefinedRDLib
2022-05-31 03:41:39:711	[DEBUG]	Validating SML
2022-05-31 03:41:39:711	[DEBUG]	Validating KLib
2022-05-31 03:41:39:711	[DEBUG]	Validating KPrivateCodeLib
2022-05-31 03:41:39:711	[DEBUG]	Validating KBFL
2022-05-31 03:41:39:712	[DEBUG]	Validating SML
2022-05-31 03:41:39:713	[DEBUG]	Validating KUI
2022-05-31 03:41:39:714	[DEBUG]	Validating SML
2022-05-31 03:41:39:714	[DEBUG]	Validating SML
2022-05-31 03:41:39:714	[DEBUG]	Validating SML
2022-05-31 03:41:39:714	[DEBUG]	Validating ModularUI
2022-05-31 03:41:39:714	[DEBUG]	Validating RefinedPower
2022-05-31 03:41:39:715	[DEBUG]	Validating ModularUI
2022-05-31 03:41:39:715	[DEBUG]	Validating RefinedRDLib
2022-05-31 03:41:39:715	[DEBUG]	Validating SML
2022-05-31 03:41:39:716	[DEBUG]	Validating RefinedRDLib
2022-05-31 03:41:39:716	[DEBUG]	Validating SML
2022-05-31 03:41:39:717	[DEBUG]	Validating FasterManualCrafting
2022-05-31 03:41:39:717	[DEBUG]	Validating SML
2022-05-31 03:41:39:717	[DEBUG]	Validating KLevelUp
2022-05-31 03:41:39:717	[DEBUG]	Validating SML
2022-05-31 03:41:39:717	[DEBUG]	Validating KPrivateCodeLib
2022-05-31 03:41:39:717	[DEBUG]	Validating ContainerScreen
2022-05-31 03:41:39:717	[DEBUG]	Validating SML
2022-05-31 03:41:39:718	[DEBUG]	Validating UtilityMod
2022-05-31 03:41:39:718	[DEBUG]	Validating SML
2022-05-31 03:41:39:718	[DEBUG]	Validating SmartFoundations
2022-05-31 03:41:39:719	[DEBUG]	Validating SML
2022-05-31 03:41:39:719	[DEBUG]	Validating TFIT
2022-05-31 03:41:39:720	[DEBUG]	Validating SML
2022-05-31 03:41:39:720	[DEBUG]	Validating DoubleJump
2022-05-31 03:41:39:720	[DEBUG]	Validating SML
2022-05-31 03:41:39:720	[DEBUG]	Validating InventorySpace2
2022-05-31 03:41:39:720	[DEBUG]	Validating SML
2022-05-31 03:41:39:721	[DEBUG]	Validating EarlyHover
2022-05-31 03:41:39:721	[DEBUG]	Validating SML
2022-05-31 03:41:39:721	[DEBUG]	Validating FlashlightSettings
2022-05-31 03:41:39:721	[DEBUG]	Validating SML
2022-05-31 03:41:39:721	[DEBUG]	Validating LoadBalancers
2022-05-31 03:41:39:722	[DEBUG]	Validating SML
2022-05-31 03:41:39:722	[DEBUG]	Validating SatisfactoryHelper
2022-05-31 03:41:39:722	[DEBUG]	Validating SML
2022-05-31 03:41:39:722	[DEBUG]	Validating PersonalDrones
2022-05-31 03:41:39:723	[DEBUG]	Validating SML
2022-05-31 03:41:39:723	[DEBUG]	Validating DumbPrints
2022-05-31 03:41:39:723	[DEBUG]	Validating SML
2022-05-31 03:46:41:799	[DEBUG]	Validating SatisfactoryPlus
2022-05-31 03:46:41:800	[DEBUG]	Validating AB_FluidExtras
2022-05-31 03:46:41:800	[DEBUG]	Validating SML
2022-05-31 03:46:41:801	[DEBUG]	Validating FactoryGame
2022-05-31 03:46:41:801	[DEBUG]	Validating FicsitFarming
2022-05-31 03:46:41:801	[DEBUG]	Validating SML
2022-05-31 03:46:41:801	[DEBUG]	Validating ModularUI
2022-05-31 03:46:41:802	[DEBUG]	Validating SML
2022-05-31 03:46:41:802	[DEBUG]	Validating RefinedRDLib
2022-05-31 03:46:41:802	[DEBUG]	Validating SML
2022-05-31 03:46:41:802	[DEBUG]	Validating KLib
2022-05-31 03:46:41:802	[DEBUG]	Validating KPrivateCodeLib
2022-05-31 03:46:41:802	[DEBUG]	Validating KBFL
2022-05-31 03:46:41:803	[DEBUG]	Validating SML
2022-05-31 03:46:41:804	[DEBUG]	Validating KUI
2022-05-31 03:46:41:806	[DEBUG]	Validating SML
2022-05-31 03:46:41:806	[DEBUG]	Validating SML
2022-05-31 03:46:41:806	[DEBUG]	Validating SML
2022-05-31 03:46:41:806	[DEBUG]	Validating ModularUI
2022-05-31 03:46:41:806	[DEBUG]	Validating RefinedPower
2022-05-31 03:46:41:807	[DEBUG]	Validating ModularUI
2022-05-31 03:46:41:807	[DEBUG]	Validating RefinedRDLib
2022-05-31 03:46:41:807	[DEBUG]	Validating SML
2022-05-31 03:46:41:809	[DEBUG]	Validating RefinedRDLib
2022-05-31 03:46:41:809	[DEBUG]	Validating SML
2022-05-31 03:46:41:809	[DEBUG]	Validating FasterManualCrafting
2022-05-31 03:46:41:810	[DEBUG]	Validating SML
2022-05-31 03:46:41:810	[DEBUG]	Validating KLevelUp
2022-05-31 03:46:41:810	[DEBUG]	Validating SML
2022-05-31 03:46:41:810	[DEBUG]	Validating KPrivateCodeLib
2022-05-31 03:46:41:810	[DEBUG]	Validating ContainerScreen
2022-05-31 03:46:41:810	[DEBUG]	Validating SML
2022-05-31 03:46:41:810	[DEBUG]	Validating UtilityMod
2022-05-31 03:46:41:811	[DEBUG]	Validating SML
2022-05-31 03:46:41:811	[DEBUG]	Validating SmartFoundations
2022-05-31 03:46:41:811	[DEBUG]	Validating SML
2022-05-31 03:46:41:812	[DEBUG]	Validating TFIT
2022-05-31 03:46:41:812	[DEBUG]	Validating SML
2022-05-31 03:46:41:812	[DEBUG]	Validating DoubleJump
2022-05-31 03:46:41:812	[DEBUG]	Validating SML
2022-05-31 03:46:41:813	[DEBUG]	Validating InventorySpace2
2022-05-31 03:46:41:813	[DEBUG]	Validating SML
2022-05-31 03:46:41:813	[DEBUG]	Validating EarlyHover
2022-05-31 03:46:41:813	[DEBUG]	Validating SML
2022-05-31 03:46:41:813	[DEBUG]	Validating FlashlightSettings
2022-05-31 03:46:41:813	[DEBUG]	Validating SML
2022-05-31 03:46:41:813	[DEBUG]	Validating LoadBalancers
2022-05-31 03:46:41:814	[DEBUG]	Validating SML
2022-05-31 03:46:41:814	[DEBUG]	Validating SatisfactoryHelper
2022-05-31 03:46:41:814	[DEBUG]	Validating SML
2022-05-31 03:46:41:814	[DEBUG]	Validating PersonalDrones
2022-05-31 03:46:41:814	[DEBUG]	Validating SML
2022-05-31 03:46:41:814	[DEBUG]	Validating DumbPrints
2022-05-31 03:46:41:815	[DEBUG]	Validating SML
