2022-05-05 03:44:45:887	[DEBUG]	Loading mod cache
2022-05-05 03:44:46:765	[DEBUG]	Loading mod cache
2022-05-05 03:44:46:817	[DEBUG]	Epic Games Launcher is not installed
2022-05-05 03:44:46:872	[ERROR - FRONTEND]	2 Satisfactory installs were found, but all of them point to folders that don't exist.
"C:\Program Files (x86)\Steam\steamapps\common\Satisfactory"
"c:\program files (x86)\steam\steamapps\common\Satisfactory"
Trace
Error: 2 Satisfactory installs were found, but all of them point to folders that don't exist.
"C:\Program Files (x86)\Steam\steamapps\common\Satisfactory"
"c:\program files (x86)\steam\steamapps\common\Satisfactory"
    at file:///C:/Program%20Files/Satisfactory%20Mod%20Manager/resources/app.asar/dist/electron/renderer.js:197:1789439
    at c (file:///C:/Program%20Files/Satisfactory%20Mod%20Manager/resources/app.asar/dist/electron/renderer.js:2:2810695)
    at Generator._invoke (file:///C:/Program%20Files/Satisfactory%20Mod%20Manager/resources/app.asar/dist/electron/renderer.js:2:2810483)
    at Generator.next (file:///C:/Program%20Files/Satisfactory%20Mod%20Manager/resources/app.asar/dist/electron/renderer.js:2:2811124)
    at e (file:///C:/Program%20Files/Satisfactory%20Mod%20Manager/resources/app.asar/dist/electron/renderer.js:2:2034310)
    at s (file:///C:/Program%20Files/Satisfactory%20Mod%20Manager/resources/app.asar/dist/electron/renderer.js:2:2034521)
2022-05-05 03:49:48:755	[DEBUG]	Loading mod cache
2022-05-05 03:49:50:048	[DEBUG]	Loading mod cache
2022-05-05 03:49:50:103	[DEBUG]	Epic Games Launcher is not installed
2022-05-05 03:49:50:138	[ERROR - FRONTEND]	2 Satisfactory installs were found, but all of them point to folders that don't exist.
"C:\Program Files (x86)\Steam\steamapps\common\Satisfactory"
"c:\program files (x86)\steam\steamapps\common\Satisfactory"
Trace
Error: 2 Satisfactory installs were found, but all of them point to folders that don't exist.
"C:\Program Files (x86)\Steam\steamapps\common\Satisfactory"
"c:\program files (x86)\steam\steamapps\common\Satisfactory"
    at file:///C:/Program%20Files/Satisfactory%20Mod%20Manager/resources/app.asar/dist/electron/renderer.js:197:1789439
    at c (file:///C:/Program%20Files/Satisfactory%20Mod%20Manager/resources/app.asar/dist/electron/renderer.js:2:2810695)
    at Generator._invoke (file:///C:/Program%20Files/Satisfactory%20Mod%20Manager/resources/app.asar/dist/electron/renderer.js:2:2810483)
    at Generator.next (file:///C:/Program%20Files/Satisfactory%20Mod%20Manager/resources/app.asar/dist/electron/renderer.js:2:2811124)
    at e (file:///C:/Program%20Files/Satisfactory%20Mod%20Manager/resources/app.asar/dist/electron/renderer.js:2:2034310)
    at s (file:///C:/Program%20Files/Satisfactory%20Mod%20Manager/resources/app.asar/dist/electron/renderer.js:2:2034521)
    at processTicksAndRejections (node:internal/process/task_queues:96:5)
2022-05-05 04:03:15:423	[DEBUG]	Loading mod cache
2022-05-05 04:03:15:893	[DEBUG]	Loading mod cache
2022-05-05 04:03:15:932	[DEBUG]	Epic Games Launcher is not installed
2022-05-05 04:03:16:305	[DEBUG]	Setting profile to dcheva.test
2022-05-05 04:03:16:493	[DEBUG]	install: [], uninstall: [], enable: [], disable: [], update: []
2022-05-05 04:03:18:334	[DEBUG]	Validating SML
2022-05-05 04:03:18:335	[DEBUG]	Validating FactoryGame
2022-05-05 04:03:18:335	[DEBUG]	Validating KPrivateCodeLib
2022-05-05 04:03:18:335	[DEBUG]	Validating KBFL
2022-05-05 04:03:18:335	[DEBUG]	Validating KUI
2022-05-05 04:03:18:335	[DEBUG]	Validating Inserter
2022-05-05 04:03:18:335	[DEBUG]	Validating ModularUI
2022-05-05 04:03:18:335	[DEBUG]	Validating RefinedRDLib
2022-05-05 04:03:18:335	[DEBUG]	Validating MarcioCommonLibs
2022-05-05 04:03:18:336	[DEBUG]	Validating FasterManualCrafting
2022-05-05 04:03:18:336	[DEBUG]	Validating ContainerScreen
2022-05-05 04:03:18:336	[DEBUG]	Validating SmartFoundations
2022-05-05 04:03:18:336	[DEBUG]	Validating UtilityMod
2022-05-05 04:03:18:336	[DEBUG]	Validating KLevelUp
2022-05-05 04:03:18:336	[DEBUG]	Validating StackOverload
2022-05-05 04:03:18:336	[DEBUG]	Validating NukeTheWhales
2022-05-05 04:03:18:336	[DEBUG]	Validating MAMTips
2022-05-05 04:03:18:336	[DEBUG]	Validating SS_Mod
2022-05-05 04:03:18:336	[DEBUG]	Validating LoadBalancers
2022-05-05 04:03:18:336	[DEBUG]	Validating CheapTrains
2022-05-05 04:03:18:336	[DEBUG]	Validating PersonalDrones
2022-05-05 04:03:18:336	[DEBUG]	Validating NoNewLabel
2022-05-05 04:03:18:336	[DEBUG]	Validating InserterPlus
2022-05-05 04:03:18:336	[DEBUG]	Validating ShowEnemiesHealth
2022-05-05 04:03:18:336	[DEBUG]	Validating BetterRadar
2022-05-05 04:03:18:336	[DEBUG]	Validating MiniMap
2022-05-05 04:03:18:336	[DEBUG]	Validating EarlyMap
2022-05-05 04:03:18:336	[DEBUG]	Validating GridRuler
2022-05-05 04:03:18:336	[DEBUG]	Validating RefinedPower
2022-05-05 04:03:18:336	[DEBUG]	Validating PowerSuit
2022-05-05 04:03:18:336	[DEBUG]	Validating MK22k20
2022-05-05 04:03:18:336	[DEBUG]	Validating EfficiencyCheckerMod
2022-05-05 04:03:18:336	[DEBUG]	Validating minerplus
2022-05-05 04:03:18:336	[DEBUG]	Validating LinearMotion
2022-05-05 04:03:18:336	[DEBUG]	Validating FicsitFarming
2022-05-05 04:03:18:336	[DEBUG]	Validating FloorHole
2022-05-05 04:03:18:336	[DEBUG]	Validating MicroManage
2022-05-05 04:03:18:336	[DEBUG]	Validating DaisyChainPowerCables
2022-05-05 04:03:18:336	[DEBUG]	Validating RandomStart
2022-05-05 04:03:18:338	[DEBUG]	Items: {"FasterManualCrafting":"1.1.0","SML":"3.3.0","ContainerScreen":"1.0.11","SmartFoundations":"17.0.11","UtilityMod":"0.5.4","KLevelUp":"1.2.5","KPrivateCodeLib":"1.0.13","KBFL":"1.11.3","KUI":"1.3.1","StackOverload":"2.0.5","NukeTheWhales":"1.0.0","MAMTips":"0.5.0","SS_Mod":"1.1.5","LoadBalancers":"1.3.1","PersonalDrones":"1.0.11","NoNewLabel":"1.0.0","InserterPlus":"0.4.0","Inserter":"0.4.0","ShowEnemiesHealth":"1.0.2","BetterRadar":"0.1.0","MiniMap":"1.0.11","EarlyMap":"1.0.2","GridRuler":"2.0.3","RefinedPower":"3.0.9","ModularUI":"2.0.8","RefinedRDLib":"1.0.7","PowerSuit":"0.8.4","MK22k20":"5.1.5","EfficiencyCheckerMod":"2.1.4","MarcioCommonLibs":"1.1.1","minerplus":"3.2.13","LinearMotion":"2.0.16","CheapTrains":"3.1.1","FicsitFarming":"4.0.3","FloorHole":"2.0.11","MicroManage":"0.9.11","DaisyChainPowerCables":"2.0.2","RandomStart":"1.0.0"}
2022-05-05 04:03:18:375	[DEBUG]	Mismatches: {"install":{},"uninstall":[]}
2022-05-05 04:03:20:582	[DEBUG]	Validating FasterManualCrafting
2022-05-05 04:03:20:763	[DEBUG]	Validating SML
2022-05-05 04:03:20:763	[DEBUG]	Validating FactoryGame
2022-05-05 04:03:20:763	[DEBUG]	Validating ContainerScreen
2022-05-05 04:03:20:764	[DEBUG]	Validating SML
2022-05-05 04:03:20:765	[DEBUG]	Validating SmartFoundations
2022-05-05 04:03:20:767	[DEBUG]	Validating SML
2022-05-05 04:03:20:767	[DEBUG]	Validating UtilityMod
2022-05-05 04:03:20:768	[DEBUG]	Validating SML
2022-05-05 04:03:20:768	[DEBUG]	Validating KLevelUp
2022-05-05 04:03:20:772	[DEBUG]	Validating SML
2022-05-05 04:03:20:772	[DEBUG]	Validating KPrivateCodeLib
2022-05-05 04:03:21:173	[DEBUG]	Validating KBFL
2022-05-05 04:03:21:364	[DEBUG]	Validating SML
2022-05-05 04:03:21:364	[DEBUG]	Validating KUI
2022-05-05 04:03:21:366	[DEBUG]	Validating SML
2022-05-05 04:03:21:366	[DEBUG]	Validating SML
2022-05-05 04:03:21:366	[DEBUG]	Validating StackOverload
2022-05-05 04:03:21:367	[DEBUG]	Validating SML
2022-05-05 04:03:21:367	[DEBUG]	Validating NukeTheWhales
2022-05-05 04:03:21:368	[DEBUG]	Validating SML
2022-05-05 04:03:21:368	[DEBUG]	Validating MAMTips
2022-05-05 04:03:21:369	[DEBUG]	Validating SML
2022-05-05 04:03:21:369	[DEBUG]	Validating SS_Mod
2022-05-05 04:03:21:371	[DEBUG]	Validating SML
2022-05-05 04:03:21:371	[DEBUG]	Validating LoadBalancers
2022-05-05 04:03:21:555	[DEBUG]	Validating SML
2022-05-05 04:03:21:556	[DEBUG]	Validating CheapTrains
2022-05-05 04:03:21:740	[DEBUG]	Validating SML
2022-05-05 04:03:21:740	[DEBUG]	Validating PersonalDrones
2022-05-05 04:03:21:741	[DEBUG]	Validating SML
2022-05-05 04:03:21:741	[DEBUG]	Validating NoNewLabel
2022-05-05 04:03:21:741	[DEBUG]	Validating SML
2022-05-05 04:03:21:741	[DEBUG]	Validating InserterPlus
2022-05-05 04:03:21:742	[DEBUG]	Validating Inserter
2022-05-05 04:03:21:743	[DEBUG]	Validating SML
2022-05-05 04:03:21:743	[DEBUG]	Validating SML
2022-05-05 04:03:21:743	[DEBUG]	Validating ShowEnemiesHealth
2022-05-05 04:03:21:744	[DEBUG]	Validating SML
2022-05-05 04:03:21:744	[DEBUG]	Validating BetterRadar
2022-05-05 04:03:21:744	[DEBUG]	Validating SML
2022-05-05 04:03:21:744	[DEBUG]	Validating MiniMap
2022-05-05 04:03:21:745	[DEBUG]	Validating SML
2022-05-05 04:03:21:745	[DEBUG]	Validating EarlyMap
2022-05-05 04:03:21:746	[DEBUG]	Validating SML
2022-05-05 04:03:21:746	[DEBUG]	Validating GridRuler
2022-05-05 04:03:21:747	[DEBUG]	Validating SML
2022-05-05 04:03:21:747	[DEBUG]	Validating RefinedPower
2022-05-05 04:03:21:751	[DEBUG]	Validating ModularUI
2022-05-05 04:03:21:934	[DEBUG]	Validating SML
2022-05-05 04:03:21:935	[DEBUG]	Validating RefinedRDLib
2022-05-05 04:03:22:119	[DEBUG]	Validating SML
2022-05-05 04:03:22:119	[DEBUG]	Validating SML
2022-05-05 04:03:22:119	[DEBUG]	Validating PowerSuit
2022-05-05 04:03:22:122	[DEBUG]	Validating SML
2022-05-05 04:03:22:122	[DEBUG]	Validating MK22k20
2022-05-05 04:03:22:125	[DEBUG]	Validating SML
2022-05-05 04:03:22:126	[DEBUG]	Validating EfficiencyCheckerMod
2022-05-05 04:03:22:132	[DEBUG]	Validating MarcioCommonLibs
2022-05-05 04:03:22:318	[DEBUG]	Validating SML
2022-05-05 04:03:22:319	[DEBUG]	Validating SML
2022-05-05 04:03:22:319	[DEBUG]	Validating minerplus
2022-05-05 04:03:22:321	[DEBUG]	Validating SML
2022-05-05 04:03:22:321	[DEBUG]	Validating LinearMotion
2022-05-05 04:03:22:322	[DEBUG]	Validating SML
2022-05-05 04:03:22:323	[DEBUG]	Validating FicsitFarming
2022-05-05 04:03:22:324	[DEBUG]	Validating SML
2022-05-05 04:03:22:324	[DEBUG]	Validating ModularUI
2022-05-05 04:03:22:324	[DEBUG]	Validating RefinedRDLib
2022-05-05 04:03:22:324	[DEBUG]	Validating FloorHole
2022-05-05 04:03:22:326	[DEBUG]	Validating SML
2022-05-05 04:03:22:326	[DEBUG]	Validating MicroManage
2022-05-05 04:03:22:328	[DEBUG]	Validating SML
2022-05-05 04:03:22:328	[DEBUG]	Validating DaisyChainPowerCables
2022-05-05 04:03:22:329	[DEBUG]	Validating SML
2022-05-05 04:03:22:330	[DEBUG]	Validating RandomStart
2022-05-05 04:03:22:330	[DEBUG]	Validating SML
2022-05-05 04:09:13:249	[DEBUG]	Validating FasterManualCrafting
2022-05-05 04:09:13:249	[DEBUG]	Validating SML
2022-05-05 04:09:13:250	[DEBUG]	Validating FactoryGame
2022-05-05 04:09:13:250	[DEBUG]	Validating ContainerScreen
2022-05-05 04:09:13:250	[DEBUG]	Validating SML
2022-05-05 04:09:13:250	[DEBUG]	Validating SmartFoundations
2022-05-05 04:09:13:252	[DEBUG]	Validating SML
2022-05-05 04:09:13:252	[DEBUG]	Validating UtilityMod
2022-05-05 04:09:13:252	[DEBUG]	Validating SML
2022-05-05 04:09:13:252	[DEBUG]	Validating KLevelUp
2022-05-05 04:09:13:252	[DEBUG]	Validating SML
2022-05-05 04:09:13:252	[DEBUG]	Validating KPrivateCodeLib
2022-05-05 04:09:13:253	[DEBUG]	Validating KBFL
2022-05-05 04:09:13:254	[DEBUG]	Validating SML
2022-05-05 04:09:13:254	[DEBUG]	Validating KUI
2022-05-05 04:09:13:254	[DEBUG]	Validating SML
2022-05-05 04:09:13:254	[DEBUG]	Validating SML
2022-05-05 04:09:13:254	[DEBUG]	Validating StackOverload
2022-05-05 04:09:13:255	[DEBUG]	Validating SML
2022-05-05 04:09:13:255	[DEBUG]	Validating NukeTheWhales
2022-05-05 04:09:13:255	[DEBUG]	Validating SML
2022-05-05 04:09:13:255	[DEBUG]	Validating MAMTips
2022-05-05 04:09:13:255	[DEBUG]	Validating SML
2022-05-05 04:09:13:255	[DEBUG]	Validating SS_Mod
2022-05-05 04:09:13:256	[DEBUG]	Validating SML
2022-05-05 04:09:13:256	[DEBUG]	Validating LoadBalancers
2022-05-05 04:09:13:257	[DEBUG]	Validating SML
2022-05-05 04:09:13:261	[DEBUG]	Validating CheapTrains
2022-05-05 04:09:13:261	[DEBUG]	Validating SML
2022-05-05 04:09:13:261	[DEBUG]	Validating PersonalDrones
2022-05-05 04:09:13:261	[DEBUG]	Validating SML
2022-05-05 04:09:13:262	[DEBUG]	Validating NoNewLabel
2022-05-05 04:09:13:262	[DEBUG]	Validating SML
2022-05-05 04:09:13:262	[DEBUG]	Validating InserterPlus
2022-05-05 04:09:13:262	[DEBUG]	Validating Inserter
2022-05-05 04:09:13:263	[DEBUG]	Validating SML
2022-05-05 04:09:13:263	[DEBUG]	Validating SML
2022-05-05 04:09:13:263	[DEBUG]	Validating ShowEnemiesHealth
2022-05-05 04:09:13:264	[DEBUG]	Validating SML
2022-05-05 04:09:13:264	[DEBUG]	Validating BetterRadar
2022-05-05 04:09:13:264	[DEBUG]	Validating SML
2022-05-05 04:09:13:264	[DEBUG]	Validating MiniMap
2022-05-05 04:09:13:265	[DEBUG]	Validating SML
2022-05-05 04:09:13:265	[DEBUG]	Validating EarlyMap
2022-05-05 04:09:13:265	[DEBUG]	Validating SML
2022-05-05 04:09:13:265	[DEBUG]	Validating GridRuler
2022-05-05 04:09:13:266	[DEBUG]	Validating SML
2022-05-05 04:09:13:266	[DEBUG]	Validating RefinedPower
2022-05-05 04:09:13:268	[DEBUG]	Validating ModularUI
2022-05-05 04:09:13:268	[DEBUG]	Validating SML
2022-05-05 04:09:13:268	[DEBUG]	Validating RefinedRDLib
2022-05-05 04:09:13:269	[DEBUG]	Validating SML
2022-05-05 04:09:13:269	[DEBUG]	Validating SML
2022-05-05 04:09:13:269	[DEBUG]	Validating PowerSuit
2022-05-05 04:09:13:269	[DEBUG]	Validating SML
2022-05-05 04:09:13:270	[DEBUG]	Validating MK22k20
2022-05-05 04:09:13:270	[DEBUG]	Validating SML
2022-05-05 04:09:13:270	[DEBUG]	Validating EfficiencyCheckerMod
2022-05-05 04:09:13:271	[DEBUG]	Validating MarcioCommonLibs
2022-05-05 04:09:13:271	[DEBUG]	Validating SML
2022-05-05 04:09:13:272	[DEBUG]	Validating SML
2022-05-05 04:09:13:272	[DEBUG]	Validating minerplus
2022-05-05 04:09:13:273	[DEBUG]	Validating SML
2022-05-05 04:09:13:273	[DEBUG]	Validating LinearMotion
2022-05-05 04:09:13:274	[DEBUG]	Validating SML
2022-05-05 04:09:13:274	[DEBUG]	Validating FicsitFarming
2022-05-05 04:09:13:274	[DEBUG]	Validating SML
2022-05-05 04:09:13:275	[DEBUG]	Validating ModularUI
2022-05-05 04:09:13:275	[DEBUG]	Validating RefinedRDLib
2022-05-05 04:09:13:275	[DEBUG]	Validating FloorHole
2022-05-05 04:09:13:275	[DEBUG]	Validating SML
2022-05-05 04:09:13:276	[DEBUG]	Validating MicroManage
2022-05-05 04:09:13:276	[DEBUG]	Validating SML
2022-05-05 04:09:13:277	[DEBUG]	Validating DaisyChainPowerCables
2022-05-05 04:09:13:277	[DEBUG]	Validating SML
2022-05-05 04:09:13:278	[DEBUG]	Validating RandomStart
2022-05-05 04:09:13:278	[DEBUG]	Validating SML
