2022-05-29 06:34:42:765	[DEBUG]	Loading mod cache
2022-05-29 06:34:43:440	[DEBUG]	Loading mod cache
2022-05-29 06:34:43:772	[DEBUG]	Epic Games Launcher is not installed
2022-05-29 06:34:44:002	[ERROR]	Could not get reg value of HKCU\\Software\Valve\Steam\SteamExe
2022-05-29 06:34:44:531	[WARN]	isRunning timed out, using fallback method.
2022-05-29 06:34:44:639	[DEBUG]	Setting profile to Dee Covan
2022-05-29 06:34:44:781	[DEBUG]	install: [], uninstall: [], enable: [], disable: [], update: []
2022-05-29 06:34:46:204	[DEBUG]	Validating FicsitFarming
2022-05-29 06:34:46:204	[DEBUG]	Validating AB_FluidExtras
2022-05-29 06:34:46:204	[DEBUG]	Validating SML
2022-05-29 06:34:46:205	[DEBUG]	Validating KLib
2022-05-29 06:34:46:205	[DEBUG]	Validating RefinedPower
2022-05-29 06:34:46:205	[DEBUG]	Validating RefinedRDLib
2022-05-29 06:34:46:205	[DEBUG]	Validating ModularUI
2022-05-29 06:34:46:205	[DEBUG]	Validating FactoryGame
2022-05-29 06:34:46:205	[DEBUG]	Validating KPrivateCodeLib
2022-05-29 06:34:46:205	[DEBUG]	Validating KBFL
2022-05-29 06:34:46:205	[DEBUG]	Validating KUI
2022-05-29 06:34:46:205	[DEBUG]	Validating SatisfactoryPlus
2022-05-29 06:34:46:205	[DEBUG]	Validating FasterManualCrafting
2022-05-29 06:34:46:205	[DEBUG]	Validating KLevelUp
2022-05-29 06:34:46:205	[DEBUG]	Validating ContainerScreen
2022-05-29 06:34:46:205	[DEBUG]	Validating UtilityMod
2022-05-29 06:34:46:205	[DEBUG]	Validating SmartFoundations
2022-05-29 06:34:46:205	[DEBUG]	Validating TFIT
2022-05-29 06:34:46:205	[DEBUG]	Validating DoubleJump
2022-05-29 06:34:46:205	[DEBUG]	Validating InventorySpace2
2022-05-29 06:34:46:205	[DEBUG]	Validating EarlyHover
2022-05-29 06:34:46:205	[DEBUG]	Validating FlashlightSettings
2022-05-29 06:34:46:206	[DEBUG]	Items: {"SatisfactoryPlus":"0.7.1","FicsitFarming":"4.0.3","SML":"3.3.1","ModularUI":"2.0.8","RefinedRDLib":"1.0.7","AB_FluidExtras":"0.7.1","KLib":"1.10.0","KPrivateCodeLib":"1.2.1","KBFL":"1.12.5","KUI":"1.4.0","RefinedPower":"3.0.9","FasterManualCrafting":"1.1.1","KLevelUp":"1.2.5","ContainerScreen":"1.0.11","UtilityMod":"0.5.4","SmartFoundations":"17.0.11","TFIT":"1.0.5","DoubleJump":"1.0.1","InventorySpace2":"2.0.1","EarlyHover":"1.0.3","FlashlightSettings":"1.0.1"}
2022-05-29 06:34:46:303	[DEBUG]	Mismatches: {"install":{},"uninstall":[]}
2022-05-29 06:34:48:653	[DEBUG]	Validating SatisfactoryPlus
2022-05-29 06:34:48:658	[DEBUG]	Validating FicsitFarming
2022-05-29 06:34:48:659	[DEBUG]	Validating SML
2022-05-29 06:34:48:660	[DEBUG]	Validating FactoryGame
2022-05-29 06:34:48:660	[DEBUG]	Validating ModularUI
2022-05-29 06:34:48:878	[DEBUG]	Validating SML
2022-05-29 06:34:48:878	[DEBUG]	Validating RefinedRDLib
2022-05-29 06:34:49:075	[DEBUG]	Validating SML
2022-05-29 06:34:49:075	[DEBUG]	Validating AB_FluidExtras
2022-05-29 06:34:49:076	[DEBUG]	Validating SML
2022-05-29 06:34:49:076	[DEBUG]	Validating SML
2022-05-29 06:34:49:076	[DEBUG]	Validating KLib
2022-05-29 06:34:49:337	[DEBUG]	Validating KPrivateCodeLib
2022-05-29 06:34:49:572	[DEBUG]	Validating KBFL
2022-05-29 06:34:49:575	[DEBUG]	Validating SML
2022-05-29 06:34:49:575	[DEBUG]	Validating KUI
2022-05-29 06:34:49:577	[DEBUG]	Validating SML
2022-05-29 06:34:49:577	[DEBUG]	Validating SML
2022-05-29 06:34:49:577	[DEBUG]	Validating SML
2022-05-29 06:34:49:577	[DEBUG]	Validating RefinedPower
2022-05-29 06:34:49:583	[DEBUG]	Validating ModularUI
2022-05-29 06:34:49:583	[DEBUG]	Validating RefinedRDLib
2022-05-29 06:34:49:583	[DEBUG]	Validating SML
2022-05-29 06:34:49:583	[DEBUG]	Validating RefinedRDLib
2022-05-29 06:34:49:583	[DEBUG]	Validating ModularUI
2022-05-29 06:34:49:583	[DEBUG]	Validating FasterManualCrafting
2022-05-29 06:34:49:584	[DEBUG]	Validating SML
2022-05-29 06:34:49:584	[DEBUG]	Validating KLevelUp
2022-05-29 06:34:49:585	[DEBUG]	Validating SML
2022-05-29 06:34:49:585	[DEBUG]	Validating KPrivateCodeLib
2022-05-29 06:34:49:585	[DEBUG]	Validating ContainerScreen
2022-05-29 06:34:49:586	[DEBUG]	Validating SML
2022-05-29 06:34:49:586	[DEBUG]	Validating UtilityMod
2022-05-29 06:34:49:587	[DEBUG]	Validating SML
2022-05-29 06:34:49:587	[DEBUG]	Validating SmartFoundations
2022-05-29 06:34:49:589	[DEBUG]	Validating SML
2022-05-29 06:34:49:590	[DEBUG]	Validating TFIT
2022-05-29 06:34:49:590	[DEBUG]	Validating SML
2022-05-29 06:34:49:590	[DEBUG]	Validating DoubleJump
2022-05-29 06:34:49:591	[DEBUG]	Validating SML
2022-05-29 06:34:49:591	[DEBUG]	Validating InventorySpace2
2022-05-29 06:34:49:591	[DEBUG]	Validating SML
2022-05-29 06:34:49:592	[DEBUG]	Validating EarlyHover
2022-05-29 06:34:49:592	[DEBUG]	Validating SML
2022-05-29 06:34:49:592	[DEBUG]	Validating FlashlightSettings
2022-05-29 06:34:49:593	[DEBUG]	Validating SML
2022-05-29 06:39:50:874	[DEBUG]	Validating SatisfactoryPlus
2022-05-29 06:39:50:874	[DEBUG]	Validating FicsitFarming
2022-05-29 06:39:50:875	[DEBUG]	Validating SML
2022-05-29 06:39:50:875	[DEBUG]	Validating FactoryGame
2022-05-29 06:39:50:875	[DEBUG]	Validating ModularUI
2022-05-29 06:39:50:875	[DEBUG]	Validating SML
2022-05-29 06:39:50:875	[DEBUG]	Validating RefinedRDLib
2022-05-29 06:39:50:875	[DEBUG]	Validating SML
2022-05-29 06:39:50:875	[DEBUG]	Validating AB_FluidExtras
2022-05-29 06:39:50:876	[DEBUG]	Validating SML
2022-05-29 06:39:50:876	[DEBUG]	Validating SML
2022-05-29 06:39:50:876	[DEBUG]	Validating KLib
2022-05-29 06:39:50:876	[DEBUG]	Validating KPrivateCodeLib
2022-05-29 06:39:50:876	[DEBUG]	Validating KBFL
2022-05-29 06:39:50:877	[DEBUG]	Validating SML
2022-05-29 06:39:50:877	[DEBUG]	Validating KUI
2022-05-29 06:39:50:877	[DEBUG]	Validating SML
2022-05-29 06:39:50:877	[DEBUG]	Validating SML
2022-05-29 06:39:50:877	[DEBUG]	Validating SML
2022-05-29 06:39:50:877	[DEBUG]	Validating RefinedPower
2022-05-29 06:39:50:878	[DEBUG]	Validating ModularUI
2022-05-29 06:39:50:878	[DEBUG]	Validating RefinedRDLib
2022-05-29 06:39:50:878	[DEBUG]	Validating SML
2022-05-29 06:39:50:878	[DEBUG]	Validating RefinedRDLib
2022-05-29 06:39:50:878	[DEBUG]	Validating ModularUI
2022-05-29 06:39:50:878	[DEBUG]	Validating FasterManualCrafting
2022-05-29 06:39:50:878	[DEBUG]	Validating SML
2022-05-29 06:39:50:878	[DEBUG]	Validating KLevelUp
2022-05-29 06:39:50:879	[DEBUG]	Validating SML
2022-05-29 06:39:50:879	[DEBUG]	Validating KPrivateCodeLib
2022-05-29 06:39:50:879	[DEBUG]	Validating ContainerScreen
2022-05-29 06:39:50:879	[DEBUG]	Validating SML
2022-05-29 06:39:50:879	[DEBUG]	Validating UtilityMod
2022-05-29 06:39:50:879	[DEBUG]	Validating SML
2022-05-29 06:39:50:880	[DEBUG]	Validating SmartFoundations
2022-05-29 06:39:50:881	[DEBUG]	Validating SML
2022-05-29 06:39:50:881	[DEBUG]	Validating TFIT
2022-05-29 06:39:50:882	[DEBUG]	Validating SML
2022-05-29 06:39:50:882	[DEBUG]	Validating DoubleJump
2022-05-29 06:39:50:882	[DEBUG]	Validating SML
2022-05-29 06:39:50:882	[DEBUG]	Validating InventorySpace2
2022-05-29 06:39:50:882	[DEBUG]	Validating SML
2022-05-29 06:39:50:882	[DEBUG]	Validating EarlyHover
2022-05-29 06:39:50:882	[DEBUG]	Validating SML
2022-05-29 06:39:50:883	[DEBUG]	Validating FlashlightSettings
2022-05-29 06:39:50:883	[DEBUG]	Validating SML
2022-05-29 06:40:42:556	[INFO]	Installing LoadBalancers
2022-05-29 06:40:42:644	[DEBUG]	install: [LoadBalancers], uninstall: [], enable: [], disable: [], update: []
2022-05-29 06:40:42:928	[DEBUG]	Validating FicsitFarming
2022-05-29 06:40:42:928	[DEBUG]	Validating AB_FluidExtras
2022-05-29 06:40:42:928	[DEBUG]	Validating SML
2022-05-29 06:40:42:928	[DEBUG]	Validating KLib
2022-05-29 06:40:42:928	[DEBUG]	Validating RefinedPower
2022-05-29 06:40:42:928	[DEBUG]	Validating RefinedRDLib
2022-05-29 06:40:42:928	[DEBUG]	Validating ModularUI
2022-05-29 06:40:42:928	[DEBUG]	Validating FactoryGame
2022-05-29 06:40:42:928	[DEBUG]	Validating KPrivateCodeLib
2022-05-29 06:40:42:928	[DEBUG]	Validating KBFL
2022-05-29 06:40:42:928	[DEBUG]	Validating KUI
2022-05-29 06:40:42:929	[DEBUG]	Validating SatisfactoryPlus
2022-05-29 06:40:42:929	[DEBUG]	Validating FasterManualCrafting
2022-05-29 06:40:42:929	[DEBUG]	Validating KLevelUp
2022-05-29 06:40:42:929	[DEBUG]	Validating ContainerScreen
2022-05-29 06:40:42:929	[DEBUG]	Validating UtilityMod
2022-05-29 06:40:42:929	[DEBUG]	Validating SmartFoundations
2022-05-29 06:40:42:929	[DEBUG]	Validating TFIT
2022-05-29 06:40:42:929	[DEBUG]	Validating DoubleJump
2022-05-29 06:40:42:929	[DEBUG]	Validating InventorySpace2
2022-05-29 06:40:42:929	[DEBUG]	Validating EarlyHover
2022-05-29 06:40:42:929	[DEBUG]	Validating FlashlightSettings
2022-05-29 06:40:42:929	[DEBUG]	Validating LoadBalancers
2022-05-29 06:40:43:113	[DEBUG]	Validating SML
2022-05-29 06:40:43:114	[DEBUG]	Items: {"SatisfactoryPlus":"0.7.1","FicsitFarming":"4.0.3","SML":"3.3.1","ModularUI":"2.0.8","RefinedRDLib":"1.0.7","AB_FluidExtras":"0.7.1","KLib":"1.10.0","KPrivateCodeLib":"1.2.1","KBFL":"1.12.5","KUI":"1.4.0","RefinedPower":"3.0.9","FasterManualCrafting":"1.1.1","KLevelUp":"1.2.5","ContainerScreen":"1.0.11","UtilityMod":"0.5.4","SmartFoundations":"17.0.11","TFIT":"1.0.5","DoubleJump":"1.0.1","InventorySpace2":"2.0.1","EarlyHover":"1.0.3","FlashlightSettings":"1.0.1","LoadBalancers":"1.5.1"}
2022-05-29 06:40:43:119	[DEBUG]	Mismatches: {"install":{"LoadBalancers":"1.5.1"},"uninstall":[]}
2022-05-29 06:40:43:122	[DEBUG]	Copying LoadBalancers@1.5.1 to Satisfactory install
2022-05-29 06:40:43:123	[DEBUG]	LoadBalancers@1.5.1 is not downloaded. Downloading now.
2022-05-29 06:41:34:132	[INFO]	Installing SatisfactoryHelper
2022-05-29 06:41:34:176	[DEBUG]	install: [SatisfactoryHelper], uninstall: [], enable: [], disable: [], update: []
2022-05-29 06:41:34:369	[DEBUG]	Validating FicsitFarming
2022-05-29 06:41:34:369	[DEBUG]	Validating AB_FluidExtras
2022-05-29 06:41:34:369	[DEBUG]	Validating SML
2022-05-29 06:41:34:369	[DEBUG]	Validating KLib
2022-05-29 06:41:34:369	[DEBUG]	Validating RefinedPower
2022-05-29 06:41:34:369	[DEBUG]	Validating RefinedRDLib
2022-05-29 06:41:34:369	[DEBUG]	Validating ModularUI
2022-05-29 06:41:34:370	[DEBUG]	Validating FactoryGame
2022-05-29 06:41:34:370	[DEBUG]	Validating KPrivateCodeLib
2022-05-29 06:41:34:370	[DEBUG]	Validating KBFL
2022-05-29 06:41:34:370	[DEBUG]	Validating KUI
2022-05-29 06:41:34:370	[DEBUG]	Validating SatisfactoryPlus
2022-05-29 06:41:34:370	[DEBUG]	Validating FasterManualCrafting
2022-05-29 06:41:34:370	[DEBUG]	Validating KLevelUp
2022-05-29 06:41:34:370	[DEBUG]	Validating ContainerScreen
2022-05-29 06:41:34:370	[DEBUG]	Validating UtilityMod
2022-05-29 06:41:34:370	[DEBUG]	Validating SmartFoundations
2022-05-29 06:41:34:370	[DEBUG]	Validating TFIT
2022-05-29 06:41:34:370	[DEBUG]	Validating DoubleJump
2022-05-29 06:41:34:370	[DEBUG]	Validating InventorySpace2
2022-05-29 06:41:34:370	[DEBUG]	Validating EarlyHover
2022-05-29 06:41:34:370	[DEBUG]	Validating FlashlightSettings
2022-05-29 06:41:34:370	[DEBUG]	Validating LoadBalancers
2022-05-29 06:41:34:370	[DEBUG]	Validating SatisfactoryHelper
2022-05-29 06:41:34:558	[DEBUG]	Validating SML
2022-05-29 06:41:34:559	[DEBUG]	Items: {"SatisfactoryPlus":"0.7.1","FicsitFarming":"4.0.3","SML":"3.3.1","ModularUI":"2.0.8","RefinedRDLib":"1.0.7","AB_FluidExtras":"0.7.1","KLib":"1.10.0","KPrivateCodeLib":"1.2.1","KBFL":"1.12.5","KUI":"1.4.0","RefinedPower":"3.0.9","FasterManualCrafting":"1.1.1","KLevelUp":"1.2.5","ContainerScreen":"1.0.11","UtilityMod":"0.5.4","SmartFoundations":"17.0.11","TFIT":"1.0.5","DoubleJump":"1.0.1","InventorySpace2":"2.0.1","EarlyHover":"1.0.3","FlashlightSettings":"1.0.1","LoadBalancers":"1.5.1","SatisfactoryHelper":"2.0.3"}
2022-05-29 06:41:34:564	[DEBUG]	Mismatches: {"install":{"SatisfactoryHelper":"2.0.3"},"uninstall":[]}
2022-05-29 06:41:34:569	[DEBUG]	Copying SatisfactoryHelper@2.0.3 to Satisfactory install
2022-05-29 06:41:38:636	[INFO]	Installing PersonalDrones
2022-05-29 06:41:38:676	[DEBUG]	install: [PersonalDrones], uninstall: [], enable: [], disable: [], update: []
2022-05-29 06:41:38:859	[DEBUG]	Validating FicsitFarming
2022-05-29 06:41:38:859	[DEBUG]	Validating AB_FluidExtras
2022-05-29 06:41:38:859	[DEBUG]	Validating SML
2022-05-29 06:41:38:859	[DEBUG]	Validating KLib
2022-05-29 06:41:38:859	[DEBUG]	Validating RefinedPower
2022-05-29 06:41:38:859	[DEBUG]	Validating RefinedRDLib
2022-05-29 06:41:38:859	[DEBUG]	Validating ModularUI
2022-05-29 06:41:38:859	[DEBUG]	Validating FactoryGame
2022-05-29 06:41:38:859	[DEBUG]	Validating KPrivateCodeLib
2022-05-29 06:41:38:859	[DEBUG]	Validating KBFL
2022-05-29 06:41:38:859	[DEBUG]	Validating KUI
2022-05-29 06:41:38:859	[DEBUG]	Validating SatisfactoryPlus
2022-05-29 06:41:38:859	[DEBUG]	Validating FasterManualCrafting
2022-05-29 06:41:38:859	[DEBUG]	Validating KLevelUp
2022-05-29 06:41:38:859	[DEBUG]	Validating ContainerScreen
2022-05-29 06:41:38:859	[DEBUG]	Validating UtilityMod
2022-05-29 06:41:38:859	[DEBUG]	Validating SmartFoundations
2022-05-29 06:41:38:859	[DEBUG]	Validating TFIT
2022-05-29 06:41:38:860	[DEBUG]	Validating DoubleJump
2022-05-29 06:41:38:860	[DEBUG]	Validating InventorySpace2
2022-05-29 06:41:38:860	[DEBUG]	Validating EarlyHover
2022-05-29 06:41:38:860	[DEBUG]	Validating FlashlightSettings
2022-05-29 06:41:38:860	[DEBUG]	Validating LoadBalancers
2022-05-29 06:41:38:860	[DEBUG]	Validating SatisfactoryHelper
2022-05-29 06:41:38:860	[DEBUG]	Validating PersonalDrones
2022-05-29 06:41:39:049	[DEBUG]	Validating SML
2022-05-29 06:41:39:049	[DEBUG]	Items: {"SatisfactoryPlus":"0.7.1","FicsitFarming":"4.0.3","SML":"3.3.1","ModularUI":"2.0.8","RefinedRDLib":"1.0.7","AB_FluidExtras":"0.7.1","KLib":"1.10.0","KPrivateCodeLib":"1.2.1","KBFL":"1.12.5","KUI":"1.4.0","RefinedPower":"3.0.9","FasterManualCrafting":"1.1.1","KLevelUp":"1.2.5","ContainerScreen":"1.0.11","UtilityMod":"0.5.4","SmartFoundations":"17.0.11","TFIT":"1.0.5","DoubleJump":"1.0.1","InventorySpace2":"2.0.1","EarlyHover":"1.0.3","FlashlightSettings":"1.0.1","LoadBalancers":"1.5.1","SatisfactoryHelper":"2.0.3","PersonalDrones":"1.0.11"}
2022-05-29 06:41:39:054	[DEBUG]	Mismatches: {"install":{"PersonalDrones":"1.0.11"},"uninstall":[]}
2022-05-29 06:41:39:058	[DEBUG]	Copying PersonalDrones@1.0.11 to Satisfactory install
