Log file open, 02/19/22 10:38:50
LogInit: Display: Running engine for game: FactoryGame
LogInit: Display: Project file not found: D:/SteamLibrary/steamapps/common/Satisfactory/FactoryGame/FactoryGame.uproject
LogInit: Display: 	Attempting to find via project info helper.
LogUProjectInfo: Found projects:
LogPakFile: Display: Found Pak file ../../../FactoryGame/Content/Paks/FactoryGame-WindowsNoEditor.pak attempting to mount.
LogPakFile: Display: Mounting pak file ../../../FactoryGame/Content/Paks/FactoryGame-WindowsNoEditor.pak.
LogPakFile: PakFile PrimaryIndexSize=775778
LogPakFile: PakFile PathHashIndexSize=732108
LogPakFile: PakFile FullDirectoryIndexSize=2032678
LogPakFile: OnPakFileMounted2Time == 0.000005
LogPlatformFile: Not using cached read wrapper
LogTaskGraph: Started task graph with 4 named threads and 10 total threads with 3 sets of task threads.
LogD3D11RHI: Loaded GFSDK_Aftermath_Lib.x64.dll
LogICUInternationalization: ICU TimeZone Detection - Raw Offset: +2:00, Platform Override: ''
LogPluginManager: Mounting plugin ReplicationGraph
LogPluginManager: Mounting plugin DTLSHandlerComponent
LogPluginManager: Mounting plugin Wwise
LogPluginManager: Mounting plugin GeometryMode
LogPluginManager: Mounting plugin ApexDestruction
LogPluginManager: Mounting plugin BlueprintStats
LogPluginManager: Mounting plugin OnlineFramework
LogPluginManager: Mounting plugin OnlineSubsystem
LogPluginManager: Mounting plugin OnlineSubsystemUtils
LogPluginManager: Mounting plugin LensDistortion
LogPluginManager: Mounting plugin WindowsDeviceProfileSelector
LogPluginManager: Mounting plugin SteamController
LogPluginManager: Mounting plugin SteamShared
LogPluginManager: Mounting plugin RawInput
LogPluginManager: Mounting plugin MfMedia
LogPluginManager: Mounting plugin OnlineSubsystemSteam
LogPluginManager: Mounting plugin OnlineSubsystemEOS
LogPluginManager: Mounting plugin SignificanceManager
LogPluginManager: Mounting plugin PythonScriptPlugin
LogPluginManager: Mounting plugin EditorScriptingUtilities
LogPluginManager: Mounting plugin EditorTests
LogPluginManager: Mounting plugin FbxAutomationTestBuilder
LogPluginManager: Mounting plugin FunctionalTestingEditor
LogPluginManager: Mounting plugin RuntimeTests
LogPluginManager: Mounting plugin ScreenshotTools
LogPluginManager: Mounting plugin CSSEditorToolsExtension
LogPluginManager: Mounting plugin Paper2D
LogPluginManager: Mounting plugin AISupport
LogPluginManager: Mounting plugin EnvironmentQueryEditor
LogPluginManager: Mounting plugin LightPropagationVolume
LogPluginManager: Mounting plugin AnimationSharing
LogPluginManager: Mounting plugin PluginUtils
LogPluginManager: Mounting plugin PropertyAccessEditor
LogPluginManager: Mounting plugin UObjectPlugin
LogPluginManager: Mounting plugin AssetManagerEditor
LogPluginManager: Mounting plugin FacialAnimation
LogPluginManager: Mounting plugin SpeedTreeImporter
LogPluginManager: Mounting plugin DatasmithContent
LogPluginManager: Mounting plugin VariantManagerContent
LogPluginManager: Mounting plugin AlembicImporter
LogPluginManager: Mounting plugin GeometryCache
LogPluginManager: Mounting plugin AutomationUtils
LogPluginManager: Mounting plugin BackChannel
LogPluginManager: Mounting plugin ChaosClothEditor
LogPluginManager: Mounting plugin ChaosCloth
LogPluginManager: Mounting plugin ChaosEditor
LogPluginManager: Mounting plugin PlanarCut
LogPluginManager: Mounting plugin GeometryProcessing
LogPluginManager: Mounting plugin EditableMesh
LogPluginManager: Mounting plugin GeometryCollectionPlugin
LogPluginManager: Mounting plugin ProceduralMeshComponent
LogPluginManager: Mounting plugin ChaosSolverPlugin
LogPluginManager: Mounting plugin ChaosNiagara
LogPluginManager: Mounting plugin Niagara
LogPluginManager: Mounting plugin CharacterAI
LogPluginManager: Mounting plugin MotoSynth
LogPluginManager: Mounting plugin PlatformCrypto
LogPluginManager: Mounting plugin MagicLeapPassableWorld
LogPluginManager: Mounting plugin MLSDK
LogPluginManager: Mounting plugin ImgMedia
LogPluginManager: Mounting plugin MediaCompositing
LogPluginManager: Mounting plugin WmfMedia
LogPluginManager: Mounting plugin MeshPainting
LogPluginManager: Mounting plugin TcpMessaging
LogPluginManager: Mounting plugin UdpMessaging
LogPluginManager: Mounting plugin ActorSequence
LogPluginManager: Mounting plugin LevelSequenceEditor
LogPluginManager: Mounting plugin MatineeToLevelSequence
LogPluginManager: Mounting plugin TemplateSequence
LogPluginManager: Mounting plugin OnlineSubsystemNull
LogPluginManager: Mounting plugin LauncherChunkInstaller
LogPluginManager: Mounting plugin ActorLayerUtilities
LogPluginManager: Mounting plugin AppleImageUtils
LogPluginManager: Mounting plugin AssetTags
LogPluginManager: Mounting plugin AudioCapture
LogPluginManager: Mounting plugin CableComponent
LogPluginManager: Mounting plugin ChunkDownloader
LogPluginManager: Mounting plugin CustomMeshComponent
LogPluginManager: Mounting plugin ExampleDeviceProfileSelector
LogPluginManager: Mounting plugin GooglePAD
LogPluginManager: Mounting plugin PhysXVehicles
LogPluginManager: Mounting plugin RuntimePhysXCooking
LogPluginManager: Mounting plugin SoundFields
LogPluginManager: Mounting plugin Synthesis
LogPluginManager: Mounting plugin AudioSynesthesia
LogPluginManager: Mounting plugin WebMMoviePlayer
LogPluginManager: Mounting plugin WebMMedia
LogPluginManager: Mounting plugin WindowsMoviePlayer
LogPluginManager: Mounting plugin Additional_300_Inventory_Slots
LogPluginManager: Mounting plugin AdvancedPersonalStorage
LogPluginManager: Mounting plugin avMallLib
LogPluginManager: Mounting plugin BeltfedBiomassBurner
LogPluginManager: Mounting plugin Cellphone
LogPluginManager: Mounting plugin DaisyChainPowerCables
LogPluginManager: Mounting plugin EasyCheat
LogPluginManager: Mounting plugin FasterManualCrafting
LogPluginManager: Mounting plugin FastForward
LogPluginManager: Mounting plugin ContainerScreen
LogPluginManager: Mounting plugin FicsitTrading
LogPluginManager: Mounting plugin MarcioCommonLibs
LogPluginManager: Mounting plugin FlashlightSettings
LogPluginManager: Mounting plugin MAMTips
LogPluginManager: Mounting plugin NoEarlyAccess
LogPluginManager: Mounting plugin PermaDay
LogPluginManager: Mounting plugin NoFallingGifts
LogPluginManager: Mounting plugin RegenAllHealth
LogPluginManager: Mounting plugin NoFog
LogPluginManager: Mounting plugin SimpleCodex
LogPluginManager: Mounting plugin SmallStorage
LogPluginManager: Mounting plugin SmartFoundations
LogPluginManager: Mounting plugin SpaceMarket
LogPluginManager: Mounting plugin SML
LogPluginManager: Mounting plugin StackOverload
LogPluginManager: Mounting plugin TenTimesAwesomePoints
LogPluginManager: Mounting plugin SatisfactoryHelper
LogPluginManager: Mounting plugin UtilityMod
LogPluginManager: Mounting plugin WallConveyorSupports
LogPluginManager: Mounting plugin WallHoleConveyor
LogPluginManager: Mounting plugin WallPipeSupports
LogPluginManager: Mounting plugin x3_splitter_merger_pole
LogPluginManager: Mounting plugin VanishGiraffer
LogFileManager: Error: Requested read of 160 bytes when 157 bytes remain (file=../../../FactoryGame/Mods/Additional_300_Inventory_Slots/Content/Paks/WindowsNoEditor/Additional_300_Inventory_SlotsFactoryGame-WindowsNoEditor.pak, size=471395)
LogPakFile: OnPakFileMounted2Time == 0.000006
LogPakFile: PakFile PrimaryIndexSize=539
LogPakFile: PakFile PathHashIndexSize=392
LogPakFile: PakFile FullDirectoryIndexSize=970
LogPakFile: OnPakFileMounted2Time == 0.000007
LogPakFile: PakFile PrimaryIndexSize=741
LogPakFile: PakFile PathHashIndexSize=608
LogPakFile: PakFile FullDirectoryIndexSize=1458
LogPakFile: OnPakFileMounted2Time == 0.000009
LogPakFile: PakFile PrimaryIndexSize=356
LogPakFile: PakFile PathHashIndexSize=212
LogPakFile: PakFile FullDirectoryIndexSize=606
LogPakFile: OnPakFileMounted2Time == 0.000011
LogPakFile: PakFile PrimaryIndexSize=3321
LogPakFile: PakFile PathHashIndexSize=3188
LogPakFile: PakFile FullDirectoryIndexSize=7798
LogPakFile: OnPakFileMounted2Time == 0.000012
LogPakFile: PakFile PrimaryIndexSize=1809
LogPakFile: PakFile PathHashIndexSize=1664
LogPakFile: PakFile FullDirectoryIndexSize=4437
LogPakFile: OnPakFileMounted2Time == 0.000013
LogPakFile: PakFile PrimaryIndexSize=1617
LogPakFile: PakFile PathHashIndexSize=1484
LogPakFile: PakFile FullDirectoryIndexSize=3674
LogPakFile: OnPakFileMounted2Time == 0.000014
LogPakFile: PakFile PrimaryIndexSize=248
LogPakFile: PakFile PathHashIndexSize=188
LogPakFile: PakFile FullDirectoryIndexSize=350
LogPakFile: OnPakFileMounted2Time == 0.000015
LogPakFile: PakFile PrimaryIndexSize=239
LogPakFile: PakFile PathHashIndexSize=104
LogPakFile: PakFile FullDirectoryIndexSize=338
LogPakFile: OnPakFileMounted2Time == 0.000016
LogPakFile: PakFile PrimaryIndexSize=411
LogPakFile: PakFile PathHashIndexSize=272
LogPakFile: PakFile FullDirectoryIndexSize=660
LogPakFile: OnPakFileMounted2Time == 0.000017
LogPakFile: PakFile PrimaryIndexSize=7105
LogPakFile: PakFile PathHashIndexSize=6968
LogPakFile: PakFile FullDirectoryIndexSize=23923
LogPakFile: OnPakFileMounted2Time == 0.000019
LogPakFile: PakFile PrimaryIndexSize=268
LogPakFile: PakFile PathHashIndexSize=181
LogPakFile: PakFile FullDirectoryIndexSize=408
LogPakFile: OnPakFileMounted2Time == 0.000020
LogPakFile: PakFile PrimaryIndexSize=1002
LogPakFile: PakFile PathHashIndexSize=944
LogPakFile: PakFile FullDirectoryIndexSize=2381
LogPakFile: OnPakFileMounted2Time == 0.000021
LogPakFile: PakFile PrimaryIndexSize=595
LogPakFile: PakFile PathHashIndexSize=517
LogPakFile: PakFile FullDirectoryIndexSize=1565
LogPakFile: OnPakFileMounted2Time == 0.000023
LogPakFile: PakFile PrimaryIndexSize=193
LogPakFile: PakFile PathHashIndexSize=56
LogPakFile: PakFile FullDirectoryIndexSize=172
LogPakFile: OnPakFileMounted2Time == 0.000024
LogFileManager: Error: Requested read of 160 bytes when 157 bytes remain (file=../../../FactoryGame/Mods/PermaDay/Content/Paks/WindowsNoEditor/PermaDayFactoryGame-WindowsNoEditor.pak, size=133737)
LogPakFile: OnPakFileMounted2Time == 0.000025
LogPakFile: PakFile PrimaryIndexSize=194
LogPakFile: PakFile PathHashIndexSize=140
LogPakFile: PakFile FullDirectoryIndexSize=169
LogPakFile: OnPakFileMounted2Time == 0.000026
LogPakFile: PakFile PrimaryIndexSize=194
LogPakFile: PakFile PathHashIndexSize=56
LogPakFile: PakFile FullDirectoryIndexSize=172
LogPakFile: OnPakFileMounted2Time == 0.000027
LogPakFile: PakFile PrimaryIndexSize=185
LogPakFile: PakFile PathHashIndexSize=56
LogPakFile: PakFile FullDirectoryIndexSize=168
LogPakFile: OnPakFileMounted2Time == 0.000029
LogPakFile: PakFile PrimaryIndexSize=539
LogPakFile: PakFile PathHashIndexSize=404
LogPakFile: PakFile FullDirectoryIndexSize=877
LogPakFile: OnPakFileMounted2Time == 0.000030
LogPakFile: PakFile PrimaryIndexSize=480
LogPakFile: PakFile PathHashIndexSize=344
LogPakFile: PakFile FullDirectoryIndexSize=970
LogPakFile: OnPakFileMounted2Time == 0.000031
LogPakFile: PakFile PrimaryIndexSize=412
LogPakFile: PakFile PathHashIndexSize=356
LogPakFile: PakFile FullDirectoryIndexSize=706
LogPakFile: OnPakFileMounted2Time == 0.000032
LogPakFile: PakFile PrimaryIndexSize=3431
LogPakFile: PakFile PathHashIndexSize=3296
LogPakFile: PakFile FullDirectoryIndexSize=9374
LogPakFile: OnPakFileMounted2Time == 0.000034
LogPakFile: PakFile PrimaryIndexSize=1155
LogPakFile: PakFile PathHashIndexSize=1112
LogPakFile: PakFile FullDirectoryIndexSize=3304
LogPakFile: OnPakFileMounted2Time == 0.000035
LogPakFile: PakFile PrimaryIndexSize=169
LogPakFile: PakFile PathHashIndexSize=32
LogPakFile: PakFile FullDirectoryIndexSize=95
LogPakFile: OnPakFileMounted2Time == 0.000036
LogPakFile: PakFile PrimaryIndexSize=225
LogPakFile: PakFile PathHashIndexSize=80
LogPakFile: PakFile FullDirectoryIndexSize=220
LogPakFile: OnPakFileMounted2Time == 0.000037
LogPakFile: PakFile PrimaryIndexSize=1170
LogPakFile: PakFile PathHashIndexSize=1081
LogPakFile: PakFile FullDirectoryIndexSize=3271
LogPakFile: OnPakFileMounted2Time == 0.000039
LogPakFile: PakFile PrimaryIndexSize=406
LogPakFile: PakFile PathHashIndexSize=356
LogPakFile: PakFile FullDirectoryIndexSize=714
LogPakFile: OnPakFileMounted2Time == 0.000040
LogPakFile: PakFile PrimaryIndexSize=1268
LogPakFile: PakFile PathHashIndexSize=1177
LogPakFile: PakFile FullDirectoryIndexSize=3583
LogPakFile: OnPakFileMounted2Time == 0.000042
LogPakFile: PakFile PrimaryIndexSize=388
LogPakFile: PakFile PathHashIndexSize=248
LogPakFile: PakFile FullDirectoryIndexSize=594
LogPakFile: OnPakFileMounted2Time == 0.000043
LogPakFile: PakFile PrimaryIndexSize=2080
LogPakFile: PakFile PathHashIndexSize=1993
LogPakFile: PakFile FullDirectoryIndexSize=6913
LogPakFile: OnPakFileMounted2Time == 0.000044
LogPakFile: PakFile PrimaryIndexSize=491
LogPakFile: PakFile PathHashIndexSize=397
LogPakFile: PakFile FullDirectoryIndexSize=1165
LogPakFile: OnPakFileMounted2Time == 0.000046
LogPakFile: PakFile PrimaryIndexSize=194
LogPakFile: PakFile PathHashIndexSize=56
LogPakFile: PakFile FullDirectoryIndexSize=172
LogPakFile: OnPakFileMounted2Time == 0.000047
LogInit: Using libcurl 7.55.1-DEV
LogInit:  - built for x86_64-pc-win32
LogInit:  - supports SSL with OpenSSL/1.1.1
LogInit:  - supports HTTP deflate (compression) using libz 1.2.8
LogInit:  - other features:
LogInit:      CURL_VERSION_SSL
LogInit:      CURL_VERSION_LIBZ
LogInit:      CURL_VERSION_IPV6
LogInit:      CURL_VERSION_ASYNCHDNS
LogInit:      CURL_VERSION_LARGEFILE
LogInit:      CURL_VERSION_IDN
LogInit:  CurlRequestOptions (configurable via config and command line):
LogInit:  - bVerifyPeer = true  - Libcurl will verify peer certificate
LogInit:  - bUseHttpProxy = false  - Libcurl will NOT use HTTP proxy
LogInit:  - bDontReuseConnections = false  - Libcurl will reuse connections
LogInit:  - MaxHostConnections = 16  - Libcurl will limit the number of connections to a host
LogInit:  - LocalHostAddr = Default
LogInit:  - BufferSize = 65536
LogInit: WinSock: version 1.1 (2.2), MaxSocks=32767, MaxUdp=65467
LogOnline: OSS: Creating online subsystem instance for: EOS
LogOnline: OSS: FOnlineSubsystemEOS: Init success.
LogSteamShared: Display: Loading Steam SDK 1.47
LogSteamShared: Steam SDK Loaded!
LogOnline: OSS: Creating online subsystem instance for: STEAM
LogGenericPlatformMisc: Error: SetEnvironmentVar not implemented for this platform: SteamAppId = 526870
LogOnline: STEAM: Game restarting within Steam client, exiting
LogWindows: FPlatformMisc::RequestExit(0)
LogCore: Engine exit requested (reason: Win RequestExit)
LogOnline: Display: STEAM: OnlineSubsystemSteam::Shutdown()
LogOnline: Warning: STEAM: Steam API failed to initialize!
LogOnline: Display: STEAM: OnlineSubsystemSteam::Shutdown()
LogOnline: OSS: Unable to create OnlineSubsystem module STEAM
LogOnline: OSS: TryLoadSubsystemAndSetDefault: Loaded subsystem for module [EOS]
LogOnline: OSS: Creating online subsystem instance for: STEAM
LogGenericPlatformMisc: Error: SetEnvironmentVar not implemented for this platform: SteamAppId = 526870
LogOnline: STEAM: Game restarting within Steam client, exiting
LogWindows: FPlatformMisc::RequestExit(0)
LogCore: Engine exit requested (reason: Win RequestExit; note: exit was already requested)
LogOnline: Display: STEAM: OnlineSubsystemSteam::Shutdown()
LogOnline: Warning: STEAM: Steam API failed to initialize!
LogOnline: Display: STEAM: OnlineSubsystemSteam::Shutdown()
LogLuminAPIImpl: Warning: MLSDK not found.  This likely means the MLSDK environment variable is not set.
LogInit: Build: ++FactoryGame+rel-early-access-CL-177909
LogInit: Engine Version: 4.26.1-177909+++FactoryGame+rel-early-access
LogInit: Compatible Engine Version: 4.26.1-177909+++FactoryGame+rel-early-access
LogInit: Net CL: 177909
LogInit: OS: Windows 10 (Release 2009) (), CPU: Intel(R) Core(TM) i3-4160 CPU @ 3.60GHz, GPU: AMD Radeon R7 200 Series
LogInit: Compiled (64-bit): Jan 31 2022 14:53:12
LogInit: Compiled with Visual C++: 19.24.28325.00
LogInit: Build Configuration: Shipping
LogInit: Branch Name: ++FactoryGame+rel-early-access
LogInit: Command Line: 
LogInit: Base Directory: D:/SteamLibrary/steamapps/common/Satisfactory/Engine/Binaries/Win64/
LogInit: Allocator: binned2
LogInit: Installed Engine Build: 1
LogInit: Launcher File: D:/SteamLibrary/steamapps/common/Satisfactory/launcher_id
LogInit: Launcher ID: steam
LogInit: Launcher Artifact: 
LogInit: Presizing for max 2097152 objects, including 1 objects not considered by GC, pre-allocating 0 bytes for permanent pool.
LogStreaming: Display: Async Loading initialized: Event Driven Loader: true, Async Loading Thread: true, Async Post Load: true
LogInit: Object subsystem initialized
[2022.02.19-08.38.56:534][  0]LogInit: Selected Device Profile: [WindowsNoEditor]
[2022.02.19-08.38.56:539][  0]LogInit: Applying CVar settings loaded from the selected device profile: [WindowsNoEditor]
[2022.02.19-08.38.56:558][  0]LogHAL: Display: Platform has ~ 8 GB [8524795904 / 8589934592 / 8], which maps to Default [LargestMinGB=32, LargerMinGB=12, DefaultMinGB=8, SmallerMinGB=6, SmallestMinGB=0)
[2022.02.19-08.38.56:558][  0]LogInit: Going up to parent DeviceProfile [Windows]
[2022.02.19-08.38.56:558][  0]LogInit: Going up to parent DeviceProfile []
[2022.02.19-08.38.56:576][  0]LogInit: Computer: DESKTOP-R64T9MI
[2022.02.19-08.38.56:576][  0]LogInit: User: dmytr
[2022.02.19-08.38.56:576][  0]LogInit: CPU Page size=4096, Cores=2
[2022.02.19-08.38.56:576][  0]LogInit: High frequency timer resolution =10.000000 MHz
[2022.02.19-08.38.56:576][  0]LogMemory: Memory total: Physical=7.9GB (8GB approx)
[2022.02.19-08.38.56:576][  0]LogMemory: Platform Memory Stats for WindowsNoEditor
[2022.02.19-08.38.56:576][  0]LogMemory: Process Physical Memory: 107.56 MB used, 107.57 MB peak
[2022.02.19-08.38.56:576][  0]LogMemory: Process Virtual Memory: 88.93 MB used, 88.93 MB peak
[2022.02.19-08.38.56:576][  0]LogMemory: Physical Memory: 6547.72 MB used,  1582.16 MB free, 8129.88 MB total
[2022.02.19-08.38.56:576][  0]LogMemory: Virtual Memory: 134215952.00 MB used,  1776.51 MB free, 134217728.00 MB total
[2022.02.19-08.38.56:585][  0]LogWindows: WindowsPlatformFeatures enabled
[2022.02.19-08.38.57:306][  0]LogInit: Physics initialised using underlying interface: PhysX
[2022.02.19-08.38.57:348][  0]LogInit: Overriding language with engine language configuration option (en-US-Posix).
[2022.02.19-08.38.57:348][  0]LogInit: Overriding language with engine locale configuration option (en-US-Posix).
[2022.02.19-08.38.57:354][  0]LogTextLocalizationResource: LocRes '../../../Engine/Content/Localization/Engine/en-US-POSIX/Engine.locres' could not be opened for reading!
[2022.02.19-08.38.57:354][  0]LogTextLocalizationResource: LocRes '../../../Engine/Plugins/Online/OnlineFramework/Content/Localization/OnlineFramework/en-US-POSIX/OnlineFramework.locres' could not be opened for reading!
[2022.02.19-08.38.57:354][  0]LogTextLocalizationResource: LocRes '../../../Engine/Plugins/Online/OnlineSubsystem/Content/Localization/OnlineSubsystem/en-US-POSIX/OnlineSubsystem.locres' could not be opened for reading!
[2022.02.19-08.38.57:354][  0]LogTextLocalizationResource: LocRes '../../../Engine/Plugins/Online/OnlineSubsystemUtils/Content/Localization/OnlineSubsystemUtils/en-US-POSIX/OnlineSubsystemUtils.locres' could not be opened for reading!
[2022.02.19-08.38.57:354][  0]LogTextLocalizationResource: LocRes '../../../Engine/Plugins/Online/OnlineSubsystemSteam/Content/Localization/OnlineSubsystemSteam/en-US-POSIX/OnlineSubsystemSteam.locres' could not be opened for reading!
[2022.02.19-08.38.57:476][  0]LogWindowsTextInputMethodSystem: Display: IME system deactivated.
[2022.02.19-08.38.57:721][  0]LogSlate: New Slate User Created.  User Index 0, Is Virtual User: 0
[2022.02.19-08.38.57:722][  0]LogSlate: Slate User Registered.  User Index 0, Is Virtual User: 0
[2022.02.19-08.38.57:860][  0]LogD3D12RHI: Aftermath initialized
[2022.02.19-08.38.58:683][  0]LogD3D12RHI: Found D3D12 adapter 0: AMD Radeon R7 200 Series (Max supported Feature Level 11_1)
[2022.02.19-08.38.58:683][  0]LogD3D12RHI: Adapter has 1004MB of dedicated video memory, 0MB of dedicated system memory, and 4064MB of shared system memory, 1 output[s]
[2022.02.19-08.38.58:706][  0]LogD3D12RHI: Found D3D12 adapter 1: Microsoft Basic Render Driver (Max supported Feature Level 12_1)
[2022.02.19-08.38.58:706][  0]LogD3D12RHI: Adapter has 0MB of dedicated video memory, 0MB of dedicated system memory, and 4064MB of shared system memory, 0 output[s]
[2022.02.19-08.38.58:707][  0]LogD3D12RHI: Chosen D3D12 Adapter Id = 0
[2022.02.19-08.38.58:782][  0]LogD3D12RHI: InitD3DDevice: -D3DDebug = off -D3D12GPUValidation = off
[2022.02.19-08.38.59:233][  0]LogD3D12RHI: The system supports ID3D12Device1.
[2022.02.19-08.38.59:233][  0]LogD3D12RHI: The system supports ID3D12Device2.
[2022.02.19-08.38.59:297][  0]LogD3D12RHI: Display: Not using pipeline state disk cache per r.D3D12.PSO.DiskCache=0
[2022.02.19-08.38.59:297][  0]LogD3D12RHI: Display: Not using driver-optimized pipeline state disk cache per r.D3D12.PSO.DriverOptimizedDiskCache=0
[2022.02.19-08.38.59:297][  0]LogD3D12RHI:     GPU DeviceId: 0x6610 (for the marketing name, search the web for "GPU Device Id")
[2022.02.19-08.38.59:297][  0]LogWindows: EnumDisplayDevices:
[2022.02.19-08.38.59:297][  0]LogWindows:    0. 'AMD Radeon R7 200 Series' (P:1 D:1)
[2022.02.19-08.38.59:298][  0]LogWindows:    1. 'AMD Radeon R7 200 Series' (P:0 D:0)
[2022.02.19-08.38.59:298][  0]LogWindows:    2. 'AMD Radeon R7 200 Series' (P:0 D:0)
[2022.02.19-08.38.59:298][  0]LogWindows:    3. 'AMD Radeon R7 200 Series' (P:0 D:0)
[2022.02.19-08.38.59:299][  0]LogWindows: DebugString: FoundDriverCount:4 
[2022.02.19-08.38.59:299][  0]LogD3D12RHI:     Adapter Name: AMD Radeon R7 200 Series
[2022.02.19-08.38.59:299][  0]LogD3D12RHI:   Driver Version: Adrenalin 20.10.35.02 (internal:27.20.21026.2006, unified:27.20.21026.2006)
[2022.02.19-08.38.59:299][  0]LogD3D12RHI:      Driver Date: 7-6-2021
[2022.02.19-08.38.59:299][  0]LogRHI: Texture pool is 441 MB (70% of 631 MB)
[2022.02.19-08.38.59:299][  0]LogD3D12RHI: Async texture creation enabled
[2022.02.19-08.38.59:299][  0]LogD3D12RHI: RHI has support for 64 bit atomics
[2022.02.19-08.38.59:600][  0]LogRendererCore: Ray tracing is disabled. Reason: r.RayTracing=0.
[2022.02.19-08.38.59:972][  0]LogCore: Engine exit requested (reason: EngineExit() was called; note: exit was already requested)
[2022.02.19-08.39.00:025][  0]LogInit: Selected Device Profile: [WindowsNoEditor]
[2022.02.19-08.39.00:063][  0]LogInit: Active device profile: [0000024C20B51F00][0000024C319A2770 49] WindowsNoEditor
[2022.02.19-08.39.00:063][  0]LogInit: Profiles: [0000024C20B52500][0000024C319A3B20 49] Windows, [0000024C20B51F00][0000024C319A2770 49] WindowsNoEditor, 
[2022.02.19-08.39.00:127][  0]LogSlate: Slate User Destroyed.  User Index 0, Is Virtual User: 0
[2022.02.19-08.39.00:144][  0]LogExit: Preparing to exit.
[2022.02.19-08.39.00:144][  0]LogUObjectArray: CloseDisregardForGC: 1485/1485 objects in disregard for GC pool
[2022.02.19-08.39.00:157][  0]LogDeviceProfile: Device profile begin destroy: [0000024C20B52500] Windows
[2022.02.19-08.39.00:157][  0]LogDeviceProfile: Device profile begin destroy: [0000024C20B51FC0] Default__DeviceProfile
[2022.02.19-08.39.00:158][  0]LogDeviceProfile: Device profile begin destroy: [0000024C20B51F00] WindowsNoEditor
[2022.02.19-08.39.00:189][  0]LogExit: Object subsystem successfully closed.
[2022.02.19-08.39.00:348][  0]LogModuleManager: Shutting down and abandoning module D3D12RHI (96)
[2022.02.19-08.39.00:348][  0]LogModuleManager: Shutting down and abandoning module InputCore (94)
[2022.02.19-08.39.00:348][  0]LogModuleManager: Shutting down and abandoning module PhysXCooking (92)
[2022.02.19-08.39.00:348][  0]LogModuleManager: Shutting down and abandoning module Chaos (90)
[2022.02.19-08.39.00:357][  0]LogModuleManager: Shutting down and abandoning module WindowsPlatformFeatures (88)
[2022.02.19-08.39.00:365][  0]LogModuleManager: Shutting down and abandoning module GameplayMediaEncoder (87)
[2022.02.19-08.39.00:365][  0]LogModuleManager: Shutting down and abandoning module AVEncoder (86)
[2022.02.19-08.39.00:365][  0]LogModuleManager: Shutting down and abandoning module ExampleDeviceProfileSelector (82)
[2022.02.19-08.39.00:365][  0]LogModuleManager: Shutting down and abandoning module ChunkDownloader (80)
[2022.02.19-08.39.00:377][  0]LogModuleManager: Shutting down and abandoning module LauncherChunkInstaller (78)
[2022.02.19-08.39.00:377][  0]LogModuleManager: Shutting down and abandoning module WmfMedia (76)
[2022.02.19-08.39.00:380][  0]LogModuleManager: Shutting down and abandoning module Media (75)
[2022.02.19-08.39.00:388][  0]LogModuleManager: Shutting down and abandoning module MediaInfo (74)
[2022.02.19-08.39.00:388][  0]LogModuleManager: Shutting down and abandoning module ExrReaderGpu (70)
[2022.02.19-08.39.00:388][  0]LogModuleManager: Shutting down and abandoning module MLSDK (68)
[2022.02.19-08.39.00:388][  0]LogModuleManager: Shutting down and abandoning module NiagaraVertexFactories (66)
[2022.02.19-08.39.00:388][  0]LogModuleManager: Shutting down and abandoning module NiagaraShader (64)
[2022.02.19-08.39.00:389][  0]LogModuleManager: Shutting down and abandoning module ChaosCloth (62)
[2022.02.19-08.39.00:397][  0]LogModuleManager: Shutting down and abandoning module VariantManagerContent (60)
[2022.02.19-08.39.00:397][  0]LogModuleManager: Shutting down and abandoning module DatasmithContent (58)
[2022.02.19-08.39.00:397][  0]LogModuleManager: Shutting down and abandoning module AISupportModule (56)
[2022.02.19-08.39.00:397][  0]LogModuleManager: Shutting down and abandoning module WindowsDeviceProfileSelector (54)
[2022.02.19-08.39.00:397][  0]LogModuleManager: Shutting down and abandoning module LensDistortion (52)
[2022.02.19-08.39.00:397][  0]LogModuleManager: Shutting down and abandoning module OnlineSubsystem (48)
[2022.02.19-08.39.00:433][  0]LogOnline: Warning: OSS: EOSSDK-LogEOSP2P: NAT Detection failed, unable to resolve host
[2022.02.19-08.39.00:433][  0]LogOnline: Error: OSS: EOSSDK-LogEOSAnalytics: FinalizeInit did not occurr due to Tick happening during shutdown.
[2022.02.19-08.39.01:450][  0]LogOnline: Warning: OSS: EOSSDK-LogEOSEcom: Purchase flow is disabled due to overlay setup failure (EOS_NotConfigured).
[2022.02.19-08.39.01:450][  0]LogOnline: Warning: OSS: EOSSDK-LogEOSUI: Social overlay is disabled due to overlay setup failure (EOS_UnexpectedError).
[2022.02.19-08.39.01:640][  0]LogOnline: OSS: Destroying FUserManagerEOS at 0000024C1C21A060
[2022.02.19-08.39.02:203][  0]LogModuleManager: Shutting down and abandoning module SteamShared (46)
[2022.02.19-08.39.02:203][  0]LogSteamShared: Freeing the Steam Loaded Modules...
[2022.02.19-08.39.02:203][  0]LogModuleManager: Shutting down and abandoning module HTTP (39)
[2022.02.19-08.39.02:203][  0]LogHttp: Display: cleaning up 0 outstanding Http requests.
[2022.02.19-08.39.02:241][  0]LogModuleManager: Shutting down and abandoning module SSL (38)
[2022.02.19-08.39.02:241][  0]LogModuleManager: Shutting down and abandoning module PlatformCryptoOpenSSL (34)
[2022.02.19-08.39.02:241][  0]LogModuleManager: Shutting down and abandoning module PlatformCryptoTypes (32)
[2022.02.19-08.39.02:241][  0]LogModuleManager: Shutting down and abandoning module PlatformCrypto (30)
[2022.02.19-08.39.02:244][  0]LogModuleManager: Shutting down and abandoning module PythonScriptPluginPreload (28)
[2022.02.19-08.39.02:244][  0]LogModuleManager: Shutting down and abandoning module RenderCore (26)
[2022.02.19-08.39.02:244][  0]LogModuleManager: Shutting down and abandoning module InstancedSplines (24)
[2022.02.19-08.39.02:244][  0]LogModuleManager: Shutting down and abandoning module Landscape (22)
[2022.02.19-08.39.02:244][  0]LogModuleManager: Shutting down and abandoning module SlateRHIRenderer (20)
[2022.02.19-08.39.02:244][  0]LogModuleManager: Shutting down and abandoning module OpenGLDrv (18)
[2022.02.19-08.39.02:255][  0]LogModuleManager: Shutting down and abandoning module D3D11RHI (16)
[2022.02.19-08.39.02:265][  0]LogModuleManager: Shutting down and abandoning module AnimGraphRuntime (14)
[2022.02.19-08.39.02:265][  0]LogModuleManager: Shutting down and abandoning module Renderer (12)
[2022.02.19-08.39.02:281][  0]LogModuleManager: Shutting down and abandoning module Engine (10)
[2022.02.19-08.39.02:291][  0]LogModuleManager: Shutting down and abandoning module CoreUObject (8)
[2022.02.19-08.39.02:291][  0]LogModuleManager: Shutting down and abandoning module SandboxFile (6)
[2022.02.19-08.39.02:298][  0]LogModuleManager: Shutting down and abandoning module PakFile (4)
[2022.02.19-08.39.02:314][  0]LogModuleManager: Shutting down and abandoning module RSA (3)
[2022.02.19-08.39.02:395][  0]LogD3D12RHI: Display: D3D12 ReleaseResources: 6 items to release
[2022.02.19-08.39.02:395][  0]LogD3D12RHI: Display: D3D12 ReleaseResources: "None", 36 x 1 x 1, Mips: 1, Format: 0x2, Flags: 0x4
[2022.02.19-08.39.02:395][  0]LogD3D12RHI: Display: D3D12 ReleaseResources: "None", 36 x 1 x 1, Mips: 1, Format: 0x2, Flags: 0x4
[2022.02.19-08.39.02:395][  0]LogD3D12RHI: Display: D3D12 ReleaseResources: "None", 294912 x 1 x 1, Mips: 1, Format: 0x0, Flags: 0x0
[2022.02.19-08.39.02:395][  0]LogD3D12RHI: Display: D3D12 ReleaseResources: "None", 196608 x 1 x 1, Mips: 1, Format: 0x0, Flags: 0x0
[2022.02.19-08.39.02:396][  0]LogD3D12RHI: Display: D3D12 ReleaseResources: "None", 512 x 512 x 1, Mips: 1, Format: 0x5A, Flags: 0x1
[2022.02.19-08.39.02:396][  0]LogD3D12RHI: Display: D3D12 ReleaseResources: "None", 1 x 1 x 1, Mips: 1, Format: 0x1B, Flags: 0x4
[2022.02.19-08.39.02:403][  0]LogD3D12RHI: ~FD3D12DynamicRHI
[2022.02.19-08.39.02:429][  0]LogExit: Exiting.
[2022.02.19-08.39.02:441][  0]Log file closed, 02/19/22 10:39:02
